0.15
0.13
0.03
19661
phi_512_19661_1.0e-5__CPC_0.15_cohesin_0.13_eps_0.0067_domain_0_2
/project/g_bme-janeslab/SarahG/julia_out/CPC_geometry/CPC_domain_0_2_e_0.0067/phi_512_19661_1.0e-5__CPC_0.15_cohesin_0.13_eps_0.0067_domain_0_2
/home/xpz5km/.MathWorks/ServiceHost/udc-ba05-20c1/v2024.7.0.6/bin/glnxa64/mlcstop: /sfs/applications/vendor/production/software/matlab/R2024a/sys/os/glnxa64/libstdc++.so.6: version `CXXABI_1.3.13' not found (required by /home/xpz5km/.MathWorks/ServiceHost/udc-ba05-20c1/v2024.7.0.6/bin/glnxa64/mlcstop)
/home/xpz5km/.MathWorks/ServiceHost/udc-ba05-20c1/v2024.7.0.6/bin/glnxa64/mlcstop: /sfs/applications/vendor/production/software/matlab/R2024a/sys/os/glnxa64/libstdc++.so.6: version `GLIBCXX_3.4.29' not found (required by /home/xpz5km/.MathWorks/ServiceHost/udc-ba05-20c1/v2024.7.0.6/bin/glnxa64/mlcstop)
/home/xpz5km/.MathWorks/ServiceHost/udc-ba05-20c1/v2024.7.0.6/bin/glnxa64/mlcstop: /sfs/applications/vendor/production/software/matlab/R2024a/sys/os/glnxa64/libstdc++.so.6: version `GLIBCXX_3.4.29' not found (required by /sfs/gpfs/tardis/home/xpz5km/.MathWorks/ServiceHost/udc-ba05-20c1/v2024.7.0.6/bin/glnxa64/libmwagentcontrolcommon.so)
/home/xpz5km/.MathWorks/ServiceHost/udc-ba05-20c1/v2024.7.0.6/bin/glnxa64/mlcstop: /sfs/applications/vendor/production/software/matlab/R2024a/sys/os/glnxa64/libstdc++.so.6: version `GLIBCXX_3.4.29' not found (required by /sfs/gpfs/tardis/home/xpz5km/.MathWorks/ServiceHost/udc-ba05-20c1/v2024.7.0.6/bin/glnxa64/libmwagentinterprocessmutex.so)
/home/xpz5km/.MathWorks/ServiceHost/udc-ba05-20c1/v2024.7.0.6/bin/glnxa64/mlcstop: /sfs/applications/vendor/production/software/matlab/R2024a/sys/os/glnxa64/libstdc++.so.6: version `GLIBCXX_3.4.29' not found (required by /sfs/gpfs/tardis/home/xpz5km/.MathWorks/ServiceHost/udc-ba05-20c1/v2024.7.0.6/bin/glnxa64/libmwagentspfframeworksetup.so)
/home/xpz5km/.MathWorks/ServiceHost/udc-ba05-20c1/v2024.7.0.6/bin/glnxa64/mlcstop: /sfs/applications/vendor/production/software/matlab/R2024a/sys/os/glnxa64/libstdc++.so.6: version `CXXABI_1.3.13' not found (required by /sfs/gpfs/tardis/home/xpz5km/.MathWorks/ServiceHost/udc-ba05-20c1/v2024.7.0.6/bin/glnxa64/libmwagentspfframeworksetup.so)
/home/xpz5km/.MathWorks/ServiceHost/udc-ba05-20c1/v2024.7.0.6/bin/glnxa64/mlcstop: /sfs/applications/vendor/production/software/matlab/R2024a/sys/os/glnxa64/libstdc++.so.6: version `GLIBCXX_3.4.30' not found (required by /sfs/gpfs/tardis/home/xpz5km/.MathWorks/ServiceHost/udc-ba05-20c1/v2024.7.0.6/bin/glnxa64/libmwagentutils.so)
/home/xpz5km/.MathWorks/ServiceHost/udc-ba05-20c1/v2024.7.0.6/bin/glnxa64/mlcstop: /sfs/applications/vendor/production/software/matlab/R2024a/sys/os/glnxa64/libstdc++.so.6: version `GLIBCXX_3.4.29' not found (required by /sfs/gpfs/tardis/home/xpz5km/.MathWorks/ServiceHost/udc-ba05-20c1/v2024.7.0.6/bin/glnxa64/libmwagentutils.so)
/home/xpz5km/.MathWorks/ServiceHost/udc-ba05-20c1/v2024.7.0.6/bin/glnxa64/mlcstop: /sfs/applications/vendor/production/software/matlab/R2024a/sys/os/glnxa64/libstdc++.so.6: version `GLIBCXX_3.4.30' not found (required by /sfs/gpfs/tardis/home/xpz5km/.MathWorks/ServiceHost/udc-ba05-20c1/v2024.7.0.6/bin/glnxa64/libmwcppmicroservices.so)
/home/xpz5km/.MathWorks/ServiceHost/udc-ba05-20c1/v2024.7.0.6/bin/glnxa64/mlcstop: /sfs/applications/vendor/production/software/matlab/R2024a/sys/os/glnxa64/libstdc++.so.6: version `GLIBCXX_3.4.29' not found (required by /sfs/gpfs/tardis/home/xpz5km/.MathWorks/ServiceHost/udc-ba05-20c1/v2024.7.0.6/bin/glnxa64/libmwcppmicroservices.so)
/home/xpz5km/.MathWorks/ServiceHost/udc-ba05-20c1/v2024.7.0.6/bin/glnxa64/mlcstop: /sfs/applications/vendor/production/software/matlab/R2024a/sys/os/glnxa64/libstdc++.so.6: version `CXXABI_1.3.13' not found (required by /sfs/gpfs/tardis/home/xpz5km/.MathWorks/ServiceHost/udc-ba05-20c1/v2024.7.0.6/bin/glnxa64/libmwcppmicroservices.so)
/home/xpz5km/.MathWorks/ServiceHost/udc-ba05-20c1/v2024.7.0.6/bin/glnxa64/mlcstop: /sfs/applications/vendor/production/software/matlab/R2024a/sys/os/glnxa64/libstdc++.so.6: version `CXXABI_1.3.13' not found (required by /sfs/gpfs/tardis/home/xpz5km/.MathWorks/ServiceHost/udc-ba05-20c1/v2024.7.0.6/bin/glnxa64/libmwi18n.so)
/home/xpz5km/.MathWorks/ServiceHost/udc-ba05-20c1/v2024.7.0.6/bin/glnxa64/mlcstop: /sfs/applications/vendor/production/software/matlab/R2024a/sys/os/glnxa64/libstdc++.so.6: version `GLIBCXX_3.4.29' not found (required by /sfs/gpfs/tardis/home/xpz5km/.MathWorks/ServiceHost/udc-ba05-20c1/v2024.7.0.6/bin/glnxa64/libmwi18n.so)
/home/xpz5km/.MathWorks/ServiceHost/udc-ba05-20c1/v2024.7.0.6/bin/glnxa64/mlcstop: /sfs/applications/vendor/production/software/matlab/R2024a/sys/os/glnxa64/libstdc++.so.6: version `GLIBCXX_3.4.29' not found (required by /sfs/gpfs/tardis/home/xpz5km/.MathWorks/ServiceHost/udc-ba05-20c1/v2024.7.0.6/bin/glnxa64/libmwfoundation_log.so)
/home/xpz5km/.MathWorks/ServiceHost/udc-ba05-20c1/v2024.7.0.6/bin/glnxa64/mlcstop: /sfs/applications/vendor/production/software/matlab/R2024a/sys/os/glnxa64/libstdc++.so.6: version `GLIBCXX_3.4.29' not found (required by /sfs/gpfs/tardis/home/xpz5km/.MathWorks/ServiceHost/udc-ba05-20c1/v2024.7.0.6/bin/glnxa64/libmwcpp11compat.so)
/home/xpz5km/.MathWorks/ServiceHost/udc-ba05-20c1/v2024.7.0.6/bin/glnxa64/mlcstop: /sfs/applications/vendor/production/software/matlab/R2024a/sys/os/glnxa64/libstdc++.so.6: version `GLIBCXX_3.4.29' not found (required by /sfs/gpfs/tardis/home/xpz5km/.MathWorks/ServiceHost/udc-ba05-20c1/v2024.7.0.6/bin/glnxa64/libmwboost_log.so.1.81.0)
/home/xpz5km/.MathWorks/ServiceHost/udc-ba05-20c1/v2024.7.0.6/bin/glnxa64/mlcstop: /sfs/applications/vendor/production/software/matlab/R2024a/sys/os/glnxa64/libstdc++.so.6: version `CXXABI_1.3.13' not found (required by /sfs/gpfs/tardis/home/xpz5km/.MathWorks/ServiceHost/udc-ba05-20c1/v2024.7.0.6/bin/glnxa64/libmwboost_log.so.1.81.0)
/home/xpz5km/.MathWorks/ServiceHost/udc-ba05-20c1/v2024.7.0.6/bin/glnxa64/mlcstop: /sfs/applications/vendor/production/software/matlab/R2024a/sys/os/glnxa64/libstdc++.so.6: version `GLIBCXX_3.4.29' not found (required by /sfs/gpfs/tardis/home/xpz5km/.MathWorks/ServiceHost/udc-ba05-20c1/v2024.7.0.6/bin/glnxa64/libmwboost_program_options.so.1.81.0)
/home/xpz5km/.MathWorks/ServiceHost/udc-ba05-20c1/v2024.7.0.6/bin/glnxa64/mlcstop: /sfs/applications/vendor/production/software/matlab/R2024a/sys/os/glnxa64/libstdc++.so.6: version `GLIBCXX_3.4.29' not found (required by /sfs/gpfs/tardis/home/xpz5km/.MathWorks/ServiceHost/udc-ba05-20c1/v2024.7.0.6/bin/glnxa64/libmwfoundation_filesystem.so)
/home/xpz5km/.MathWorks/ServiceHost/udc-ba05-20c1/v2024.7.0.6/bin/glnxa64/mlcstop: /sfs/applications/vendor/production/software/matlab/R2024a/sys/os/glnxa64/libstdc++.so.6: version `GLIBCXX_3.4.30' not found (required by /sfs/gpfs/tardis/home/xpz5km/.MathWorks/ServiceHost/udc-ba05-20c1/v2024.7.0.6/bin/glnxa64/libmwagentcorecontainer.so)
/home/xpz5km/.MathWorks/ServiceHost/udc-ba05-20c1/v2024.7.0.6/bin/glnxa64/mlcstop: /sfs/applications/vendor/production/software/matlab/R2024a/sys/os/glnxa64/libstdc++.so.6: version `GLIBCXX_3.4.29' not found (required by /sfs/gpfs/tardis/home/xpz5km/.MathWorks/ServiceHost/udc-ba05-20c1/v2024.7.0.6/bin/glnxa64/libmwagentcoreserviceutils.so)
/home/xpz5km/.MathWorks/ServiceHost/udc-ba05-20c1/v2024.7.0.6/bin/glnxa64/mlcstop: /sfs/applications/vendor/production/software/matlab/R2024a/sys/os/glnxa64/libstdc++.so.6: version `CXXABI_1.3.13' not found (required by /sfs/gpfs/tardis/home/xpz5km/.MathWorks/ServiceHost/udc-ba05-20c1/v2024.7.0.6/bin/glnxa64/libmwagentcoreserviceutils.so)
/home/xpz5km/.MathWorks/ServiceHost/udc-ba05-20c1/v2024.7.0.6/bin/glnxa64/mlcstop: /sfs/applications/vendor/production/software/matlab/R2024a/sys/os/glnxa64/libstdc++.so.6: version `GLIBCXX_3.4.29' not found (required by /sfs/gpfs/tardis/home/xpz5km/.MathWorks/ServiceHost/udc-ba05-20c1/v2024.7.0.6/bin/glnxa64/libmwagentdirectoryclient.so)
/home/xpz5km/.MathWorks/ServiceHost/udc-ba05-20c1/v2024.7.0.6/bin/glnxa64/mlcstop: /sfs/applications/vendor/production/software/matlab/R2024a/sys/os/glnxa64/libstdc++.so.6: version `CXXABI_1.3.13' not found (required by /sfs/gpfs/tardis/home/xpz5km/.MathWorks/ServiceHost/udc-ba05-20c1/v2024.7.0.6/bin/glnxa64/libmwagentdirectoryclient.so)
/home/xpz5km/.MathWorks/ServiceHost/udc-ba05-20c1/v2024.7.0.6/bin/glnxa64/mlcstop: /sfs/applications/vendor/production/software/matlab/R2024a/sys/os/glnxa64/libstdc++.so.6: version `GLIBCXX_3.4.29' not found (required by /sfs/gpfs/tardis/home/xpz5km/.MathWorks/ServiceHost/udc-ba05-20c1/v2024.7.0.6/bin/glnxa64/libmwagentnanomsgtransport.so)
/home/xpz5km/.MathWorks/ServiceHost/udc-ba05-20c1/v2024.7.0.6/bin/glnxa64/mlcstop: /sfs/applications/vendor/production/software/matlab/R2024a/sys/os/glnxa64/libstdc++.so.6: version `CXXABI_1.3.13' not found (required by /sfs/gpfs/tardis/home/xpz5km/.MathWorks/ServiceHost/udc-ba05-20c1/v2024.7.0.6/bin/glnxa64/libmwagentnanomsgtransport.so)
/home/xpz5km/.MathWorks/ServiceHost/udc-ba05-20c1/v2024.7.0.6/bin/glnxa64/mlcstop: /sfs/applications/vendor/production/software/matlab/R2024a/sys/os/glnxa64/libstdc++.so.6: version `GLIBCXX_3.4.30' not found (required by /sfs/gpfs/tardis/home/xpz5km/.MathWorks/ServiceHost/udc-ba05-20c1/v2024.7.0.6/bin/glnxa64/libmwagentnanomsgtransport.so)
/home/xpz5km/.MathWorks/ServiceHost/udc-ba05-20c1/v2024.7.0.6/bin/glnxa64/mlcstop: /sfs/applications/vendor/production/software/matlab/R2024a/sys/os/glnxa64/libstdc++.so.6: version `GLIBCXX_3.4.29' not found (required by /sfs/gpfs/tardis/home/xpz5km/.MathWorks/ServiceHost/udc-ba05-20c1/v2024.7.0.6/bin/glnxa64/libmwagentshutdownserviceclient.so)
/home/xpz5km/.MathWorks/ServiceHost/udc-ba05-20c1/v2024.7.0.6/bin/glnxa64/mlcstop: /sfs/applications/vendor/production/software/matlab/R2024a/sys/os/glnxa64/libstdc++.so.6: version `CXXABI_1.3.13' not found (required by /sfs/gpfs/tardis/home/xpz5km/.MathWorks/ServiceHost/udc-ba05-20c1/v2024.7.0.6/bin/glnxa64/libmwagentshutdownserviceclient.so)
/home/xpz5km/.MathWorks/ServiceHost/udc-ba05-20c1/v2024.7.0.6/bin/glnxa64/mlcstop: /sfs/applications/vendor/production/software/matlab/R2024a/sys/os/glnxa64/libstdc++.so.6: version `GLIBCXX_3.4.29' not found (required by /sfs/gpfs/tardis/home/xpz5km/.MathWorks/ServiceHost/udc-ba05-20c1/v2024.7.0.6/bin/glnxa64/libmwflcryptoutils.so)
/home/xpz5km/.MathWorks/ServiceHost/udc-ba05-20c1/v2024.7.0.6/bin/glnxa64/mlcstop: /sfs/applications/vendor/production/software/matlab/R2024a/sys/os/glnxa64/libstdc++.so.6: version `CXXABI_1.3.13' not found (required by /sfs/gpfs/tardis/home/xpz5km/.MathWorks/ServiceHost/udc-ba05-20c1/v2024.7.0.6/bin/glnxa64/libmwfl.so)
/home/xpz5km/.MathWorks/ServiceHost/udc-ba05-20c1/v2024.7.0.6/bin/glnxa64/mlcstop: /sfs/applications/vendor/production/software/matlab/R2024a/sys/os/glnxa64/libstdc++.so.6: version `GLIBCXX_3.4.29' not found (required by /sfs/gpfs/tardis/home/xpz5km/.MathWorks/ServiceHost/udc-ba05-20c1/v2024.7.0.6/bin/glnxa64/libmwfl.so)
/home/xpz5km/.MathWorks/ServiceHost/udc-ba05-20c1/v2024.7.0.6/bin/glnxa64/mlcstop: /sfs/applications/vendor/production/software/matlab/R2024a/sys/os/glnxa64/libstdc++.so.6: version `GLIBCXX_3.4.29' not found (required by /sfs/gpfs/tardis/home/xpz5km/.MathWorks/ServiceHost/udc-ba05-20c1/v2024.7.0.6/bin/glnxa64/libmwflurlmanager.so)
/home/xpz5km/.MathWorks/ServiceHost/udc-ba05-20c1/v2024.7.0.6/bin/glnxa64/mlcstop: /sfs/applications/vendor/production/software/matlab/R2024a/sys/os/glnxa64/libstdc++.so.6: version `CXXABI_1.3.13' not found (required by /sfs/gpfs/tardis/home/xpz5km/.MathWorks/ServiceHost/udc-ba05-20c1/v2024.7.0.6/bin/glnxa64/libmwfoundation_threadpool.so)
/home/xpz5km/.MathWorks/ServiceHost/udc-ba05-20c1/v2024.7.0.6/bin/glnxa64/mlcstop: /sfs/applications/vendor/production/software/matlab/R2024a/sys/os/glnxa64/libstdc++.so.6: version `GLIBCXX_3.4.30' not found (required by /sfs/gpfs/tardis/home/xpz5km/.MathWorks/ServiceHost/udc-ba05-20c1/v2024.7.0.6/bin/glnxa64/libmwfoundation_threadpool.so)
/home/xpz5km/.MathWorks/ServiceHost/udc-ba05-20c1/v2024.7.0.6/bin/glnxa64/mlcstop: /sfs/applications/vendor/production/software/matlab/R2024a/sys/os/glnxa64/libstdc++.so.6: version `GLIBCXX_3.4.29' not found (required by /sfs/gpfs/tardis/home/xpz5km/.MathWorks/ServiceHost/udc-ba05-20c1/v2024.7.0.6/bin/glnxa64/libmwfoundation_threadpool.so)
/home/xpz5km/.MathWorks/ServiceHost/udc-ba05-20c1/v2024.7.0.6/bin/glnxa64/mlcstop: /sfs/applications/vendor/production/software/matlab/R2024a/sys/os/glnxa64/libstdc++.so.6: version `CXXABI_1.3.13' not found (required by /sfs/gpfs/tardis/home/xpz5km/.MathWorks/ServiceHost/udc-ba05-20c1/v2024.7.0.6/bin/glnxa64/libmwflcertificates.so)
/home/xpz5km/.MathWorks/ServiceHost/udc-ba05-20c1/v2024.7.0.6/bin/glnxa64/mlcstop: /sfs/applications/vendor/production/software/matlab/R2024a/sys/os/glnxa64/libstdc++.so.6: version `GLIBCXX_3.4.29' not found (required by /sfs/gpfs/tardis/home/xpz5km/.MathWorks/ServiceHost/udc-ba05-20c1/v2024.7.0.6/bin/glnxa64/libmwflcertificates.so)
/home/xpz5km/.MathWorks/ServiceHost/udc-ba05-20c1/v2024.7.0.6/bin/glnxa64/mlcstop: /sfs/applications/vendor/production/software/matlab/R2024a/sys/os/glnxa64/libstdc++.so.6: version `GLIBCXX_3.4.29' not found (required by /sfs/gpfs/tardis/home/xpz5km/.MathWorks/ServiceHost/udc-ba05-20c1/v2024.7.0.6/bin/glnxa64/libmwflcodesigning_verifier.so)
/home/xpz5km/.MathWorks/ServiceHost/udc-ba05-20c1/v2024.7.0.6/bin/glnxa64/mlcstop: /sfs/applications/vendor/production/software/matlab/R2024a/sys/os/glnxa64/libstdc++.so.6: version `GLIBCXX_3.4.29' not found (required by /sfs/gpfs/tardis/home/xpz5km/.MathWorks/ServiceHost/udc-ba05-20c1/v2024.7.0.6/bin/glnxa64/libmwboost_serialization.so.1.81.0)
/home/xpz5km/.MathWorks/ServiceHost/udc-ba05-20c1/v2024.7.0.6/bin/glnxa64/mlcstop: /sfs/applications/vendor/production/software/matlab/R2024a/sys/os/glnxa64/libstdc++.so.6: version `CXXABI_1.3.13' not found (required by /sfs/gpfs/tardis/home/xpz5km/.MathWorks/ServiceHost/udc-ba05-20c1/v2024.7.0.6/bin/glnxa64/libmwagentcoretransport.so)
/home/xpz5km/.MathWorks/ServiceHost/udc-ba05-20c1/v2024.7.0.6/bin/glnxa64/mlcstop: /sfs/applications/vendor/production/software/matlab/R2024a/sys/os/glnxa64/libstdc++.so.6: version `GLIBCXX_3.4.29' not found (required by /sfs/gpfs/tardis/home/xpz5km/.MathWorks/ServiceHost/udc-ba05-20c1/v2024.7.0.6/bin/glnxa64/libmwagentdirectoryserialisation.so)
/home/xpz5km/.MathWorks/ServiceHost/udc-ba05-20c1/v2024.7.0.6/bin/glnxa64/mlcstop: /sfs/applications/vendor/production/software/matlab/R2024a/sys/os/glnxa64/libstdc++.so.6: version `CXXABI_1.3.13' not found (required by /sfs/gpfs/tardis/home/xpz5km/.MathWorks/ServiceHost/udc-ba05-20c1/v2024.7.0.6/bin/glnxa64/libmwagentnanomsgbytetransport.so)
/home/xpz5km/.MathWorks/ServiceHost/udc-ba05-20c1/v2024.7.0.6/bin/glnxa64/mlcstop: /sfs/applications/vendor/production/software/matlab/R2024a/sys/os/glnxa64/libstdc++.so.6: version `GLIBCXX_3.4.29' not found (required by /sfs/gpfs/tardis/home/xpz5km/.MathWorks/ServiceHost/udc-ba05-20c1/v2024.7.0.6/bin/glnxa64/libmwagentshutdownserviceserialisation.so)
/home/xpz5km/.MathWorks/ServiceHost/udc-ba05-20c1/v2024.7.0.6/bin/glnxa64/mlcstop: /sfs/applications/vendor/production/software/matlab/R2024a/sys/os/glnxa64/libstdc++.so.6: version `CXXABI_1.3.13' not found (required by /sfs/gpfs/tardis/home/xpz5km/.MathWorks/ServiceHost/udc-ba05-20c1/v2024.7.0.6/bin/glnxa64/libmwflnetwork.so)
/home/xpz5km/.MathWorks/ServiceHost/udc-ba05-20c1/v2024.7.0.6/bin/glnxa64/mlcstop: /sfs/applications/vendor/production/software/matlab/R2024a/sys/os/glnxa64/libstdc++.so.6: version `GLIBCXX_3.4.29' not found (required by /sfs/gpfs/tardis/home/xpz5km/.MathWorks/ServiceHost/udc-ba05-20c1/v2024.7.0.6/bin/glnxa64/libmwflnetwork.so)
/home/xpz5km/.MathWorks/ServiceHost/udc-ba05-20c1/v2024.7.0.6/bin/glnxa64/mlcstop: /sfs/applications/vendor/production/software/matlab/R2024a/sys/os/glnxa64/libstdc++.so.6: version `CXXABI_1.3.13' not found (required by /sfs/gpfs/tardis/home/xpz5km/.MathWorks/ServiceHost/udc-ba05-20c1/v2024.7.0.6/bin/glnxa64/libmwagentrealmmode.so)
/home/xpz5km/.MathWorks/ServiceHost/udc-ba05-20c1/v2024.7.0.6/bin/glnxa64/mlcstop: /sfs/applications/vendor/production/software/matlab/R2024a/sys/os/glnxa64/libstdc++.so.6: version `GLIBCXX_3.4.29' not found (required by /sfs/gpfs/tardis/home/xpz5km/.MathWorks/ServiceHost/udc-ba05-20c1/v2024.7.0.6/bin/glnxa64/libmwfoundation_feature.so)
/home/xpz5km/.MathWorks/ServiceHost/udc-ba05-20c1/v2024.7.0.6/bin/glnxa64/mlcstop: /sfs/applications/vendor/production/software/matlab/R2024a/sys/os/glnxa64/libstdc++.so.6: version `GLIBCXX_3.4.30' not found (required by /sfs/gpfs/tardis/home/xpz5km/.MathWorks/ServiceHost/udc-ba05-20c1/v2024.7.0.6/bin/glnxa64/libmwfoundation_feature.so)
/home/xpz5km/.MathWorks/ServiceHost/udc-ba05-20c1/v2024.7.0.6/bin/glnxa64/mlcstop: /sfs/applications/vendor/production/software/matlab/R2024a/sys/os/glnxa64/libstdc++.so.6: version `GLIBCXX_3.4.29' not found (required by /sfs/gpfs/tardis/home/xpz5km/.MathWorks/ServiceHost/udc-ba05-20c1/v2024.7.0.6/bin/glnxa64/libmwagentnanomsg.so)
/home/xpz5km/.MathWorks/ServiceHost/udc-ba05-20c1/v2024.7.0.6/bin/glnxa64/mlcstop: /sfs/applications/vendor/production/software/matlab/R2024a/sys/os/glnxa64/libstdc++.so.6: version `GLIBCXX_3.4.30' not found (required by /sfs/gpfs/tardis/home/xpz5km/.MathWorks/ServiceHost/udc-ba05-20c1/v2024.7.0.6/bin/glnxa64/libmwagentnanomsg.so)
/home/xpz5km/.MathWorks/ServiceHost/udc-ba05-20c1/v2024.7.0.6/bin/glnxa64/mlcstop: /sfs/applications/vendor/production/software/matlab/R2024a/sys/os/glnxa64/libstdc++.so.6: version `CXXABI_1.3.13' not found (required by /sfs/gpfs/tardis/home/xpz5km/.MathWorks/ServiceHost/udc-ba05-20c1/v2024.7.0.6/bin/glnxa64/libmwagentnanomsg.so)
/home/xpz5km/.MathWorks/ServiceHost/udc-ba05-20c1/v2024.7.0.6/bin/glnxa64/mlcstop: /sfs/applications/vendor/production/software/matlab/R2024a/sys/os/glnxa64/libstdc++.so.6: version `GLIBCXX_3.4.29' not found (required by /sfs/gpfs/tardis/home/xpz5km/.MathWorks/ServiceHost/udc-ba05-20c1/v2024.7.0.6/bin/glnxa64/libmwfoundation_json.so)
/home/xpz5km/.MathWorks/ServiceHost/udc-ba05-20c1/v2024.7.0.6/bin/glnxa64/mlcstop: /sfs/applications/vendor/production/software/matlab/R2024a/sys/os/glnxa64/libstdc++.so.6: version `GLIBCXX_3.4.29' not found (required by /sfs/gpfs/tardis/home/xpz5km/.MathWorks/ServiceHost/udc-ba05-20c1/v2024.7.0.6/bin/glnxa64/libmwfoundation_usm.so)
/home/xpz5km/.MathWorks/ServiceHost/udc-ba05-20c1/v2024.7.0.6/bin/glnxa64/mlcstop: /sfs/applications/vendor/production/software/matlab/R2024a/sys/os/glnxa64/libstdc++.so.6: version `GLIBCXX_3.4.29' not found (required by /sfs/gpfs/tardis/home/xpz5km/.MathWorks/ServiceHost/udc-ba05-20c1/v2024.7.0.6/bin/glnxa64/libmwmcom.so)
An unexpected error has occurred.
To resolve this issue, contact <a href="https://www.mathworks.com/pi_gene_mci_glnxa64">Technical Support</a>.

                            < M A T L A B (R) >
                  Copyright 1984-2024 The MathWorks, Inc.
             R2024a Update 6 (24.1.0.2689473) 64-bit (glnxa64)
                               July 29, 2024

 
To get started, type doc.
For product information, visit www.mathworks.com.
 
An error occurred while extracting product files.
Try rerunning the installer.

For help, see this <a href="https://www.mathworks.com/pi_ee_mci_glnxa64">support article</a>.
[Warning: Error updating Text.

 String scalar or character vector must have valid interpreter syntax:
phi_512_19661_1.0e-5__CPC_0.15_cohesin_0.13_eps_0.0067_domain_0_2
] 
[> In defaulterrorcallback (line 12)
In print (line 36)
In kymograph_central_droplets_domain (line 66)] 
Done.
