0.125
0.15
0.03
19661
phi_512_19661_1.0e-5__CPC_0.125_cohesin_0.15_eps_0.0067_domain_0_2
/project/g_bme-janeslab/SarahG/julia_out/CPC_geometry/CPC_domain_0_2_e_0.0067/phi_512_19661_1.0e-5__CPC_0.125_cohesin_0.15_eps_0.0067_domain_0_2
/home/xpz5km/.MathWorks/ServiceHost/udc-ba06-13c1/v2024.7.0.6/bin/glnxa64/mlcstop: error while loading shared libraries: libCppMicroServices.so.3.8.3: ELF load command past end of file
An unexpected error has occurred.
To resolve this issue, contact <a href="https://www.mathworks.com/pi_gene_mci_glnxa64">Technical Support</a>.
An unexpected error has occurred.
To resolve this issue, contact <a href="https://www.mathworks.com/pi_gene_mci_glnxa64">Technical Support</a>.

                            < M A T L A B (R) >
                  Copyright 1984-2024 The MathWorks, Inc.
             R2024a Update 6 (24.1.0.2689473) 64-bit (glnxa64)
                               July 29, 2024

 
To get started, type doc.
For product information, visit www.mathworks.com.
 
[Warning: Error updating Text.

 String scalar or character vector must have valid interpreter syntax:
phi_512_19661_1.0e-5__CPC_0.125_cohesin_0.15_eps_0.0067_domain_0_2
] 
[> In defaulterrorcallback (line 12)
In print (line 36)
In kymograph_central_droplets_domain (line 66)] 
Done.
