0.125
0.13
0.03
19661
phi_512_19661_1.0e-5__CPC_0.125_cohesin_0.13_eps_0.0067_domain_0_2
/project/g_bme-janeslab/SarahG/julia_out/CPC_geometry/CPC_domain_0_2_e_0.0067/phi_512_19661_1.0e-5__CPC_0.125_cohesin_0.13_eps_0.0067_domain_0_2
/sfs/gpfs/tardis/home/xpz5km/.MathWorks/ServiceHost/-mw_shared_installs/v2024.7.0.6/bin/glnxa64/MathWorksServiceHost: error while loading shared libraries: libicudata.so.72: ELF load command past end of file
/sfs/gpfs/tardis/home/xpz5km/.MathWorks/ServiceHost/-mw_shared_installs/v2024.7.0.6/bin/glnxa64/MathWorksServiceHost: error while loading shared libraries: libicudata.so.72: ELF load command past end of file

                            < M A T L A B (R) >
                  Copyright 1984-2024 The MathWorks, Inc.
             R2024a Update 6 (24.1.0.2689473) 64-bit (glnxa64)
                               July 29, 2024

 
To get started, type doc.
For product information, visit www.mathworks.com.
 
[Warning: Error updating Text.

 String scalar or character vector must have valid interpreter syntax:
phi_512_19661_1.0e-5__CPC_0.125_cohesin_0.13_eps_0.0067_domain_0_2
] 
[> In defaulterrorcallback (line 12)
In print (line 36)
In kymograph_central_droplets_domain (line 66)] 
Done.
