0.173
0.13
0.03
19661
phi_512_19661_1.0e-5__CPC_0.173_cohesin_0.13_eps_0.0067_domain_0_2
/project/g_bme-janeslab/SarahG/julia_out/CPC_geometry/CPC_domain_0_2_e_0.0067/phi_512_19661_1.0e-5__CPC_0.173_cohesin_0.13_eps_0.0067_domain_0_2
An error occurred while extracting product files.
Try rerunning the installer.

For help, see this <a href="https://www.mathworks.com/pi_ee_mci_glnxa64">support article</a>.

                            < M A T L A B (R) >
                  Copyright 1984-2024 The MathWorks, Inc.
             R2024a Update 6 (24.1.0.2689473) 64-bit (glnxa64)
                               July 29, 2024

 
To get started, type doc.
For product information, visit www.mathworks.com.
 
An error occurred while extracting product files.
Try rerunning the installer.

For help, see this <a href="https://www.mathworks.com/pi_ee_mci_glnxa64">support article</a>.
An error occurred while extracting product files.
Try rerunning the installer.

For help, see this <a href="https://www.mathworks.com/pi_ee_mci_glnxa64">support article</a>.
corrupted double-linked list
slurmstepd: error: *** JOB 1494843 ON udc-ba05-20c1 CANCELLED AT 2025-01-21T20:23:45 DUE TO TIME LIMIT ***
