Fri May 2 15:01:16 EDT 2025
512 periodic true NMG
MODULES LOADED

                            < M A T L A B (R) >
                  Copyright 1984-2024 The MathWorks, Inc.
             R2024b Update 3 (24.2.0.2806996) 64-bit (glnxa64)
                             November 26, 2024

 
To get started, type doc.
For product information, visit www.mathworks.com.
 

outdir = 

    "/project/g_bme-janeslab/SarahG/spinodal_decomp_04_2025"


note = 

    "_75p"

{Error using readmatrix (line 171)
Unable to find or open
'../IC/initial_phi_512_smooth_n_relax_4_from512_75p.csv'. Check the path and
filename or file permissions.

Error in run_spinodal_decomp (line 14)
    phi0 = readmatrix(init_file);
           ^^^^^^^^^^^^^^^^^^^^^
} 
Done.
