Fri May 2 15:01:16 EDT 2025
512 neumann false SAV
MODULES LOADED
An error occurred while extracting product files.
Try rerunning the installer.

For help, see this <a href="https://www.mathworks.com/pi_ee_mci_glnxa64">support article</a>.
You already have the most recent version of MATLAB Connector installed.

                            < M A T L A B (R) >
                  Copyright 1984-2024 The MathWorks, Inc.
             R2024b Update 3 (24.2.0.2806996) 64-bit (glnxa64)
                             November 26, 2024

[Warning: Unable to load Toolbox Path Cache
/home/xpz5km/.matlab/R2024b/toolbox_cache-24.2.0-280821755-glnxa64.xml. The
cache file is not in the correct format. It will be regenerated upon quitting
MATLAB.] 
An error occurred while extracting product files.
Try rerunning the installer.

For help, see this <a href="https://www.mathworks.com/pi_ee_mci_glnxa64">support article</a>.
 
To get started, type doc.
For product information, visit www.mathworks.com.
 

outdir = 

    "/project/g_bme-janeslab/SarahG/spinodal_decomp_04_2025"


note = 

    "_75p"

{Error using readmatrix (line 171)
Unable to find or open
'../IC/initial_phi_512_smooth_n_relax_4_from512_75p.csv'. Check the path and
filename or file permissions.

Error in run_spinodal_decomp (line 14)
    phi0 = readmatrix(init_file);
           ^^^^^^^^^^^^^^^^^^^^^
} 
Done.
