Tue Apr 15 13:02:38 EDT 2025
Loading modules...
Finished loading modules...
64 neumann false NMG
MODULES LOADED
Running NMG...
Saving squared residuals per iteration to file in the output directory

0
  0 percent complete
1
2
3
4
5
6
7
8
9
10
  5 percent complete
11
12
13
14
15
16
17
18
19
20
 10 percent complete
21
22
23
24
25
26
27
28
29
30
 15 percent complete
31
32
33
34
35
36
37
38
39
40
 20 percent complete
41
42
43
44
45
46
47
48
49
50
 25 percent complete
51
52
53
54
55
56
57
58
59
60
 30 percent complete
61
62
63
64
65
66
67
68
69
70
 35 percent complete
71
72
73
74
75
76
77
78
79
80
 40 percent complete
81
82
83
84
85
86
87
88
89
90
 45 percent complete
91
92
93
94
95
96
97
98
99
100
 50 percent complete
101
102
103
104
105
106
107
108
109
110
111
112
113
114
115
116
117
118
119
120
 60 percent complete
121
122
123
124
125
126
127
128
129
130
 65 percent complete
131
132
133
134
135
136
137
138
139
140
 70 percent complete
141
142
143
144
145
146
147
148
149
150
 75 percent complete
151
152
153
154
155
156
157
158
159
160
 80 percent complete
161
162
163
164
165
166
167
168
169
170
 85 percent complete
171
172
173
174
175
176
177
178
179
180
 90 percent complete
181
182
183
184
185
186
187
188
189
190
 95 percent complete
191
192
193
194
195
196
197
198
199
DONE
