Fri Sep 27 12:59:24 EDT 2024
LOADED MATLAB
0.03
0.0300187
-0.5
256
An unexpected error has occurred.
To resolve this issue, contact <a href="https://www.mathworks.com/pi_gene_mci_glnxa64">Technical Support</a>.

                            < M A T L A B (R) >
                  Copyright 1984-2024 The MathWorks, Inc.
                  R2024a (24.1.0.2537033) 64-bit (glnxa64)
                             February 21, 2024

 
To get started, type doc.
For product information, visit www.mathworks.com.
 

epsilon_name =

    '0.030019'


R0_name =

    '0.03'


alpha_name =

    '-0.5'


alpha =

    '-0.5'


name =

    'phi_256_400000_1.0e-6__R0_0.03_eps_0.030019_alpha_-0.5'

You already have the most recent version of MATLAB Connector installed.
Launching updater executable

(InstallMathWorksServiceHost:880345): Gtk-WARNING **: 13:07:07.307: cannot open display: 
You already have the most recent version of MATLAB Connector installed.
Launching updater executable

(InstallMathWorksServiceHost:881257): Gtk-WARNING **: 13:12:25.291: cannot open display: 
You already have the most recent version of MATLAB Connector installed.
Launching updater executable

(InstallMathWorksServiceHost:882062): Gtk-WARNING **: 13:17:43.845: cannot open display: 
You already have the most recent version of MATLAB Connector installed.
Launching updater executable

(InstallMathWorksServiceHost:882920): Gtk-WARNING **: 13:23:01.316: cannot open display: 
pure virtual method called
pure virtual method called
[Warning: Error updating Text.

 String scalar or character vector must have valid interpreter syntax:
Radius at -1.666000e-01 level set
 phi_256_400000_1.0e-6__R0_0.03_eps_0.030019_alpha_-0.5
] 
[> In defaulterrorcallback (line 12)
In print (line 36)
In saveas (line 181)
In level_set_plot_alpha_v3 (line 52)
In level_set_radius_array_alpha_v3 (line 14)] 

ans =

     1


ans =

     1


ans =

     1


ans =

     1


ans =

     1

DONE
