Tue Sep 24 16:51:43 EDT 2024
LOADED MATLAB
0.04
0.0300187
-0.5
128

                            < M A T L A B (R) >
                  Copyright 1984-2024 The MathWorks, Inc.
                  R2024a (24.1.0.2537033) 64-bit (glnxa64)
                             February 21, 2024

 
To get started, type doc.
For product information, visit www.mathworks.com.
 

epsilon_name =

    '0.030019'


R0_name =

    '0.04'


alpha_name =

    '-0.5'


alpha =

    '-0.5'


name =

    'phi_128_4e-05_1.0e-6__R0_0.04_eps_0.030019_alpha_-0.5'

{Error using readmatrix (line 171)
Unable to find or open
'/project/g_bme-janeslab/SarahG/julia_out/critical_radius_alpha_updated/phi_128_4e-05_1.0e-6__R0_0.04_eps_0.030019_alpha_-0.5.txt'.
Check the path and filename or file permissions.

Error in level_set_plot_alpha_v3 (line 14)
    phi = readmatrix(sprintf('%s/%s.txt', indir, name),'FileType','text');

Error in level_set_radius_array_alpha_v3 (line 14)
    [rr,tt] = level_set_plot_alpha_v3(dt, indir, total_time, everyR, epsilon_name, R0_name, folder, alpha_name, Nx, contour_level);
} 
DONE
