Mon Jul 8 10:13:20 EDT 2024
0.12 8 10 0 256
MODULES LOADED
ERROR: LoadError: MethodError: no method matching zeros(::Type{Float64}, ::Float64, ::Float64)

Closest candidates are:
  zeros(::Type{T}, !Matched::Union{Integer, AbstractUnitRange}...) where T
   @ Base array.jl:580
  zeros(::Type{T}, !Matched::Tuple{}) where T
   @ Base array.jl:588
  zeros(::Type{T}, !Matched::Tuple{Vararg{Integer, N}}) where {T, N}
   @ Base array.jl:583
  ...

Stacktrace:
 [1] initialization_from_function(nx::Float64, ny::Float64, h::Float64; R0::Float64, gam::Float64)
   @ Main /sfs/qumulo/qhome/xpz5km/Cahn_Hilliard_Model/alpha/CH_multigrid_solver_with_alpha_v2.jl:275
 [2] initialization(nx::Float64, ny::Float64; method::String, initial_file::String, delim::String, h::Float64, R0::Float64, gam::Float64)
   @ Main /sfs/qumulo/qhome/xpz5km/Cahn_Hilliard_Model/alpha/CH_multigrid_solver_with_alpha_v2.jl:312
 [3] top-level scope
   @ /sfs/qumulo/qhome/xpz5km/Cahn_Hilliard_Model/alpha/julia_run_critical_radius_alpha_v2.jl:27
in expression starting at /sfs/qumulo/qhome/xpz5km/Cahn_Hilliard_Model/alpha/julia_run_critical_radius_alpha_v2.jl:27
0.12
starting initialization
DONE
