Fri Jun 21 02:00:13 EDT 2024
0.11625 8 10
LOADED MATLAB
0.11625
8

                            < M A T L A B (R) >
                  Copyright 1984-2024 The MathWorks, Inc.
                  R2024a (24.1.0.2537033) 64-bit (glnxa64)
                             February 21, 2024

 
To get started, type doc.
For product information, visit www.mathworks.com.
 

indir = 

    "/scratch/xpz5km/Cahn_Hilliard_Model/julia_out/critical_radius_updated_IC"


epsilon_name = 

    "0.015009"


R0_name =

    '0.11625'


name =

    'phi_128_400000_1.0e-6__R0_0.11625_eps_0.015009'

Launching updater executable
[Warning: Error updating Text.

 String scalar or character vector must have valid interpreter syntax:
Radius at 0.5 level set
 phi_128_400000_1.0e-6__R0_0.11625_eps_0.015009
] 
[> In defaulterrorcallback (line 12)
In print (line 36)
In saveas (line 181)
In level_set_plot (line 49)
In level_set_radius_array (line 23)] 

ans =

        4001


ans =

        4001


ans =

        4001


ans =

        4001


ans =

        4001

DONE
