Fri Jun 21 02:25:13 EDT 2024
0.199 32 10
LOADED MATLAB
0.199
32

                            < M A T L A B (R) >
                  Copyright 1984-2024 The MathWorks, Inc.
                  R2024a (24.1.0.2537033) 64-bit (glnxa64)
                             February 21, 2024

 
To get started, type doc.
For product information, visit www.mathworks.com.
 

indir = 

    "/scratch/xpz5km/Cahn_Hilliard_Model/julia_out/critical_radius_updated_IC"


epsilon_name = 

    "0.060037"


R0_name =

    '0.199'


name =

    'phi_128_400000_1.0e-6__R0_0.199_eps_0.060037'


------------------------------------------------------------------------
       Segmentation violation detected at Fri Jun 21 02:29:17 2024
------------------------------------------------------------------------
Architecture     : glnxa64
Processor ID     : Intel(R) Xeon(R) Gold 6248 CPU @ 2.50GHz
Host Name        : udc-aw34-17c1
Locale           : en_US


Abnormal termination:
Segmentation violation

Current Thread: 'FTP_2_1' id 22882782738176

Register State (from fault):
  RAX = 0000000000000004  RBX = 0000000000000081
  RCX = 0000000000000003  RDX = 0000000000000001
  RSP = 000014cfd022e330  RBP = 000014cfd022e4b0
  RSI = 000014cfe82be8d0  RDI = 000014cfe82be860

   R8 = 0000000000000004   R9 = 00001400656d616e
  R10 = 000000000000ff7e  R11 = 0000000001211b30
  R12 = 000014cfd022e3a0  R13 = 000014cfe82be8f8
  R14 = 000014cff41d76f0  R15 = 000014cfd022e360

  RIP = 000014cfd06a5658  EFL = 0000000000010202

   CS = 0033   FS = 0000   GS = 0000

Stack Trace (from fault):
[  0] 0x000014cfd06a5658 /sfs/qumulo/qhome/xpz5km/.MathWorks/ServiceHost/udc-aw34-17c1/v2024.6.0.6/bin/glnxa64/spf/serviceproviders/login/spf/matlabloginserviceprovider/libmwmatlabloginserviceprovider.so+00370264
[  1] 0x000014cfec116a97 /sfs/qumulo/qhome/xpz5km/.MathWorks/ServiceHost/udc-aw34-17c1/v2024.6.0.6/bin/glnxa64/spf/servicepublishers/agent/spf/legacyservicepublisher/../../../../../../../bin/glnxa64/libmwagentspflegacyservicewrapper.so+00187031
[  2] 0x000014cfee03346b /sfs/qumulo/qhome/xpz5km/.MathWorks/ServiceHost/udc-aw34-17c1/v2024.6.0.6/bin/glnxa64/mathworksservicehost/rcf/matlabconnector/serviceprocess/rcf/client-v1/../../../../../../../../bin/glnxa64/libmwagentspfcore.so+00152683 _ZNK5agent3spf4core16ExportedFunctionclEON10foundation10concurrent10threadpool10stop_tokenEONS1_14GenericPayloadE+00000347
[  3] 0x000014cfec1085f6 /sfs/qumulo/qhome/xpz5km/.MathWorks/ServiceHost/udc-aw34-17c1/v2024.6.0.6/bin/glnxa64/spf/servicepublishers/agent/spf/legacyservicepublisher/../../../../../../../bin/glnxa64/libmwagentspflegacyservicewrapper.so+00128502
[  4] 0x000014cfec108681 /sfs/qumulo/qhome/xpz5km/.MathWorks/ServiceHost/udc-aw34-17c1/v2024.6.0.6/bin/glnxa64/spf/servicepublishers/agent/spf/legacyservicepublisher/../../../../../../../bin/glnxa64/libmwagentspflegacyservicewrapper.so+00128641
[  5] 0x000014cfec06f060 /sfs/qumulo/qhome/xpz5km/.MathWorks/ServiceHost/udc-aw34-17c1/v2024.6.0.6/bin/glnxa64/spf/servicepublishers/agent/spf/legacyservicepublisher/../../../../../../../bin/glnxa64/libmwagentnanomsgtransport.so+00082016
[  6] 0x000014cff34f3c34 /sfs/qumulo/qhome/xpz5km/.MathWorks/ServiceHost/udc-aw34-17c1/v2024.6.0.6/bin/glnxa64/libmwfoundation_threadpool.so+00146484
[  7] 0x000014cff34f8928 /sfs/qumulo/qhome/xpz5km/.MathWorks/ServiceHost/udc-aw34-17c1/v2024.6.0.6/bin/glnxa64/libmwfoundation_threadpool.so+00166184
[  8] 0x000014cff34f8d54 /sfs/qumulo/qhome/xpz5km/.MathWorks/ServiceHost/udc-aw34-17c1/v2024.6.0.6/bin/glnxa64/libmwfoundation_threadpool.so+00167252
[  9] 0x000014cff407f8c3 /sfs/qumulo/qhome/xpz5km/.MathWorks/ServiceHost/udc-aw34-17c1/v2024.6.0.6/bin/glnxa64/../../sys/os/glnxa64/libstdc++.so.6+00903363
[ 10] 0x000014cff41d01ca                             /lib64/libpthread.so.0+00033226
[ 11] 0x000014cff3bf6e73                                   /lib64/libc.so.6+00237171 clone+00000067


** This crash report has been written to /home/xpz5km/.MathWorks/ServiceHost/udc-aw34-17c1/logs/MathWorksServiceHost_crash_164329.log **
[Warning: Error updating Text.

 String scalar or character vector must have valid interpreter syntax:
Radius at 0.5 level set
 phi_128_400000_1.0e-6__R0_0.199_eps_0.060037
] 
[> In defaulterrorcallback (line 12)
In print (line 36)
In saveas (line 181)
In level_set_plot (line 49)
In level_set_radius_array (line 23)] 

ans =

        4001


ans =

        4001


ans =

        4001


ans =

        4001


ans =

        4001

DONE
