Fri Jun 21 02:15:59 EDT 2024
0.166 21.32002 10
LOADED MATLAB
0.166
21.32002

                            < M A T L A B (R) >
                  Copyright 1984-2024 The MathWorks, Inc.
                  R2024a (24.1.0.2537033) 64-bit (glnxa64)
                             February 21, 2024

 
To get started, type doc.
For product information, visit www.mathworks.com.
 

indir = 

    "/scratch/xpz5km/Cahn_Hilliard_Model/julia_out/critical_radius_updated_IC"


epsilon_name = 

    "0.04"


R0_name =

    '0.166'


name =

    'phi_128_400000_1.0e-6__R0_0.166_eps_0.04'


------------------------------------------------------------------------
       Segmentation violation detected at Fri Jun 21 02:21:05 2024
------------------------------------------------------------------------
Architecture     : glnxa64
Processor ID     : Intel(R) Xeon(R) Gold 6148 CPU @ 2.40GHz
Host Name        : udc-aj37-4c1
Locale           : en_US


Abnormal termination:
Segmentation violation

Current Thread: 'FTP_2_1' id 22728705107712

Register State (from fault):
  RAX = 006e6f6973726576  RBX = 0000000000000008
  RCX = 0000000000000001  RDX = 000000000000000f
  RSP = 000014abf064d330  RBP = 000014abf064d4b0
  RSI = 000014ac0827bc80  RDI = 000014ac0827bc10

   R8 = 0000000000000007   R9 = 006e6f6973726576
  R10 = 000000000000fff7  R11 = 000014ac0827bc80
  R12 = 000014abf064d3a0  R13 = 000014ac0827bca8
  R14 = 000014ac147f96f0  R15 = 000014abf064d360

  RIP = 000014abf0ac4658  EFL = 0000000000010202

   CS = 0033   FS = 0000   GS = 0000

Stack Trace (from fault):
[  0] 0x000014abf0ac4658 /sfs/qumulo/qhome/xpz5km/.MathWorks/ServiceHost/-mw_shared_installs/v2024.6.0.6/bin/glnxa64/spf/serviceproviders/login/spf/matlabloginserviceprovider/libmwmatlabloginserviceprovider.so+00370264
[  1] 0x000014ac0c536a97 /sfs/qumulo/qhome/xpz5km/.MathWorks/ServiceHost/-mw_shared_installs/v2024.6.0.6/bin/glnxa64/spf/servicepublishers/agent/spf/legacyservicepublisher/../../../../../../../bin/glnxa64/libmwagentspflegacyservicewrapper.so+00187031
[  2] 0x000014ac0e45346b /sfs/qumulo/qhome/xpz5km/.MathWorks/ServiceHost/-mw_shared_installs/v2024.6.0.6/bin/glnxa64/mathworksservicehost/rcf/matlabconnector/serviceprocess/rcf/client-v1/../../../../../../../../bin/glnxa64/libmwagentspfcore.so+00152683 _ZNK5agent3spf4core16ExportedFunctionclEON10foundation10concurrent10threadpool10stop_tokenEONS1_14GenericPayloadE+00000347
[  3] 0x000014ac0c5285f6 /sfs/qumulo/qhome/xpz5km/.MathWorks/ServiceHost/-mw_shared_installs/v2024.6.0.6/bin/glnxa64/spf/servicepublishers/agent/spf/legacyservicepublisher/../../../../../../../bin/glnxa64/libmwagentspflegacyservicewrapper.so+00128502
[  4] 0x000014ac0c528681 /sfs/qumulo/qhome/xpz5km/.MathWorks/ServiceHost/-mw_shared_installs/v2024.6.0.6/bin/glnxa64/spf/servicepublishers/agent/spf/legacyservicepublisher/../../../../../../../bin/glnxa64/libmwagentspflegacyservicewrapper.so+00128641
[  5] 0x000014ac0c48f060 /sfs/qumulo/qhome/xpz5km/.MathWorks/ServiceHost/-mw_shared_installs/v2024.6.0.6/bin/glnxa64/spf/servicepublishers/agent/spf/legacyservicepublisher/../../../../../../../bin/glnxa64/libmwagentnanomsgtransport.so+00082016
[  6] 0x000014ac13b15c34 /sfs/qumulo/qhome/xpz5km/.MathWorks/ServiceHost/-mw_shared_installs/v2024.6.0.6/bin/glnxa64/libmwfoundation_threadpool.so+00146484
[  7] 0x000014ac13b1a928 /sfs/qumulo/qhome/xpz5km/.MathWorks/ServiceHost/-mw_shared_installs/v2024.6.0.6/bin/glnxa64/libmwfoundation_threadpool.so+00166184
[  8] 0x000014ac13b1ad54 /sfs/qumulo/qhome/xpz5km/.MathWorks/ServiceHost/-mw_shared_installs/v2024.6.0.6/bin/glnxa64/libmwfoundation_threadpool.so+00167252
[  9] 0x000014ac146a18c3 /sfs/qumulo/qhome/xpz5km/.MathWorks/ServiceHost/-mw_shared_installs/v2024.6.0.6/bin/glnxa64/../../sys/os/glnxa64/libstdc++.so.6+00903363
[ 10] 0x000014ac147f21ca                             /lib64/libpthread.so.0+00033226
[ 11] 0x000014ac14218e73                                   /lib64/libc.so.6+00237171 clone+00000067


** This crash report has been written to /home/xpz5km/.MathWorks/ServiceHost/udc-aj37-4c1/logs/MathWorksServiceHost_crash_255250.log **
[Warning: Error updating Text.

 String scalar or character vector must have valid interpreter syntax:
Radius at 0.5 level set
 phi_128_400000_1.0e-6__R0_0.166_eps_0.04
] 
[> In defaulterrorcallback (line 12)
In print (line 36)
In saveas (line 181)
In level_set_plot (line 49)
In level_set_radius_array (line 23)] 

ans =

        4001


ans =

        4001


ans =

        4001


ans =

        4001


ans =

        4001

DONE
