0.22
0.09
0.03
An unexpected error has occurred.
To resolve this issue, contact <a href="https://www.mathworks.com/pi_gene_mci_glnxa64">Technical Support</a>.
An unexpected error has occurred.
To resolve this issue, contact <a href="https://www.mathworks.com/pi_gene_mci_glnxa64">Technical Support</a>.

                            < M A T L A B (R) >
                  Copyright 1984-2024 The MathWorks, Inc.
                  R2024a (24.1.0.2537033) 64-bit (glnxa64)
                             February 21, 2024

[Warning: Unable to load Toolbox Path Cache
/home/xpz5km/.matlab/R2024a/toolbox_cache-24.1.0-3725113302-glnxa64.xml. The
cache file is not in the correct format. It will be regenerated upon quitting
MATLAB.] 
 
To get started, type doc.
For product information, visit www.mathworks.com.
 

name =

    'phi_512_19661_1.0e-5__CPC_0.22_cohesin_0.09_eps_0.0075_alpha_0_domain_0_2'

{Error using readmatrix (line 171)
Unable to find or open
'/project/g_bme-janeslab/SarahG/julia_out/CPC_geometry/CPC_domain_0_2_e_0.0075_noisy_cohesin/phi_512_19661_1.0e-5__CPC_0.22_cohesin_0.09_eps_0.0075_alpha_0_domain_0_2.txt'.
Check the path and filename or file permissions.

Error in level_set_radius_multiple_droplets (line 18)
    phi = readmatrix(sprintf('%s/%s.txt', indir, name),'FileType','text');
} 
Done.
