Tue Aug 13 11:03:17 EDT 2024
0.110 16 10
LOADED MATLAB
0.110
16
An unexpected error has occurred.
To resolve this issue, contact <a href="https://www.mathworks.com/pi_gene_mci_glnxa64">Technical Support</a>.
An unexpected error has occurred.
To resolve this issue, contact <a href="https://www.mathworks.com/pi_gene_mci_glnxa64">Technical Support</a>.

                            < M A T L A B (R) >
                  Copyright 1984-2024 The MathWorks, Inc.
                  R2024a (24.1.0.2537033) 64-bit (glnxa64)
                             February 21, 2024

[Warning: Unable to load Toolbox Path Cache
/home/xpz5km/.matlab/R2024a/toolbox_cache-24.1.0-3725113302-glnxa64.xml. The
cache file is not in the correct format. It will be regenerated upon quitting
MATLAB.] 
 
To get started, type doc.
For product information, visit www.mathworks.com.
 

eps =

    0.0150


epsilon_name = 

    "0.015009"


R0_name =

    '0.11'


name =

    'phi_256_400000_1.0e-6__256_R0_0.11_eps_0.015009'

You already have the most recent version of MATLAB Connector installed.
Launching updater executable

(InstallMathWorksServiceHost:410235): Gtk-WARNING **: 11:12:46.577: cannot open display: 
You already have the most recent version of MATLAB Connector installed.
Launching updater executable

(InstallMathWorksServiceHost:411079): Gtk-WARNING **: 11:18:04.529: cannot open display: 
You already have the most recent version of MATLAB Connector installed.
Launching updater executable

(InstallMathWorksServiceHost:411915): Gtk-WARNING **: 11:23:22.549: cannot open display: 
You already have the most recent version of MATLAB Connector installed.
Launching updater executable

(InstallMathWorksServiceHost:412650): Gtk-WARNING **: 11:28:41.667: cannot open display: 
/var/spool/slurm/slurmd/job63342692/slurm_script: line 22: 408034 Killed                  matlab -nodisplay -r "level_set_radius_array($R0, $m, 256,'$indir'); exit;"
DONE
slurmstepd: error: Detected 1 oom_kill event in StepId=63342692.batch. Some of the step tasks have been OOM Killed.
