Tue Aug 13 11:03:17 EDT 2024
0.118 16 10
LOADED MATLAB
0.118
16

                            < M A T L A B (R) >
                  Copyright 1984-2024 The MathWorks, Inc.
                  R2024a (24.1.0.2537033) 64-bit (glnxa64)
                             February 21, 2024

[Warning: Unable to load Toolbox Path Cache
/home/xpz5km/.matlab/R2024a/toolbox_cache-24.1.0-3725113302-glnxa64.xml. The
cache file is not in the correct format. It will be regenerated upon quitting
MATLAB.] 
 
To get started, type doc.
For product information, visit www.mathworks.com.
 

eps =

    0.0150


epsilon_name = 

    "0.015009"


R0_name =

    '0.118'


name =

    'phi_256_400000_1.0e-6__256_R0_0.118_eps_0.015009'

{Error using contour (line 48)
The size of X must match the size of Z or the number of columns of Z.

Error in level_set_plot (line 28)
        [~, h] = contour(x, y, phi_tmp, [0 0]);

Error in level_set_radius_array (line 24)
    [rr,tt] = level_set_plot(2.5e-5, indir, total_time, everyR, epsilon_name, R0_name, folder, Nx);
} 
DONE
