0.35
0.15
0.045
An unexpected error has occurred.
To resolve this issue, contact <a href="https://www.mathworks.com/pi_gene_mci_glnxa64">Technical Support</a>.
An unexpected error has occurred.
To resolve this issue, contact <a href="https://www.mathworks.com/pi_gene_mci_glnxa64">Technical Support</a>.

                            < M A T L A B (R) >
                  Copyright 1984-2024 The MathWorks, Inc.
                  R2024a (24.1.0.2537033) 64-bit (glnxa64)
                             February 21, 2024

[Warning: Unable to load Toolbox Path Cache
/home/xpz5km/.matlab/R2024a/toolbox_cache-24.1.0-3725113302-glnxa64.xml. The
cache file is not in the correct format. It will be regenerated upon quitting
MATLAB.] 
 
To get started, type doc.
For product information, visit www.mathworks.com.
 

name =

    'phi_512_29491_1.0e-5__CPC_0.35_cohesin_0.15_eps_0.0096_alpha_0_domain_0_2'

An unexpected error has occurred.
To resolve this issue, contact <a href="https://www.mathworks.com/pi_gene_mci_glnxa64">Technical Support</a>.
You already have the most recent version of MATLAB Connector installed.
{Error using reshape
Size arguments must be real integers.

Error in level_set_radius_multiple_droplets (line 22)
    phi = reshape(phi,phidims(1),phidims(3),phidims(2)); %Reshape multidimensional array
} 
Done.
