Tue Sep 24 16:50:07 EDT 2024
LOADED MATLAB
0.1
0.0600375
-0.5
128

                            < M A T L A B (R) >
                  Copyright 1984-2024 The MathWorks, Inc.
                  R2024a (24.1.0.2537033) 64-bit (glnxa64)
                             February 21, 2024

[Warning: Unable to load Toolbox Path Cache
/home/xpz5km/.matlab/R2024a/toolbox_cache-24.1.0-3725113302-glnxa64.xml. The
cache file is not in the correct format. It will be regenerated upon quitting
MATLAB.] 
 
To get started, type doc.
For product information, visit www.mathworks.com.
 
 level_set_radius_array_alpha_v3(0.1, 0.0600375, -0.5, 128, /project/g_bme-janeslab/SarahG/julia_out/critical_radius_alpha_updated, 2.5e5, -0.1666); exit;
                                                            |
{Invalid use of operator.
} 
DONE
