Fri Aug 9 15:14:04 EDT 2024
0.108 6 10
LOADED MATLAB
0.108
6

                            < M A T L A B (R) >
                  Copyright 1984-2024 The MathWorks, Inc.
                  R2024a (24.1.0.2537033) 64-bit (glnxa64)
                             February 21, 2024

 
To get started, type doc.
For product information, visit www.mathworks.com.
 

eps =

    0.0113


epsilon_name = 

    "0.011257"


R0_name =

    '0.108'


name =

    'phi_128_400000_1.0e-6__R0_0.108_eps_0.011257'

You already have the most recent version of MATLAB Connector installed.
Launching updater executable

(InstallMathWorksServiceHost:493620): Gtk-WARNING **: 15:19:17.531: cannot open display: 
malloc_consolidate(): unaligned fastbin chunk detected
[Warning: Error updating Text.

 String scalar or character vector must have valid interpreter syntax:
Radius at 0.5 level set
 phi_128_400000_1.0e-6__R0_0.108_eps_0.011257
] 
[> In defaulterrorcallback (line 12)
In print (line 36)
In saveas (line 181)
In level_set_plot (line 49)
In level_set_radius_array (line 24)] 

ans =

        4001


ans =

        4001


ans =

        4001


ans =

        4001


ans =

        4001

DONE
