Fri Apr 11 14:10:37 EDT 2025

                            < M A T L A B (R) >
                  Copyright 1984-2024 The MathWorks, Inc.
             R2024b Update 3 (24.2.0.2806996) 64-bit (glnxa64)
                             November 26, 2024

 
To get started, type doc.
For product information, visit www.mathworks.com.
 

outdir = 

    "/project/g_bme-janeslab/SarahG/spinodal_decomp_04_2025/out_MATLAB/FD"


i =

        1000


i =

        2000


i =

        3000


i =

        4000


i =

        5000


i =

        6000


i =

        7000


i =

        8000


i =

        9000


i =

       10000


i =

       11000


i =

       12000


i =

       13000


i =

       14000


i =

       15000


i =

       16000


i =

       17000


i =

       18000


i =

       19000


i =

       20000


i =

       21000


i =

       22000


i =

       23000


i =

       24000


i =

       25000


i =

       26000


i =

       27000


i =

       28000


i =

       29000


i =

       30000


i =

       31000


i =

       32000


i =

       33000


i =

       34000


i =

       35000


i =

       36000


i =

       37000


i =

       38000


i =

       39000


i =

       40000


i =

       41000


i =

       42000


i =

       43000


i =

       44000


i =

       45000


i =

       46000


i =

       47000


i =

       48000


i =

       49000


i =

       50000


i =

       51000


i =

       52000


i =

       53000


i =

       54000


i =

       55000


i =

       56000


i =

       57000


i =

       58000


i =

       59000


i =

       60000


i =

       61000


i =

       62000


i =

       63000


i =

       64000


i =

       65000


i =

       66000


i =

       67000


i =

       68000


i =

       69000


i =

       70000


i =

       71000


i =

       72000


i =

       73000


i =

       74000


i =

       75000


i =

       76000


i =

       77000


i =

       78000


i =

       79000


i =

       80000


i =

       81000


i =

       82000


i =

       83000


i =

       84000


i =

       85000


i =

       86000


i =

       87000


i =

       88000


i =

       89000


i =

       90000


i =

       91000


i =

       92000


i =

       93000


i =

       94000


i =

       95000


i =

       96000


i =

       97000


i =

       98000


i =

       99000


i =

      100000


i =

      101000


i =

      102000


i =

      103000


i =

      104000


i =

      105000


i =

      106000


i =

      107000


i =

      108000


i =

      109000


i =

      110000


i =

      111000


i =

      112000

An unexpected error has occurred.
To resolve this issue, contact <a href="https://www.mathworks.com/pi_gene_mci_glnxa64">Technical Support</a>.

i =

      113000


i =

      114000


i =

      115000


i =

      116000


i =

      117000


i =

      118000


i =

      119000


i =

      120000


i =

      121000


i =

      122000


i =

      123000


i =

      124000


i =

      125000


i =

      126000


i =

      127000


i =

      128000


i =

      129000


i =

      130000


i =

      131000


i =

      132000


i =

      133000


i =

      134000


i =

      135000


i =

      136000


i =

      137000


i =

      138000


i =

      139000


i =

      140000


i =

      141000


i =

      142000


i =

      143000


i =

      144000


i =

      145000


i =

      146000


i =

      147000


i =

      148000


i =

      149000


i =

      150000


i =

      151000


i =

      152000


i =

      153000


i =

      154000


i =

      155000


i =

      156000


i =

      157000


i =

      158000


i =

      159000


i =

      160000


i =

      161000


i =

      162000


i =

      163000


i =

      164000


i =

      165000


i =

      166000


i =

      167000


i =

      168000


i =

      169000


i =

      170000


i =

      171000


i =

      172000


i =

      173000


i =

      174000


i =

      175000


i =

      176000


i =

      177000


i =

      178000


i =

      179000


i =

      180000


i =

      181000


i =

      182000


i =

      183000


i =

      184000


i =

      185000


i =

      186000


i =

      187000


i =

      188000


i =

      189000


i =

      190000


i =

      191000


i =

      192000


i =

      193000


i =

      194000


i =

      195000


i =

      196000


i =

      197000


i =

      198000


i =

      199000


i =

      200000

Done!

elapsedTime =

  516.0310

Done.
