Fri Aug 16 15:28:57 EDT 2024
0.11 4 10
LOADED MATLAB
0.11
4
terminate called after throwing an instance of 'matlabconnector::installationsregistry::InstallationsRegistryError'
  what():  InstallationsRegistry:getMatlabConnectorVersion: More than one MATLAB Connector records were found

                            < M A T L A B (R) >
                  Copyright 1984-2024 The MathWorks, Inc.
                  R2024a (24.1.0.2537033) 64-bit (glnxa64)
                             February 21, 2024

 
To get started, type doc.
For product information, visit www.mathworks.com.
 

eps =

    0.0038


epsilon_name = 

    "0.0037523"


R0_name =

    '0.11'


name =

    'phi_256_400000_1.0e-6__256_R0_0.11_eps_0.0037523'

{Error using readmatrix (line 171)
Unable to find or open
'/project/g_bme-janeslab/SarahG/julia_out/critical_radius_updated_IC_256/phi_256_400000_1.0e-6__256_R0_0.11_eps_0.0037523.txt'.
Check the path and filename or file permissions.

Error in level_set_plot (line 13)
    phi = readmatrix(sprintf('%s/%s.txt', indir, name),'FileType','text');

Error in level_set_radius_array (line 24)
    [rr,tt] = level_set_plot(2.5e-5, indir, total_time, everyR, epsilon_name, R0_name, folder, Nx);
} 
DONE
