Fri May 2 15:32:09 EDT 2025
128 periodic false NMG
MODULES LOADED

                            < M A T L A B (R) >
                  Copyright 1984-2024 The MathWorks, Inc.
             R2024b Update 3 (24.2.0.2806996) 64-bit (glnxa64)
                             November 26, 2024

[Warning: Unable to load Toolbox Path Cache
/home/xpz5km/.matlab/R2024b/toolbox_cache-24.2.0-280821755-glnxa64.xml. The
cache file is not in the correct format. It will be regenerated upon quitting
MATLAB.] 
 
To get started, type doc.
For product information, visit www.mathworks.com.
 

outdir = 

    "/project/g_bme-janeslab/SarahG/spinodal_decomp_04_2025"


dt_out =

        2000

Running NMG solver with parameters: /project/g_bme-janeslab/SarahG/spinodal_decomp_04_2025/out_MATLAB/NMG_MATLAB_2000_dt_5.50e-06_Nx_128_periodic_n_relax_4_25p_

tol = 

    "1e-5"


solver_iter = 

    "1e4"

  5 percent complete
 10 percent complete
 15 percent complete
 20 percent complete
 25 percent complete
 30 percent complete
 35 percent complete
 40 percent complete
 45 percent complete
 50 percent complete
 60 percent complete
 65 percent complete
 70 percent complete
 75 percent complete
An unexpected error has occurred.
To resolve this issue, contact <a href="https://www.mathworks.com/pi_gene_mci_glnxa64">Technical Support</a>.
 80 percent complete
 85 percent complete
 90 percent complete
 95 percent complete
100 percent complete
Creating movie
 50 percent complete
100 percent complete
Done.
