Thu Jun 20 15:30:08 EDT 2024
0.16 16 10
LOADED MATLAB
0.16
16

                            < M A T L A B (R) >
                  Copyright 1984-2024 The MathWorks, Inc.
                  R2024a (24.1.0.2537033) 64-bit (glnxa64)
                             February 21, 2024

 
To get started, type doc.
For product information, visit www.mathworks.com.
 

indir = 

    "/scratch/xpz5km/Cahn_Hilliard_Model/julia_out/critical_radius_updated_IC"


epsilon_name = 

    "0.030019"


R0_name =

    '0.16'


name =

    'phi_128_400000_1.0e-6__R0_0.16_eps_0.030019'


------------------------------------------------------------------------
       Segmentation violation detected at Thu Jun 20 15:41:18 2024
------------------------------------------------------------------------
Architecture     : glnxa64
Processor ID     : Intel(R) Xeon(R) Gold 6248 CPU @ 2.50GHz
Host Name        : udc-an33-10c1
Locale           : en_US


Abnormal termination:
Segmentation violation

Current Thread: 'FTP_2_0' id 22868665681664

Register State (from fault):
  RAX = 00000000016ef670  RBX = 0000000001cd5260
  RCX = 0000000000000006  RDX = 00000000018593d0
  RSP = 000014cc86b1b330  RBP = 000014cc86b1b4b0
  RSI = 000014cc86411780  RDI = 000014cc86b1b3a0

   R8 = 0000000000000000   R9 = cf0f6bf8ad247e5d
  R10 = 0000000001d320e8  R11 = 0000000000000007
  R12 = 000014cc86b1b3a0  R13 = 0000000001b036d0
  R14 = 46002056206b726f  R15 = 000014cc86b1b360

  RIP = 000014cc86430547  EFL = 0000000000010202

   CS = 0033   FS = 0000   GS = 0000

Stack Trace (from fault):
[  0] 0x000014cc86430547 /sfs/qumulo/qhome/xpz5km/.MathWorks/ServiceHost/udc-an33-10c1/v2024.6.0.6/bin/glnxa64/spf/serviceproviders/login/spf/matlabloginserviceprovider/libmwmatlabloginserviceprovider.so+00369991
[  1] 0x000014cc9de9da97 /sfs/qumulo/qhome/xpz5km/.MathWorks/ServiceHost/udc-an33-10c1/v2024.6.0.6/bin/glnxa64/spf/servicepublishers/agent/spf/legacyservicepublisher/../../../../../../../bin/glnxa64/libmwagentspflegacyservicewrapper.so+00187031
[  2] 0x000014cc9fdba46b /sfs/qumulo/qhome/xpz5km/.MathWorks/ServiceHost/udc-an33-10c1/v2024.6.0.6/bin/glnxa64/mathworksservicehost/rcf/matlabconnector/serviceprocess/rcf/client-v1/../../../../../../../../bin/glnxa64/libmwagentspfcore.so+00152683 _ZNK5agent3spf4core16ExportedFunctionclEON10foundation10concurrent10threadpool10stop_tokenEONS1_14GenericPayloadE+00000347
[  3] 0x000014cc9de8f5f6 /sfs/qumulo/qhome/xpz5km/.MathWorks/ServiceHost/udc-an33-10c1/v2024.6.0.6/bin/glnxa64/spf/servicepublishers/agent/spf/legacyservicepublisher/../../../../../../../bin/glnxa64/libmwagentspflegacyservicewrapper.so+00128502
[  4] 0x000014cc9de8f681 /sfs/qumulo/qhome/xpz5km/.MathWorks/ServiceHost/udc-an33-10c1/v2024.6.0.6/bin/glnxa64/spf/servicepublishers/agent/spf/legacyservicepublisher/../../../../../../../bin/glnxa64/libmwagentspflegacyservicewrapper.so+00128641
[  5] 0x000014cc9ddf6060 /sfs/qumulo/qhome/xpz5km/.MathWorks/ServiceHost/udc-an33-10c1/v2024.6.0.6/bin/glnxa64/spf/servicepublishers/agent/spf/legacyservicepublisher/../../../../../../../bin/glnxa64/libmwagentnanomsgtransport.so+00082016
[  6] 0x000014cca927fc34 /sfs/qumulo/qhome/xpz5km/.MathWorks/ServiceHost/udc-an33-10c1/v2024.6.0.6/bin/glnxa64/libmwfoundation_threadpool.so+00146484
[  7] 0x000014cca9284928 /sfs/qumulo/qhome/xpz5km/.MathWorks/ServiceHost/udc-an33-10c1/v2024.6.0.6/bin/glnxa64/libmwfoundation_threadpool.so+00166184
[  8] 0x000014cca9284d54 /sfs/qumulo/qhome/xpz5km/.MathWorks/ServiceHost/udc-an33-10c1/v2024.6.0.6/bin/glnxa64/libmwfoundation_threadpool.so+00167252
[  9] 0x000014cca9e0b8c3 /sfs/qumulo/qhome/xpz5km/.MathWorks/ServiceHost/udc-an33-10c1/v2024.6.0.6/bin/glnxa64/../../sys/os/glnxa64/libstdc++.so.6+00903363
[ 10] 0x000014cca9f5c1ca                             /lib64/libpthread.so.0+00033226
[ 11] 0x000014cca9982e73                                   /lib64/libc.so.6+00237171 clone+00000067


** This crash report has been written to /home/xpz5km/.MathWorks/ServiceHost/udc-an33-10c1/logs/MathWorksServiceHost_crash_211813.log **
[Warning: Error updating Text.

 String scalar or character vector must have valid interpreter syntax:
Radius at 0.5 level set
 phi_128_400000_1.0e-6__R0_0.16_eps_0.030019
] 
[> In defaulterrorcallback (line 12)
In print (line 36)
In saveas (line 181)
In level_set_plot (line 49)
In level_set_radius_array (line 23)] 

ans =

        4001


ans =

        4001


ans =

        4001


ans =

        4001


ans =

        4001

DONE
