Thu Jun 20 15:30:40 EDT 2024
0.155 21.32002 10
LOADED MATLAB
0.155
21.32002

                            < M A T L A B (R) >
                  Copyright 1984-2024 The MathWorks, Inc.
                  R2024a (24.1.0.2537033) 64-bit (glnxa64)
                             February 21, 2024

 
To get started, type doc.
For product information, visit www.mathworks.com.
 

indir = 

    "/scratch/xpz5km/Cahn_Hilliard_Model/julia_out/critical_radius_updated_IC"


epsilon_name = 

    "0.04"


R0_name =

    '0.155'


name =

    'phi_128_400000_1.0e-6__R0_0.155_eps_0.04'

Launching updater executable
pure virtual method called

------------------------------------------------------------------------
          std::terminate() detected at Thu Jun 20 15:39:16 2024
------------------------------------------------------------------------
Architecture     : glnxa64
Processor ID     : Intel(R) Xeon(R) Gold 6248 CPU @ 2.50GHz
Host Name        : udc-an33-4c0
Locale           : en_US


Abnormal termination:
std::terminate()

Current Thread: 'GTP_7' id 22525390317312

Register State (captured):
  RAX = 0000000000000000  RBX = 0000147cb01563c8
  RCX = 0000000000000000  RDX = 0000147cb013fe88
  RSP = 0000147c99e34120  RBP = 0000147c99e34500
  RSI = 0000147cb0124f6d  RDI = 0000147c99e34130

   R8 = 0000000000000002   R9 = 0000147c99e34410
  R10 = 0000000000000000  R11 = 0000000000000000
  R12 = 0000147cb0124f6d  R13 = 0000147c99e34570
  R14 = 0000147c99e349e0  R15 = 0000147c99e34e80

  RIP = 0000147cb00ce93f  EFL = 0000000000000000

   CS = 0000   FS = 0000   GS = 0000

Stack Trace (captured):
[  0] 0x0000147cb00c8433 /sfs/qumulo/qhome/xpz5km/.MathWorks/ServiceHost/udc-an33-4c0/v2024.2.0.3/bin/glnxa64/libmwfl.so+00320563
[  1] 0x0000147cb00c867c /sfs/qumulo/qhome/xpz5km/.MathWorks/ServiceHost/udc-an33-4c0/v2024.2.0.3/bin/glnxa64/libmwfl.so+00321148 _ZN10foundation4core4diag15stacktrace_base7captureEm+00000028
[  2] 0x0000147cb00ca4fa /sfs/qumulo/qhome/xpz5km/.MathWorks/ServiceHost/udc-an33-4c0/v2024.2.0.3/bin/glnxa64/libmwfl.so+00328954
[  3] 0x0000147cb00ca7a2 /sfs/qumulo/qhome/xpz5km/.MathWorks/ServiceHost/udc-an33-4c0/v2024.2.0.3/bin/glnxa64/libmwfl.so+00329634
[  4] 0x0000147cb0e3b901 /sfs/qumulo/qhome/xpz5km/.MathWorks/ServiceHost/udc-an33-4c0/v2024.2.0.3/bin/glnxa64/libmwagentutils.so+00637185
[  5] 0x0000147cb0e3c7fa /sfs/qumulo/qhome/xpz5km/.MathWorks/ServiceHost/udc-an33-4c0/v2024.2.0.3/bin/glnxa64/libmwagentutils.so+00641018
[  6] 0x0000147cb0e3c969 /sfs/qumulo/qhome/xpz5km/.MathWorks/ServiceHost/udc-an33-4c0/v2024.2.0.3/bin/glnxa64/libmwagentutils.so+00641385
[  7] 0x0000147cb0e39c98 /sfs/qumulo/qhome/xpz5km/.MathWorks/ServiceHost/udc-an33-4c0/v2024.2.0.3/bin/glnxa64/libmwagentutils.so+00629912
[  8] 0x0000147cb05edefa /sfs/qumulo/qhome/xpz5km/.MathWorks/ServiceHost/udc-an33-4c0/v2024.2.0.3/bin/glnxa64/../../sys/os/glnxa64/libstdc++.so.6+00724730
[  9] 0x0000147cb05edf65 /sfs/qumulo/qhome/xpz5km/.MathWorks/ServiceHost/udc-an33-4c0/v2024.2.0.3/bin/glnxa64/../../sys/os/glnxa64/libstdc++.so.6+00724837
[ 10] 0x0000147cb05eec63 /sfs/qumulo/qhome/xpz5km/.MathWorks/ServiceHost/udc-an33-4c0/v2024.2.0.3/bin/glnxa64/../../sys/os/glnxa64/libstdc++.so.6+00728163
[ 11] 0x0000147cab235160 /sfs/qumulo/qhome/xpz5km/.MathWorks/ServiceHost/udc-an33-4c0/v2024.2.0.3/bin/glnxa64/libDeclarativeServices.so.1.5.6+00524640
[ 12] 0x0000147cab24cae9 /sfs/qumulo/qhome/xpz5km/.MathWorks/ServiceHost/udc-an33-4c0/v2024.2.0.3/bin/glnxa64/libDeclarativeServices.so.1.5.6+00621289
[ 13] 0x0000147cab25aba8 /sfs/qumulo/qhome/xpz5km/.MathWorks/ServiceHost/udc-an33-4c0/v2024.2.0.3/bin/glnxa64/libDeclarativeServices.so.1.5.6+00678824
[ 14] 0x0000147cab25136a /sfs/qumulo/qhome/xpz5km/.MathWorks/ServiceHost/udc-an33-4c0/v2024.2.0.3/bin/glnxa64/libDeclarativeServices.so.1.5.6+00639850
[ 15] 0x0000147cab251aa2 /sfs/qumulo/qhome/xpz5km/.MathWorks/ServiceHost/udc-an33-4c0/v2024.2.0.3/bin/glnxa64/libDeclarativeServices.so.1.5.6+00641698
[ 16] 0x0000147cab24c2fc /sfs/qumulo/qhome/xpz5km/.MathWorks/ServiceHost/udc-an33-4c0/v2024.2.0.3/bin/glnxa64/libDeclarativeServices.so.1.5.6+00619260
[ 17] 0x0000147cab24ce12 /sfs/qumulo/qhome/xpz5km/.MathWorks/ServiceHost/udc-an33-4c0/v2024.2.0.3/bin/glnxa64/libDeclarativeServices.so.1.5.6+00622098
[ 18] 0x0000147cab23a993 /sfs/qumulo/qhome/xpz5km/.MathWorks/ServiceHost/udc-an33-4c0/v2024.2.0.3/bin/glnxa64/libDeclarativeServices.so.1.5.6+00547219
[ 19] 0x0000147cab237a7d /sfs/qumulo/qhome/xpz5km/.MathWorks/ServiceHost/udc-an33-4c0/v2024.2.0.3/bin/glnxa64/libDeclarativeServices.so.1.5.6+00535165
[ 20] 0x0000147cab2675fe /sfs/qumulo/qhome/xpz5km/.MathWorks/ServiceHost/udc-an33-4c0/v2024.2.0.3/bin/glnxa64/libDeclarativeServices.so.1.5.6+00730622
[ 21] 0x0000147cab1e101b /sfs/qumulo/qhome/xpz5km/.MathWorks/ServiceHost/udc-an33-4c0/v2024.2.0.3/bin/glnxa64/libDeclarativeServices.so.1.5.6+00180251
[ 22] 0x0000147cab240e53 /sfs/qumulo/qhome/xpz5km/.MathWorks/ServiceHost/udc-an33-4c0/v2024.2.0.3/bin/glnxa64/libDeclarativeServices.so.1.5.6+00573011
[ 23] 0x0000147cab244899 /sfs/qumulo/qhome/xpz5km/.MathWorks/ServiceHost/udc-an33-4c0/v2024.2.0.3/bin/glnxa64/libDeclarativeServices.so.1.5.6+00587929
[ 24] 0x0000147cb0771e67                             /lib64/libpthread.so.0+00065127
[ 25] 0x0000147cab23ee8d /sfs/qumulo/qhome/xpz5km/.MathWorks/ServiceHost/udc-an33-4c0/v2024.2.0.3/bin/glnxa64/libDeclarativeServices.so.1.5.6+00564877
[ 26] 0x0000147cab241086 /sfs/qumulo/qhome/xpz5km/.MathWorks/ServiceHost/udc-an33-4c0/v2024.2.0.3/bin/glnxa64/libDeclarativeServices.so.1.5.6+00573574
[ 27] 0x0000147cab244899 /sfs/qumulo/qhome/xpz5km/.MathWorks/ServiceHost/udc-an33-4c0/v2024.2.0.3/bin/glnxa64/libDeclarativeServices.so.1.5.6+00587929
[ 28] 0x0000147cb0771e67                             /lib64/libpthread.so.0+00065127
[ 29] 0x0000147cab23f008 /sfs/qumulo/qhome/xpz5km/.MathWorks/ServiceHost/udc-an33-4c0/v2024.2.0.3/bin/glnxa64/libDeclarativeServices.so.1.5.6+00565256
[ 30] 0x0000147caf9b2c34 /sfs/qumulo/qhome/xpz5km/.MathWorks/ServiceHost/udc-an33-4c0/v2024.2.0.3/bin/glnxa64/libmwfoundation_threadpool.so+00146484
[ 31] 0x0000147caf9b7928 /sfs/qumulo/qhome/xpz5km/.MathWorks/ServiceHost/udc-an33-4c0/v2024.2.0.3/bin/glnxa64/libmwfoundation_threadpool.so+00166184
[ 32] 0x0000147caf9b7d54 /sfs/qumulo/qhome/xpz5km/.MathWorks/ServiceHost/udc-an33-4c0/v2024.2.0.3/bin/glnxa64/libmwfoundation_threadpool.so+00167252
[ 33] 0x0000147cb06198c3 /sfs/qumulo/qhome/xpz5km/.MathWorks/ServiceHost/udc-an33-4c0/v2024.2.0.3/bin/glnxa64/../../sys/os/glnxa64/libstdc++.so.6+00903363
[ 34] 0x0000147cb076a1ca                             /lib64/libpthread.so.0+00033226
[ 35] 0x0000147cb0190e73                                   /lib64/libc.so.6+00237171 clone+00000067


** This crash report has been written to /home/xpz5km/.MathWorks/ServiceHost/udc-an33-4c0/logs/MathWorksServiceHost_crash_720095.log **
[Warning: Error updating Text.

 String scalar or character vector must have valid interpreter syntax:
Radius at 0.5 level set
 phi_128_400000_1.0e-6__R0_0.155_eps_0.04
] 
[> In defaulterrorcallback (line 12)
In print (line 36)
In saveas (line 181)
In level_set_plot (line 49)
In level_set_radius_array (line 23)] 

ans =

        4001


ans =

        4001


ans =

        4001


ans =

        4001


ans =

        4001

DONE
