0.173
0.12
0.03
19661
phi_512_19661_1.0e-5__CPC_0.173_cohesin_0.12_eps_0.0075_alpha_-0.5_domain_0_2
/project/g_bme-janeslab/SarahG/julia_out/CPC_geometry/CPC_domain_0_2_e_0.0075_alpha//phi_512_19661_1.0e-5__CPC_0.173_cohesin_0.12_eps_0.0075_alpha_-0.5_domain_0_2

                            < M A T L A B (R) >
                  Copyright 1984-2024 The MathWorks, Inc.
                  R2024a (24.1.0.2537033) 64-bit (glnxa64)
                             February 21, 2024

 
To get started, type doc.
For product information, visit www.mathworks.com.
 
Launching updater executable

------------------------------------------------------------------------
       Segmentation violation detected at Tue Oct 15 19:27:48 2024
------------------------------------------------------------------------
Architecture     : glnxa64
Processor ID     : Intel(R) Xeon(R) Gold 6248 CPU @ 2.50GHz
Host Name        : udc-aw36-5c1
Locale           : en_US


Abnormal termination:
Segmentation violation

Current Thread: 'GTP_9' id 23201416689408

Register State (from fault):
  RAX = 0000000000000001  RBX = 0000151a04ecb010
  RCX = 333330373335322e  RDX = 000000000000000e
  RSP = 0000151a00332198  RBP = 0000151a003321e0
  RSI = 0000151a00332250  RDI = 0000151b554f025b

   R8 = 0000000000000000   R9 = 0000151a04ec2978
  R10 = 0000151a04f4deb0  R11 = 0000000000000005
  R12 = 000000000000000e  R13 = 0000151a00332250
  R14 = 0000151a00332240  R15 = 0000151a00332240

  RIP = 0000151a0eb8a5ca  EFL = 0000000000010283

   CS = 0033   FS = 0000   GS = 0000

Stack Trace (from fault):
[  0] 0x0000151a0eb8a5ca                                   /lib64/libc.so.6+00820682
[  1] 0x00001519fd2ab41d /sfs/gpfs/tardis/home/xpz5km/.MathWorks/ServiceHost/udc-aw36-5c1/v2024.2.0.3/bin/glnxa64/spf/serviceproviders/mwactions/delegators/applicationdelegator/serviceprovider/libmwactionsapplicationdelegator.so+00123933
[  2] 0x00001519fd2abf3a /sfs/gpfs/tardis/home/xpz5km/.MathWorks/ServiceHost/udc-aw36-5c1/v2024.2.0.3/bin/glnxa64/spf/serviceproviders/mwactions/delegators/applicationdelegator/serviceprovider/libmwactionsapplicationdelegator.so+00126778
[  3] 0x00001519fd2c1a4f /sfs/gpfs/tardis/home/xpz5km/.MathWorks/ServiceHost/udc-aw36-5c1/v2024.2.0.3/bin/glnxa64/spf/serviceproviders/mwactions/delegators/applicationdelegator/serviceprovider/libmwactionsapplicationdelegator.so+00215631
[  4] 0x00001519fd2c412d /sfs/gpfs/tardis/home/xpz5km/.MathWorks/ServiceHost/udc-aw36-5c1/v2024.2.0.3/bin/glnxa64/spf/serviceproviders/mwactions/delegators/applicationdelegator/serviceprovider/libmwactionsapplicationdelegator.so+00225581
[  5] 0x0000151a0f360533 /sfs/gpfs/tardis/home/xpz5km/.MathWorks/ServiceHost/udc-aw36-5c1/v2024.2.0.3/bin/glnxa64/libCppMicroServices.so.3.8.0+00472371
[  6] 0x0000151a0f3605d1 /sfs/gpfs/tardis/home/xpz5km/.MathWorks/ServiceHost/udc-aw36-5c1/v2024.2.0.3/bin/glnxa64/libCppMicroServices.so.3.8.0+00472529
[  7] 0x0000151a0f370f6f /sfs/gpfs/tardis/home/xpz5km/.MathWorks/ServiceHost/udc-aw36-5c1/v2024.2.0.3/bin/glnxa64/libCppMicroServices.so.3.8.0+00540527 _ZN16cppmicroservices23ServiceRegistrationBase10UnregisterEv+00002367
[  8] 0x0000151a01507968 /sfs/gpfs/tardis/home/xpz5km/.MathWorks/ServiceHost/udc-aw36-5c1/v2024.2.0.3/bin/glnxa64/spf/framework/agent/spf/framework/libmwagentspfframework.so+00575848
[  9] 0x0000151a015087d2 /sfs/gpfs/tardis/home/xpz5km/.MathWorks/ServiceHost/udc-aw36-5c1/v2024.2.0.3/bin/glnxa64/spf/framework/agent/spf/framework/libmwagentspfframework.so+00579538
[ 10] 0x0000151a014d5bd9 /sfs/gpfs/tardis/home/xpz5km/.MathWorks/ServiceHost/udc-aw36-5c1/v2024.2.0.3/bin/glnxa64/spf/framework/agent/spf/framework/libmwagentspfframework.so+00371673
[ 11] 0x0000151a0ef848c3 /sfs/gpfs/tardis/home/xpz5km/.MathWorks/ServiceHost/udc-aw36-5c1/v2024.2.0.3/bin/glnxa64/../../sys/os/glnxa64/libstdc++.so.6+00903363
[ 12] 0x0000151a0f0d51ca                             /lib64/libpthread.so.0+00033226
[ 13] 0x0000151a0eafbe73                                   /lib64/libc.so.6+00237171 clone+00000067


** This crash report has been written to /home/xpz5km/.MathWorks/ServiceHost/udc-aw36-5c1/logs/MathWorksServiceHost_crash_93548.log **
[Warning: Error updating Text.

 String scalar or character vector must have valid interpreter syntax:
phi_512_19661_1.0e-5__CPC_0.173_cohesin_0.12_eps_0.0075_alpha_-0.5_domain_0_2
] 
[> In defaulterrorcallback (line 12)
In print (line 36)
In kymograph_central_droplets_domain (line 66)] 
Done.
