Fri Jun 21 09:30:25 EDT 2024
0.221 32 10 -0.2
LOADED MATLAB
0.221
32
-0.2

                            < M A T L A B (R) >
                  Copyright 1984-2024 The MathWorks, Inc.
                  R2024a (24.1.0.2537033) 64-bit (glnxa64)
                             February 21, 2024

 
To get started, type doc.
For product information, visit www.mathworks.com.
 

indir = 

    "/scratch/xpz5km/Cahn_Hilliard_Model/julia_out/critical_radius_alpha"


epsilon_name = 

    "0.060037"


R0_name =

    '0.221'


alpha_name =

    '-0.2'


alpha =

    '-0.2'


name =

    'phi_128_400000_1.0e-6__R0_0.221_eps_0.060037_alpha_-0.2'

/sfs/qumulo/qhome/xpz5km/.MathWorks/ServiceHost/udc-an33-13c1/v2024.6.0.6/bin/glnxa64/MathWorksServiceHost: /lib64/libstdc++.so.6: version `GLIBCXX_3.4.29' not found (required by /sfs/qumulo/qhome/xpz5km/.MathWorks/ServiceHost/udc-an33-13c1/v2024.6.0.6/bin/glnxa64/MathWorksServiceHost)
/sfs/qumulo/qhome/xpz5km/.MathWorks/ServiceHost/udc-an33-13c1/v2024.6.0.6/bin/glnxa64/MathWorksServiceHost: /lib64/libstdc++.so.6: version `GLIBCXX_3.4.30' not found (required by /sfs/qumulo/qhome/xpz5km/.MathWorks/ServiceHost/udc-an33-13c1/v2024.6.0.6/bin/glnxa64/MathWorksServiceHost)
/sfs/qumulo/qhome/xpz5km/.MathWorks/ServiceHost/udc-an33-13c1/v2024.6.0.6/bin/glnxa64/MathWorksServiceHost: /lib64/libstdc++.so.6: version `GLIBCXX_3.4.30' not found (required by /sfs/qumulo/qhome/xpz5km/.MathWorks/ServiceHost/udc-an33-13c1/v2024.6.0.6/bin/glnxa64/libmwagentutils.so)
/sfs/qumulo/qhome/xpz5km/.MathWorks/ServiceHost/udc-an33-13c1/v2024.6.0.6/bin/glnxa64/MathWorksServiceHost: /lib64/libstdc++.so.6: version `GLIBCXX_3.4.29' not found (required by /sfs/qumulo/qhome/xpz5km/.MathWorks/ServiceHost/udc-an33-13c1/v2024.6.0.6/bin/glnxa64/libmwagentutils.so)
/sfs/qumulo/qhome/xpz5km/.MathWorks/ServiceHost/udc-an33-13c1/v2024.6.0.6/bin/glnxa64/MathWorksServiceHost: /lib64/libstdc++.so.6: version `GLIBCXX_3.4.30' not found (required by /sfs/qumulo/qhome/xpz5km/.MathWorks/ServiceHost/udc-an33-13c1/v2024.6.0.6/bin/glnxa64/libmwcppmicroservices.so)
/sfs/qumulo/qhome/xpz5km/.MathWorks/ServiceHost/udc-an33-13c1/v2024.6.0.6/bin/glnxa64/MathWorksServiceHost: /lib64/libstdc++.so.6: version `GLIBCXX_3.4.29' not found (required by /sfs/qumulo/qhome/xpz5km/.MathWorks/ServiceHost/udc-an33-13c1/v2024.6.0.6/bin/glnxa64/libmwcppmicroservices.so)
/sfs/qumulo/qhome/xpz5km/.MathWorks/ServiceHost/udc-an33-13c1/v2024.6.0.6/bin/glnxa64/MathWorksServiceHost: /lib64/libstdc++.so.6: version `CXXABI_1.3.13' not found (required by /sfs/qumulo/qhome/xpz5km/.MathWorks/ServiceHost/udc-an33-13c1/v2024.6.0.6/bin/glnxa64/libmwcppmicroservices.so)
/sfs/qumulo/qhome/xpz5km/.MathWorks/ServiceHost/udc-an33-13c1/v2024.6.0.6/bin/glnxa64/MathWorksServiceHost: /lib64/libstdc++.so.6: version `CXXABI_1.3.13' not found (required by /sfs/qumulo/qhome/xpz5km/.MathWorks/ServiceHost/udc-an33-13c1/v2024.6.0.6/bin/glnxa64/libmwfl.so)
/sfs/qumulo/qhome/xpz5km/.MathWorks/ServiceHost/udc-an33-13c1/v2024.6.0.6/bin/glnxa64/MathWorksServiceHost: /lib64/libstdc++.so.6: version `GLIBCXX_3.4.29' not found (required by /sfs/qumulo/qhome/xpz5km/.MathWorks/ServiceHost/udc-an33-13c1/v2024.6.0.6/bin/glnxa64/libmwfl.so)
/sfs/qumulo/qhome/xpz5km/.MathWorks/ServiceHost/udc-an33-13c1/v2024.6.0.6/bin/glnxa64/MathWorksServiceHost: /lib64/libstdc++.so.6: version `GLIBCXX_3.4.26' not found (required by /sfs/qumulo/qhome/xpz5km/.MathWorks/ServiceHost/udc-an33-13c1/v2024.6.0.6/bin/glnxa64/libmwfl.so)
/sfs/qumulo/qhome/xpz5km/.MathWorks/ServiceHost/udc-an33-13c1/v2024.6.0.6/bin/glnxa64/MathWorksServiceHost: /lib64/libstdc++.so.6: version `GLIBCXX_3.4.26' not found (required by /sfs/qumulo/qhome/xpz5km/.MathWorks/ServiceHost/udc-an33-13c1/v2024.6.0.6/bin/glnxa64/libmwfoundation_filesystem.so)
/sfs/qumulo/qhome/xpz5km/.MathWorks/ServiceHost/udc-an33-13c1/v2024.6.0.6/bin/glnxa64/MathWorksServiceHost: /lib64/libstdc++.so.6: version `GLIBCXX_3.4.29' not found (required by /sfs/qumulo/qhome/xpz5km/.MathWorks/ServiceHost/udc-an33-13c1/v2024.6.0.6/bin/glnxa64/libmwfoundation_filesystem.so)
/sfs/qumulo/qhome/xpz5km/.MathWorks/ServiceHost/udc-an33-13c1/v2024.6.0.6/bin/glnxa64/MathWorksServiceHost: /lib64/libstdc++.so.6: version `GLIBCXX_3.4.29' not found (required by /sfs/qumulo/qhome/xpz5km/.MathWorks/ServiceHost/udc-an33-13c1/v2024.6.0.6/bin/glnxa64/libmwfoundation_usm.so)
/sfs/qumulo/qhome/xpz5km/.MathWorks/ServiceHost/udc-an33-13c1/v2024.6.0.6/bin/glnxa64/MathWorksServiceHost: /lib64/libstdc++.so.6: version `CXXABI_1.3.13' not found (required by /sfs/qumulo/qhome/xpz5km/.MathWorks/ServiceHost/udc-an33-13c1/v2024.6.0.6/bin/glnxa64/libmwi18n.so)
/sfs/qumulo/qhome/xpz5km/.MathWorks/ServiceHost/udc-an33-13c1/v2024.6.0.6/bin/glnxa64/MathWorksServiceHost: /lib64/libstdc++.so.6: version `GLIBCXX_3.4.29' not found (required by /sfs/qumulo/qhome/xpz5km/.MathWorks/ServiceHost/udc-an33-13c1/v2024.6.0.6/bin/glnxa64/libmwi18n.so)
/sfs/qumulo/qhome/xpz5km/.MathWorks/ServiceHost/udc-an33-13c1/v2024.6.0.6/bin/glnxa64/MathWorksServiceHost: /lib64/libstdc++.so.6: version `GLIBCXX_3.4.26' not found (required by /sfs/qumulo/qhome/xpz5km/.MathWorks/ServiceHost/udc-an33-13c1/v2024.6.0.6/bin/glnxa64/libmwi18n.so)
/sfs/qumulo/qhome/xpz5km/.MathWorks/ServiceHost/udc-an33-13c1/v2024.6.0.6/bin/glnxa64/MathWorksServiceHost: /lib64/libstdc++.so.6: version `GLIBCXX_3.4.29' not found (required by /sfs/qumulo/qhome/xpz5km/.MathWorks/ServiceHost/udc-an33-13c1/v2024.6.0.6/bin/glnxa64/libmwcpp11compat.so)
/sfs/qumulo/qhome/xpz5km/.MathWorks/ServiceHost/udc-an33-13c1/v2024.6.0.6/bin/glnxa64/MathWorksServiceHost: /lib64/libstdc++.so.6: version `GLIBCXX_3.4.26' not found (required by /sfs/qumulo/qhome/xpz5km/.MathWorks/ServiceHost/udc-an33-13c1/v2024.6.0.6/bin/glnxa64/libCppMicroServices.so.3.8.1)
/sfs/qumulo/qhome/xpz5km/.MathWorks/ServiceHost/udc-an33-13c1/v2024.6.0.6/bin/glnxa64/MathWorksServiceHost: /lib64/libstdc++.so.6: version `GLIBCXX_3.4.29' not found (required by /sfs/qumulo/qhome/xpz5km/.MathWorks/ServiceHost/udc-an33-13c1/v2024.6.0.6/bin/glnxa64/libmwflurlmanager.so)
/sfs/qumulo/qhome/xpz5km/.MathWorks/ServiceHost/udc-an33-13c1/v2024.6.0.6/bin/glnxa64/MathWorksServiceHost: /lib64/libstdc++.so.6: version `GLIBCXX_3.4.29' not found (required by /sfs/qumulo/qhome/xpz5km/.MathWorks/ServiceHost/udc-an33-13c1/v2024.6.0.6/bin/glnxa64/libmwfoundation_log.so)
/sfs/qumulo/qhome/xpz5km/.MathWorks/ServiceHost/udc-an33-13c1/v2024.6.0.6/bin/glnxa64/MathWorksServiceHost: /lib64/libstdc++.so.6: version `GLIBCXX_3.4.26' not found (required by /sfs/qumulo/qhome/xpz5km/.MathWorks/ServiceHost/udc-an33-13c1/v2024.6.0.6/bin/glnxa64/libmwboost_log.so.1.81.0)
/sfs/qumulo/qhome/xpz5km/.MathWorks/ServiceHost/udc-an33-13c1/v2024.6.0.6/bin/glnxa64/MathWorksServiceHost: /lib64/libstdc++.so.6: version `GLIBCXX_3.4.29' not found (required by /sfs/qumulo/qhome/xpz5km/.MathWorks/ServiceHost/udc-an33-13c1/v2024.6.0.6/bin/glnxa64/libmwboost_log.so.1.81.0)
/sfs/qumulo/qhome/xpz5km/.MathWorks/ServiceHost/udc-an33-13c1/v2024.6.0.6/bin/glnxa64/MathWorksServiceHost: /lib64/libstdc++.so.6: version `CXXABI_1.3.13' not found (required by /sfs/qumulo/qhome/xpz5km/.MathWorks/ServiceHost/udc-an33-13c1/v2024.6.0.6/bin/glnxa64/libmwboost_log.so.1.81.0)
/sfs/qumulo/qhome/xpz5km/.MathWorks/ServiceHost/udc-an33-13c1/v2024.6.0.6/bin/glnxa64/MathWorksServiceHost: /lib64/libstdc++.so.6: version `GLIBCXX_3.4.26' not found (required by /sfs/qumulo/qhome/xpz5km/.MathWorks/ServiceHost/udc-an33-13c1/v2024.6.0.6/bin/glnxa64/libmwboost_thread.so.1.81.0)
/sfs/qumulo/qhome/xpz5km/.MathWorks/ServiceHost/udc-an33-13c1/v2024.6.0.6/bin/glnxa64/MathWorksServiceHost: /lib64/libstdc++.so.6: version `CXXABI_1.3.13' not found (required by /sfs/qumulo/qhome/xpz5km/.MathWorks/ServiceHost/udc-an33-13c1/v2024.6.0.6/bin/glnxa64/libmwfoundation_threadpool.so)
/sfs/qumulo/qhome/xpz5km/.MathWorks/ServiceHost/udc-an33-13c1/v2024.6.0.6/bin/glnxa64/MathWorksServiceHost: /lib64/libstdc++.so.6: version `GLIBCXX_3.4.30' not found (required by /sfs/qumulo/qhome/xpz5km/.MathWorks/ServiceHost/udc-an33-13c1/v2024.6.0.6/bin/glnxa64/libmwfoundation_threadpool.so)
/sfs/qumulo/qhome/xpz5km/.MathWorks/ServiceHost/udc-an33-13c1/v2024.6.0.6/bin/glnxa64/MathWorksServiceHost: /lib64/libstdc++.so.6: version `GLIBCXX_3.4.29' not found (required by /sfs/qumulo/qhome/xpz5km/.MathWorks/ServiceHost/udc-an33-13c1/v2024.6.0.6/bin/glnxa64/libmwfoundation_threadpool.so)
/sfs/qumulo/qhome/xpz5km/.MathWorks/ServiceHost/udc-an33-13c1/v2024.6.0.6/bin/glnxa64/MathWorksServiceHost: /lib64/libstdc++.so.6: version `CXXABI_1.3.13' not found (required by /sfs/qumulo/qhome/xpz5km/.MathWorks/ServiceHost/udc-an33-13c1/v2024.6.0.6/bin/glnxa64/libmwflcertificates.so)
/sfs/qumulo/qhome/xpz5km/.MathWorks/ServiceHost/udc-an33-13c1/v2024.6.0.6/bin/glnxa64/MathWorksServiceHost: /lib64/libstdc++.so.6: version `GLIBCXX_3.4.29' not found (required by /sfs/qumulo/qhome/xpz5km/.MathWorks/ServiceHost/udc-an33-13c1/v2024.6.0.6/bin/glnxa64/libmwflcertificates.so)
/sfs/qumulo/qhome/xpz5km/.MathWorks/ServiceHost/udc-an33-13c1/v2024.6.0.6/bin/glnxa64/MathWorksServiceHost: /lib64/libstdc++.so.6: version `GLIBCXX_3.4.26' not found (required by /sfs/qumulo/qhome/xpz5km/.MathWorks/ServiceHost/udc-an33-13c1/v2024.6.0.6/bin/glnxa64/libmwflcertificates.so)
/sfs/qumulo/qhome/xpz5km/.MathWorks/ServiceHost/udc-an33-13c1/v2024.6.0.6/bin/glnxa64/MathWorksServiceHost: /lib64/libstdc++.so.6: version `GLIBCXX_3.4.29' not found (required by /sfs/qumulo/qhome/xpz5km/.MathWorks/ServiceHost/udc-an33-13c1/v2024.6.0.6/bin/glnxa64/libmwflcodesigning_verifier.so)
/sfs/qumulo/qhome/xpz5km/.MathWorks/ServiceHost/udc-an33-13c1/v2024.6.0.6/bin/glnxa64/MathWorksServiceHost: /lib64/libstdc++.so.6: version `CXXABI_1.3.13' not found (required by /sfs/qumulo/qhome/xpz5km/.MathWorks/ServiceHost/udc-an33-13c1/v2024.6.0.6/bin/glnxa64/libmwflnetwork.so)
/sfs/qumulo/qhome/xpz5km/.MathWorks/ServiceHost/udc-an33-13c1/v2024.6.0.6/bin/glnxa64/MathWorksServiceHost: /lib64/libstdc++.so.6: version `GLIBCXX_3.4.29' not found (required by /sfs/qumulo/qhome/xpz5km/.MathWorks/ServiceHost/udc-an33-13c1/v2024.6.0.6/bin/glnxa64/libmwflnetwork.so)
/sfs/qumulo/qhome/xpz5km/.MathWorks/ServiceHost/udc-an33-13c1/v2024.6.0.6/bin/glnxa64/MathWorksServiceHost: /lib64/libstdc++.so.6: version `GLIBCXX_3.4.26' not found (required by /sfs/qumulo/qhome/xpz5km/.MathWorks/ServiceHost/udc-an33-13c1/v2024.6.0.6/bin/glnxa64/libmwflnetwork.so)
/sfs/qumulo/qhome/xpz5km/.MathWorks/ServiceHost/udc-an33-13c1/v2024.6.0.6/bin/glnxa64/MathWorksServiceHost: /lib64/libstdc++.so.6: version `GLIBCXX_3.4.29' not found (required by /sfs/qumulo/qhome/xpz5km/.MathWorks/ServiceHost/udc-an33-13c1/v2024.6.0.6/bin/glnxa64/libmwboost_serialization.so.1.81.0)
/sfs/qumulo/qhome/xpz5km/.MathWorks/ServiceHost/udc-an33-13c1/v2024.6.0.6/bin/glnxa64/MathWorksServiceHost: /lib64/libstdc++.so.6: version `GLIBCXX_3.4.29' not found (required by /sfs/qumulo/qhome/xpz5km/.MathWorks/ServiceHost/udc-an33-13c1/v2024.6.0.6/bin/glnxa64/libmwflcryptoutils.so)
/sfs/qumulo/qhome/xpz5km/.MathWorks/ServiceHost/udc-an33-13c1/v2024.6.0.6/bin/glnxa64/MathWorksServiceHost: /lib64/libstdc++.so.6: version `GLIBCXX_3.4.26' not found (required by /sfs/qumulo/qhome/xpz5km/.MathWorks/ServiceHost/udc-an33-13c1/v2024.6.0.6/bin/glnxa64/libmwflcryptocryptopp.so)
/sfs/qumulo/qhome/xpz5km/.MathWorks/ServiceHost/udc-an33-13c1/v2024.6.0.6/bin/glnxa64/MathWorksServiceHost: /lib64/libstdc++.so.6: version `GLIBCXX_3.4.26' not found (required by /sfs/qumulo/qhome/xpz5km/.MathWorks/ServiceHost/udc-an33-13c1/v2024.6.0.6/bin/glnxa64/libPocoNet.so.94)
/sfs/qumulo/qhome/xpz5km/.MathWorks/ServiceHost/udc-an33-13c1/v2024.6.0.6/bin/glnxa64/MathWorksServiceHost: /lib64/libstdc++.so.6: version `GLIBCXX_3.4.29' not found (required by /sfs/qumulo/qhome/xpz5km/.MathWorks/ServiceHost/udc-an33-13c1/v2024.6.0.6/bin/glnxa64/MathWorksServiceHost)
/sfs/qumulo/qhome/xpz5km/.MathWorks/ServiceHost/udc-an33-13c1/v2024.6.0.6/bin/glnxa64/MathWorksServiceHost: /lib64/libstdc++.so.6: version `GLIBCXX_3.4.30' not found (required by /sfs/qumulo/qhome/xpz5km/.MathWorks/ServiceHost/udc-an33-13c1/v2024.6.0.6/bin/glnxa64/MathWorksServiceHost)
/sfs/qumulo/qhome/xpz5km/.MathWorks/ServiceHost/udc-an33-13c1/v2024.6.0.6/bin/glnxa64/MathWorksServiceHost: /lib64/libstdc++.so.6: version `GLIBCXX_3.4.30' not found (required by /sfs/qumulo/qhome/xpz5km/.MathWorks/ServiceHost/udc-an33-13c1/v2024.6.0.6/bin/glnxa64/libmwagentutils.so)
/sfs/qumulo/qhome/xpz5km/.MathWorks/ServiceHost/udc-an33-13c1/v2024.6.0.6/bin/glnxa64/MathWorksServiceHost: /lib64/libstdc++.so.6: version `GLIBCXX_3.4.29' not found (required by /sfs/qumulo/qhome/xpz5km/.MathWorks/ServiceHost/udc-an33-13c1/v2024.6.0.6/bin/glnxa64/libmwagentutils.so)
/sfs/qumulo/qhome/xpz5km/.MathWorks/ServiceHost/udc-an33-13c1/v2024.6.0.6/bin/glnxa64/MathWorksServiceHost: /lib64/libstdc++.so.6: version `GLIBCXX_3.4.30' not found (required by /sfs/qumulo/qhome/xpz5km/.MathWorks/ServiceHost/udc-an33-13c1/v2024.6.0.6/bin/glnxa64/libmwcppmicroservices.so)
/sfs/qumulo/qhome/xpz5km/.MathWorks/ServiceHost/udc-an33-13c1/v2024.6.0.6/bin/glnxa64/MathWorksServiceHost: /lib64/libstdc++.so.6: version `GLIBCXX_3.4.29' not found (required by /sfs/qumulo/qhome/xpz5km/.MathWorks/ServiceHost/udc-an33-13c1/v2024.6.0.6/bin/glnxa64/libmwcppmicroservices.so)
/sfs/qumulo/qhome/xpz5km/.MathWorks/ServiceHost/udc-an33-13c1/v2024.6.0.6/bin/glnxa64/MathWorksServiceHost: /lib64/libstdc++.so.6: version `CXXABI_1.3.13' not found (required by /sfs/qumulo/qhome/xpz5km/.MathWorks/ServiceHost/udc-an33-13c1/v2024.6.0.6/bin/glnxa64/libmwcppmicroservices.so)
/sfs/qumulo/qhome/xpz5km/.MathWorks/ServiceHost/udc-an33-13c1/v2024.6.0.6/bin/glnxa64/MathWorksServiceHost: /lib64/libstdc++.so.6: version `CXXABI_1.3.13' not found (required by /sfs/qumulo/qhome/xpz5km/.MathWorks/ServiceHost/udc-an33-13c1/v2024.6.0.6/bin/glnxa64/libmwfl.so)
/sfs/qumulo/qhome/xpz5km/.MathWorks/ServiceHost/udc-an33-13c1/v2024.6.0.6/bin/glnxa64/MathWorksServiceHost: /lib64/libstdc++.so.6: version `GLIBCXX_3.4.29' not found (required by /sfs/qumulo/qhome/xpz5km/.MathWorks/ServiceHost/udc-an33-13c1/v2024.6.0.6/bin/glnxa64/libmwfl.so)
/sfs/qumulo/qhome/xpz5km/.MathWorks/ServiceHost/udc-an33-13c1/v2024.6.0.6/bin/glnxa64/MathWorksServiceHost: /lib64/libstdc++.so.6: version `GLIBCXX_3.4.26' not found (required by /sfs/qumulo/qhome/xpz5km/.MathWorks/ServiceHost/udc-an33-13c1/v2024.6.0.6/bin/glnxa64/libmwfl.so)
/sfs/qumulo/qhome/xpz5km/.MathWorks/ServiceHost/udc-an33-13c1/v2024.6.0.6/bin/glnxa64/MathWorksServiceHost: /lib64/libstdc++.so.6: version `GLIBCXX_3.4.26' not found (required by /sfs/qumulo/qhome/xpz5km/.MathWorks/ServiceHost/udc-an33-13c1/v2024.6.0.6/bin/glnxa64/libmwfoundation_filesystem.so)
/sfs/qumulo/qhome/xpz5km/.MathWorks/ServiceHost/udc-an33-13c1/v2024.6.0.6/bin/glnxa64/MathWorksServiceHost: /lib64/libstdc++.so.6: version `GLIBCXX_3.4.29' not found (required by /sfs/qumulo/qhome/xpz5km/.MathWorks/ServiceHost/udc-an33-13c1/v2024.6.0.6/bin/glnxa64/libmwfoundation_filesystem.so)
/sfs/qumulo/qhome/xpz5km/.MathWorks/ServiceHost/udc-an33-13c1/v2024.6.0.6/bin/glnxa64/MathWorksServiceHost: /lib64/libstdc++.so.6: version `GLIBCXX_3.4.29' not found (required by /sfs/qumulo/qhome/xpz5km/.MathWorks/ServiceHost/udc-an33-13c1/v2024.6.0.6/bin/glnxa64/libmwfoundation_usm.so)
/sfs/qumulo/qhome/xpz5km/.MathWorks/ServiceHost/udc-an33-13c1/v2024.6.0.6/bin/glnxa64/MathWorksServiceHost: /lib64/libstdc++.so.6: version `CXXABI_1.3.13' not found (required by /sfs/qumulo/qhome/xpz5km/.MathWorks/ServiceHost/udc-an33-13c1/v2024.6.0.6/bin/glnxa64/libmwi18n.so)
/sfs/qumulo/qhome/xpz5km/.MathWorks/ServiceHost/udc-an33-13c1/v2024.6.0.6/bin/glnxa64/MathWorksServiceHost: /lib64/libstdc++.so.6: version `GLIBCXX_3.4.29' not found (required by /sfs/qumulo/qhome/xpz5km/.MathWorks/ServiceHost/udc-an33-13c1/v2024.6.0.6/bin/glnxa64/libmwi18n.so)
/sfs/qumulo/qhome/xpz5km/.MathWorks/ServiceHost/udc-an33-13c1/v2024.6.0.6/bin/glnxa64/MathWorksServiceHost: /lib64/libstdc++.so.6: version `GLIBCXX_3.4.26' not found (required by /sfs/qumulo/qhome/xpz5km/.MathWorks/ServiceHost/udc-an33-13c1/v2024.6.0.6/bin/glnxa64/libmwi18n.so)
/sfs/qumulo/qhome/xpz5km/.MathWorks/ServiceHost/udc-an33-13c1/v2024.6.0.6/bin/glnxa64/MathWorksServiceHost: /lib64/libstdc++.so.6: version `GLIBCXX_3.4.29' not found (required by /sfs/qumulo/qhome/xpz5km/.MathWorks/ServiceHost/udc-an33-13c1/v2024.6.0.6/bin/glnxa64/libmwcpp11compat.so)
/sfs/qumulo/qhome/xpz5km/.MathWorks/ServiceHost/udc-an33-13c1/v2024.6.0.6/bin/glnxa64/MathWorksServiceHost: /lib64/libstdc++.so.6: version `GLIBCXX_3.4.26' not found (required by /sfs/qumulo/qhome/xpz5km/.MathWorks/ServiceHost/udc-an33-13c1/v2024.6.0.6/bin/glnxa64/libCppMicroServices.so.3.8.1)
/sfs/qumulo/qhome/xpz5km/.MathWorks/ServiceHost/udc-an33-13c1/v2024.6.0.6/bin/glnxa64/MathWorksServiceHost: /lib64/libstdc++.so.6: version `GLIBCXX_3.4.29' not found (required by /sfs/qumulo/qhome/xpz5km/.MathWorks/ServiceHost/udc-an33-13c1/v2024.6.0.6/bin/glnxa64/libmwflurlmanager.so)
/sfs/qumulo/qhome/xpz5km/.MathWorks/ServiceHost/udc-an33-13c1/v2024.6.0.6/bin/glnxa64/MathWorksServiceHost: /lib64/libstdc++.so.6: version `GLIBCXX_3.4.29' not found (required by /sfs/qumulo/qhome/xpz5km/.MathWorks/ServiceHost/udc-an33-13c1/v2024.6.0.6/bin/glnxa64/libmwfoundation_log.so)
/sfs/qumulo/qhome/xpz5km/.MathWorks/ServiceHost/udc-an33-13c1/v2024.6.0.6/bin/glnxa64/MathWorksServiceHost: /lib64/libstdc++.so.6: version `GLIBCXX_3.4.26' not found (required by /sfs/qumulo/qhome/xpz5km/.MathWorks/ServiceHost/udc-an33-13c1/v2024.6.0.6/bin/glnxa64/libmwboost_log.so.1.81.0)
/sfs/qumulo/qhome/xpz5km/.MathWorks/ServiceHost/udc-an33-13c1/v2024.6.0.6/bin/glnxa64/MathWorksServiceHost: /lib64/libstdc++.so.6: version `GLIBCXX_3.4.29' not found (required by /sfs/qumulo/qhome/xpz5km/.MathWorks/ServiceHost/udc-an33-13c1/v2024.6.0.6/bin/glnxa64/libmwboost_log.so.1.81.0)
/sfs/qumulo/qhome/xpz5km/.MathWorks/ServiceHost/udc-an33-13c1/v2024.6.0.6/bin/glnxa64/MathWorksServiceHost: /lib64/libstdc++.so.6: version `CXXABI_1.3.13' not found (required by /sfs/qumulo/qhome/xpz5km/.MathWorks/ServiceHost/udc-an33-13c1/v2024.6.0.6/bin/glnxa64/libmwboost_log.so.1.81.0)
/sfs/qumulo/qhome/xpz5km/.MathWorks/ServiceHost/udc-an33-13c1/v2024.6.0.6/bin/glnxa64/MathWorksServiceHost: /lib64/libstdc++.so.6: version `GLIBCXX_3.4.26' not found (required by /sfs/qumulo/qhome/xpz5km/.MathWorks/ServiceHost/udc-an33-13c1/v2024.6.0.6/bin/glnxa64/libmwboost_thread.so.1.81.0)
/sfs/qumulo/qhome/xpz5km/.MathWorks/ServiceHost/udc-an33-13c1/v2024.6.0.6/bin/glnxa64/MathWorksServiceHost: /lib64/libstdc++.so.6: version `CXXABI_1.3.13' not found (required by /sfs/qumulo/qhome/xpz5km/.MathWorks/ServiceHost/udc-an33-13c1/v2024.6.0.6/bin/glnxa64/libmwfoundation_threadpool.so)
/sfs/qumulo/qhome/xpz5km/.MathWorks/ServiceHost/udc-an33-13c1/v2024.6.0.6/bin/glnxa64/MathWorksServiceHost: /lib64/libstdc++.so.6: version `GLIBCXX_3.4.30' not found (required by /sfs/qumulo/qhome/xpz5km/.MathWorks/ServiceHost/udc-an33-13c1/v2024.6.0.6/bin/glnxa64/libmwfoundation_threadpool.so)
/sfs/qumulo/qhome/xpz5km/.MathWorks/ServiceHost/udc-an33-13c1/v2024.6.0.6/bin/glnxa64/MathWorksServiceHost: /lib64/libstdc++.so.6: version `GLIBCXX_3.4.29' not found (required by /sfs/qumulo/qhome/xpz5km/.MathWorks/ServiceHost/udc-an33-13c1/v2024.6.0.6/bin/glnxa64/libmwfoundation_threadpool.so)
/sfs/qumulo/qhome/xpz5km/.MathWorks/ServiceHost/udc-an33-13c1/v2024.6.0.6/bin/glnxa64/MathWorksServiceHost: /lib64/libstdc++.so.6: version `CXXABI_1.3.13' not found (required by /sfs/qumulo/qhome/xpz5km/.MathWorks/ServiceHost/udc-an33-13c1/v2024.6.0.6/bin/glnxa64/libmwflcertificates.so)
/sfs/qumulo/qhome/xpz5km/.MathWorks/ServiceHost/udc-an33-13c1/v2024.6.0.6/bin/glnxa64/MathWorksServiceHost: /lib64/libstdc++.so.6: version `GLIBCXX_3.4.29' not found (required by /sfs/qumulo/qhome/xpz5km/.MathWorks/ServiceHost/udc-an33-13c1/v2024.6.0.6/bin/glnxa64/libmwflcertificates.so)
/sfs/qumulo/qhome/xpz5km/.MathWorks/ServiceHost/udc-an33-13c1/v2024.6.0.6/bin/glnxa64/MathWorksServiceHost: /lib64/libstdc++.so.6: version `GLIBCXX_3.4.26' not found (required by /sfs/qumulo/qhome/xpz5km/.MathWorks/ServiceHost/udc-an33-13c1/v2024.6.0.6/bin/glnxa64/libmwflcertificates.so)
/sfs/qumulo/qhome/xpz5km/.MathWorks/ServiceHost/udc-an33-13c1/v2024.6.0.6/bin/glnxa64/MathWorksServiceHost: /lib64/libstdc++.so.6: version `GLIBCXX_3.4.29' not found (required by /sfs/qumulo/qhome/xpz5km/.MathWorks/ServiceHost/udc-an33-13c1/v2024.6.0.6/bin/glnxa64/libmwflcodesigning_verifier.so)
/sfs/qumulo/qhome/xpz5km/.MathWorks/ServiceHost/udc-an33-13c1/v2024.6.0.6/bin/glnxa64/MathWorksServiceHost: /lib64/libstdc++.so.6: version `CXXABI_1.3.13' not found (required by /sfs/qumulo/qhome/xpz5km/.MathWorks/ServiceHost/udc-an33-13c1/v2024.6.0.6/bin/glnxa64/libmwflnetwork.so)
/sfs/qumulo/qhome/xpz5km/.MathWorks/ServiceHost/udc-an33-13c1/v2024.6.0.6/bin/glnxa64/MathWorksServiceHost: /lib64/libstdc++.so.6: version `GLIBCXX_3.4.29' not found (required by /sfs/qumulo/qhome/xpz5km/.MathWorks/ServiceHost/udc-an33-13c1/v2024.6.0.6/bin/glnxa64/libmwflnetwork.so)
/sfs/qumulo/qhome/xpz5km/.MathWorks/ServiceHost/udc-an33-13c1/v2024.6.0.6/bin/glnxa64/MathWorksServiceHost: /lib64/libstdc++.so.6: version `GLIBCXX_3.4.26' not found (required by /sfs/qumulo/qhome/xpz5km/.MathWorks/ServiceHost/udc-an33-13c1/v2024.6.0.6/bin/glnxa64/libmwflnetwork.so)
/sfs/qumulo/qhome/xpz5km/.MathWorks/ServiceHost/udc-an33-13c1/v2024.6.0.6/bin/glnxa64/MathWorksServiceHost: /lib64/libstdc++.so.6: version `GLIBCXX_3.4.29' not found (required by /sfs/qumulo/qhome/xpz5km/.MathWorks/ServiceHost/udc-an33-13c1/v2024.6.0.6/bin/glnxa64/libmwboost_serialization.so.1.81.0)
/sfs/qumulo/qhome/xpz5km/.MathWorks/ServiceHost/udc-an33-13c1/v2024.6.0.6/bin/glnxa64/MathWorksServiceHost: /lib64/libstdc++.so.6: version `GLIBCXX_3.4.29' not found (required by /sfs/qumulo/qhome/xpz5km/.MathWorks/ServiceHost/udc-an33-13c1/v2024.6.0.6/bin/glnxa64/libmwflcryptoutils.so)
/sfs/qumulo/qhome/xpz5km/.MathWorks/ServiceHost/udc-an33-13c1/v2024.6.0.6/bin/glnxa64/MathWorksServiceHost: /lib64/libstdc++.so.6: version `GLIBCXX_3.4.26' not found (required by /sfs/qumulo/qhome/xpz5km/.MathWorks/ServiceHost/udc-an33-13c1/v2024.6.0.6/bin/glnxa64/libmwflcryptocryptopp.so)
/sfs/qumulo/qhome/xpz5km/.MathWorks/ServiceHost/udc-an33-13c1/v2024.6.0.6/bin/glnxa64/MathWorksServiceHost: /lib64/libstdc++.so.6: version `GLIBCXX_3.4.26' not found (required by /sfs/qumulo/qhome/xpz5km/.MathWorks/ServiceHost/udc-an33-13c1/v2024.6.0.6/bin/glnxa64/libPocoNet.so.94)
/sfs/qumulo/qhome/xpz5km/.MathWorks/ServiceHost/udc-an33-13c1/v2024.6.0.6/bin/glnxa64/MathWorksServiceHost: /lib64/libstdc++.so.6: version `GLIBCXX_3.4.29' not found (required by /sfs/qumulo/qhome/xpz5km/.MathWorks/ServiceHost/udc-an33-13c1/v2024.6.0.6/bin/glnxa64/MathWorksServiceHost)
/sfs/qumulo/qhome/xpz5km/.MathWorks/ServiceHost/udc-an33-13c1/v2024.6.0.6/bin/glnxa64/MathWorksServiceHost: /lib64/libstdc++.so.6: version `GLIBCXX_3.4.30' not found (required by /sfs/qumulo/qhome/xpz5km/.MathWorks/ServiceHost/udc-an33-13c1/v2024.6.0.6/bin/glnxa64/MathWorksServiceHost)
/sfs/qumulo/qhome/xpz5km/.MathWorks/ServiceHost/udc-an33-13c1/v2024.6.0.6/bin/glnxa64/MathWorksServiceHost: /lib64/libstdc++.so.6: version `GLIBCXX_3.4.30' not found (required by /sfs/qumulo/qhome/xpz5km/.MathWorks/ServiceHost/udc-an33-13c1/v2024.6.0.6/bin/glnxa64/libmwagentutils.so)
/sfs/qumulo/qhome/xpz5km/.MathWorks/ServiceHost/udc-an33-13c1/v2024.6.0.6/bin/glnxa64/MathWorksServiceHost: /lib64/libstdc++.so.6: version `GLIBCXX_3.4.29' not found (required by /sfs/qumulo/qhome/xpz5km/.MathWorks/ServiceHost/udc-an33-13c1/v2024.6.0.6/bin/glnxa64/libmwagentutils.so)
/sfs/qumulo/qhome/xpz5km/.MathWorks/ServiceHost/udc-an33-13c1/v2024.6.0.6/bin/glnxa64/MathWorksServiceHost: /lib64/libstdc++.so.6: version `GLIBCXX_3.4.30' not found (required by /sfs/qumulo/qhome/xpz5km/.MathWorks/ServiceHost/udc-an33-13c1/v2024.6.0.6/bin/glnxa64/libmwcppmicroservices.so)
/sfs/qumulo/qhome/xpz5km/.MathWorks/ServiceHost/udc-an33-13c1/v2024.6.0.6/bin/glnxa64/MathWorksServiceHost: /lib64/libstdc++.so.6: version `GLIBCXX_3.4.29' not found (required by /sfs/qumulo/qhome/xpz5km/.MathWorks/ServiceHost/udc-an33-13c1/v2024.6.0.6/bin/glnxa64/libmwcppmicroservices.so)
/sfs/qumulo/qhome/xpz5km/.MathWorks/ServiceHost/udc-an33-13c1/v2024.6.0.6/bin/glnxa64/MathWorksServiceHost: /lib64/libstdc++.so.6: version `CXXABI_1.3.13' not found (required by /sfs/qumulo/qhome/xpz5km/.MathWorks/ServiceHost/udc-an33-13c1/v2024.6.0.6/bin/glnxa64/libmwcppmicroservices.so)
/sfs/qumulo/qhome/xpz5km/.MathWorks/ServiceHost/udc-an33-13c1/v2024.6.0.6/bin/glnxa64/MathWorksServiceHost: /lib64/libstdc++.so.6: version `CXXABI_1.3.13' not found (required by /sfs/qumulo/qhome/xpz5km/.MathWorks/ServiceHost/udc-an33-13c1/v2024.6.0.6/bin/glnxa64/libmwfl.so)
/sfs/qumulo/qhome/xpz5km/.MathWorks/ServiceHost/udc-an33-13c1/v2024.6.0.6/bin/glnxa64/MathWorksServiceHost: /lib64/libstdc++.so.6: version `GLIBCXX_3.4.29' not found (required by /sfs/qumulo/qhome/xpz5km/.MathWorks/ServiceHost/udc-an33-13c1/v2024.6.0.6/bin/glnxa64/libmwfl.so)
/sfs/qumulo/qhome/xpz5km/.MathWorks/ServiceHost/udc-an33-13c1/v2024.6.0.6/bin/glnxa64/MathWorksServiceHost: /lib64/libstdc++.so.6: version `GLIBCXX_3.4.26' not found (required by /sfs/qumulo/qhome/xpz5km/.MathWorks/ServiceHost/udc-an33-13c1/v2024.6.0.6/bin/glnxa64/libmwfl.so)
/sfs/qumulo/qhome/xpz5km/.MathWorks/ServiceHost/udc-an33-13c1/v2024.6.0.6/bin/glnxa64/MathWorksServiceHost: /lib64/libstdc++.so.6: version `GLIBCXX_3.4.26' not found (required by /sfs/qumulo/qhome/xpz5km/.MathWorks/ServiceHost/udc-an33-13c1/v2024.6.0.6/bin/glnxa64/libmwfoundation_filesystem.so)
/sfs/qumulo/qhome/xpz5km/.MathWorks/ServiceHost/udc-an33-13c1/v2024.6.0.6/bin/glnxa64/MathWorksServiceHost: /lib64/libstdc++.so.6: version `GLIBCXX_3.4.29' not found (required by /sfs/qumulo/qhome/xpz5km/.MathWorks/ServiceHost/udc-an33-13c1/v2024.6.0.6/bin/glnxa64/libmwfoundation_filesystem.so)
/sfs/qumulo/qhome/xpz5km/.MathWorks/ServiceHost/udc-an33-13c1/v2024.6.0.6/bin/glnxa64/MathWorksServiceHost: /lib64/libstdc++.so.6: version `GLIBCXX_3.4.29' not found (required by /sfs/qumulo/qhome/xpz5km/.MathWorks/ServiceHost/udc-an33-13c1/v2024.6.0.6/bin/glnxa64/libmwfoundation_usm.so)
/sfs/qumulo/qhome/xpz5km/.MathWorks/ServiceHost/udc-an33-13c1/v2024.6.0.6/bin/glnxa64/MathWorksServiceHost: /lib64/libstdc++.so.6: version `CXXABI_1.3.13' not found (required by /sfs/qumulo/qhome/xpz5km/.MathWorks/ServiceHost/udc-an33-13c1/v2024.6.0.6/bin/glnxa64/libmwi18n.so)
/sfs/qumulo/qhome/xpz5km/.MathWorks/ServiceHost/udc-an33-13c1/v2024.6.0.6/bin/glnxa64/MathWorksServiceHost: /lib64/libstdc++.so.6: version `GLIBCXX_3.4.29' not found (required by /sfs/qumulo/qhome/xpz5km/.MathWorks/ServiceHost/udc-an33-13c1/v2024.6.0.6/bin/glnxa64/libmwi18n.so)
/sfs/qumulo/qhome/xpz5km/.MathWorks/ServiceHost/udc-an33-13c1/v2024.6.0.6/bin/glnxa64/MathWorksServiceHost: /lib64/libstdc++.so.6: version `GLIBCXX_3.4.26' not found (required by /sfs/qumulo/qhome/xpz5km/.MathWorks/ServiceHost/udc-an33-13c1/v2024.6.0.6/bin/glnxa64/libmwi18n.so)
/sfs/qumulo/qhome/xpz5km/.MathWorks/ServiceHost/udc-an33-13c1/v2024.6.0.6/bin/glnxa64/MathWorksServiceHost: /lib64/libstdc++.so.6: version `GLIBCXX_3.4.29' not found (required by /sfs/qumulo/qhome/xpz5km/.MathWorks/ServiceHost/udc-an33-13c1/v2024.6.0.6/bin/glnxa64/libmwcpp11compat.so)
/sfs/qumulo/qhome/xpz5km/.MathWorks/ServiceHost/udc-an33-13c1/v2024.6.0.6/bin/glnxa64/MathWorksServiceHost: /lib64/libstdc++.so.6: version `GLIBCXX_3.4.26' not found (required by /sfs/qumulo/qhome/xpz5km/.MathWorks/ServiceHost/udc-an33-13c1/v2024.6.0.6/bin/glnxa64/libCppMicroServices.so.3.8.1)
/sfs/qumulo/qhome/xpz5km/.MathWorks/ServiceHost/udc-an33-13c1/v2024.6.0.6/bin/glnxa64/MathWorksServiceHost: /lib64/libstdc++.so.6: version `GLIBCXX_3.4.29' not found (required by /sfs/qumulo/qhome/xpz5km/.MathWorks/ServiceHost/udc-an33-13c1/v2024.6.0.6/bin/glnxa64/libmwflurlmanager.so)
/sfs/qumulo/qhome/xpz5km/.MathWorks/ServiceHost/udc-an33-13c1/v2024.6.0.6/bin/glnxa64/MathWorksServiceHost: /lib64/libstdc++.so.6: version `GLIBCXX_3.4.29' not found (required by /sfs/qumulo/qhome/xpz5km/.MathWorks/ServiceHost/udc-an33-13c1/v2024.6.0.6/bin/glnxa64/libmwfoundation_log.so)
/sfs/qumulo/qhome/xpz5km/.MathWorks/ServiceHost/udc-an33-13c1/v2024.6.0.6/bin/glnxa64/MathWorksServiceHost: /lib64/libstdc++.so.6: version `GLIBCXX_3.4.26' not found (required by /sfs/qumulo/qhome/xpz5km/.MathWorks/ServiceHost/udc-an33-13c1/v2024.6.0.6/bin/glnxa64/libmwboost_log.so.1.81.0)
/sfs/qumulo/qhome/xpz5km/.MathWorks/ServiceHost/udc-an33-13c1/v2024.6.0.6/bin/glnxa64/MathWorksServiceHost: /lib64/libstdc++.so.6: version `GLIBCXX_3.4.29' not found (required by /sfs/qumulo/qhome/xpz5km/.MathWorks/ServiceHost/udc-an33-13c1/v2024.6.0.6/bin/glnxa64/libmwboost_log.so.1.81.0)
/sfs/qumulo/qhome/xpz5km/.MathWorks/ServiceHost/udc-an33-13c1/v2024.6.0.6/bin/glnxa64/MathWorksServiceHost: /lib64/libstdc++.so.6: version `CXXABI_1.3.13' not found (required by /sfs/qumulo/qhome/xpz5km/.MathWorks/ServiceHost/udc-an33-13c1/v2024.6.0.6/bin/glnxa64/libmwboost_log.so.1.81.0)
/sfs/qumulo/qhome/xpz5km/.MathWorks/ServiceHost/udc-an33-13c1/v2024.6.0.6/bin/glnxa64/MathWorksServiceHost: /lib64/libstdc++.so.6: version `GLIBCXX_3.4.26' not found (required by /sfs/qumulo/qhome/xpz5km/.MathWorks/ServiceHost/udc-an33-13c1/v2024.6.0.6/bin/glnxa64/libmwboost_thread.so.1.81.0)
/sfs/qumulo/qhome/xpz5km/.MathWorks/ServiceHost/udc-an33-13c1/v2024.6.0.6/bin/glnxa64/MathWorksServiceHost: /lib64/libstdc++.so.6: version `CXXABI_1.3.13' not found (required by /sfs/qumulo/qhome/xpz5km/.MathWorks/ServiceHost/udc-an33-13c1/v2024.6.0.6/bin/glnxa64/libmwfoundation_threadpool.so)
/sfs/qumulo/qhome/xpz5km/.MathWorks/ServiceHost/udc-an33-13c1/v2024.6.0.6/bin/glnxa64/MathWorksServiceHost: /lib64/libstdc++.so.6: version `GLIBCXX_3.4.30' not found (required by /sfs/qumulo/qhome/xpz5km/.MathWorks/ServiceHost/udc-an33-13c1/v2024.6.0.6/bin/glnxa64/libmwfoundation_threadpool.so)
/sfs/qumulo/qhome/xpz5km/.MathWorks/ServiceHost/udc-an33-13c1/v2024.6.0.6/bin/glnxa64/MathWorksServiceHost: /lib64/libstdc++.so.6: version `GLIBCXX_3.4.29' not found (required by /sfs/qumulo/qhome/xpz5km/.MathWorks/ServiceHost/udc-an33-13c1/v2024.6.0.6/bin/glnxa64/libmwfoundation_threadpool.so)
/sfs/qumulo/qhome/xpz5km/.MathWorks/ServiceHost/udc-an33-13c1/v2024.6.0.6/bin/glnxa64/MathWorksServiceHost: /lib64/libstdc++.so.6: version `CXXABI_1.3.13' not found (required by /sfs/qumulo/qhome/xpz5km/.MathWorks/ServiceHost/udc-an33-13c1/v2024.6.0.6/bin/glnxa64/libmwflcertificates.so)
/sfs/qumulo/qhome/xpz5km/.MathWorks/ServiceHost/udc-an33-13c1/v2024.6.0.6/bin/glnxa64/MathWorksServiceHost: /lib64/libstdc++.so.6: version `GLIBCXX_3.4.29' not found (required by /sfs/qumulo/qhome/xpz5km/.MathWorks/ServiceHost/udc-an33-13c1/v2024.6.0.6/bin/glnxa64/libmwflcertificates.so)
/sfs/qumulo/qhome/xpz5km/.MathWorks/ServiceHost/udc-an33-13c1/v2024.6.0.6/bin/glnxa64/MathWorksServiceHost: /lib64/libstdc++.so.6: version `GLIBCXX_3.4.26' not found (required by /sfs/qumulo/qhome/xpz5km/.MathWorks/ServiceHost/udc-an33-13c1/v2024.6.0.6/bin/glnxa64/libmwflcertificates.so)
/sfs/qumulo/qhome/xpz5km/.MathWorks/ServiceHost/udc-an33-13c1/v2024.6.0.6/bin/glnxa64/MathWorksServiceHost: /lib64/libstdc++.so.6: version `GLIBCXX_3.4.29' not found (required by /sfs/qumulo/qhome/xpz5km/.MathWorks/ServiceHost/udc-an33-13c1/v2024.6.0.6/bin/glnxa64/libmwflcodesigning_verifier.so)
/sfs/qumulo/qhome/xpz5km/.MathWorks/ServiceHost/udc-an33-13c1/v2024.6.0.6/bin/glnxa64/MathWorksServiceHost: /lib64/libstdc++.so.6: version `CXXABI_1.3.13' not found (required by /sfs/qumulo/qhome/xpz5km/.MathWorks/ServiceHost/udc-an33-13c1/v2024.6.0.6/bin/glnxa64/libmwflnetwork.so)
/sfs/qumulo/qhome/xpz5km/.MathWorks/ServiceHost/udc-an33-13c1/v2024.6.0.6/bin/glnxa64/MathWorksServiceHost: /lib64/libstdc++.so.6: version `GLIBCXX_3.4.29' not found (required by /sfs/qumulo/qhome/xpz5km/.MathWorks/ServiceHost/udc-an33-13c1/v2024.6.0.6/bin/glnxa64/libmwflnetwork.so)
/sfs/qumulo/qhome/xpz5km/.MathWorks/ServiceHost/udc-an33-13c1/v2024.6.0.6/bin/glnxa64/MathWorksServiceHost: /lib64/libstdc++.so.6: version `GLIBCXX_3.4.26' not found (required by /sfs/qumulo/qhome/xpz5km/.MathWorks/ServiceHost/udc-an33-13c1/v2024.6.0.6/bin/glnxa64/libmwflnetwork.so)
/sfs/qumulo/qhome/xpz5km/.MathWorks/ServiceHost/udc-an33-13c1/v2024.6.0.6/bin/glnxa64/MathWorksServiceHost: /lib64/libstdc++.so.6: version `GLIBCXX_3.4.29' not found (required by /sfs/qumulo/qhome/xpz5km/.MathWorks/ServiceHost/udc-an33-13c1/v2024.6.0.6/bin/glnxa64/libmwboost_serialization.so.1.81.0)
/sfs/qumulo/qhome/xpz5km/.MathWorks/ServiceHost/udc-an33-13c1/v2024.6.0.6/bin/glnxa64/MathWorksServiceHost: /lib64/libstdc++.so.6: version `GLIBCXX_3.4.29' not found (required by /sfs/qumulo/qhome/xpz5km/.MathWorks/ServiceHost/udc-an33-13c1/v2024.6.0.6/bin/glnxa64/libmwflcryptoutils.so)
/sfs/qumulo/qhome/xpz5km/.MathWorks/ServiceHost/udc-an33-13c1/v2024.6.0.6/bin/glnxa64/MathWorksServiceHost: /lib64/libstdc++.so.6: version `GLIBCXX_3.4.26' not found (required by /sfs/qumulo/qhome/xpz5km/.MathWorks/ServiceHost/udc-an33-13c1/v2024.6.0.6/bin/glnxa64/libmwflcryptocryptopp.so)
/sfs/qumulo/qhome/xpz5km/.MathWorks/ServiceHost/udc-an33-13c1/v2024.6.0.6/bin/glnxa64/MathWorksServiceHost: /lib64/libstdc++.so.6: version `GLIBCXX_3.4.26' not found (required by /sfs/qumulo/qhome/xpz5km/.MathWorks/ServiceHost/udc-an33-13c1/v2024.6.0.6/bin/glnxa64/libPocoNet.so.94)
/sfs/qumulo/qhome/xpz5km/.MathWorks/ServiceHost/udc-an33-13c1/v2024.6.0.6/bin/glnxa64/MathWorksServiceHost: /lib64/libstdc++.so.6: version `GLIBCXX_3.4.29' not found (required by /sfs/qumulo/qhome/xpz5km/.MathWorks/ServiceHost/udc-an33-13c1/v2024.6.0.6/bin/glnxa64/MathWorksServiceHost)
/sfs/qumulo/qhome/xpz5km/.MathWorks/ServiceHost/udc-an33-13c1/v2024.6.0.6/bin/glnxa64/MathWorksServiceHost: /lib64/libstdc++.so.6: version `GLIBCXX_3.4.30' not found (required by /sfs/qumulo/qhome/xpz5km/.MathWorks/ServiceHost/udc-an33-13c1/v2024.6.0.6/bin/glnxa64/MathWorksServiceHost)
/sfs/qumulo/qhome/xpz5km/.MathWorks/ServiceHost/udc-an33-13c1/v2024.6.0.6/bin/glnxa64/MathWorksServiceHost: /lib64/libstdc++.so.6: version `GLIBCXX_3.4.30' not found (required by /sfs/qumulo/qhome/xpz5km/.MathWorks/ServiceHost/udc-an33-13c1/v2024.6.0.6/bin/glnxa64/libmwagentutils.so)
/sfs/qumulo/qhome/xpz5km/.MathWorks/ServiceHost/udc-an33-13c1/v2024.6.0.6/bin/glnxa64/MathWorksServiceHost: /lib64/libstdc++.so.6: version `GLIBCXX_3.4.29' not found (required by /sfs/qumulo/qhome/xpz5km/.MathWorks/ServiceHost/udc-an33-13c1/v2024.6.0.6/bin/glnxa64/libmwagentutils.so)
/sfs/qumulo/qhome/xpz5km/.MathWorks/ServiceHost/udc-an33-13c1/v2024.6.0.6/bin/glnxa64/MathWorksServiceHost: /lib64/libstdc++.so.6: version `GLIBCXX_3.4.30' not found (required by /sfs/qumulo/qhome/xpz5km/.MathWorks/ServiceHost/udc-an33-13c1/v2024.6.0.6/bin/glnxa64/libmwcppmicroservices.so)
/sfs/qumulo/qhome/xpz5km/.MathWorks/ServiceHost/udc-an33-13c1/v2024.6.0.6/bin/glnxa64/MathWorksServiceHost: /lib64/libstdc++.so.6: version `GLIBCXX_3.4.29' not found (required by /sfs/qumulo/qhome/xpz5km/.MathWorks/ServiceHost/udc-an33-13c1/v2024.6.0.6/bin/glnxa64/libmwcppmicroservices.so)
/sfs/qumulo/qhome/xpz5km/.MathWorks/ServiceHost/udc-an33-13c1/v2024.6.0.6/bin/glnxa64/MathWorksServiceHost: /lib64/libstdc++.so.6: version `CXXABI_1.3.13' not found (required by /sfs/qumulo/qhome/xpz5km/.MathWorks/ServiceHost/udc-an33-13c1/v2024.6.0.6/bin/glnxa64/libmwcppmicroservices.so)
/sfs/qumulo/qhome/xpz5km/.MathWorks/ServiceHost/udc-an33-13c1/v2024.6.0.6/bin/glnxa64/MathWorksServiceHost: /lib64/libstdc++.so.6: version `CXXABI_1.3.13' not found (required by /sfs/qumulo/qhome/xpz5km/.MathWorks/ServiceHost/udc-an33-13c1/v2024.6.0.6/bin/glnxa64/libmwfl.so)
/sfs/qumulo/qhome/xpz5km/.MathWorks/ServiceHost/udc-an33-13c1/v2024.6.0.6/bin/glnxa64/MathWorksServiceHost: /lib64/libstdc++.so.6: version `GLIBCXX_3.4.29' not found (required by /sfs/qumulo/qhome/xpz5km/.MathWorks/ServiceHost/udc-an33-13c1/v2024.6.0.6/bin/glnxa64/libmwfl.so)
/sfs/qumulo/qhome/xpz5km/.MathWorks/ServiceHost/udc-an33-13c1/v2024.6.0.6/bin/glnxa64/MathWorksServiceHost: /lib64/libstdc++.so.6: version `GLIBCXX_3.4.26' not found (required by /sfs/qumulo/qhome/xpz5km/.MathWorks/ServiceHost/udc-an33-13c1/v2024.6.0.6/bin/glnxa64/libmwfl.so)
/sfs/qumulo/qhome/xpz5km/.MathWorks/ServiceHost/udc-an33-13c1/v2024.6.0.6/bin/glnxa64/MathWorksServiceHost: /lib64/libstdc++.so.6: version `GLIBCXX_3.4.26' not found (required by /sfs/qumulo/qhome/xpz5km/.MathWorks/ServiceHost/udc-an33-13c1/v2024.6.0.6/bin/glnxa64/libmwfoundation_filesystem.so)
/sfs/qumulo/qhome/xpz5km/.MathWorks/ServiceHost/udc-an33-13c1/v2024.6.0.6/bin/glnxa64/MathWorksServiceHost: /lib64/libstdc++.so.6: version `GLIBCXX_3.4.29' not found (required by /sfs/qumulo/qhome/xpz5km/.MathWorks/ServiceHost/udc-an33-13c1/v2024.6.0.6/bin/glnxa64/libmwfoundation_filesystem.so)
/sfs/qumulo/qhome/xpz5km/.MathWorks/ServiceHost/udc-an33-13c1/v2024.6.0.6/bin/glnxa64/MathWorksServiceHost: /lib64/libstdc++.so.6: version `GLIBCXX_3.4.29' not found (required by /sfs/qumulo/qhome/xpz5km/.MathWorks/ServiceHost/udc-an33-13c1/v2024.6.0.6/bin/glnxa64/libmwfoundation_usm.so)
/sfs/qumulo/qhome/xpz5km/.MathWorks/ServiceHost/udc-an33-13c1/v2024.6.0.6/bin/glnxa64/MathWorksServiceHost: /lib64/libstdc++.so.6: version `CXXABI_1.3.13' not found (required by /sfs/qumulo/qhome/xpz5km/.MathWorks/ServiceHost/udc-an33-13c1/v2024.6.0.6/bin/glnxa64/libmwi18n.so)
/sfs/qumulo/qhome/xpz5km/.MathWorks/ServiceHost/udc-an33-13c1/v2024.6.0.6/bin/glnxa64/MathWorksServiceHost: /lib64/libstdc++.so.6: version `GLIBCXX_3.4.29' not found (required by /sfs/qumulo/qhome/xpz5km/.MathWorks/ServiceHost/udc-an33-13c1/v2024.6.0.6/bin/glnxa64/libmwi18n.so)
/sfs/qumulo/qhome/xpz5km/.MathWorks/ServiceHost/udc-an33-13c1/v2024.6.0.6/bin/glnxa64/MathWorksServiceHost: /lib64/libstdc++.so.6: version `GLIBCXX_3.4.26' not found (required by /sfs/qumulo/qhome/xpz5km/.MathWorks/ServiceHost/udc-an33-13c1/v2024.6.0.6/bin/glnxa64/libmwi18n.so)
/sfs/qumulo/qhome/xpz5km/.MathWorks/ServiceHost/udc-an33-13c1/v2024.6.0.6/bin/glnxa64/MathWorksServiceHost: /lib64/libstdc++.so.6: version `GLIBCXX_3.4.29' not found (required by /sfs/qumulo/qhome/xpz5km/.MathWorks/ServiceHost/udc-an33-13c1/v2024.6.0.6/bin/glnxa64/libmwcpp11compat.so)
/sfs/qumulo/qhome/xpz5km/.MathWorks/ServiceHost/udc-an33-13c1/v2024.6.0.6/bin/glnxa64/MathWorksServiceHost: /lib64/libstdc++.so.6: version `GLIBCXX_3.4.26' not found (required by /sfs/qumulo/qhome/xpz5km/.MathWorks/ServiceHost/udc-an33-13c1/v2024.6.0.6/bin/glnxa64/libCppMicroServices.so.3.8.1)
/sfs/qumulo/qhome/xpz5km/.MathWorks/ServiceHost/udc-an33-13c1/v2024.6.0.6/bin/glnxa64/MathWorksServiceHost: /lib64/libstdc++.so.6: version `GLIBCXX_3.4.29' not found (required by /sfs/qumulo/qhome/xpz5km/.MathWorks/ServiceHost/udc-an33-13c1/v2024.6.0.6/bin/glnxa64/libmwflurlmanager.so)
/sfs/qumulo/qhome/xpz5km/.MathWorks/ServiceHost/udc-an33-13c1/v2024.6.0.6/bin/glnxa64/MathWorksServiceHost: /lib64/libstdc++.so.6: version `GLIBCXX_3.4.29' not found (required by /sfs/qumulo/qhome/xpz5km/.MathWorks/ServiceHost/udc-an33-13c1/v2024.6.0.6/bin/glnxa64/libmwfoundation_log.so)
/sfs/qumulo/qhome/xpz5km/.MathWorks/ServiceHost/udc-an33-13c1/v2024.6.0.6/bin/glnxa64/MathWorksServiceHost: /lib64/libstdc++.so.6: version `GLIBCXX_3.4.26' not found (required by /sfs/qumulo/qhome/xpz5km/.MathWorks/ServiceHost/udc-an33-13c1/v2024.6.0.6/bin/glnxa64/libmwboost_log.so.1.81.0)
/sfs/qumulo/qhome/xpz5km/.MathWorks/ServiceHost/udc-an33-13c1/v2024.6.0.6/bin/glnxa64/MathWorksServiceHost: /lib64/libstdc++.so.6: version `GLIBCXX_3.4.29' not found (required by /sfs/qumulo/qhome/xpz5km/.MathWorks/ServiceHost/udc-an33-13c1/v2024.6.0.6/bin/glnxa64/libmwboost_log.so.1.81.0)
/sfs/qumulo/qhome/xpz5km/.MathWorks/ServiceHost/udc-an33-13c1/v2024.6.0.6/bin/glnxa64/MathWorksServiceHost: /lib64/libstdc++.so.6: version `CXXABI_1.3.13' not found (required by /sfs/qumulo/qhome/xpz5km/.MathWorks/ServiceHost/udc-an33-13c1/v2024.6.0.6/bin/glnxa64/libmwboost_log.so.1.81.0)
/sfs/qumulo/qhome/xpz5km/.MathWorks/ServiceHost/udc-an33-13c1/v2024.6.0.6/bin/glnxa64/MathWorksServiceHost: /lib64/libstdc++.so.6: version `GLIBCXX_3.4.26' not found (required by /sfs/qumulo/qhome/xpz5km/.MathWorks/ServiceHost/udc-an33-13c1/v2024.6.0.6/bin/glnxa64/libmwboost_thread.so.1.81.0)
/sfs/qumulo/qhome/xpz5km/.MathWorks/ServiceHost/udc-an33-13c1/v2024.6.0.6/bin/glnxa64/MathWorksServiceHost: /lib64/libstdc++.so.6: version `CXXABI_1.3.13' not found (required by /sfs/qumulo/qhome/xpz5km/.MathWorks/ServiceHost/udc-an33-13c1/v2024.6.0.6/bin/glnxa64/libmwfoundation_threadpool.so)
/sfs/qumulo/qhome/xpz5km/.MathWorks/ServiceHost/udc-an33-13c1/v2024.6.0.6/bin/glnxa64/MathWorksServiceHost: /lib64/libstdc++.so.6: version `GLIBCXX_3.4.30' not found (required by /sfs/qumulo/qhome/xpz5km/.MathWorks/ServiceHost/udc-an33-13c1/v2024.6.0.6/bin/glnxa64/libmwfoundation_threadpool.so)
/sfs/qumulo/qhome/xpz5km/.MathWorks/ServiceHost/udc-an33-13c1/v2024.6.0.6/bin/glnxa64/MathWorksServiceHost: /lib64/libstdc++.so.6: version `GLIBCXX_3.4.29' not found (required by /sfs/qumulo/qhome/xpz5km/.MathWorks/ServiceHost/udc-an33-13c1/v2024.6.0.6/bin/glnxa64/libmwfoundation_threadpool.so)
/sfs/qumulo/qhome/xpz5km/.MathWorks/ServiceHost/udc-an33-13c1/v2024.6.0.6/bin/glnxa64/MathWorksServiceHost: /lib64/libstdc++.so.6: version `CXXABI_1.3.13' not found (required by /sfs/qumulo/qhome/xpz5km/.MathWorks/ServiceHost/udc-an33-13c1/v2024.6.0.6/bin/glnxa64/libmwflcertificates.so)
/sfs/qumulo/qhome/xpz5km/.MathWorks/ServiceHost/udc-an33-13c1/v2024.6.0.6/bin/glnxa64/MathWorksServiceHost: /lib64/libstdc++.so.6: version `GLIBCXX_3.4.29' not found (required by /sfs/qumulo/qhome/xpz5km/.MathWorks/ServiceHost/udc-an33-13c1/v2024.6.0.6/bin/glnxa64/libmwflcertificates.so)
/sfs/qumulo/qhome/xpz5km/.MathWorks/ServiceHost/udc-an33-13c1/v2024.6.0.6/bin/glnxa64/MathWorksServiceHost: /lib64/libstdc++.so.6: version `GLIBCXX_3.4.26' not found (required by /sfs/qumulo/qhome/xpz5km/.MathWorks/ServiceHost/udc-an33-13c1/v2024.6.0.6/bin/glnxa64/libmwflcertificates.so)
/sfs/qumulo/qhome/xpz5km/.MathWorks/ServiceHost/udc-an33-13c1/v2024.6.0.6/bin/glnxa64/MathWorksServiceHost: /lib64/libstdc++.so.6: version `GLIBCXX_3.4.29' not found (required by /sfs/qumulo/qhome/xpz5km/.MathWorks/ServiceHost/udc-an33-13c1/v2024.6.0.6/bin/glnxa64/libmwflcodesigning_verifier.so)
/sfs/qumulo/qhome/xpz5km/.MathWorks/ServiceHost/udc-an33-13c1/v2024.6.0.6/bin/glnxa64/MathWorksServiceHost: /lib64/libstdc++.so.6: version `CXXABI_1.3.13' not found (required by /sfs/qumulo/qhome/xpz5km/.MathWorks/ServiceHost/udc-an33-13c1/v2024.6.0.6/bin/glnxa64/libmwflnetwork.so)
/sfs/qumulo/qhome/xpz5km/.MathWorks/ServiceHost/udc-an33-13c1/v2024.6.0.6/bin/glnxa64/MathWorksServiceHost: /lib64/libstdc++.so.6: version `GLIBCXX_3.4.29' not found (required by /sfs/qumulo/qhome/xpz5km/.MathWorks/ServiceHost/udc-an33-13c1/v2024.6.0.6/bin/glnxa64/libmwflnetwork.so)
/sfs/qumulo/qhome/xpz5km/.MathWorks/ServiceHost/udc-an33-13c1/v2024.6.0.6/bin/glnxa64/MathWorksServiceHost: /lib64/libstdc++.so.6: version `GLIBCXX_3.4.26' not found (required by /sfs/qumulo/qhome/xpz5km/.MathWorks/ServiceHost/udc-an33-13c1/v2024.6.0.6/bin/glnxa64/libmwflnetwork.so)
/sfs/qumulo/qhome/xpz5km/.MathWorks/ServiceHost/udc-an33-13c1/v2024.6.0.6/bin/glnxa64/MathWorksServiceHost: /lib64/libstdc++.so.6: version `GLIBCXX_3.4.29' not found (required by /sfs/qumulo/qhome/xpz5km/.MathWorks/ServiceHost/udc-an33-13c1/v2024.6.0.6/bin/glnxa64/libmwboost_serialization.so.1.81.0)
/sfs/qumulo/qhome/xpz5km/.MathWorks/ServiceHost/udc-an33-13c1/v2024.6.0.6/bin/glnxa64/MathWorksServiceHost: /lib64/libstdc++.so.6: version `GLIBCXX_3.4.29' not found (required by /sfs/qumulo/qhome/xpz5km/.MathWorks/ServiceHost/udc-an33-13c1/v2024.6.0.6/bin/glnxa64/libmwflcryptoutils.so)
/sfs/qumulo/qhome/xpz5km/.MathWorks/ServiceHost/udc-an33-13c1/v2024.6.0.6/bin/glnxa64/MathWorksServiceHost: /lib64/libstdc++.so.6: version `GLIBCXX_3.4.26' not found (required by /sfs/qumulo/qhome/xpz5km/.MathWorks/ServiceHost/udc-an33-13c1/v2024.6.0.6/bin/glnxa64/libmwflcryptocryptopp.so)
/sfs/qumulo/qhome/xpz5km/.MathWorks/ServiceHost/udc-an33-13c1/v2024.6.0.6/bin/glnxa64/MathWorksServiceHost: /lib64/libstdc++.so.6: version `GLIBCXX_3.4.26' not found (required by /sfs/qumulo/qhome/xpz5km/.MathWorks/ServiceHost/udc-an33-13c1/v2024.6.0.6/bin/glnxa64/libPocoNet.so.94)
/sfs/qumulo/qhome/xpz5km/.MathWorks/ServiceHost/udc-an33-13c1/v2024.6.0.6/bin/glnxa64/MathWorksServiceHost: /lib64/libstdc++.so.6: version `GLIBCXX_3.4.29' not found (required by /sfs/qumulo/qhome/xpz5km/.MathWorks/ServiceHost/udc-an33-13c1/v2024.6.0.6/bin/glnxa64/MathWorksServiceHost)
/sfs/qumulo/qhome/xpz5km/.MathWorks/ServiceHost/udc-an33-13c1/v2024.6.0.6/bin/glnxa64/MathWorksServiceHost: /lib64/libstdc++.so.6: version `GLIBCXX_3.4.30' not found (required by /sfs/qumulo/qhome/xpz5km/.MathWorks/ServiceHost/udc-an33-13c1/v2024.6.0.6/bin/glnxa64/MathWorksServiceHost)
/sfs/qumulo/qhome/xpz5km/.MathWorks/ServiceHost/udc-an33-13c1/v2024.6.0.6/bin/glnxa64/MathWorksServiceHost: /lib64/libstdc++.so.6: version `GLIBCXX_3.4.30' not found (required by /sfs/qumulo/qhome/xpz5km/.MathWorks/ServiceHost/udc-an33-13c1/v2024.6.0.6/bin/glnxa64/libmwagentutils.so)
/sfs/qumulo/qhome/xpz5km/.MathWorks/ServiceHost/udc-an33-13c1/v2024.6.0.6/bin/glnxa64/MathWorksServiceHost: /lib64/libstdc++.so.6: version `GLIBCXX_3.4.29' not found (required by /sfs/qumulo/qhome/xpz5km/.MathWorks/ServiceHost/udc-an33-13c1/v2024.6.0.6/bin/glnxa64/libmwagentutils.so)
/sfs/qumulo/qhome/xpz5km/.MathWorks/ServiceHost/udc-an33-13c1/v2024.6.0.6/bin/glnxa64/MathWorksServiceHost: /lib64/libstdc++.so.6: version `GLIBCXX_3.4.30' not found (required by /sfs/qumulo/qhome/xpz5km/.MathWorks/ServiceHost/udc-an33-13c1/v2024.6.0.6/bin/glnxa64/libmwcppmicroservices.so)
/sfs/qumulo/qhome/xpz5km/.MathWorks/ServiceHost/udc-an33-13c1/v2024.6.0.6/bin/glnxa64/MathWorksServiceHost: /lib64/libstdc++.so.6: version `GLIBCXX_3.4.29' not found (required by /sfs/qumulo/qhome/xpz5km/.MathWorks/ServiceHost/udc-an33-13c1/v2024.6.0.6/bin/glnxa64/libmwcppmicroservices.so)
/sfs/qumulo/qhome/xpz5km/.MathWorks/ServiceHost/udc-an33-13c1/v2024.6.0.6/bin/glnxa64/MathWorksServiceHost: /lib64/libstdc++.so.6: version `CXXABI_1.3.13' not found (required by /sfs/qumulo/qhome/xpz5km/.MathWorks/ServiceHost/udc-an33-13c1/v2024.6.0.6/bin/glnxa64/libmwcppmicroservices.so)
/sfs/qumulo/qhome/xpz5km/.MathWorks/ServiceHost/udc-an33-13c1/v2024.6.0.6/bin/glnxa64/MathWorksServiceHost: /lib64/libstdc++.so.6: version `CXXABI_1.3.13' not found (required by /sfs/qumulo/qhome/xpz5km/.MathWorks/ServiceHost/udc-an33-13c1/v2024.6.0.6/bin/glnxa64/libmwfl.so)
/sfs/qumulo/qhome/xpz5km/.MathWorks/ServiceHost/udc-an33-13c1/v2024.6.0.6/bin/glnxa64/MathWorksServiceHost: /lib64/libstdc++.so.6: version `GLIBCXX_3.4.29' not found (required by /sfs/qumulo/qhome/xpz5km/.MathWorks/ServiceHost/udc-an33-13c1/v2024.6.0.6/bin/glnxa64/libmwfl.so)
/sfs/qumulo/qhome/xpz5km/.MathWorks/ServiceHost/udc-an33-13c1/v2024.6.0.6/bin/glnxa64/MathWorksServiceHost: /lib64/libstdc++.so.6: version `GLIBCXX_3.4.26' not found (required by /sfs/qumulo/qhome/xpz5km/.MathWorks/ServiceHost/udc-an33-13c1/v2024.6.0.6/bin/glnxa64/libmwfl.so)
/sfs/qumulo/qhome/xpz5km/.MathWorks/ServiceHost/udc-an33-13c1/v2024.6.0.6/bin/glnxa64/MathWorksServiceHost: /lib64/libstdc++.so.6: version `GLIBCXX_3.4.26' not found (required by /sfs/qumulo/qhome/xpz5km/.MathWorks/ServiceHost/udc-an33-13c1/v2024.6.0.6/bin/glnxa64/libmwfoundation_filesystem.so)
/sfs/qumulo/qhome/xpz5km/.MathWorks/ServiceHost/udc-an33-13c1/v2024.6.0.6/bin/glnxa64/MathWorksServiceHost: /lib64/libstdc++.so.6: version `GLIBCXX_3.4.29' not found (required by /sfs/qumulo/qhome/xpz5km/.MathWorks/ServiceHost/udc-an33-13c1/v2024.6.0.6/bin/glnxa64/libmwfoundation_filesystem.so)
/sfs/qumulo/qhome/xpz5km/.MathWorks/ServiceHost/udc-an33-13c1/v2024.6.0.6/bin/glnxa64/MathWorksServiceHost: /lib64/libstdc++.so.6: version `GLIBCXX_3.4.29' not found (required by /sfs/qumulo/qhome/xpz5km/.MathWorks/ServiceHost/udc-an33-13c1/v2024.6.0.6/bin/glnxa64/libmwfoundation_usm.so)
/sfs/qumulo/qhome/xpz5km/.MathWorks/ServiceHost/udc-an33-13c1/v2024.6.0.6/bin/glnxa64/MathWorksServiceHost: /lib64/libstdc++.so.6: version `CXXABI_1.3.13' not found (required by /sfs/qumulo/qhome/xpz5km/.MathWorks/ServiceHost/udc-an33-13c1/v2024.6.0.6/bin/glnxa64/libmwi18n.so)
/sfs/qumulo/qhome/xpz5km/.MathWorks/ServiceHost/udc-an33-13c1/v2024.6.0.6/bin/glnxa64/MathWorksServiceHost: /lib64/libstdc++.so.6: version `GLIBCXX_3.4.29' not found (required by /sfs/qumulo/qhome/xpz5km/.MathWorks/ServiceHost/udc-an33-13c1/v2024.6.0.6/bin/glnxa64/libmwi18n.so)
/sfs/qumulo/qhome/xpz5km/.MathWorks/ServiceHost/udc-an33-13c1/v2024.6.0.6/bin/glnxa64/MathWorksServiceHost: /lib64/libstdc++.so.6: version `GLIBCXX_3.4.26' not found (required by /sfs/qumulo/qhome/xpz5km/.MathWorks/ServiceHost/udc-an33-13c1/v2024.6.0.6/bin/glnxa64/libmwi18n.so)
/sfs/qumulo/qhome/xpz5km/.MathWorks/ServiceHost/udc-an33-13c1/v2024.6.0.6/bin/glnxa64/MathWorksServiceHost: /lib64/libstdc++.so.6: version `GLIBCXX_3.4.29' not found (required by /sfs/qumulo/qhome/xpz5km/.MathWorks/ServiceHost/udc-an33-13c1/v2024.6.0.6/bin/glnxa64/libmwcpp11compat.so)
/sfs/qumulo/qhome/xpz5km/.MathWorks/ServiceHost/udc-an33-13c1/v2024.6.0.6/bin/glnxa64/MathWorksServiceHost: /lib64/libstdc++.so.6: version `GLIBCXX_3.4.26' not found (required by /sfs/qumulo/qhome/xpz5km/.MathWorks/ServiceHost/udc-an33-13c1/v2024.6.0.6/bin/glnxa64/libCppMicroServices.so.3.8.1)
/sfs/qumulo/qhome/xpz5km/.MathWorks/ServiceHost/udc-an33-13c1/v2024.6.0.6/bin/glnxa64/MathWorksServiceHost: /lib64/libstdc++.so.6: version `GLIBCXX_3.4.29' not found (required by /sfs/qumulo/qhome/xpz5km/.MathWorks/ServiceHost/udc-an33-13c1/v2024.6.0.6/bin/glnxa64/libmwflurlmanager.so)
/sfs/qumulo/qhome/xpz5km/.MathWorks/ServiceHost/udc-an33-13c1/v2024.6.0.6/bin/glnxa64/MathWorksServiceHost: /lib64/libstdc++.so.6: version `GLIBCXX_3.4.29' not found (required by /sfs/qumulo/qhome/xpz5km/.MathWorks/ServiceHost/udc-an33-13c1/v2024.6.0.6/bin/glnxa64/libmwfoundation_log.so)
/sfs/qumulo/qhome/xpz5km/.MathWorks/ServiceHost/udc-an33-13c1/v2024.6.0.6/bin/glnxa64/MathWorksServiceHost: /lib64/libstdc++.so.6: version `GLIBCXX_3.4.26' not found (required by /sfs/qumulo/qhome/xpz5km/.MathWorks/ServiceHost/udc-an33-13c1/v2024.6.0.6/bin/glnxa64/libmwboost_log.so.1.81.0)
/sfs/qumulo/qhome/xpz5km/.MathWorks/ServiceHost/udc-an33-13c1/v2024.6.0.6/bin/glnxa64/MathWorksServiceHost: /lib64/libstdc++.so.6: version `GLIBCXX_3.4.29' not found (required by /sfs/qumulo/qhome/xpz5km/.MathWorks/ServiceHost/udc-an33-13c1/v2024.6.0.6/bin/glnxa64/libmwboost_log.so.1.81.0)
/sfs/qumulo/qhome/xpz5km/.MathWorks/ServiceHost/udc-an33-13c1/v2024.6.0.6/bin/glnxa64/MathWorksServiceHost: /lib64/libstdc++.so.6: version `CXXABI_1.3.13' not found (required by /sfs/qumulo/qhome/xpz5km/.MathWorks/ServiceHost/udc-an33-13c1/v2024.6.0.6/bin/glnxa64/libmwboost_log.so.1.81.0)
/sfs/qumulo/qhome/xpz5km/.MathWorks/ServiceHost/udc-an33-13c1/v2024.6.0.6/bin/glnxa64/MathWorksServiceHost: /lib64/libstdc++.so.6: version `GLIBCXX_3.4.26' not found (required by /sfs/qumulo/qhome/xpz5km/.MathWorks/ServiceHost/udc-an33-13c1/v2024.6.0.6/bin/glnxa64/libmwboost_thread.so.1.81.0)
/sfs/qumulo/qhome/xpz5km/.MathWorks/ServiceHost/udc-an33-13c1/v2024.6.0.6/bin/glnxa64/MathWorksServiceHost: /lib64/libstdc++.so.6: version `CXXABI_1.3.13' not found (required by /sfs/qumulo/qhome/xpz5km/.MathWorks/ServiceHost/udc-an33-13c1/v2024.6.0.6/bin/glnxa64/libmwfoundation_threadpool.so)
/sfs/qumulo/qhome/xpz5km/.MathWorks/ServiceHost/udc-an33-13c1/v2024.6.0.6/bin/glnxa64/MathWorksServiceHost: /lib64/libstdc++.so.6: version `GLIBCXX_3.4.30' not found (required by /sfs/qumulo/qhome/xpz5km/.MathWorks/ServiceHost/udc-an33-13c1/v2024.6.0.6/bin/glnxa64/libmwfoundation_threadpool.so)
/sfs/qumulo/qhome/xpz5km/.MathWorks/ServiceHost/udc-an33-13c1/v2024.6.0.6/bin/glnxa64/MathWorksServiceHost: /lib64/libstdc++.so.6: version `GLIBCXX_3.4.29' not found (required by /sfs/qumulo/qhome/xpz5km/.MathWorks/ServiceHost/udc-an33-13c1/v2024.6.0.6/bin/glnxa64/libmwfoundation_threadpool.so)
/sfs/qumulo/qhome/xpz5km/.MathWorks/ServiceHost/udc-an33-13c1/v2024.6.0.6/bin/glnxa64/MathWorksServiceHost: /lib64/libstdc++.so.6: version `CXXABI_1.3.13' not found (required by /sfs/qumulo/qhome/xpz5km/.MathWorks/ServiceHost/udc-an33-13c1/v2024.6.0.6/bin/glnxa64/libmwflcertificates.so)
/sfs/qumulo/qhome/xpz5km/.MathWorks/ServiceHost/udc-an33-13c1/v2024.6.0.6/bin/glnxa64/MathWorksServiceHost: /lib64/libstdc++.so.6: version `GLIBCXX_3.4.29' not found (required by /sfs/qumulo/qhome/xpz5km/.MathWorks/ServiceHost/udc-an33-13c1/v2024.6.0.6/bin/glnxa64/libmwflcertificates.so)
/sfs/qumulo/qhome/xpz5km/.MathWorks/ServiceHost/udc-an33-13c1/v2024.6.0.6/bin/glnxa64/MathWorksServiceHost: /lib64/libstdc++.so.6: version `GLIBCXX_3.4.26' not found (required by /sfs/qumulo/qhome/xpz5km/.MathWorks/ServiceHost/udc-an33-13c1/v2024.6.0.6/bin/glnxa64/libmwflcertificates.so)
/sfs/qumulo/qhome/xpz5km/.MathWorks/ServiceHost/udc-an33-13c1/v2024.6.0.6/bin/glnxa64/MathWorksServiceHost: /lib64/libstdc++.so.6: version `GLIBCXX_3.4.29' not found (required by /sfs/qumulo/qhome/xpz5km/.MathWorks/ServiceHost/udc-an33-13c1/v2024.6.0.6/bin/glnxa64/libmwflcodesigning_verifier.so)
/sfs/qumulo/qhome/xpz5km/.MathWorks/ServiceHost/udc-an33-13c1/v2024.6.0.6/bin/glnxa64/MathWorksServiceHost: /lib64/libstdc++.so.6: version `CXXABI_1.3.13' not found (required by /sfs/qumulo/qhome/xpz5km/.MathWorks/ServiceHost/udc-an33-13c1/v2024.6.0.6/bin/glnxa64/libmwflnetwork.so)
/sfs/qumulo/qhome/xpz5km/.MathWorks/ServiceHost/udc-an33-13c1/v2024.6.0.6/bin/glnxa64/MathWorksServiceHost: /lib64/libstdc++.so.6: version `GLIBCXX_3.4.29' not found (required by /sfs/qumulo/qhome/xpz5km/.MathWorks/ServiceHost/udc-an33-13c1/v2024.6.0.6/bin/glnxa64/libmwflnetwork.so)
/sfs/qumulo/qhome/xpz5km/.MathWorks/ServiceHost/udc-an33-13c1/v2024.6.0.6/bin/glnxa64/MathWorksServiceHost: /lib64/libstdc++.so.6: version `GLIBCXX_3.4.26' not found (required by /sfs/qumulo/qhome/xpz5km/.MathWorks/ServiceHost/udc-an33-13c1/v2024.6.0.6/bin/glnxa64/libmwflnetwork.so)
/sfs/qumulo/qhome/xpz5km/.MathWorks/ServiceHost/udc-an33-13c1/v2024.6.0.6/bin/glnxa64/MathWorksServiceHost: /lib64/libstdc++.so.6: version `GLIBCXX_3.4.29' not found (required by /sfs/qumulo/qhome/xpz5km/.MathWorks/ServiceHost/udc-an33-13c1/v2024.6.0.6/bin/glnxa64/libmwboost_serialization.so.1.81.0)
/sfs/qumulo/qhome/xpz5km/.MathWorks/ServiceHost/udc-an33-13c1/v2024.6.0.6/bin/glnxa64/MathWorksServiceHost: /lib64/libstdc++.so.6: version `GLIBCXX_3.4.29' not found (required by /sfs/qumulo/qhome/xpz5km/.MathWorks/ServiceHost/udc-an33-13c1/v2024.6.0.6/bin/glnxa64/libmwflcryptoutils.so)
/sfs/qumulo/qhome/xpz5km/.MathWorks/ServiceHost/udc-an33-13c1/v2024.6.0.6/bin/glnxa64/MathWorksServiceHost: /lib64/libstdc++.so.6: version `GLIBCXX_3.4.26' not found (required by /sfs/qumulo/qhome/xpz5km/.MathWorks/ServiceHost/udc-an33-13c1/v2024.6.0.6/bin/glnxa64/libmwflcryptocryptopp.so)
/sfs/qumulo/qhome/xpz5km/.MathWorks/ServiceHost/udc-an33-13c1/v2024.6.0.6/bin/glnxa64/MathWorksServiceHost: /lib64/libstdc++.so.6: version `GLIBCXX_3.4.26' not found (required by /sfs/qumulo/qhome/xpz5km/.MathWorks/ServiceHost/udc-an33-13c1/v2024.6.0.6/bin/glnxa64/libPocoNet.so.94)
/sfs/qumulo/qhome/xpz5km/.MathWorks/ServiceHost/udc-an33-13c1/v2024.6.0.6/bin/glnxa64/MathWorksServiceHost: /lib64/libstdc++.so.6: version `GLIBCXX_3.4.29' not found (required by /sfs/qumulo/qhome/xpz5km/.MathWorks/ServiceHost/udc-an33-13c1/v2024.6.0.6/bin/glnxa64/MathWorksServiceHost)
/sfs/qumulo/qhome/xpz5km/.MathWorks/ServiceHost/udc-an33-13c1/v2024.6.0.6/bin/glnxa64/MathWorksServiceHost: /lib64/libstdc++.so.6: version `GLIBCXX_3.4.30' not found (required by /sfs/qumulo/qhome/xpz5km/.MathWorks/ServiceHost/udc-an33-13c1/v2024.6.0.6/bin/glnxa64/MathWorksServiceHost)
/sfs/qumulo/qhome/xpz5km/.MathWorks/ServiceHost/udc-an33-13c1/v2024.6.0.6/bin/glnxa64/MathWorksServiceHost: /lib64/libstdc++.so.6: version `GLIBCXX_3.4.30' not found (required by /sfs/qumulo/qhome/xpz5km/.MathWorks/ServiceHost/udc-an33-13c1/v2024.6.0.6/bin/glnxa64/libmwagentutils.so)
/sfs/qumulo/qhome/xpz5km/.MathWorks/ServiceHost/udc-an33-13c1/v2024.6.0.6/bin/glnxa64/MathWorksServiceHost: /lib64/libstdc++.so.6: version `GLIBCXX_3.4.29' not found (required by /sfs/qumulo/qhome/xpz5km/.MathWorks/ServiceHost/udc-an33-13c1/v2024.6.0.6/bin/glnxa64/libmwagentutils.so)
/sfs/qumulo/qhome/xpz5km/.MathWorks/ServiceHost/udc-an33-13c1/v2024.6.0.6/bin/glnxa64/MathWorksServiceHost: /lib64/libstdc++.so.6: version `GLIBCXX_3.4.30' not found (required by /sfs/qumulo/qhome/xpz5km/.MathWorks/ServiceHost/udc-an33-13c1/v2024.6.0.6/bin/glnxa64/libmwcppmicroservices.so)
/sfs/qumulo/qhome/xpz5km/.MathWorks/ServiceHost/udc-an33-13c1/v2024.6.0.6/bin/glnxa64/MathWorksServiceHost: /lib64/libstdc++.so.6: version `GLIBCXX_3.4.29' not found (required by /sfs/qumulo/qhome/xpz5km/.MathWorks/ServiceHost/udc-an33-13c1/v2024.6.0.6/bin/glnxa64/libmwcppmicroservices.so)
/sfs/qumulo/qhome/xpz5km/.MathWorks/ServiceHost/udc-an33-13c1/v2024.6.0.6/bin/glnxa64/MathWorksServiceHost: /lib64/libstdc++.so.6: version `CXXABI_1.3.13' not found (required by /sfs/qumulo/qhome/xpz5km/.MathWorks/ServiceHost/udc-an33-13c1/v2024.6.0.6/bin/glnxa64/libmwcppmicroservices.so)
/sfs/qumulo/qhome/xpz5km/.MathWorks/ServiceHost/udc-an33-13c1/v2024.6.0.6/bin/glnxa64/MathWorksServiceHost: /lib64/libstdc++.so.6: version `CXXABI_1.3.13' not found (required by /sfs/qumulo/qhome/xpz5km/.MathWorks/ServiceHost/udc-an33-13c1/v2024.6.0.6/bin/glnxa64/libmwfl.so)
/sfs/qumulo/qhome/xpz5km/.MathWorks/ServiceHost/udc-an33-13c1/v2024.6.0.6/bin/glnxa64/MathWorksServiceHost: /lib64/libstdc++.so.6: version `GLIBCXX_3.4.29' not found (required by /sfs/qumulo/qhome/xpz5km/.MathWorks/ServiceHost/udc-an33-13c1/v2024.6.0.6/bin/glnxa64/libmwfl.so)
/sfs/qumulo/qhome/xpz5km/.MathWorks/ServiceHost/udc-an33-13c1/v2024.6.0.6/bin/glnxa64/MathWorksServiceHost: /lib64/libstdc++.so.6: version `GLIBCXX_3.4.26' not found (required by /sfs/qumulo/qhome/xpz5km/.MathWorks/ServiceHost/udc-an33-13c1/v2024.6.0.6/bin/glnxa64/libmwfl.so)
/sfs/qumulo/qhome/xpz5km/.MathWorks/ServiceHost/udc-an33-13c1/v2024.6.0.6/bin/glnxa64/MathWorksServiceHost: /lib64/libstdc++.so.6: version `GLIBCXX_3.4.26' not found (required by /sfs/qumulo/qhome/xpz5km/.MathWorks/ServiceHost/udc-an33-13c1/v2024.6.0.6/bin/glnxa64/libmwfoundation_filesystem.so)
/sfs/qumulo/qhome/xpz5km/.MathWorks/ServiceHost/udc-an33-13c1/v2024.6.0.6/bin/glnxa64/MathWorksServiceHost: /lib64/libstdc++.so.6: version `GLIBCXX_3.4.29' not found (required by /sfs/qumulo/qhome/xpz5km/.MathWorks/ServiceHost/udc-an33-13c1/v2024.6.0.6/bin/glnxa64/libmwfoundation_filesystem.so)
/sfs/qumulo/qhome/xpz5km/.MathWorks/ServiceHost/udc-an33-13c1/v2024.6.0.6/bin/glnxa64/MathWorksServiceHost: /lib64/libstdc++.so.6: version `GLIBCXX_3.4.29' not found (required by /sfs/qumulo/qhome/xpz5km/.MathWorks/ServiceHost/udc-an33-13c1/v2024.6.0.6/bin/glnxa64/libmwfoundation_usm.so)
/sfs/qumulo/qhome/xpz5km/.MathWorks/ServiceHost/udc-an33-13c1/v2024.6.0.6/bin/glnxa64/MathWorksServiceHost: /lib64/libstdc++.so.6: version `CXXABI_1.3.13' not found (required by /sfs/qumulo/qhome/xpz5km/.MathWorks/ServiceHost/udc-an33-13c1/v2024.6.0.6/bin/glnxa64/libmwi18n.so)
/sfs/qumulo/qhome/xpz5km/.MathWorks/ServiceHost/udc-an33-13c1/v2024.6.0.6/bin/glnxa64/MathWorksServiceHost: /lib64/libstdc++.so.6: version `GLIBCXX_3.4.29' not found (required by /sfs/qumulo/qhome/xpz5km/.MathWorks/ServiceHost/udc-an33-13c1/v2024.6.0.6/bin/glnxa64/libmwi18n.so)
/sfs/qumulo/qhome/xpz5km/.MathWorks/ServiceHost/udc-an33-13c1/v2024.6.0.6/bin/glnxa64/MathWorksServiceHost: /lib64/libstdc++.so.6: version `GLIBCXX_3.4.26' not found (required by /sfs/qumulo/qhome/xpz5km/.MathWorks/ServiceHost/udc-an33-13c1/v2024.6.0.6/bin/glnxa64/libmwi18n.so)
/sfs/qumulo/qhome/xpz5km/.MathWorks/ServiceHost/udc-an33-13c1/v2024.6.0.6/bin/glnxa64/MathWorksServiceHost: /lib64/libstdc++.so.6: version `GLIBCXX_3.4.29' not found (required by /sfs/qumulo/qhome/xpz5km/.MathWorks/ServiceHost/udc-an33-13c1/v2024.6.0.6/bin/glnxa64/libmwcpp11compat.so)
/sfs/qumulo/qhome/xpz5km/.MathWorks/ServiceHost/udc-an33-13c1/v2024.6.0.6/bin/glnxa64/MathWorksServiceHost: /lib64/libstdc++.so.6: version `GLIBCXX_3.4.26' not found (required by /sfs/qumulo/qhome/xpz5km/.MathWorks/ServiceHost/udc-an33-13c1/v2024.6.0.6/bin/glnxa64/libCppMicroServices.so.3.8.1)
/sfs/qumulo/qhome/xpz5km/.MathWorks/ServiceHost/udc-an33-13c1/v2024.6.0.6/bin/glnxa64/MathWorksServiceHost: /lib64/libstdc++.so.6: version `GLIBCXX_3.4.29' not found (required by /sfs/qumulo/qhome/xpz5km/.MathWorks/ServiceHost/udc-an33-13c1/v2024.6.0.6/bin/glnxa64/libmwflurlmanager.so)
/sfs/qumulo/qhome/xpz5km/.MathWorks/ServiceHost/udc-an33-13c1/v2024.6.0.6/bin/glnxa64/MathWorksServiceHost: /lib64/libstdc++.so.6: version `GLIBCXX_3.4.29' not found (required by /sfs/qumulo/qhome/xpz5km/.MathWorks/ServiceHost/udc-an33-13c1/v2024.6.0.6/bin/glnxa64/libmwfoundation_log.so)
/sfs/qumulo/qhome/xpz5km/.MathWorks/ServiceHost/udc-an33-13c1/v2024.6.0.6/bin/glnxa64/MathWorksServiceHost: /lib64/libstdc++.so.6: version `GLIBCXX_3.4.26' not found (required by /sfs/qumulo/qhome/xpz5km/.MathWorks/ServiceHost/udc-an33-13c1/v2024.6.0.6/bin/glnxa64/libmwboost_log.so.1.81.0)
/sfs/qumulo/qhome/xpz5km/.MathWorks/ServiceHost/udc-an33-13c1/v2024.6.0.6/bin/glnxa64/MathWorksServiceHost: /lib64/libstdc++.so.6: version `GLIBCXX_3.4.29' not found (required by /sfs/qumulo/qhome/xpz5km/.MathWorks/ServiceHost/udc-an33-13c1/v2024.6.0.6/bin/glnxa64/libmwboost_log.so.1.81.0)
/sfs/qumulo/qhome/xpz5km/.MathWorks/ServiceHost/udc-an33-13c1/v2024.6.0.6/bin/glnxa64/MathWorksServiceHost: /lib64/libstdc++.so.6: version `CXXABI_1.3.13' not found (required by /sfs/qumulo/qhome/xpz5km/.MathWorks/ServiceHost/udc-an33-13c1/v2024.6.0.6/bin/glnxa64/libmwboost_log.so.1.81.0)
/sfs/qumulo/qhome/xpz5km/.MathWorks/ServiceHost/udc-an33-13c1/v2024.6.0.6/bin/glnxa64/MathWorksServiceHost: /lib64/libstdc++.so.6: version `GLIBCXX_3.4.26' not found (required by /sfs/qumulo/qhome/xpz5km/.MathWorks/ServiceHost/udc-an33-13c1/v2024.6.0.6/bin/glnxa64/libmwboost_thread.so.1.81.0)
/sfs/qumulo/qhome/xpz5km/.MathWorks/ServiceHost/udc-an33-13c1/v2024.6.0.6/bin/glnxa64/MathWorksServiceHost: /lib64/libstdc++.so.6: version `CXXABI_1.3.13' not found (required by /sfs/qumulo/qhome/xpz5km/.MathWorks/ServiceHost/udc-an33-13c1/v2024.6.0.6/bin/glnxa64/libmwfoundation_threadpool.so)
/sfs/qumulo/qhome/xpz5km/.MathWorks/ServiceHost/udc-an33-13c1/v2024.6.0.6/bin/glnxa64/MathWorksServiceHost: /lib64/libstdc++.so.6: version `GLIBCXX_3.4.30' not found (required by /sfs/qumulo/qhome/xpz5km/.MathWorks/ServiceHost/udc-an33-13c1/v2024.6.0.6/bin/glnxa64/libmwfoundation_threadpool.so)
/sfs/qumulo/qhome/xpz5km/.MathWorks/ServiceHost/udc-an33-13c1/v2024.6.0.6/bin/glnxa64/MathWorksServiceHost: /lib64/libstdc++.so.6: version `GLIBCXX_3.4.29' not found (required by /sfs/qumulo/qhome/xpz5km/.MathWorks/ServiceHost/udc-an33-13c1/v2024.6.0.6/bin/glnxa64/libmwfoundation_threadpool.so)
/sfs/qumulo/qhome/xpz5km/.MathWorks/ServiceHost/udc-an33-13c1/v2024.6.0.6/bin/glnxa64/MathWorksServiceHost: /lib64/libstdc++.so.6: version `CXXABI_1.3.13' not found (required by /sfs/qumulo/qhome/xpz5km/.MathWorks/ServiceHost/udc-an33-13c1/v2024.6.0.6/bin/glnxa64/libmwflcertificates.so)
/sfs/qumulo/qhome/xpz5km/.MathWorks/ServiceHost/udc-an33-13c1/v2024.6.0.6/bin/glnxa64/MathWorksServiceHost: /lib64/libstdc++.so.6: version `GLIBCXX_3.4.29' not found (required by /sfs/qumulo/qhome/xpz5km/.MathWorks/ServiceHost/udc-an33-13c1/v2024.6.0.6/bin/glnxa64/libmwflcertificates.so)
/sfs/qumulo/qhome/xpz5km/.MathWorks/ServiceHost/udc-an33-13c1/v2024.6.0.6/bin/glnxa64/MathWorksServiceHost: /lib64/libstdc++.so.6: version `GLIBCXX_3.4.26' not found (required by /sfs/qumulo/qhome/xpz5km/.MathWorks/ServiceHost/udc-an33-13c1/v2024.6.0.6/bin/glnxa64/libmwflcertificates.so)
/sfs/qumulo/qhome/xpz5km/.MathWorks/ServiceHost/udc-an33-13c1/v2024.6.0.6/bin/glnxa64/MathWorksServiceHost: /lib64/libstdc++.so.6: version `GLIBCXX_3.4.29' not found (required by /sfs/qumulo/qhome/xpz5km/.MathWorks/ServiceHost/udc-an33-13c1/v2024.6.0.6/bin/glnxa64/libmwflcodesigning_verifier.so)
/sfs/qumulo/qhome/xpz5km/.MathWorks/ServiceHost/udc-an33-13c1/v2024.6.0.6/bin/glnxa64/MathWorksServiceHost: /lib64/libstdc++.so.6: version `CXXABI_1.3.13' not found (required by /sfs/qumulo/qhome/xpz5km/.MathWorks/ServiceHost/udc-an33-13c1/v2024.6.0.6/bin/glnxa64/libmwflnetwork.so)
/sfs/qumulo/qhome/xpz5km/.MathWorks/ServiceHost/udc-an33-13c1/v2024.6.0.6/bin/glnxa64/MathWorksServiceHost: /lib64/libstdc++.so.6: version `GLIBCXX_3.4.29' not found (required by /sfs/qumulo/qhome/xpz5km/.MathWorks/ServiceHost/udc-an33-13c1/v2024.6.0.6/bin/glnxa64/libmwflnetwork.so)
/sfs/qumulo/qhome/xpz5km/.MathWorks/ServiceHost/udc-an33-13c1/v2024.6.0.6/bin/glnxa64/MathWorksServiceHost: /lib64/libstdc++.so.6: version `GLIBCXX_3.4.26' not found (required by /sfs/qumulo/qhome/xpz5km/.MathWorks/ServiceHost/udc-an33-13c1/v2024.6.0.6/bin/glnxa64/libmwflnetwork.so)
/sfs/qumulo/qhome/xpz5km/.MathWorks/ServiceHost/udc-an33-13c1/v2024.6.0.6/bin/glnxa64/MathWorksServiceHost: /lib64/libstdc++.so.6: version `GLIBCXX_3.4.29' not found (required by /sfs/qumulo/qhome/xpz5km/.MathWorks/ServiceHost/udc-an33-13c1/v2024.6.0.6/bin/glnxa64/libmwboost_serialization.so.1.81.0)
/sfs/qumulo/qhome/xpz5km/.MathWorks/ServiceHost/udc-an33-13c1/v2024.6.0.6/bin/glnxa64/MathWorksServiceHost: /lib64/libstdc++.so.6: version `GLIBCXX_3.4.29' not found (required by /sfs/qumulo/qhome/xpz5km/.MathWorks/ServiceHost/udc-an33-13c1/v2024.6.0.6/bin/glnxa64/libmwflcryptoutils.so)
/sfs/qumulo/qhome/xpz5km/.MathWorks/ServiceHost/udc-an33-13c1/v2024.6.0.6/bin/glnxa64/MathWorksServiceHost: /lib64/libstdc++.so.6: version `GLIBCXX_3.4.26' not found (required by /sfs/qumulo/qhome/xpz5km/.MathWorks/ServiceHost/udc-an33-13c1/v2024.6.0.6/bin/glnxa64/libmwflcryptocryptopp.so)
/sfs/qumulo/qhome/xpz5km/.MathWorks/ServiceHost/udc-an33-13c1/v2024.6.0.6/bin/glnxa64/MathWorksServiceHost: /lib64/libstdc++.so.6: version `GLIBCXX_3.4.26' not found (required by /sfs/qumulo/qhome/xpz5km/.MathWorks/ServiceHost/udc-an33-13c1/v2024.6.0.6/bin/glnxa64/libPocoNet.so.94)
slurmstepd: error: *** JOB 62097265 ON udc-an33-13c1 CANCELLED AT 2024-06-21T09:38:52 ***
