Fri Jun 21 09:28:22 EDT 2024
0.05 8 10 -0.2
LOADED MATLAB
0.05
8
-0.2
An unexpected error has occurred.
To resolve this issue, contact <a href="https://www.mathworks.com/pi_gene_mci_glnxa64">Technical Support</a>.

                            < M A T L A B (R) >
                  Copyright 1984-2024 The MathWorks, Inc.
                  R2024a (24.1.0.2537033) 64-bit (glnxa64)
                             February 21, 2024

 
To get started, type doc.
For product information, visit www.mathworks.com.
 

indir = 

    "/scratch/xpz5km/Cahn_Hilliard_Model/julia_out/critical_radius_alpha"


epsilon_name = 

    "0.015009"


R0_name =

    '0.05'


alpha_name =

    '-0.2'


alpha =

    '-0.2'


name =

    'phi_128_400000_1.0e-6__R0_0.05_eps_0.015009_alpha_-0.2'

An unexpected error has occurred.
To resolve this issue, contact <a href="https://www.mathworks.com/pi_gene_mci_glnxa64">Technical Support</a>.
You already have the most recent version of MATLAB Connector installed.
slurmstepd: error: *** JOB 62097241 ON udc-an33-5c1 CANCELLED AT 2024-06-21T09:38:52 ***
