Fri Jun 21 09:30:25 EDT 2024
0.16 24 10 -0.2
LOADED MATLAB
0.16
24
-0.2
An unexpected error has occurred.
To resolve this issue, contact <a href="https://www.mathworks.com/pi_gene_mci_glnxa64">Technical Support</a>.

                            < M A T L A B (R) >
                  Copyright 1984-2024 The MathWorks, Inc.
                  R2024a (24.1.0.2537033) 64-bit (glnxa64)
                             February 21, 2024

 
To get started, type doc.
For product information, visit www.mathworks.com.
 

indir = 

    "/scratch/xpz5km/Cahn_Hilliard_Model/julia_out/critical_radius_alpha"


epsilon_name = 

    "0.045028"


R0_name =

    '0.16'


alpha_name =

    '-0.2'


alpha =

    '-0.2'


name =

    'phi_128_400000_1.0e-6__R0_0.16_eps_0.045028_alpha_-0.2'

slurmstepd: error: *** JOB 62097259 ON udc-an33-10c1 CANCELLED AT 2024-06-21T09:38:52 ***
