Fri Jun 21 09:28:22 EDT 2024
0.107 16 10 -0.2
LOADED MATLAB
0.107
16
-0.2
An unexpected error has occurred.
To resolve this issue, contact <a href="https://www.mathworks.com/pi_gene_mci_glnxa64">Technical Support</a>.

                            < M A T L A B (R) >
                  Copyright 1984-2024 The MathWorks, Inc.
                  R2024a (24.1.0.2537033) 64-bit (glnxa64)
                             February 21, 2024

 
To get started, type doc.
For product information, visit www.mathworks.com.
 

indir = 

    "/scratch/xpz5km/Cahn_Hilliard_Model/julia_out/critical_radius_alpha"


epsilon_name = 

    "0.030019"


R0_name =

    '0.107'


alpha_name =

    '-0.2'


alpha =

    '-0.2'


name =

    'phi_128_400000_1.0e-6__R0_0.107_eps_0.030019_alpha_-0.2'

/home/xpz5km/.MathWorks/ServiceHost/udc-an33-7c1/v2024.6.0.6/bin/glnxa64/mlcpreuninstall: /sfs/applications/vendor/installation/software/matlab/R2024a/sys/os/glnxa64/libstdc++.so.6: version `GLIBCXX_3.4.29' not found (required by /home/xpz5km/.MathWorks/ServiceHost/udc-an33-7c1/v2024.6.0.6/bin/glnxa64/mlcpreuninstall)
/home/xpz5km/.MathWorks/ServiceHost/udc-an33-7c1/v2024.6.0.6/bin/glnxa64/mlcpreuninstall: /sfs/applications/vendor/installation/software/matlab/R2024a/sys/os/glnxa64/libstdc++.so.6: version `GLIBCXX_3.4.29' not found (required by /sfs/qumulo/qhome/xpz5km/.MathWorks/ServiceHost/udc-an33-7c1/v2024.6.0.6/bin/glnxa64/libmwagentmlcshortcututils.so)
/home/xpz5km/.MathWorks/ServiceHost/udc-an33-7c1/v2024.6.0.6/bin/glnxa64/mlcpreuninstall: /sfs/applications/vendor/installation/software/matlab/R2024a/sys/os/glnxa64/libstdc++.so.6: version `CXXABI_1.3.13' not found (required by /sfs/qumulo/qhome/xpz5km/.MathWorks/ServiceHost/udc-an33-7c1/v2024.6.0.6/bin/glnxa64/libmwagentmlcshortcututils.so)
/home/xpz5km/.MathWorks/ServiceHost/udc-an33-7c1/v2024.6.0.6/bin/glnxa64/mlcpreuninstall: /sfs/applications/vendor/installation/software/matlab/R2024a/sys/os/glnxa64/libstdc++.so.6: version `GLIBCXX_3.4.30' not found (required by /sfs/qumulo/qhome/xpz5km/.MathWorks/ServiceHost/udc-an33-7c1/v2024.6.0.6/bin/glnxa64/libmwagentutils.so)
/home/xpz5km/.MathWorks/ServiceHost/udc-an33-7c1/v2024.6.0.6/bin/glnxa64/mlcpreuninstall: /sfs/applications/vendor/installation/software/matlab/R2024a/sys/os/glnxa64/libstdc++.so.6: version `GLIBCXX_3.4.29' not found (required by /sfs/qumulo/qhome/xpz5km/.MathWorks/ServiceHost/udc-an33-7c1/v2024.6.0.6/bin/glnxa64/libmwagentutils.so)
/home/xpz5km/.MathWorks/ServiceHost/udc-an33-7c1/v2024.6.0.6/bin/glnxa64/mlcpreuninstall: /sfs/applications/vendor/installation/software/matlab/R2024a/sys/os/glnxa64/libstdc++.so.6: version `CXXABI_1.3.13' not found (required by /sfs/qumulo/qhome/xpz5km/.MathWorks/ServiceHost/udc-an33-7c1/v2024.6.0.6/bin/glnxa64/libmwi18n.so)
/home/xpz5km/.MathWorks/ServiceHost/udc-an33-7c1/v2024.6.0.6/bin/glnxa64/mlcpreuninstall: /sfs/applications/vendor/installation/software/matlab/R2024a/sys/os/glnxa64/libstdc++.so.6: version `GLIBCXX_3.4.29' not found (required by /sfs/qumulo/qhome/xpz5km/.MathWorks/ServiceHost/udc-an33-7c1/v2024.6.0.6/bin/glnxa64/libmwi18n.so)
/home/xpz5km/.MathWorks/ServiceHost/udc-an33-7c1/v2024.6.0.6/bin/glnxa64/mlcpreuninstall: /sfs/applications/vendor/installation/software/matlab/R2024a/sys/os/glnxa64/libstdc++.so.6: version `GLIBCXX_3.4.29' not found (required by /sfs/qumulo/qhome/xpz5km/.MathWorks/ServiceHost/udc-an33-7c1/v2024.6.0.6/bin/glnxa64/libmwfoundation_filesystem.so)
/home/xpz5km/.MathWorks/ServiceHost/udc-an33-7c1/v2024.6.0.6/bin/glnxa64/mlcpreuninstall: /sfs/applications/vendor/installation/software/matlab/R2024a/sys/os/glnxa64/libstdc++.so.6: version `GLIBCXX_3.4.29' not found (required by /sfs/qumulo/qhome/xpz5km/.MathWorks/ServiceHost/udc-an33-7c1/v2024.6.0.6/bin/glnxa64/libmwmatlabconnectorinstallationsregistry.so)
/home/xpz5km/.MathWorks/ServiceHost/udc-an33-7c1/v2024.6.0.6/bin/glnxa64/mlcpreuninstall: /sfs/applications/vendor/installation/software/matlab/R2024a/sys/os/glnxa64/libstdc++.so.6: version `GLIBCXX_3.4.29' not found (required by /sfs/qumulo/qhome/xpz5km/.MathWorks/ServiceHost/udc-an33-7c1/v2024.6.0.6/bin/glnxa64/libmwcpp11compat.so)
/home/xpz5km/.MathWorks/ServiceHost/udc-an33-7c1/v2024.6.0.6/bin/glnxa64/mlcpreuninstall: /sfs/applications/vendor/installation/software/matlab/R2024a/sys/os/glnxa64/libstdc++.so.6: version `GLIBCXX_3.4.29' not found (required by /sfs/qumulo/qhome/xpz5km/.MathWorks/ServiceHost/udc-an33-7c1/v2024.6.0.6/bin/glnxa64/libmwboost_program_options.so.1.81.0)
/home/xpz5km/.MathWorks/ServiceHost/udc-an33-7c1/v2024.6.0.6/bin/glnxa64/mlcpreuninstall: /sfs/applications/vendor/installation/software/matlab/R2024a/sys/os/glnxa64/libstdc++.so.6: version `GLIBCXX_3.4.29' not found (required by /sfs/qumulo/qhome/xpz5km/.MathWorks/ServiceHost/udc-an33-7c1/v2024.6.0.6/bin/glnxa64/libmwfoundation_feature.so)
/home/xpz5km/.MathWorks/ServiceHost/udc-an33-7c1/v2024.6.0.6/bin/glnxa64/mlcpreuninstall: /sfs/applications/vendor/installation/software/matlab/R2024a/sys/os/glnxa64/libstdc++.so.6: version `GLIBCXX_3.4.30' not found (required by /sfs/qumulo/qhome/xpz5km/.MathWorks/ServiceHost/udc-an33-7c1/v2024.6.0.6/bin/glnxa64/libmwfoundation_feature.so)
/home/xpz5km/.MathWorks/ServiceHost/udc-an33-7c1/v2024.6.0.6/bin/glnxa64/mlcpreuninstall: /sfs/applications/vendor/installation/software/matlab/R2024a/sys/os/glnxa64/libstdc++.so.6: version `GLIBCXX_3.4.29' not found (required by /sfs/qumulo/qhome/xpz5km/.MathWorks/ServiceHost/udc-an33-7c1/v2024.6.0.6/bin/glnxa64/libmwfoundation_log.so)
/home/xpz5km/.MathWorks/ServiceHost/udc-an33-7c1/v2024.6.0.6/bin/glnxa64/mlcpreuninstall: /sfs/applications/vendor/installation/software/matlab/R2024a/sys/os/glnxa64/libstdc++.so.6: version `GLIBCXX_3.4.29' not found (required by /sfs/qumulo/qhome/xpz5km/.MathWorks/ServiceHost/udc-an33-7c1/v2024.6.0.6/bin/glnxa64/libmwboost_log.so.1.81.0)
/home/xpz5km/.MathWorks/ServiceHost/udc-an33-7c1/v2024.6.0.6/bin/glnxa64/mlcpreuninstall: /sfs/applications/vendor/installation/software/matlab/R2024a/sys/os/glnxa64/libstdc++.so.6: version `CXXABI_1.3.13' not found (required by /sfs/qumulo/qhome/xpz5km/.MathWorks/ServiceHost/udc-an33-7c1/v2024.6.0.6/bin/glnxa64/libmwboost_log.so.1.81.0)
/home/xpz5km/.MathWorks/ServiceHost/udc-an33-7c1/v2024.6.0.6/bin/glnxa64/mlcpreuninstall: /sfs/applications/vendor/installation/software/matlab/R2024a/sys/os/glnxa64/libstdc++.so.6: version `CXXABI_1.3.13' not found (required by /sfs/qumulo/qhome/xpz5km/.MathWorks/ServiceHost/udc-an33-7c1/v2024.6.0.6/bin/glnxa64/libmwfl.so)
/home/xpz5km/.MathWorks/ServiceHost/udc-an33-7c1/v2024.6.0.6/bin/glnxa64/mlcpreuninstall: /sfs/applications/vendor/installation/software/matlab/R2024a/sys/os/glnxa64/libstdc++.so.6: version `GLIBCXX_3.4.29' not found (required by /sfs/qumulo/qhome/xpz5km/.MathWorks/ServiceHost/udc-an33-7c1/v2024.6.0.6/bin/glnxa64/libmwfl.so)
/home/xpz5km/.MathWorks/ServiceHost/udc-an33-7c1/v2024.6.0.6/bin/glnxa64/mlcpreuninstall: /sfs/applications/vendor/installation/software/matlab/R2024a/sys/os/glnxa64/libstdc++.so.6: version `GLIBCXX_3.4.29' not found (required by /sfs/qumulo/qhome/xpz5km/.MathWorks/ServiceHost/udc-an33-7c1/v2024.6.0.6/bin/glnxa64/libmwflurlmanager.so)
/home/xpz5km/.MathWorks/ServiceHost/udc-an33-7c1/v2024.6.0.6/bin/glnxa64/mlcpreuninstall: /sfs/applications/vendor/installation/software/matlab/R2024a/sys/os/glnxa64/libstdc++.so.6: version `GLIBCXX_3.4.29' not found (required by /sfs/qumulo/qhome/xpz5km/.MathWorks/ServiceHost/udc-an33-7c1/v2024.6.0.6/bin/glnxa64/libmwagentspfpersistentregistry.so)
/home/xpz5km/.MathWorks/ServiceHost/udc-an33-7c1/v2024.6.0.6/bin/glnxa64/mlcpreuninstall: /sfs/applications/vendor/installation/software/matlab/R2024a/sys/os/glnxa64/libstdc++.so.6: version `GLIBCXX_3.4.29' not found (required by /sfs/qumulo/qhome/xpz5km/.MathWorks/ServiceHost/udc-an33-7c1/v2024.6.0.6/bin/glnxa64/libmwrelease_info.so)
/home/xpz5km/.MathWorks/ServiceHost/udc-an33-7c1/v2024.6.0.6/bin/glnxa64/mlcpreuninstall: /sfs/applications/vendor/installation/software/matlab/R2024a/sys/os/glnxa64/libstdc++.so.6: version `GLIBCXX_3.4.30' not found (required by /sfs/qumulo/qhome/xpz5km/.MathWorks/ServiceHost/udc-an33-7c1/v2024.6.0.6/bin/glnxa64/libmwcppmicroservices.so)
/home/xpz5km/.MathWorks/ServiceHost/udc-an33-7c1/v2024.6.0.6/bin/glnxa64/mlcpreuninstall: /sfs/applications/vendor/installation/software/matlab/R2024a/sys/os/glnxa64/libstdc++.so.6: version `GLIBCXX_3.4.29' not found (required by /sfs/qumulo/qhome/xpz5km/.MathWorks/ServiceHost/udc-an33-7c1/v2024.6.0.6/bin/glnxa64/libmwcppmicroservices.so)
/home/xpz5km/.MathWorks/ServiceHost/udc-an33-7c1/v2024.6.0.6/bin/glnxa64/mlcpreuninstall: /sfs/applications/vendor/installation/software/matlab/R2024a/sys/os/glnxa64/libstdc++.so.6: version `CXXABI_1.3.13' not found (required by /sfs/qumulo/qhome/xpz5km/.MathWorks/ServiceHost/udc-an33-7c1/v2024.6.0.6/bin/glnxa64/libmwcppmicroservices.so)
/home/xpz5km/.MathWorks/ServiceHost/udc-an33-7c1/v2024.6.0.6/bin/glnxa64/mlcpreuninstall: /sfs/applications/vendor/installation/software/matlab/R2024a/sys/os/glnxa64/libstdc++.so.6: version `GLIBCXX_3.4.29' not found (required by /sfs/qumulo/qhome/xpz5km/.MathWorks/ServiceHost/udc-an33-7c1/v2024.6.0.6/bin/glnxa64/libmwfoundation_json.so)
/home/xpz5km/.MathWorks/ServiceHost/udc-an33-7c1/v2024.6.0.6/bin/glnxa64/mlcpreuninstall: /sfs/applications/vendor/installation/software/matlab/R2024a/sys/os/glnxa64/libstdc++.so.6: version `GLIBCXX_3.4.29' not found (required by /sfs/qumulo/qhome/xpz5km/.MathWorks/ServiceHost/udc-an33-7c1/v2024.6.0.6/bin/glnxa64/libmwfoundation_usm.so)
/home/xpz5km/.MathWorks/ServiceHost/udc-an33-7c1/v2024.6.0.6/bin/glnxa64/mlcpreuninstall: /sfs/applications/vendor/installation/software/matlab/R2024a/sys/os/glnxa64/libstdc++.so.6: version `GLIBCXX_3.4.29' not found (required by /sfs/qumulo/qhome/xpz5km/.MathWorks/ServiceHost/udc-an33-7c1/v2024.6.0.6/bin/glnxa64/libmwboost_serialization.so.1.81.0)
/home/xpz5km/.MathWorks/ServiceHost/udc-an33-7c1/v2024.6.0.6/bin/glnxa64/mlcpreuninstall: /sfs/applications/vendor/installation/software/matlab/R2024a/sys/os/glnxa64/libstdc++.so.6: version `GLIBCXX_3.4.29' not found (required by /sfs/qumulo/qhome/xpz5km/.MathWorks/ServiceHost/udc-an33-7c1/v2024.6.0.6/bin/glnxa64/libmwflcryptoutils.so)
/home/xpz5km/.MathWorks/ServiceHost/udc-an33-7c1/v2024.6.0.6/bin/glnxa64/mlcpreuninstall: /sfs/applications/vendor/installation/software/matlab/R2024a/sys/os/glnxa64/libstdc++.so.6: version `CXXABI_1.3.13' not found (required by /sfs/qumulo/qhome/xpz5km/.MathWorks/ServiceHost/udc-an33-7c1/v2024.6.0.6/bin/glnxa64/libmwflnetwork.so)
/home/xpz5km/.MathWorks/ServiceHost/udc-an33-7c1/v2024.6.0.6/bin/glnxa64/mlcpreuninstall: /sfs/applications/vendor/installation/software/matlab/R2024a/sys/os/glnxa64/libstdc++.so.6: version `GLIBCXX_3.4.29' not found (required by /sfs/qumulo/qhome/xpz5km/.MathWorks/ServiceHost/udc-an33-7c1/v2024.6.0.6/bin/glnxa64/libmwflnetwork.so)
/home/xpz5km/.MathWorks/ServiceHost/udc-an33-7c1/v2024.6.0.6/bin/glnxa64/mlcpreuninstall: /sfs/applications/vendor/installation/software/matlab/R2024a/sys/os/glnxa64/libstdc++.so.6: version `GLIBCXX_3.4.29' not found (required by /sfs/qumulo/qhome/xpz5km/.MathWorks/ServiceHost/udc-an33-7c1/v2024.6.0.6/bin/glnxa64/libmwagentinterprocessmutex.so)
/home/xpz5km/.MathWorks/ServiceHost/udc-an33-7c1/v2024.6.0.6/bin/glnxa64/mlcpreuninstall: /sfs/applications/vendor/installation/software/matlab/R2024a/sys/os/glnxa64/libstdc++.so.6: version `CXXABI_1.3.13' not found (required by /sfs/qumulo/qhome/xpz5km/.MathWorks/ServiceHost/udc-an33-7c1/v2024.6.0.6/bin/glnxa64/libmwfoundation_threadpool.so)
/home/xpz5km/.MathWorks/ServiceHost/udc-an33-7c1/v2024.6.0.6/bin/glnxa64/mlcpreuninstall: /sfs/applications/vendor/installation/software/matlab/R2024a/sys/os/glnxa64/libstdc++.so.6: version `GLIBCXX_3.4.30' not found (required by /sfs/qumulo/qhome/xpz5km/.MathWorks/ServiceHost/udc-an33-7c1/v2024.6.0.6/bin/glnxa64/libmwfoundation_threadpool.so)
/home/xpz5km/.MathWorks/ServiceHost/udc-an33-7c1/v2024.6.0.6/bin/glnxa64/mlcpreuninstall: /sfs/applications/vendor/installation/software/matlab/R2024a/sys/os/glnxa64/libstdc++.so.6: version `GLIBCXX_3.4.29' not found (required by /sfs/qumulo/qhome/xpz5km/.MathWorks/ServiceHost/udc-an33-7c1/v2024.6.0.6/bin/glnxa64/libmwfoundation_threadpool.so)
/home/xpz5km/.MathWorks/ServiceHost/udc-an33-7c1/v2024.6.0.6/bin/glnxa64/mlcpreuninstall: /sfs/applications/vendor/installation/software/matlab/R2024a/sys/os/glnxa64/libstdc++.so.6: version `CXXABI_1.3.13' not found (required by /sfs/qumulo/qhome/xpz5km/.MathWorks/ServiceHost/udc-an33-7c1/v2024.6.0.6/bin/glnxa64/libmwflcertificates.so)
/home/xpz5km/.MathWorks/ServiceHost/udc-an33-7c1/v2024.6.0.6/bin/glnxa64/mlcpreuninstall: /sfs/applications/vendor/installation/software/matlab/R2024a/sys/os/glnxa64/libstdc++.so.6: version `GLIBCXX_3.4.29' not found (required by /sfs/qumulo/qhome/xpz5km/.MathWorks/ServiceHost/udc-an33-7c1/v2024.6.0.6/bin/glnxa64/libmwflcertificates.so)
/home/xpz5km/.MathWorks/ServiceHost/udc-an33-7c1/v2024.6.0.6/bin/glnxa64/mlcpreuninstall: /sfs/applications/vendor/installation/software/matlab/R2024a/sys/os/glnxa64/libstdc++.so.6: version `GLIBCXX_3.4.29' not found (required by /sfs/qumulo/qhome/xpz5km/.MathWorks/ServiceHost/udc-an33-7c1/v2024.6.0.6/bin/glnxa64/libmwflcodesigning_verifier.so)
/home/xpz5km/.MathWorks/ServiceHost/udc-an33-7c1/v2024.6.0.6/bin/glnxa64/mlcpostinstall: /sfs/applications/vendor/installation/software/matlab/R2024a/sys/os/glnxa64/libstdc++.so.6: version `GLIBCXX_3.4.29' not found (required by /home/xpz5km/.MathWorks/ServiceHost/udc-an33-7c1/v2024.6.0.6/bin/glnxa64/mlcpostinstall)
/home/xpz5km/.MathWorks/ServiceHost/udc-an33-7c1/v2024.6.0.6/bin/glnxa64/mlcpostinstall: /sfs/applications/vendor/installation/software/matlab/R2024a/sys/os/glnxa64/libstdc++.so.6: version `GLIBCXX_3.4.29' not found (required by /sfs/qumulo/qhome/xpz5km/.MathWorks/ServiceHost/udc-an33-7c1/v2024.6.0.6/bin/glnxa64/libmwagentcoreserviceutils.so)
/home/xpz5km/.MathWorks/ServiceHost/udc-an33-7c1/v2024.6.0.6/bin/glnxa64/mlcpostinstall: /sfs/applications/vendor/installation/software/matlab/R2024a/sys/os/glnxa64/libstdc++.so.6: version `CXXABI_1.3.13' not found (required by /sfs/qumulo/qhome/xpz5km/.MathWorks/ServiceHost/udc-an33-7c1/v2024.6.0.6/bin/glnxa64/libmwagentcoreserviceutils.so)
/home/xpz5km/.MathWorks/ServiceHost/udc-an33-7c1/v2024.6.0.6/bin/glnxa64/mlcpostinstall: /sfs/applications/vendor/installation/software/matlab/R2024a/sys/os/glnxa64/libstdc++.so.6: version `GLIBCXX_3.4.29' not found (required by /sfs/qumulo/qhome/xpz5km/.MathWorks/ServiceHost/udc-an33-7c1/v2024.6.0.6/bin/glnxa64/libmwagentmlcshortcututils.so)
/home/xpz5km/.MathWorks/ServiceHost/udc-an33-7c1/v2024.6.0.6/bin/glnxa64/mlcpostinstall: /sfs/applications/vendor/installation/software/matlab/R2024a/sys/os/glnxa64/libstdc++.so.6: version `CXXABI_1.3.13' not found (required by /sfs/qumulo/qhome/xpz5km/.MathWorks/ServiceHost/udc-an33-7c1/v2024.6.0.6/bin/glnxa64/libmwagentmlcshortcututils.so)
/home/xpz5km/.MathWorks/ServiceHost/udc-an33-7c1/v2024.6.0.6/bin/glnxa64/mlcpostinstall: /sfs/applications/vendor/installation/software/matlab/R2024a/sys/os/glnxa64/libstdc++.so.6: version `GLIBCXX_3.4.30' not found (required by /sfs/qumulo/qhome/xpz5km/.MathWorks/ServiceHost/udc-an33-7c1/v2024.6.0.6/bin/glnxa64/libmwagentutils.so)
/home/xpz5km/.MathWorks/ServiceHost/udc-an33-7c1/v2024.6.0.6/bin/glnxa64/mlcpostinstall: /sfs/applications/vendor/installation/software/matlab/R2024a/sys/os/glnxa64/libstdc++.so.6: version `GLIBCXX_3.4.29' not found (required by /sfs/qumulo/qhome/xpz5km/.MathWorks/ServiceHost/udc-an33-7c1/v2024.6.0.6/bin/glnxa64/libmwagentutils.so)
/home/xpz5km/.MathWorks/ServiceHost/udc-an33-7c1/v2024.6.0.6/bin/glnxa64/mlcpostinstall: /sfs/applications/vendor/installation/software/matlab/R2024a/sys/os/glnxa64/libstdc++.so.6: version `CXXABI_1.3.13' not found (required by /sfs/qumulo/qhome/xpz5km/.MathWorks/ServiceHost/udc-an33-7c1/v2024.6.0.6/bin/glnxa64/libmwi18n.so)
/home/xpz5km/.MathWorks/ServiceHost/udc-an33-7c1/v2024.6.0.6/bin/glnxa64/mlcpostinstall: /sfs/applications/vendor/installation/software/matlab/R2024a/sys/os/glnxa64/libstdc++.so.6: version `GLIBCXX_3.4.29' not found (required by /sfs/qumulo/qhome/xpz5km/.MathWorks/ServiceHost/udc-an33-7c1/v2024.6.0.6/bin/glnxa64/libmwi18n.so)
/home/xpz5km/.MathWorks/ServiceHost/udc-an33-7c1/v2024.6.0.6/bin/glnxa64/mlcpostinstall: /sfs/applications/vendor/installation/software/matlab/R2024a/sys/os/glnxa64/libstdc++.so.6: version `GLIBCXX_3.4.29' not found (required by /sfs/qumulo/qhome/xpz5km/.MathWorks/ServiceHost/udc-an33-7c1/v2024.6.0.6/bin/glnxa64/libmwfoundation_filesystem.so)
/home/xpz5km/.MathWorks/ServiceHost/udc-an33-7c1/v2024.6.0.6/bin/glnxa64/mlcpostinstall: /sfs/applications/vendor/installation/software/matlab/R2024a/sys/os/glnxa64/libstdc++.so.6: version `GLIBCXX_3.4.29' not found (required by /sfs/qumulo/qhome/xpz5km/.MathWorks/ServiceHost/udc-an33-7c1/v2024.6.0.6/bin/glnxa64/libmwmatlabconnectorinstallationsregistry.so)
/home/xpz5km/.MathWorks/ServiceHost/udc-an33-7c1/v2024.6.0.6/bin/glnxa64/mlcpostinstall: /sfs/applications/vendor/installation/software/matlab/R2024a/sys/os/glnxa64/libstdc++.so.6: version `GLIBCXX_3.4.29' not found (required by /sfs/qumulo/qhome/xpz5km/.MathWorks/ServiceHost/udc-an33-7c1/v2024.6.0.6/bin/glnxa64/libmwmatlabconnectorlvinstallationdiscovery.so)
/home/xpz5km/.MathWorks/ServiceHost/udc-an33-7c1/v2024.6.0.6/bin/glnxa64/mlcpostinstall: /sfs/applications/vendor/installation/software/matlab/R2024a/sys/os/glnxa64/libstdc++.so.6: version `GLIBCXX_3.4.29' not found (required by /sfs/qumulo/qhome/xpz5km/.MathWorks/ServiceHost/udc-an33-7c1/v2024.6.0.6/bin/glnxa64/libmwcpp11compat.so)
/home/xpz5km/.MathWorks/ServiceHost/udc-an33-7c1/v2024.6.0.6/bin/glnxa64/mlcpostinstall: /sfs/applications/vendor/installation/software/matlab/R2024a/sys/os/glnxa64/libstdc++.so.6: version `GLIBCXX_3.4.29' not found (required by /sfs/qumulo/qhome/xpz5km/.MathWorks/ServiceHost/udc-an33-7c1/v2024.6.0.6/bin/glnxa64/libmwboost_program_options.so.1.81.0)
/home/xpz5km/.MathWorks/ServiceHost/udc-an33-7c1/v2024.6.0.6/bin/glnxa64/mlcpostinstall: /sfs/applications/vendor/installation/software/matlab/R2024a/sys/os/glnxa64/libstdc++.so.6: version `GLIBCXX_3.4.29' not found (required by /sfs/qumulo/qhome/xpz5km/.MathWorks/ServiceHost/udc-an33-7c1/v2024.6.0.6/bin/glnxa64/libmwagentcontrolcommon.so)
/home/xpz5km/.MathWorks/ServiceHost/udc-an33-7c1/v2024.6.0.6/bin/glnxa64/mlcpostinstall: /sfs/applications/vendor/installation/software/matlab/R2024a/sys/os/glnxa64/libstdc++.so.6: version `GLIBCXX_3.4.30' not found (required by /sfs/qumulo/qhome/xpz5km/.MathWorks/ServiceHost/udc-an33-7c1/v2024.6.0.6/bin/glnxa64/libmwagentcorecontainer.so)
/home/xpz5km/.MathWorks/ServiceHost/udc-an33-7c1/v2024.6.0.6/bin/glnxa64/mlcpostinstall: /sfs/applications/vendor/installation/software/matlab/R2024a/sys/os/glnxa64/libstdc++.so.6: version `GLIBCXX_3.4.29' not found (required by /sfs/qumulo/qhome/xpz5km/.MathWorks/ServiceHost/udc-an33-7c1/v2024.6.0.6/bin/glnxa64/libmwagentdirectoryclient.so)
/home/xpz5km/.MathWorks/ServiceHost/udc-an33-7c1/v2024.6.0.6/bin/glnxa64/mlcpostinstall: /sfs/applications/vendor/installation/software/matlab/R2024a/sys/os/glnxa64/libstdc++.so.6: version `CXXABI_1.3.13' not found (required by /sfs/qumulo/qhome/xpz5km/.MathWorks/ServiceHost/udc-an33-7c1/v2024.6.0.6/bin/glnxa64/libmwagentdirectoryclient.so)
/home/xpz5km/.MathWorks/ServiceHost/udc-an33-7c1/v2024.6.0.6/bin/glnxa64/mlcpostinstall: /sfs/applications/vendor/installation/software/matlab/R2024a/sys/os/glnxa64/libstdc++.so.6: version `GLIBCXX_3.4.29' not found (required by /sfs/qumulo/qhome/xpz5km/.MathWorks/ServiceHost/udc-an33-7c1/v2024.6.0.6/bin/glnxa64/libmwagentnanomsgtransport.so)
/home/xpz5km/.MathWorks/ServiceHost/udc-an33-7c1/v2024.6.0.6/bin/glnxa64/mlcpostinstall: /sfs/applications/vendor/installation/software/matlab/R2024a/sys/os/glnxa64/libstdc++.so.6: version `CXXABI_1.3.13' not found (required by /sfs/qumulo/qhome/xpz5km/.MathWorks/ServiceHost/udc-an33-7c1/v2024.6.0.6/bin/glnxa64/libmwagentnanomsgtransport.so)
/home/xpz5km/.MathWorks/ServiceHost/udc-an33-7c1/v2024.6.0.6/bin/glnxa64/mlcpostinstall: /sfs/applications/vendor/installation/software/matlab/R2024a/sys/os/glnxa64/libstdc++.so.6: version `GLIBCXX_3.4.30' not found (required by /sfs/qumulo/qhome/xpz5km/.MathWorks/ServiceHost/udc-an33-7c1/v2024.6.0.6/bin/glnxa64/libmwagentnanomsgtransport.so)
/home/xpz5km/.MathWorks/ServiceHost/udc-an33-7c1/v2024.6.0.6/bin/glnxa64/mlcpostinstall: /sfs/applications/vendor/installation/software/matlab/R2024a/sys/os/glnxa64/libstdc++.so.6: version `GLIBCXX_3.4.29' not found (required by /sfs/qumulo/qhome/xpz5km/.MathWorks/ServiceHost/udc-an33-7c1/v2024.6.0.6/bin/glnxa64/libmwagentshutdownserviceclient.so)
/home/xpz5km/.MathWorks/ServiceHost/udc-an33-7c1/v2024.6.0.6/bin/glnxa64/mlcpostinstall: /sfs/applications/vendor/installation/software/matlab/R2024a/sys/os/glnxa64/libstdc++.so.6: version `CXXABI_1.3.13' not found (required by /sfs/qumulo/qhome/xpz5km/.MathWorks/ServiceHost/udc-an33-7c1/v2024.6.0.6/bin/glnxa64/libmwagentshutdownserviceclient.so)
/home/xpz5km/.MathWorks/ServiceHost/udc-an33-7c1/v2024.6.0.6/bin/glnxa64/mlcpostinstall: /sfs/applications/vendor/installation/software/matlab/R2024a/sys/os/glnxa64/libstdc++.so.6: version `CXXABI_1.3.13' not found (required by /sfs/qumulo/qhome/xpz5km/.MathWorks/ServiceHost/udc-an33-7c1/v2024.6.0.6/bin/glnxa64/libmwagentcoretransport.so)
/home/xpz5km/.MathWorks/ServiceHost/udc-an33-7c1/v2024.6.0.6/bin/glnxa64/mlcpostinstall: /sfs/applications/vendor/installation/software/matlab/R2024a/sys/os/glnxa64/libstdc++.so.6: version `CXXABI_1.3.13' not found (required by /sfs/qumulo/qhome/xpz5km/.MathWorks/ServiceHost/udc-an33-7c1/v2024.6.0.6/bin/glnxa64/libmwfoundation_threadpool.so)
/home/xpz5km/.MathWorks/ServiceHost/udc-an33-7c1/v2024.6.0.6/bin/glnxa64/mlcpostinstall: /sfs/applications/vendor/installation/software/matlab/R2024a/sys/os/glnxa64/libstdc++.so.6: version `GLIBCXX_3.4.30' not found (required by /sfs/qumulo/qhome/xpz5km/.MathWorks/ServiceHost/udc-an33-7c1/v2024.6.0.6/bin/glnxa64/libmwfoundation_threadpool.so)
/home/xpz5km/.MathWorks/ServiceHost/udc-an33-7c1/v2024.6.0.6/bin/glnxa64/mlcpostinstall: /sfs/applications/vendor/installation/software/matlab/R2024a/sys/os/glnxa64/libstdc++.so.6: version `GLIBCXX_3.4.29' not found (required by /sfs/qumulo/qhome/xpz5km/.MathWorks/ServiceHost/udc-an33-7c1/v2024.6.0.6/bin/glnxa64/libmwfoundation_threadpool.so)
/home/xpz5km/.MathWorks/ServiceHost/udc-an33-7c1/v2024.6.0.6/bin/glnxa64/mlcpostinstall: /sfs/applications/vendor/installation/software/matlab/R2024a/sys/os/glnxa64/libstdc++.so.6: version `GLIBCXX_3.4.29' not found (required by /sfs/qumulo/qhome/xpz5km/.MathWorks/ServiceHost/udc-an33-7c1/v2024.6.0.6/bin/glnxa64/libmwfoundation_log.so)
/home/xpz5km/.MathWorks/ServiceHost/udc-an33-7c1/v2024.6.0.6/bin/glnxa64/mlcpostinstall: /sfs/applications/vendor/installation/software/matlab/R2024a/sys/os/glnxa64/libstdc++.so.6: version `GLIBCXX_3.4.29' not found (required by /sfs/qumulo/qhome/xpz5km/.MathWorks/ServiceHost/udc-an33-7c1/v2024.6.0.6/bin/glnxa64/libmwboost_log.so.1.81.0)
/home/xpz5km/.MathWorks/ServiceHost/udc-an33-7c1/v2024.6.0.6/bin/glnxa64/mlcpostinstall: /sfs/applications/vendor/installation/software/matlab/R2024a/sys/os/glnxa64/libstdc++.so.6: version `CXXABI_1.3.13' not found (required by /sfs/qumulo/qhome/xpz5km/.MathWorks/ServiceHost/udc-an33-7c1/v2024.6.0.6/bin/glnxa64/libmwboost_log.so.1.81.0)
/home/xpz5km/.MathWorks/ServiceHost/udc-an33-7c1/v2024.6.0.6/bin/glnxa64/mlcpostinstall: /sfs/applications/vendor/installation/software/matlab/R2024a/sys/os/glnxa64/libstdc++.so.6: version `GLIBCXX_3.4.29' not found (required by /sfs/qumulo/qhome/xpz5km/.MathWorks/ServiceHost/udc-an33-7c1/v2024.6.0.6/bin/glnxa64/libmwfoundation_feature.so)
/home/xpz5km/.MathWorks/ServiceHost/udc-an33-7c1/v2024.6.0.6/bin/glnxa64/mlcpostinstall: /sfs/applications/vendor/installation/software/matlab/R2024a/sys/os/glnxa64/libstdc++.so.6: version `GLIBCXX_3.4.30' not found (required by /sfs/qumulo/qhome/xpz5km/.MathWorks/ServiceHost/udc-an33-7c1/v2024.6.0.6/bin/glnxa64/libmwfoundation_feature.so)
/home/xpz5km/.MathWorks/ServiceHost/udc-an33-7c1/v2024.6.0.6/bin/glnxa64/mlcpostinstall: /sfs/applications/vendor/installation/software/matlab/R2024a/sys/os/glnxa64/libstdc++.so.6: version `CXXABI_1.3.13' not found (required by /sfs/qumulo/qhome/xpz5km/.MathWorks/ServiceHost/udc-an33-7c1/v2024.6.0.6/bin/glnxa64/libmwfl.so)
/home/xpz5km/.MathWorks/ServiceHost/udc-an33-7c1/v2024.6.0.6/bin/glnxa64/mlcpostinstall: /sfs/applications/vendor/installation/software/matlab/R2024a/sys/os/glnxa64/libstdc++.so.6: version `GLIBCXX_3.4.29' not found (required by /sfs/qumulo/qhome/xpz5km/.MathWorks/ServiceHost/udc-an33-7c1/v2024.6.0.6/bin/glnxa64/libmwfl.so)
/home/xpz5km/.MathWorks/ServiceHost/udc-an33-7c1/v2024.6.0.6/bin/glnxa64/mlcpostinstall: /sfs/applications/vendor/installation/software/matlab/R2024a/sys/os/glnxa64/libstdc++.so.6: version `GLIBCXX_3.4.29' not found (required by /sfs/qumulo/qhome/xpz5km/.MathWorks/ServiceHost/udc-an33-7c1/v2024.6.0.6/bin/glnxa64/libmwflurlmanager.so)
/home/xpz5km/.MathWorks/ServiceHost/udc-an33-7c1/v2024.6.0.6/bin/glnxa64/mlcpostinstall: /sfs/applications/vendor/installation/software/matlab/R2024a/sys/os/glnxa64/libstdc++.so.6: version `GLIBCXX_3.4.29' not found (required by /sfs/qumulo/qhome/xpz5km/.MathWorks/ServiceHost/udc-an33-7c1/v2024.6.0.6/bin/glnxa64/libmwagentspfpersistentregistry.so)
/home/xpz5km/.MathWorks/ServiceHost/udc-an33-7c1/v2024.6.0.6/bin/glnxa64/mlcpostinstall: /sfs/applications/vendor/installation/software/matlab/R2024a/sys/os/glnxa64/libstdc++.so.6: version `GLIBCXX_3.4.29' not found (required by /sfs/qumulo/qhome/xpz5km/.MathWorks/ServiceHost/udc-an33-7c1/v2024.6.0.6/bin/glnxa64/libmwrelease_info.so)
/home/xpz5km/.MathWorks/ServiceHost/udc-an33-7c1/v2024.6.0.6/bin/glnxa64/mlcpostinstall: /sfs/applications/vendor/installation/software/matlab/R2024a/sys/os/glnxa64/libstdc++.so.6: version `GLIBCXX_3.4.29' not found (required by /sfs/qumulo/qhome/xpz5km/.MathWorks/ServiceHost/udc-an33-7c1/v2024.6.0.6/bin/glnxa64/libmwagentdirectoryserialisation.so)
/home/xpz5km/.MathWorks/ServiceHost/udc-an33-7c1/v2024.6.0.6/bin/glnxa64/mlcpostinstall: /sfs/applications/vendor/installation/software/matlab/R2024a/sys/os/glnxa64/libstdc++.so.6: version `CXXABI_1.3.13' not found (required by /sfs/qumulo/qhome/xpz5km/.MathWorks/ServiceHost/udc-an33-7c1/v2024.6.0.6/bin/glnxa64/libmwagentnanomsgbytetransport.so)
/home/xpz5km/.MathWorks/ServiceHost/udc-an33-7c1/v2024.6.0.6/bin/glnxa64/mlcpostinstall: /sfs/applications/vendor/installation/software/matlab/R2024a/sys/os/glnxa64/libstdc++.so.6: version `GLIBCXX_3.4.29' not found (required by /sfs/qumulo/qhome/xpz5km/.MathWorks/ServiceHost/udc-an33-7c1/v2024.6.0.6/bin/glnxa64/libmwagentshutdownserviceserialisation.so)
/home/xpz5km/.MathWorks/ServiceHost/udc-an33-7c1/v2024.6.0.6/bin/glnxa64/mlcpostinstall: /sfs/applications/vendor/installation/software/matlab/R2024a/sys/os/glnxa64/libstdc++.so.6: version `GLIBCXX_3.4.29' not found (required by /sfs/qumulo/qhome/xpz5km/.MathWorks/ServiceHost/udc-an33-7c1/v2024.6.0.6/bin/glnxa64/libmwboost_serialization.so.1.81.0)
/home/xpz5km/.MathWorks/ServiceHost/udc-an33-7c1/v2024.6.0.6/bin/glnxa64/mlcpostinstall: /sfs/applications/vendor/installation/software/matlab/R2024a/sys/os/glnxa64/libstdc++.so.6: version `GLIBCXX_3.4.30' not found (required by /sfs/qumulo/qhome/xpz5km/.MathWorks/ServiceHost/udc-an33-7c1/v2024.6.0.6/bin/glnxa64/libmwcppmicroservices.so)
/home/xpz5km/.MathWorks/ServiceHost/udc-an33-7c1/v2024.6.0.6/bin/glnxa64/mlcpostinstall: /sfs/applications/vendor/installation/software/matlab/R2024a/sys/os/glnxa64/libstdc++.so.6: version `GLIBCXX_3.4.29' not found (required by /sfs/qumulo/qhome/xpz5km/.MathWorks/ServiceHost/udc-an33-7c1/v2024.6.0.6/bin/glnxa64/libmwcppmicroservices.so)
/home/xpz5km/.MathWorks/ServiceHost/udc-an33-7c1/v2024.6.0.6/bin/glnxa64/mlcpostinstall: /sfs/applications/vendor/installation/software/matlab/R2024a/sys/os/glnxa64/libstdc++.so.6: version `CXXABI_1.3.13' not found (required by /sfs/qumulo/qhome/xpz5km/.MathWorks/ServiceHost/udc-an33-7c1/v2024.6.0.6/bin/glnxa64/libmwcppmicroservices.so)
/home/xpz5km/.MathWorks/ServiceHost/udc-an33-7c1/v2024.6.0.6/bin/glnxa64/mlcpostinstall: /sfs/applications/vendor/installation/software/matlab/R2024a/sys/os/glnxa64/libstdc++.so.6: version `GLIBCXX_3.4.29' not found (required by /sfs/qumulo/qhome/xpz5km/.MathWorks/ServiceHost/udc-an33-7c1/v2024.6.0.6/bin/glnxa64/libmwfoundation_json.so)
/home/xpz5km/.MathWorks/ServiceHost/udc-an33-7c1/v2024.6.0.6/bin/glnxa64/mlcpostinstall: /sfs/applications/vendor/installation/software/matlab/R2024a/sys/os/glnxa64/libstdc++.so.6: version `GLIBCXX_3.4.29' not found (required by /sfs/qumulo/qhome/xpz5km/.MathWorks/ServiceHost/udc-an33-7c1/v2024.6.0.6/bin/glnxa64/libmwfoundation_usm.so)
/home/xpz5km/.MathWorks/ServiceHost/udc-an33-7c1/v2024.6.0.6/bin/glnxa64/mlcpostinstall: /sfs/applications/vendor/installation/software/matlab/R2024a/sys/os/glnxa64/libstdc++.so.6: version `GLIBCXX_3.4.29' not found (required by /sfs/qumulo/qhome/xpz5km/.MathWorks/ServiceHost/udc-an33-7c1/v2024.6.0.6/bin/glnxa64/libmwflcryptoutils.so)
/home/xpz5km/.MathWorks/ServiceHost/udc-an33-7c1/v2024.6.0.6/bin/glnxa64/mlcpostinstall: /sfs/applications/vendor/installation/software/matlab/R2024a/sys/os/glnxa64/libstdc++.so.6: version `CXXABI_1.3.13' not found (required by /sfs/qumulo/qhome/xpz5km/.MathWorks/ServiceHost/udc-an33-7c1/v2024.6.0.6/bin/glnxa64/libmwflnetwork.so)
/home/xpz5km/.MathWorks/ServiceHost/udc-an33-7c1/v2024.6.0.6/bin/glnxa64/mlcpostinstall: /sfs/applications/vendor/installation/software/matlab/R2024a/sys/os/glnxa64/libstdc++.so.6: version `GLIBCXX_3.4.29' not found (required by /sfs/qumulo/qhome/xpz5km/.MathWorks/ServiceHost/udc-an33-7c1/v2024.6.0.6/bin/glnxa64/libmwflnetwork.so)
/home/xpz5km/.MathWorks/ServiceHost/udc-an33-7c1/v2024.6.0.6/bin/glnxa64/mlcpostinstall: /sfs/applications/vendor/installation/software/matlab/R2024a/sys/os/glnxa64/libstdc++.so.6: version `GLIBCXX_3.4.29' not found (required by /sfs/qumulo/qhome/xpz5km/.MathWorks/ServiceHost/udc-an33-7c1/v2024.6.0.6/bin/glnxa64/libmwagentinterprocessmutex.so)
/home/xpz5km/.MathWorks/ServiceHost/udc-an33-7c1/v2024.6.0.6/bin/glnxa64/mlcpostinstall: /sfs/applications/vendor/installation/software/matlab/R2024a/sys/os/glnxa64/libstdc++.so.6: version `GLIBCXX_3.4.29' not found (required by /sfs/qumulo/qhome/xpz5km/.MathWorks/ServiceHost/udc-an33-7c1/v2024.6.0.6/bin/glnxa64/libmwagentnanomsg.so)
/home/xpz5km/.MathWorks/ServiceHost/udc-an33-7c1/v2024.6.0.6/bin/glnxa64/mlcpostinstall: /sfs/applications/vendor/installation/software/matlab/R2024a/sys/os/glnxa64/libstdc++.so.6: version `GLIBCXX_3.4.30' not found (required by /sfs/qumulo/qhome/xpz5km/.MathWorks/ServiceHost/udc-an33-7c1/v2024.6.0.6/bin/glnxa64/libmwagentnanomsg.so)
/home/xpz5km/.MathWorks/ServiceHost/udc-an33-7c1/v2024.6.0.6/bin/glnxa64/mlcpostinstall: /sfs/applications/vendor/installation/software/matlab/R2024a/sys/os/glnxa64/libstdc++.so.6: version `CXXABI_1.3.13' not found (required by /sfs/qumulo/qhome/xpz5km/.MathWorks/ServiceHost/udc-an33-7c1/v2024.6.0.6/bin/glnxa64/libmwagentnanomsg.so)
/home/xpz5km/.MathWorks/ServiceHost/udc-an33-7c1/v2024.6.0.6/bin/glnxa64/mlcpostinstall: /sfs/applications/vendor/installation/software/matlab/R2024a/sys/os/glnxa64/libstdc++.so.6: version `CXXABI_1.3.13' not found (required by /sfs/qumulo/qhome/xpz5km/.MathWorks/ServiceHost/udc-an33-7c1/v2024.6.0.6/bin/glnxa64/libmwflcertificates.so)
/home/xpz5km/.MathWorks/ServiceHost/udc-an33-7c1/v2024.6.0.6/bin/glnxa64/mlcpostinstall: /sfs/applications/vendor/installation/software/matlab/R2024a/sys/os/glnxa64/libstdc++.so.6: version `GLIBCXX_3.4.29' not found (required by /sfs/qumulo/qhome/xpz5km/.MathWorks/ServiceHost/udc-an33-7c1/v2024.6.0.6/bin/glnxa64/libmwflcertificates.so)
/home/xpz5km/.MathWorks/ServiceHost/udc-an33-7c1/v2024.6.0.6/bin/glnxa64/mlcpostinstall: /sfs/applications/vendor/installation/software/matlab/R2024a/sys/os/glnxa64/libstdc++.so.6: version `GLIBCXX_3.4.29' not found (required by /sfs/qumulo/qhome/xpz5km/.MathWorks/ServiceHost/udc-an33-7c1/v2024.6.0.6/bin/glnxa64/libmwflcodesigning_verifier.so)
/home/xpz5km/.MathWorks/ServiceHost/udc-an33-7c1/v2024.6.0.6/bin/glnxa64/mlcpostinstall: /sfs/applications/vendor/installation/software/matlab/R2024a/sys/os/glnxa64/libstdc++.so.6: version `CXXABI_1.3.13' not found (required by /sfs/qumulo/qhome/xpz5km/.MathWorks/ServiceHost/udc-an33-7c1/v2024.6.0.6/bin/glnxa64/libmwagentrealmmode.so)
/home/xpz5km/.MathWorks/ServiceHost/udc-an33-7c1/v2024.6.0.6/bin/glnxa64/mlcpostinstall: /sfs/applications/vendor/installation/software/matlab/R2024a/sys/os/glnxa64/libstdc++.so.6: version `GLIBCXX_3.4.29' not found (required by /sfs/qumulo/qhome/xpz5km/.MathWorks/ServiceHost/udc-an33-7c1/v2024.6.0.6/bin/glnxa64/libmwmcom.so)
slurmstepd: error: *** JOB 62097246 ON udc-an33-7c1 CANCELLED AT 2024-06-21T09:38:52 ***
