Fri Jun 21 09:30:25 EDT 2024
0.23 32 10 -0.2
LOADED MATLAB
0.23
32
-0.2

                            < M A T L A B (R) >
                  Copyright 1984-2024 The MathWorks, Inc.
                  R2024a (24.1.0.2537033) 64-bit (glnxa64)
                             February 21, 2024

 
To get started, type doc.
For product information, visit www.mathworks.com.
 

indir = 

    "/scratch/xpz5km/Cahn_Hilliard_Model/julia_out/critical_radius_alpha"


epsilon_name = 

    "0.060037"


R0_name =

    '0.23'


alpha_name =

    '-0.2'


alpha =

    '-0.2'


name =

    'phi_128_400000_1.0e-6__R0_0.23_eps_0.060037_alpha_-0.2'


------------------------------------------------------------------------
       Segmentation violation detected at Fri Jun 21 09:35:30 2024
------------------------------------------------------------------------
Architecture     : glnxa64
Processor ID     : Intel(R) Xeon(R) Gold 6248 CPU @ 2.50GHz
Host Name        : udc-an33-2c1
Locale           : en_US


Abnormal termination:
Segmentation violation

Current Thread: 'FTP_2_0' id 22612701796096

Register State (from fault):
  RAX = 0000000000000005  RBX = 00000000000002af
  RCX = 000000000000001f  RDX = 0000000000000001
  RSP = 00001490ee0ec330  RBP = 00001490ee0ec4b0
  RSI = 00000000021813b0  RDI = 0000000002181340

   R8 = 0000000000000005   R9 = 000000726f6a616d
  R10 = 000000000000fd50  R11 = 00000000023c5ca0
  R12 = 00001490ee0ec3a0  R13 = 00000000021813d8
  R14 = 00001491117326f0  R15 = 00001490ee0ec360

  RIP = 00001490ed9fe658  EFL = 0000000000010206

   CS = 0033   FS = 0000   GS = 0000

Stack Trace (from fault):
[  0] 0x00001490ed9fe658 /sfs/qumulo/qhome/xpz5km/.MathWorks/ServiceHost/udc-an33-2c1/v2024.6.0.6/bin/glnxa64/spf/serviceproviders/login/spf/matlabloginserviceprovider/libmwmatlabloginserviceprovider.so+00370264
[  1] 0x0000149109470a97 /sfs/qumulo/qhome/xpz5km/.MathWorks/ServiceHost/udc-an33-2c1/v2024.6.0.6/bin/glnxa64/spf/servicepublishers/agent/spf/legacyservicepublisher/../../../../../../../bin/glnxa64/libmwagentspflegacyservicewrapper.so+00187031
[  2] 0x000014910b38d46b /sfs/qumulo/qhome/xpz5km/.MathWorks/ServiceHost/udc-an33-2c1/v2024.6.0.6/bin/glnxa64/mathworksservicehost/rcf/matlabconnector/serviceprocess/rcf/client-v1/../../../../../../../../bin/glnxa64/libmwagentspfcore.so+00152683 _ZNK5agent3spf4core16ExportedFunctionclEON10foundation10concurrent10threadpool10stop_tokenEONS1_14GenericPayloadE+00000347
[  3] 0x00001491094625f6 /sfs/qumulo/qhome/xpz5km/.MathWorks/ServiceHost/udc-an33-2c1/v2024.6.0.6/bin/glnxa64/spf/servicepublishers/agent/spf/legacyservicepublisher/../../../../../../../bin/glnxa64/libmwagentspflegacyservicewrapper.so+00128502
[  4] 0x0000149109462681 /sfs/qumulo/qhome/xpz5km/.MathWorks/ServiceHost/udc-an33-2c1/v2024.6.0.6/bin/glnxa64/spf/servicepublishers/agent/spf/legacyservicepublisher/../../../../../../../bin/glnxa64/libmwagentspflegacyservicewrapper.so+00128641
[  5] 0x00001491093c9060 /sfs/qumulo/qhome/xpz5km/.MathWorks/ServiceHost/udc-an33-2c1/v2024.6.0.6/bin/glnxa64/spf/servicepublishers/agent/spf/legacyservicepublisher/../../../../../../../bin/glnxa64/libmwagentnanomsgtransport.so+00082016
[  6] 0x0000149110a4ec34 /sfs/qumulo/qhome/xpz5km/.MathWorks/ServiceHost/udc-an33-2c1/v2024.6.0.6/bin/glnxa64/libmwfoundation_threadpool.so+00146484
[  7] 0x0000149110a53928 /sfs/qumulo/qhome/xpz5km/.MathWorks/ServiceHost/udc-an33-2c1/v2024.6.0.6/bin/glnxa64/libmwfoundation_threadpool.so+00166184
[  8] 0x0000149110a53d54 /sfs/qumulo/qhome/xpz5km/.MathWorks/ServiceHost/udc-an33-2c1/v2024.6.0.6/bin/glnxa64/libmwfoundation_threadpool.so+00167252
[  9] 0x00001491115da8c3 /sfs/qumulo/qhome/xpz5km/.MathWorks/ServiceHost/udc-an33-2c1/v2024.6.0.6/bin/glnxa64/../../sys/os/glnxa64/libstdc++.so.6+00903363
[ 10] 0x000014911172b1ca                             /lib64/libpthread.so.0+00033226
[ 11] 0x0000149111151e73                                   /lib64/libc.so.6+00237171 clone+00000067


** This crash report has been written to /home/xpz5km/.MathWorks/ServiceHost/udc-an33-2c1/logs/MathWorksServiceHost_crash_580739.log **
slurmstepd: error: *** JOB 62097260 ON udc-an33-2c1 CANCELLED AT 2024-06-21T09:38:52 ***
