Tue Aug 13 13:50:51 EDT 2024
0.11675 16 10
LOADED MATLAB
0.11675
16

                            < M A T L A B (R) >
                  Copyright 1984-2024 The MathWorks, Inc.
                  R2024a (24.1.0.2537033) 64-bit (glnxa64)
                             February 21, 2024

 
To get started, type doc.
For product information, visit www.mathworks.com.
 

eps =

    0.0150


epsilon_name = 

    "0.015009"


R0_name =

    '0.11675'


name =

    'phi_256_400000_1.0e-6__256_R0_0.11675_eps_0.015009'

You already have the most recent version of MATLAB Connector installed.
Launching updater executable

(InstallMathWorksServiceHost:570308): Gtk-WARNING **: 13:56:04.002: cannot open display: 
You already have the most recent version of MATLAB Connector installed.
Launching updater executable

(InstallMathWorksServiceHost:571067): Gtk-WARNING **: 14:01:21.880: cannot open display: 
You already have the most recent version of MATLAB Connector installed.
Launching updater executable

(InstallMathWorksServiceHost:571798): Gtk-WARNING **: 14:06:40.270: cannot open display: 
You already have the most recent version of MATLAB Connector installed.
Launching updater executable

(InstallMathWorksServiceHost:572533): Gtk-WARNING **: 14:11:58.166: cannot open display: 
You already have the most recent version of MATLAB Connector installed.
Launching updater executable

(InstallMathWorksServiceHost:573289): Gtk-WARNING **: 14:17:15.842: cannot open display: 
{Error using saveas (line 138)
Invalid or missing path:
/project/g_bme-janeslab/sarah/julia_out/critical_radius_updated_IC_256/plots/radius_0.5_nx_128_nt_400000_1.0e-6__R0_0.11675_eps_0.015009.png

Error in level_set_plot (line 49)
            saveas(fig, filename);

Error in level_set_radius_array (line 24)
    [rr,tt] = level_set_plot(2.5e-5, indir, total_time, everyR, epsilon_name, R0_name, folder, Nx);
} 
[Warning: Error updating Text.

 String scalar or character vector must have valid interpreter syntax:
Radius at 0.5 level set
 phi_256_400000_1.0e-6__256_R0_0.11675_eps_0.015009
] 
DONE
