0.22
0.15
19661
phi_512_19661_1.0e-5__CPC_0.22_cohesin_0.15_eps_0.0096_alpha_0_domain_0_2
/project/g_bme-janeslab/sarah/julia_out/CPC_geometry/CPC_domain_0_2/phi_512_19661_1.0e-5__CPC_0.22_cohesin_0.15_eps_0.0096_alpha_0_domain_0_2

                            < M A T L A B (R) >
                  Copyright 1984-2024 The MathWorks, Inc.
                  R2024a (24.1.0.2537033) 64-bit (glnxa64)
                             February 21, 2024

[Warning: Unable to load Toolbox Path Cache
/home/xpz5km/.matlab/R2024a/toolbox_cache-24.1.0-3725113302-glnxa64.xml. The
cache file is not in the correct format. It will be regenerated upon quitting
MATLAB.] 
 
To get started, type doc.
For product information, visit www.mathworks.com.
 
{Error using readmatrix (line 171)
Unable to find or open
'/project/g_bme-janeslab/sarah/julia_out/CPC_geometry/CPC_domain_0_2/phi_512_19661_1.0e-5__CPC_0.22_cohesin_0.15_eps_0.0096_alpha_0_domain_0_2.txt'.
Check the path and filename or file permissions.

Error in kymograph_central_droplets_domain (line 10)
    phi = readmatrix(sprintf('%s/%s.txt', indir, name),'FileType','text');
} 
Done.
