0.1
0.13
19661
phi_512_19661_1.0e-5__CPC_0.1_cohesin_0.13_eps_0.0096_alpha_0_domain_0_2
/project/g_bme-janeslab/sarah/julia_out/CPC_geometry/CPC_domain_0_2/phi_512_19661_1.0e-5__CPC_0.1_cohesin_0.13_eps_0.0096_alpha_0_domain_0_2
An unexpected error has occurred.
To resolve this issue, contact <a href="https://www.mathworks.com/pi_gene_mci_glnxa64">Technical Support</a>.
An unexpected error has occurred.
To resolve this issue, contact <a href="https://www.mathworks.com/pi_gene_mci_glnxa64">Technical Support</a>.

                            < M A T L A B (R) >
                  Copyright 1984-2024 The MathWorks, Inc.
                  R2024a (24.1.0.2537033) 64-bit (glnxa64)
                             February 21, 2024

 
To get started, type doc.
For product information, visit www.mathworks.com.
 
{Error using readmatrix (line 171)
Unable to find or open
'/project/g_bme-janeslab/sarah/julia_out/CPC_geometry/CPC_domain_0_2/phi_512_19661_1.0e-5__CPC_0.1_cohesin_0.13_eps_0.0096_alpha_0_domain_0_2.txt'.
Check the path and filename or file permissions.

Error in kymograph_central_droplets_domain (line 10)
    phi = readmatrix(sprintf('%s/%s.txt', indir, name),'FileType','text');
} 
malloc(): unaligned tcache chunk detected
Could not create on-disk crash report: failed opening file: No space left on device: iostream error

MATLAB is exiting because of fatal error
/var/spool/slurm/slurmd/job63238210/slurm_script: line 38: 51392 Killed                  matlab -nodisplay -nosplash -r "kymograph_central_droplets_domain('$indir', '$outdir','$name', $dt, $dtout, false, 0, 6.4);quit;"
Done.
