Wed Jul 10 12:03:21 EDT 2024
0.09 16 10 0 256
LOADED MATLAB
0.09
16
0

                            < M A T L A B (R) >
                  Copyright 1984-2024 The MathWorks, Inc.
                  R2024a (24.1.0.2537033) 64-bit (glnxa64)
                             February 21, 2024

 
To get started, type doc.
For product information, visit www.mathworks.com.
 

indir = 

    "/scratch/xpz5km/Cahn_Hilliard_Model/julia_out/critical_radius_alpha"


epsilon =

    0.0150


epsilon_name =

    '0.015009'


R0_name =

    '0.09000'


alpha_name =

    '0.0'


alpha =

    '0.0'


name =

    'phi_256_400000_1.0e-6__R0_0.09000_eps_0.015009_alpha_0.0'

{Error using readmatrix (line 171)
Unable to find or open
'/scratch/xpz5km/Cahn_Hilliard_Model/julia_out/critical_radius_alpha/phi_256_400000_1.0e-6__R0_0.09000_eps_0.015009_alpha_0.0.txt'.
Check the path and filename or file permissions.

Error in level_set_plot_alpha_256 (line 14)
    phi = readmatrix(sprintf('%s/%s.txt', indir, name),'FileType','text');

Error in level_set_radius_array_alpha_256 (line 14)
    [rr,tt] = level_set_plot_alpha_256(2.5e-5, indir, total_time, everyR, epsilon_name, R0_name, folder, alpha_name, Nx);
} 
MATLAB: management.cpp:831: findOrInsert: Assertion `findOrInsert: no active context for type 'mw::xmlutils::HttpClientSingleton'' failed.

--------------------------------------------------------------------------------
                Assertion detected at 2024-07-10 12:04:05 -0400
--------------------------------------------------------------------------------

Configuration:
  Crash Decoding           : Disabled - No sandbox or build area path
  Crash Mode               : continue (default)
  Default Encoding         : UTF-8
  Deployed                 : false
  GNU C Library            : 2.28 stable
  Graphics Driver          : Uninitialized software 
  Graphics card 1          : 0x102b ( 0x102b ) 0x536 Version 0.0.0.0 (0-0-0)
  Java Version             : Java 1.8.0_202-b08 with Oracle Corporation Java HotSpot(TM) 64-Bit Server VM mixed mode
  MATLAB Architecture      : glnxa64
  MATLAB Entitlement ID    : 5215811
  MATLAB Root              : /sfs/applications/vendor/production/software/matlab/R2024a
  MATLAB Version           : 24.1.0.2537033 (R2024a)
  OpenGL                   : software
  Operating System         : Linux 4.18.0-513.18.1.el8_9.x86_64 #1 SMP Wed Feb 21 21:34:36 UTC 2024 x86_64
  Process ID               : 592369
  Processor ID             : x86 Family 6 Model 85 Stepping 7, GenuineIntel
  Session Key              : 7262735c-8952-430f-8b19-f8bc58dd8b8b
  Window System            : No active display

Fault Count: 1


Assertion in findOrInsert at management.cpp line 831:
findOrInsert: no active context for type 'mw::xmlutils::HttpClientSingleton'

Current Thread: 'ProductsInit' id 23073888110336

Register State (captured):
  RAX = 0000000000000000  RBX = 000014fcc42e7899
  RCX = 0000000000000000  RDX = 000014fcc6706e60
  RSP = 000014fc4ee75c30  RBP = 000014fc4ee76010
  RSI = 000014fcc66eca55  RDI = 000014fc4ee75c40

   R8 = 0000000000000000   R9 = 000014fc4ee75f20
  R10 = 0000000000000000  R11 = 0000000000000000
  R12 = 000014fcc670d328  R13 = 000014fcc671d3a8
  R14 = 000014fcc42e7644  R15 = 000014fc4ee76a60

  RIP = 000014fcc6699c0f  EFL = 0000000000000000

   CS = 0000   FS = 0000   GS = 0000

Stack Trace (captured):
[  0] 0x000014fcc6692f53 /sfs/applications/vendor/production/software/matlab/R2024a/bin/glnxa64/libmwfl.so+00323411
[  1] 0x000014fcc669314c /sfs/applications/vendor/production/software/matlab/R2024a/bin/glnxa64/libmwfl.so+00323916 _ZN10foundation4core4diag15stacktrace_base7captureEm+00000028
[  2] 0x000014fcc6698011 /sfs/applications/vendor/production/software/matlab/R2024a/bin/glnxa64/libmwfl.so+00344081
[  3] 0x000014fcc66980d0 /sfs/applications/vendor/production/software/matlab/R2024a/bin/glnxa64/libmwfl.so+00344272
[  4] 0x000014fcc42d2bc3 /sfs/applications/vendor/production/software/matlab/R2024a/bin/glnxa64/libmwfoundation_usm.so+00080835
[  5] 0x000014fcc42e3b37 /sfs/applications/vendor/production/software/matlab/R2024a/bin/glnxa64/libmwfoundation_usm.so+00150327 _ZN10foundation3usm6DetailINS0_5scope7ProcessEE12findOrInsertEmRKSt9type_infoOSt10unique_ptrIvPFvPvEE+00000295
[  6] 0x000014fca90ee95f /sfs/applications/vendor/production/software/matlab/R2024a/bin/glnxa64/matlab_startup_plugins/jmi/../../../../bin/glnxa64/libmwxmlutils.so+00080223
[  7] 0x000014fca90eb424 /sfs/applications/vendor/production/software/matlab/R2024a/bin/glnxa64/matlab_startup_plugins/jmi/../../../../bin/glnxa64/libmwxmlutils.so+00066596
[  8] 0x000014fca90f0c0f /sfs/applications/vendor/production/software/matlab/R2024a/bin/glnxa64/matlab_startup_plugins/jmi/../../../../bin/glnxa64/libmwxmlutils.so+00089103 _ZN2mw8xmlutils12LibXML2Utils22readDOMDocumentFromUrlERKNSt7__cxx1112basic_stringIcSt11char_traitsIcESaIcEEE+00000159
[  9] 0x000014fc901c9dec /sfs/applications/vendor/production/software/matlab/R2024a/bin/glnxa64/registration_framework_plugins/addons/core_reg_point_api_impl/../../../../../bin/glnxa64/libmwaddons_registry_core.so+00777708 _ZN6addons8registry17MetadataFileUtils34getPreviewImageUrlAsStringForAddOnERKNSt7__cxx1112basic_stringIcSt11char_traitsIcESaIcEEE+00000140
[ 10] 0x000014fc9018d296 /sfs/applications/vendor/production/software/matlab/R2024a/bin/glnxa64/registration_framework_plugins/addons/core_reg_point_api_impl/../../../../../bin/glnxa64/libmwaddons_registry_core.so+00529046
[ 11] 0x000014fc9018e654 /sfs/applications/vendor/production/software/matlab/R2024a/bin/glnxa64/registration_framework_plugins/addons/core_reg_point_api_impl/../../../../../bin/glnxa64/libmwaddons_registry_core.so+00534100 _ZN23addonmanagementmetadata5utils36getAddOnManagementMetadataForProductB5cxx11ERKN2fl10filesystem10basic_pathIcDsNS2_6detail11path_traitsIcDsEEEESt10shared_ptrIKN7install11product_api7ProductEE+00000644
[ 12] 0x000014fc901ccd9a /sfs/applications/vendor/production/software/matlab/R2024a/bin/glnxa64/registration_framework_plugins/addons/core_reg_point_api_impl/../../../../../bin/glnxa64/libmwaddons_registry_core.so+00789914
[ 13] 0x000014fcc3a0f3c2 /sfs/applications/vendor/production/software/matlab/R2024a/bin/glnxa64/libmwsettingscore.so+02319298 _ZN7mwboost6detail17task_shared_stateINS_8functionIFvvEEES3_E6do_runEv+00000050
[ 14] 0x000014fcc3a05caa /sfs/applications/vendor/production/software/matlab/R2024a/bin/glnxa64/libmwsettingscore.so+02280618
[ 15] 0x000014fcc48f3277 /sfs/applications/vendor/production/software/matlab/R2024a/bin/glnxa64/libmwboost_thread.so.1.78.0+00045687
[ 16] 0x000014fcc53f61ca                             /lib64/libpthread.so.0+00033226
[ 17] 0x000014fcc4e72e73                                   /lib64/libc.so.6+00237171 clone+00000067

** This crash report has been saved to disk as /home/xpz5km/matlab_crash_dump.592369-1 **



MATLAB is exiting because of fatal error
/var/spool/slurm/slurmd/job62415080/slurm_script: line 24: 592369 Killed                  matlab -nodisplay -r "level_set_radius_array_alpha_256($R0, $m, $alpha, 256); exit;"
DONE
