0.22
0.09
0.03
19661
phi_512_19661_1.0e-5__CPC_0.22_cohesin_0.09_eps_0.01_alpha_0_domain_0_2
/project/g_bme-janeslab/SarahG/julia_out/CPC_geometry/CPC_domain_0_2_e_0.01_noisy_cohesin/sd_0.11/individual_seeds/phi_512_19661_1.0e-5__CPC_0.22_cohesin_0.09_eps_0.01_alpha_0_domain_0_2
An unexpected error has occurred.
To resolve this issue, contact <a href="https://www.mathworks.com/pi_gene_mci_glnxa64">Technical Support</a>.

                            < M A T L A B (R) >
                  Copyright 1984-2024 The MathWorks, Inc.
             R2024a Update 6 (24.1.0.2689473) 64-bit (glnxa64)
                               July 29, 2024

 
To get started, type doc.
For product information, visit www.mathworks.com.
 
/sfs/gpfs/tardis/home/xpz5km/.MathWorks/ServiceHost/-mw_shared_installs/v2024.7.0.6/mci/bin/glnxa64/InstallMathWorksServiceHost: error while loading shared libraries: /sfs/gpfs/tardis/home/xpz5km/.MathWorks/ServiceHost/-mw_shared_installs/v2024.7.0.6/mci/bin/glnxa64/libmwopczippackage.so: file too short
[Warning: Error updating Text.

 String scalar or character vector must have valid interpreter syntax:
phi_512_19661_1.0e-5__CPC_0.22_cohesin_0.09_eps_0.01_alpha_0_domain_0_2
] 
[> In defaulterrorcallback (line 12)
In print (line 36)
In kymograph_central_droplets_domain (line 66)] 
Done.
