Fri May 2 15:16:15 EDT 2025
256 neumann true SAV
MODULES LOADED
GKS: cannot open display - headless operation mode active
[ Info: Saved animation to /project/g_bme-janeslab/SarahG/spinodal_decomp_04_2025/out_julia/SAV_Julia_2000_dt_5.50e-06_Nx_256_neumann_dtout_10_75p_movie.avi
  5 percent complete
 10 percent complete
 15 percent complete
 20 percent complete
 25 percent complete
 30 percent complete
 35 percent complete
 40 percent complete
 45 percent complete
 50 percent complete
 60 percent complete
 65 percent complete
 70 percent complete
 75 percent complete
 80 percent complete
 85 percent complete
 90 percent complete
 95 percent complete
100 percent complete
Printing out results...
  0 percent complete
  5 percent complete
 10 percent complete
 15 percent complete
 20 percent complete
 25 percent complete
 30 percent complete
 35 percent complete
 40 percent complete
 45 percent complete
 50 percent complete
 60 percent complete
 65 percent complete
 70 percent complete
 75 percent complete
 80 percent complete
 85 percent complete
 90 percent complete
 95 percent complete
100 percent complete
Animation saved as /project/g_bme-janeslab/SarahG/spinodal_decomp_04_2025/out_julia/SAV_Julia_2000_dt_5.50e-06_Nx_256_neumann_dtout_10_75p_movie.avi
DONE
