phi_512_262144_1.0e-5__CPC_0.12_cohesin_0.14_eps_0.0067_domain_0_2

                            < M A T L A B (R) >
                  Copyright 1984-2024 The MathWorks, Inc.
             R2024b Update 3 (24.2.0.2806996) 64-bit (glnxa64)
                             November 26, 2024

 
To get started, type doc.
For product information, visit www.mathworks.com.
 
An unexpected error has occurred.
To resolve this issue, contact <a href="https://www.mathworks.com/pi_gene_mci_glnxa64">Technical Support</a>.

size_phi =

         512       26215         512

phi_512_262144_1.0e-5__CPC_0.35_cohesin_0.14_eps_0.0067_domain_0_2

                            < M A T L A B (R) >
                  Copyright 1984-2024 The MathWorks, Inc.
             R2024b Update 3 (24.2.0.2806996) 64-bit (glnxa64)
                             November 26, 2024

 
To get started, type doc.
For product information, visit www.mathworks.com.
 

size_phi =

         512       24456         512

phi_512_262144_1.0e-5__CPC_0.35_cohesin_0.12_eps_0.0067_domain_0_2

                            < M A T L A B (R) >
                  Copyright 1984-2024 The MathWorks, Inc.
             R2024b Update 3 (24.2.0.2806996) 64-bit (glnxa64)
                             November 26, 2024

 
To get started, type doc.
For product information, visit www.mathworks.com.
 

size_phi =

         512       26215         512

