0.2
0.12
phi_512_9830_1.0e-5__CPC_0.2_cohesin_0.12_eps_0.0096_alpha_0_domain_0_2
/scratch/xpz5km/Cahn_Hilliard_Model/CPC_geometry/CPC_domain_0_2/phi_512_9830_1.0e-5__CPC_0.2_cohesin_0.12_eps_0.0096_alpha_0_domain_0_2
An unexpected error has occurred.
To resolve this issue, contact <a href="https://www.mathworks.com/pi_gene_mci_glnxa64">Technical Support</a>.

                            < M A T L A B (R) >
                  Copyright 1984-2024 The MathWorks, Inc.
                  R2024a (24.1.0.2537033) 64-bit (glnxa64)
                             February 21, 2024

 
To get started, type doc.
For product information, visit www.mathworks.com.
 
You already have the most recent version of MATLAB Connector installed.
Launching updater executable

(InstallMathWorksServiceHost:233661): Gtk-WARNING **: 11:13:06.975: cannot open display: 
[Warning: Error updating Text.

 String scalar or character vector must have valid interpreter syntax:
phi_512_9830_1.0e-5__CPC_0.2_cohesin_0.12_eps_0.0096_alpha_0_domain_0_2
] 
[> In defaulterrorcallback (line 12)
In print (line 36)
In kymograph_central_droplets_domain (line 66)] 
Done.
