Wed Jul 10 12:10:22 EDT 2024
0.1 4 10 0 256
LOADED MATLAB
0.1
4
0

                            < M A T L A B (R) >
                  Copyright 1984-2024 The MathWorks, Inc.
                  R2024a (24.1.0.2537033) 64-bit (glnxa64)
                             February 21, 2024

 
To get started, type doc.
For product information, visit www.mathworks.com.
 

indir = 

    "/scratch/xpz5km/Cahn_Hilliard_Model/julia_out/critical_radius_alpha"


epsilon =

    0.0038


epsilon_name =

    '0.0037523'


R0_name =

    '0.1'


alpha_name =

    '0.0'


alpha =

    '0.0'


name =

    'phi_256_400000_1.0e-6__R0_0.1_eps_0.0037523_alpha_0.0'


------------------------------------------------------------------------
       Segmentation violation detected at Wed Jul 10 12:15:29 2024
------------------------------------------------------------------------
Architecture     : glnxa64
Processor ID     : Intel(R) Xeon(R) Gold 6248 CPU @ 2.50GHz
Host Name        : udc-an33-9c0
Locale           : en_US


Abnormal termination:
Segmentation violation

Current Thread: 'FTP_2_0' id 22579462104832

Register State (from fault):
  RAX = 0000000000000014  RBX = 00001489481520b0
  RCX = 0000000000000006  RDX = 0000000002021970
  RSP = 0000148930d15330  RBP = 0000148930d154b0
  RSI = 0000148930608780  RDI = 0000148930d153a0

   R8 = 0000000000000000   R9 = cf0f6bf8ad247e5d
  R10 = 0000000000000002  R11 = 0000000000000007
  R12 = 0000148930d153a0  R13 = 0000000001f1abd0
  R14 = 0000148948360890  R15 = 0000148930d15360

  RIP = 000014893062754a  EFL = 0000000000010202

   CS = 0033   FS = 0000   GS = 0000

Stack Trace (from fault):
[  0] 0x000014893062754a /sfs/qumulo/qhome/xpz5km/.MathWorks/ServiceHost/-mw_shared_installs/v2024.6.0.6/bin/glnxa64/spf/serviceproviders/login/spf/matlabloginserviceprovider/libmwmatlabloginserviceprovider.so+00369994
[  1] 0x000014894c097a97 /sfs/qumulo/qhome/xpz5km/.MathWorks/ServiceHost/-mw_shared_installs/v2024.6.0.6/bin/glnxa64/spf/servicepublishers/agent/spf/legacyservicepublisher/../../../../../../../bin/glnxa64/libmwagentspflegacyservicewrapper.so+00187031
[  2] 0x000014894dfb446b /sfs/qumulo/qhome/xpz5km/.MathWorks/ServiceHost/-mw_shared_installs/v2024.6.0.6/bin/glnxa64/mathworksservicehost/rcf/matlabconnector/serviceprocess/rcf/client-v1/../../../../../../../../bin/glnxa64/libmwagentspfcore.so+00152683 _ZNK5agent3spf4core16ExportedFunctionclEON10foundation10concurrent10threadpool10stop_tokenEONS1_14GenericPayloadE+00000347
[  3] 0x000014894c0895f6 /sfs/qumulo/qhome/xpz5km/.MathWorks/ServiceHost/-mw_shared_installs/v2024.6.0.6/bin/glnxa64/spf/servicepublishers/agent/spf/legacyservicepublisher/../../../../../../../bin/glnxa64/libmwagentspflegacyservicewrapper.so+00128502
[  4] 0x000014894c089681 /sfs/qumulo/qhome/xpz5km/.MathWorks/ServiceHost/-mw_shared_installs/v2024.6.0.6/bin/glnxa64/spf/servicepublishers/agent/spf/legacyservicepublisher/../../../../../../../bin/glnxa64/libmwagentspflegacyservicewrapper.so+00128641
[  5] 0x0000148947fc5060 /sfs/qumulo/qhome/xpz5km/.MathWorks/ServiceHost/-mw_shared_installs/v2024.6.0.6/bin/glnxa64/spf/servicepublishers/agent/spf/legacyservicepublisher/../../../../../../../bin/glnxa64/libmwagentnanomsgtransport.so+00082016
[  6] 0x0000148953676c34 /sfs/qumulo/qhome/xpz5km/.MathWorks/ServiceHost/-mw_shared_installs/v2024.6.0.6/bin/glnxa64/libmwfoundation_threadpool.so+00146484
[  7] 0x000014895367b928 /sfs/qumulo/qhome/xpz5km/.MathWorks/ServiceHost/-mw_shared_installs/v2024.6.0.6/bin/glnxa64/libmwfoundation_threadpool.so+00166184
[  8] 0x000014895367bd54 /sfs/qumulo/qhome/xpz5km/.MathWorks/ServiceHost/-mw_shared_installs/v2024.6.0.6/bin/glnxa64/libmwfoundation_threadpool.so+00167252
[  9] 0x00001489542028c3 /sfs/qumulo/qhome/xpz5km/.MathWorks/ServiceHost/-mw_shared_installs/v2024.6.0.6/bin/glnxa64/../../sys/os/glnxa64/libstdc++.so.6+00903363
[ 10] 0x00001489543531ca                             /lib64/libpthread.so.0+00033226
[ 11] 0x0000148953d79e73                                   /lib64/libc.so.6+00237171 clone+00000067


** This crash report has been written to /home/xpz5km/.MathWorks/ServiceHost/udc-an33-9c0/logs/MathWorksServiceHost_crash_686502.log **
/var/spool/slurm/slurmd/job62415373/slurm_script: line 24: 683833 Killed                  matlab -nodisplay -r "level_set_radius_array_alpha_256($R0, $m, $alpha, 256); exit;"
DONE
slurmstepd: error: Detected 1 oom_kill event in StepId=62415373.batch. Some of the step tasks have been OOM Killed.
