Wed Jul 10 12:10:22 EDT 2024
0.11 24 10 0 256
LOADED MATLAB
0.11
24
0

                            < M A T L A B (R) >
                  Copyright 1984-2024 The MathWorks, Inc.
                  R2024a (24.1.0.2537033) 64-bit (glnxa64)
                             February 21, 2024

 
To get started, type doc.
For product information, visit www.mathworks.com.
 

indir = 

    "/scratch/xpz5km/Cahn_Hilliard_Model/julia_out/critical_radius_alpha"


epsilon =

    0.0225


epsilon_name =

    '0.022514'


R0_name =

    '0.11'


alpha_name =

    '0.0'


alpha =

    '0.0'


name =

    'phi_256_400000_1.0e-6__R0_0.11_eps_0.022514_alpha_0.0'

Command `client-v1` threw an exception
Failed to publish ServiceInterface (credentials) to ServicePublisher legacyservicepublisher for PublisherConfiguration msh::rcf::common::default from msh::rcf::common
/var/spool/slurm/slurmd/job62415365/slurm_script: line 24: 257663 Killed                  matlab -nodisplay -r "level_set_radius_array_alpha_256($R0, $m, $alpha, 256); exit;"
DONE
slurmstepd: error: Detected 1 oom_kill event in StepId=62415365.batch. Some of the step tasks have been OOM Killed.
