
                            < M A T L A B (R) >
                  Copyright 1984-2024 The MathWorks, Inc.
                  R2024a (24.1.0.2537033) 64-bit (glnxa64)
                             February 21, 2024

[Warning: Unable to load Toolbox Path Cache
/home/xpz5km/.matlab/R2024a/toolbox_cache-24.1.0-3725113302-glnxa64.xml. The
cache file is not in the correct format. It will be regenerated upon quitting
MATLAB.] 
 
To get started, type doc.
For product information, visit www.mathworks.com.
 

everyR =

       10000


R0 = 

    "0.117"

{Error using readmatrix (line 171)
Unable to find or open
'/project/g_bme-janeslab/SarahG/julia_out/critical_radius_alpha//phi_256_400000_1.0e-6__R0_0.117_eps_0.015009_alpha_0.0.txt'.
Check the path and filename or file permissions.

Error in f_with_alpha_range_single_droplet (line 12)
    phi = readmatrix(sprintf('%s/%s.txt', indir, name),'FileType','text');
} 
