0.22
0.09
0.03
19661
phi_512_19661_1.0e-5__CPC_0.22_noisy_cohesin_eps_0.01_domain_0_2
/project/g_bme-janeslab/SarahG/julia_out/CPC_geometry/CPC_domain_0_2_e_0.01_noisy_cohesin/sd_0.11/individual_seeds/phi_512_19661_1.0e-5__CPC_0.22_noisy_cohesin_eps_0.01_domain_0_2

                            < M A T L A B (R) >
                  Copyright 1984-2024 The MathWorks, Inc.
             R2024a Update 6 (24.1.0.2689473) 64-bit (glnxa64)
                               July 29, 2024

 
To get started, type doc.
For product information, visit www.mathworks.com.
 
{Error using readmatrix (line 171)
Unable to find or open
'/project/g_bme-janeslab/SarahG/julia_out/CPC_geometry/CPC_domain_0_2_e_0.01_noisy_cohesin/sd_0.11/individual_seeds/phi_512_19661_1.0e-5__CPC_0.22_noisy_cohesin_eps_0.01_domain_0_2.txt'.
Check the path and filename or file permissions.

Error in kymograph_central_droplets_domain (line 10)
    phi = readmatrix(sprintf('%s/%s.txt', indir, name),'FileType','text');
} 
Done.
