Mon Apr 7 13:34:26 EDT 2025
64,periodic,true,NMG
MODULES LOADED
    Updating registry at `~/.julia/registries/General.toml`
   Resolving package versions...
   Installed IntelOpenMP_jll ─ v2024.2.1+0
   Installed MKL_jll ───────── v2024.2.0+0
   Installed oneTBB_jll ────── v2021.12.0+0
   Installed AbstractFFTs ──── v1.5.0
   Installed FFTW ──────────── v1.8.1
   Installed FFTW_jll ──────── v3.3.10+3
    Updating `/sfs/gpfs/tardis/home/xpz5km/.julia/environments/v1.9/Project.toml`
  [7a1cc6ca] + FFTW v1.8.1
    Updating `/sfs/gpfs/tardis/home/xpz5km/.julia/environments/v1.9/Manifest.toml`
  [621f4979] + AbstractFFTs v1.5.0
  [7a1cc6ca] + FFTW v1.8.1
⌃ [f5851436] + FFTW_jll v3.3.10+3
⌅ [1d5cc7b8] + IntelOpenMP_jll v2024.2.1+0
⌃ [856f044c] + MKL_jll v2024.2.0+0
⌃ [1317d2d5] + oneTBB_jll v2021.12.0+0
  [4af54fe1] + LazyArtifacts
        Info Packages marked with ⌃ and ⌅ have new versions available, but those with ⌅ are restricted by compatibility constraints from upgrading. To see why use `status --outdated -m`
Precompiling project...
[32m  ✓ [39m[90mAbstractFFTs[39m
[32m  ✓ [39m[90moneTBB_jll[39m
[32m  ✓ [39m[90mFFTW_jll[39m
[32m  ✓ [39m[90mAbstractFFTs → AbstractFFTsTestExt[39m
[32m  ✓ [39m[90mIntelOpenMP_jll[39m
[32m  ✓ [39m[90mMKL_jll[39m
[32m  ✓ [39mFFTW
  7 dependencies successfully precompiled in 24 seconds. 144 already precompiled. 2 skipped during auto due to previous errors.
  [33m2[39m dependencies had warnings during precompilation:[33m
┌ [39mMKL_jll [856f044c-d86e-5d09-b602-aeab76dc8ba7][33m
│  [39mDownloading artifact: MKL[33m
└  [39m[33m
┌ [39mIntelOpenMP_jll [1d5cc7b8-4909-519e-a0f8-d0f5ad9712d0][33m
│  [39mDownloading artifact: IntelOpenMP[33m
└  [39m
ERROR: LoadError: ArgumentError: Package Plots not found in current path.
- Run `import Pkg; Pkg.add("Plots")` to install the Plots package.
Stacktrace:
 [1] macro expansion
   @ ./loading.jl:1630 [inlined]
 [2] macro expansion
   @ ./lock.jl:267 [inlined]
 [3] require(into::Module, mod::Symbol)
   @ Base ./loading.jl:1611
 [4] include(fname::String)
   @ Base.MainInclude ./client.jl:478
 [5] top-level scope
   @ /sfs/gpfs/tardis/home/xpz5km/Cahn_Hilliard_Model/spinodal_decomp/CahnHilliard_Julia_solvers/run_spinodal_decomp.jl:9
in expression starting at /sfs/gpfs/tardis/home/xpz5km/Cahn_Hilliard_Model/spinodal_decomp/CahnHilliard_Julia_solvers/ch_movie_from_file.jl:1
in expression starting at /sfs/gpfs/tardis/home/xpz5km/Cahn_Hilliard_Model/spinodal_decomp/CahnHilliard_Julia_solvers/run_spinodal_decomp.jl:9
DONE
