0.25
0.09
0.03

                            < M A T L A B (R) >
                  Copyright 1984-2024 The MathWorks, Inc.
             R2024a Update 6 (24.1.0.2689473) 64-bit (glnxa64)
                               July 29, 2024

[Warning: Unable to load Toolbox Path Cache
/home/xpz5km/.matlab/R2024a/toolbox_cache-24.1.0-3725113302-glnxa64.xml. The
cache file is not in the correct format. It will be regenerated upon quitting
MATLAB.] 
 
To get started, type doc.
For product information, visit www.mathworks.com.
 

name =

    'phi_512_19661_1.0e-5__CPC_0.25_cohesin_0.09_eps_0.0067_domain_0_2'

{Error using reshape
Size arguments must be real integers.

Error in level_set_radius_multiple_droplets (line 22)
    phi = reshape(phi,phidims(1),phidims(3),phidims(2)); %Reshape multidimensional array
} 
Done.
