0.3
0.1
0.03
An unexpected error has occurred.
To resolve this issue, contact <a href="https://www.mathworks.com/pi_gene_mci_glnxa64">Technical Support</a>.

                            < M A T L A B (R) >
                  Copyright 1984-2024 The MathWorks, Inc.
                  R2024a (24.1.0.2537033) 64-bit (glnxa64)
                             February 21, 2024

You already have the most recent version of MATLAB Drive Connector installed.
 
To get started, type doc.
For product information, visit www.mathworks.com.
 

name =

    'phi_512_19661_1.0e-5__CPC_0.3_cohesin_0.1_eps_0.0075_alpha_0_domain_0_2'

{Error using reshape
Size arguments must be real integers.

Error in level_set_radius_multiple_droplets (line 22)
    phi = reshape(phi,phidims(1),phidims(3),phidims(2)); %Reshape multidimensional array
} 
Done.
