Wed Jun 26 10:55:17 EDT 2024
0.17 32 10 -0.2
LOADED MATLAB
0.17
32
-0.2

                            < M A T L A B (R) >
                  Copyright 1984-2024 The MathWorks, Inc.
                  R2024a (24.1.0.2537033) 64-bit (glnxa64)
                             February 21, 2024

 
To get started, type doc.
For product information, visit www.mathworks.com.
 

indir = 

    "/scratch/xpz5km/Cahn_Hilliard_Model/julia_out/critical_radius_alpha"


epsilon_name = 

    "0.060037"


R0_name =

    '0.17'


alpha_name =

    '-0.2'


alpha =

    '-0.2'


name =

    'phi_128_400000_1.0e-6__R0_0.17_eps_0.060037_alpha_-0.2'


------------------------------------------------------------------------
       Segmentation violation detected at Wed Jun 26 11:00:22 2024
------------------------------------------------------------------------
Architecture     : glnxa64
Processor ID     : Intel(R) Xeon(R) Gold 6248 CPU @ 2.50GHz
Host Name        : udc-an33-9c1
Locale           : en_US


Abnormal termination:
Segmentation violation

Current Thread: 'FTP_2_0' id 23178268587776

Register State (from fault):
  RAX = 0000000000000014  RBX = 00001514b42ad5b0
  RCX = 0000000000000006  RDX = 00000000009f72b0
  RSP = 000015149c772330  RBP = 000015149c7724b0
  RSI = 000015149c065780  RDI = 000015149c7723a0

   R8 = 0000000000000000   R9 = cf0f6bf8ad247e5d
  R10 = 00001514b459e5d8  R11 = 0000000000000007
  R12 = 000015149c7723a0  R13 = 0000000000959fb0
  R14 = 00001514b43994c0  R15 = 000015149c772360

  RIP = 000015149c08454a  EFL = 0000000000010202

   CS = 0033   FS = 0000   GS = 0000

Stack Trace (from fault):
[  0] 0x000015149c08454a /sfs/qumulo/qhome/xpz5km/.MathWorks/ServiceHost/-mw_shared_installs/v2024.6.0.6/bin/glnxa64/spf/serviceproviders/login/spf/matlabloginserviceprovider/libmwmatlabloginserviceprovider.so+00369994
[  1] 0x00001514b3af4a97 /sfs/qumulo/qhome/xpz5km/.MathWorks/ServiceHost/-mw_shared_installs/v2024.6.0.6/bin/glnxa64/spf/servicepublishers/agent/spf/legacyservicepublisher/../../../../../../../bin/glnxa64/libmwagentspflegacyservicewrapper.so+00187031
[  2] 0x00001514b9a1146b /sfs/qumulo/qhome/xpz5km/.MathWorks/ServiceHost/-mw_shared_installs/v2024.6.0.6/bin/glnxa64/mathworksservicehost/rcf/matlabconnector/serviceprocess/rcf/client-v1/../../../../../../../../bin/glnxa64/libmwagentspfcore.so+00152683 _ZNK5agent3spf4core16ExportedFunctionclEON10foundation10concurrent10threadpool10stop_tokenEONS1_14GenericPayloadE+00000347
[  3] 0x00001514b3ae65f6 /sfs/qumulo/qhome/xpz5km/.MathWorks/ServiceHost/-mw_shared_installs/v2024.6.0.6/bin/glnxa64/spf/servicepublishers/agent/spf/legacyservicepublisher/../../../../../../../bin/glnxa64/libmwagentspflegacyservicewrapper.so+00128502
[  4] 0x00001514b3ae6681 /sfs/qumulo/qhome/xpz5km/.MathWorks/ServiceHost/-mw_shared_installs/v2024.6.0.6/bin/glnxa64/spf/servicepublishers/agent/spf/legacyservicepublisher/../../../../../../../bin/glnxa64/libmwagentspflegacyservicewrapper.so+00128641
[  5] 0x00001514b3a4d060 /sfs/qumulo/qhome/xpz5km/.MathWorks/ServiceHost/-mw_shared_installs/v2024.6.0.6/bin/glnxa64/spf/servicepublishers/agent/spf/legacyservicepublisher/../../../../../../../bin/glnxa64/libmwagentnanomsgtransport.so+00082016
[  6] 0x00001514bf0d3c34 /sfs/qumulo/qhome/xpz5km/.MathWorks/ServiceHost/-mw_shared_installs/v2024.6.0.6/bin/glnxa64/libmwfoundation_threadpool.so+00146484
[  7] 0x00001514bf0d8928 /sfs/qumulo/qhome/xpz5km/.MathWorks/ServiceHost/-mw_shared_installs/v2024.6.0.6/bin/glnxa64/libmwfoundation_threadpool.so+00166184
[  8] 0x00001514bf0d8d54 /sfs/qumulo/qhome/xpz5km/.MathWorks/ServiceHost/-mw_shared_installs/v2024.6.0.6/bin/glnxa64/libmwfoundation_threadpool.so+00167252
[  9] 0x00001514bfc5f8c3 /sfs/qumulo/qhome/xpz5km/.MathWorks/ServiceHost/-mw_shared_installs/v2024.6.0.6/bin/glnxa64/../../sys/os/glnxa64/libstdc++.so.6+00903363
[ 10] 0x00001514bfdb01ca                             /lib64/libpthread.so.0+00033226
[ 11] 0x00001514bf7d6e73                                   /lib64/libc.so.6+00237171 clone+00000067


** This crash report has been written to /home/xpz5km/.MathWorks/ServiceHost/udc-an33-9c1/logs/MathWorksServiceHost_crash_68794.log **
[Warning: Error updating Text.

 String scalar or character vector must have valid interpreter syntax:
Radius at 0.5 level set
 phi_128_400000_1.0e-6__R0_0.17_eps_0.060037_alpha_-0.2
] 
[> In defaulterrorcallback (line 12)
In print (line 36)
In saveas (line 181)
In level_set_plot_alpha (line 50)
In level_set_radius_array_alpha (line 25)] 

ans =

        4001


ans =

        4001


ans =

        4001


ans =

        4001


ans =

        4001

DONE
