/var/spool/slurm/slurmd/job66378933/slurm_script: line 15: indir: command not found
0.125
0.08
0.03
19661
phi_256_19661_1.0e-5__CPC_0.125_cohesin_0.08_eps_0.0075_domain_0_1_MCF10A_100%bound
/phi_256_19661_1.0e-5__CPC_0.125_cohesin_0.08_eps_0.0075_domain_0_1_MCF10A_100%bound
An unexpected error has occurred.
To resolve this issue, contact <a href="https://www.mathworks.com/pi_gene_mci_glnxa64">Technical Support</a>.
/home/xpz5km/.MathWorks/ServiceHost/udc-aw34-2c1/temp/86ac-e4ac-7a3f-2ebd/v2024.11.0.2/_tempinstaller_glnxa64/bin/glnxa64/InstallMathWorksServiceHost: error while loading shared libraries: libmwboost_atomic.so.1.81.0: cannot open shared object file: No such file or directory

                            < M A T L A B (R) >
                  Copyright 1984-2024 The MathWorks, Inc.
             R2024a Update 6 (24.1.0.2689473) 64-bit (glnxa64)
                               July 29, 2024

 
To get started, type doc.
For product information, visit www.mathworks.com.
 
{Error using mkdir
Read-only file system

Error in kymograph_central_droplets_domain (line 8)
    mkdir(outdir)
} 
Done.
