Thu Jun 20 15:03:01 EDT 2024
0.155 16 10
LOADED MATLAB
0.155
16
An unexpected error has occurred.
To resolve this issue, contact <a href="https://www.mathworks.com/pi_gene_mci_glnxa64">Technical Support</a>.

                            < M A T L A B (R) >
                  Copyright 1984-2024 The MathWorks, Inc.
                  R2024a (24.1.0.2537033) 64-bit (glnxa64)
                             February 21, 2024

 
To get started, type doc.
For product information, visit www.mathworks.com.
 

indir = 

    "/project/g_bme-janeslab/sarah/critical_radius_updated_IC"


epsilon_name = 

    "0.030019"


R0_name =

    '0.155'


name =

    'phi_128_400000_1.0e-6__R0_0.155_eps_0.030019'

{Error using readmatrix (line 171)
Unable to find or open
'/project/g_bme-janeslab/sarah/critical_radius_updated_IC/phi_128_400000_1.0e-6__R0_0.155_eps_0.030019.txt'.
Check the path and filename or file permissions.

Error in level_set_plot (line 13)
    phi = readmatrix(sprintf('%s/%s.txt', indir, name),'FileType','text');

Error in level_set_radius_array (line 23)
    [rr,tt] = level_set_plot(2.5e-5, indir, total_time, everyR, epsilon_name, R0_name, folder);
} 
An unexpected error has occurred.
To resolve this issue, contact <a href="https://www.mathworks.com/pi_gene_mci_glnxa64">Technical Support</a>.
You already have the most recent version of MATLAB Connector installed.
DONE
