0.125
0.15
0.045
29491
phi_512_29491_1.0e-5__CPC_0.125_cohesin_0.15_eps_0.0096_alpha_0_domain_0_2
/project/g_bme-janeslab/SarahG/julia_out/CPC_geometry/CPC_domain_0_2/phi_512_29491_1.0e-5__CPC_0.125_cohesin_0.15_eps_0.0096_alpha_0_domain_0_2
An unexpected error has occurred.
To resolve this issue, contact <a href="https://www.mathworks.com/pi_gene_mci_glnxa64">Technical Support</a>.
An unexpected error has occurred.
To resolve this issue, contact <a href="https://www.mathworks.com/pi_gene_mci_glnxa64">Technical Support</a>.

                            < M A T L A B (R) >
                  Copyright 1984-2024 The MathWorks, Inc.
                  R2024a (24.1.0.2537033) 64-bit (glnxa64)
                             February 21, 2024

 
To get started, type doc.
For product information, visit www.mathworks.com.
 
You already have the most recent version of MATLAB Drive Connector installed.
Command `client-v1` threw an exception
fl:filesystem:FileExistsError
free(): invalid pointer
malloc_consolidate(): unaligned fastbin chunk detected
/var/spool/slurm/slurmd/job63655633/slurm_script: line 41: 332869 Aborted                 (core dumped) matlab -nodisplay -nosplash -r "kymograph_central_droplets_domain('$indir', '$outdir','$name', $dt, $dtout, false, 0, 6.4);quit;"
Done.
