0.125
0.13
0.045
29491
phi_512_29491_1.0e-5__CPC_0.125_cohesin_0.13_eps_0.0096_alpha_0_domain_0_2
/project/g_bme-janeslab/SarahG/julia_out/CPC_geometry/CPC_domain_0_2/phi_512_29491_1.0e-5__CPC_0.125_cohesin_0.13_eps_0.0096_alpha_0_domain_0_2
terminate called after throwing an instance of 'matlabconnector::installationsregistry::InstallationsRegistryError'
  what():  InstallationsRegistry:getMatlabConnectorVersion: More than one MATLAB Connector records were found

                            < M A T L A B (R) >
                  Copyright 1984-2024 The MathWorks, Inc.
                  R2024a (24.1.0.2537033) 64-bit (glnxa64)
                             February 21, 2024

 
To get started, type doc.
For product information, visit www.mathworks.com.
 
[Warning: Error updating Text.

 String scalar or character vector must have valid interpreter syntax:
phi_512_29491_1.0e-5__CPC_0.125_cohesin_0.13_eps_0.0096_alpha_0_domain_0_2
] 
[> In defaulterrorcallback (line 12)
In print (line 36)
In kymograph_central_droplets_domain (line 66)] 
Done.
