0.22
0.15
0.045
29491
phi_512_29491_1.0e-5__CPC_0.22_cohesin_0.15_eps_0.0096_alpha_0_domain_0_2
/project/g_bme-janeslab/SarahG/julia_out/CPC_geometry/CPC_domain_0_2/phi_512_29491_1.0e-5__CPC_0.22_cohesin_0.15_eps_0.0096_alpha_0_domain_0_2

                            < M A T L A B (R) >
                  Copyright 1984-2024 The MathWorks, Inc.
                  R2024a (24.1.0.2537033) 64-bit (glnxa64)
                             February 21, 2024

 
To get started, type doc.
For product information, visit www.mathworks.com.
 
You already have the most recent version of MATLAB Connector installed.
Launching updater executable

(InstallMathWorksServiceHost:288921): Gtk-WARNING **: 15:04:49.396: cannot open display: 
[Warning: Error updating Text.

 String scalar or character vector must have valid interpreter syntax:
phi_512_29491_1.0e-5__CPC_0.22_cohesin_0.15_eps_0.0096_alpha_0_domain_0_2
] 
[> In defaulterrorcallback (line 12)
In print (line 36)
In kymograph_central_droplets_domain (line 66)] 
Done.
