0.173
0.08
0.03
19661
phi_512_19661_1.0e-5__CPC_0.173_cohesin_0.08_kt_width_0.3_eps_0.0075_domain_0_2
/project/g_bme-janeslab/SarahG/julia_out/CPC_geometry/CPC_domain_0_2_e_0.0075_crosshair/phi_512_19661_1.0e-5__CPC_0.173_cohesin_0.08_kt_width_0.3_eps_0.0075_domain_0_2
An error occurred while extracting product files.
Try rerunning the installer.

For help, see this <a href="https://www.mathworks.com/pi_ee_mci_glnxa64">support article</a>.

                            < M A T L A B (R) >
                  Copyright 1984-2024 The MathWorks, Inc.
             R2024a Update 6 (24.1.0.2689473) 64-bit (glnxa64)
                               July 29, 2024

 
To get started, type doc.
For product information, visit www.mathworks.com.
 
/sfs/gpfs/tardis/home/xpz5km/.MathWorks/ServiceHost/-mw_shared_installs/v2024.7.0.6/mci/bin/glnxa64/InstallMathWorksServiceHost: error while loading shared libraries: /sfs/gpfs/tardis/home/xpz5km/.MathWorks/ServiceHost/-mw_shared_installs/v2024.7.0.6/mci/bin/glnxa64/libmwopczippackage.so: file too short
[Warning: Error updating Text.

 String scalar or character vector must have valid interpreter syntax:
phi_512_19661_1.0e-5__CPC_0.173_cohesin_0.08_kt_width_0.3_eps_0.0075_domain_0_2
] 
[> In defaulterrorcallback (line 12)
In print (line 36)
In kymograph_central_droplets_domain (line 66)] 
Done.
