
                            < M A T L A B (R) >
                  Copyright 1984-2024 The MathWorks, Inc.
                  R2024a (24.1.0.2537033) 64-bit (glnxa64)
                             February 21, 2024

 
To get started, type doc.
For product information, visit www.mathworks.com.
 

everyR =

   100


R0 = 

    "0.07"
Launching updater executable


R0 = 

    "0.08"


R0 = 

    "0.09"


R0 = 

    "0.1"


R0 = 

    "0.11"


R0 = 

    "0.12"


R0 = 

    "0.13"


R0 = 

    "0.14"

{Error using validate (line 135)
The 'fillpage' option is only valid for page formats and printers.

Error in print (line 67)
pj = validate( pj );

Error in f_with_alpha_range_single_droplet (line 34)
print(gcf,sprintf('%s/max_eps_0.045028_alpha_-0.5.png', indir),"-dpng",'-fillpage')
} 
