Fri Aug 16 16:25:11 EDT 2024
0.06 12 10
LOADED MATLAB
0.06
12

                            < M A T L A B (R) >
                  Copyright 1984-2024 The MathWorks, Inc.
                  R2024a (24.1.0.2537033) 64-bit (glnxa64)
                             February 21, 2024

 
To get started, type doc.
For product information, visit www.mathworks.com.
 

eps =

    0.0113


epsilon_name = 

    "0.011257"


R0_name =

    '0.06'


name =

    'phi_256_400000_1.0e-6__256_R0_0.06_eps_0.011257'

You already have the most recent version of MATLAB Connector installed.
Launching updater executable

(InstallMathWorksServiceHost:76288): Gtk-WARNING **: 16:30:24.828: cannot open display: 
You already have the most recent version of MATLAB Connector installed.
Launching updater executable

(InstallMathWorksServiceHost:77089): Gtk-WARNING **: 16:35:43.078: cannot open display: 
You already have the most recent version of MATLAB Connector installed.
Launching updater executable

(InstallMathWorksServiceHost:77937): Gtk-WARNING **: 16:41:00.976: cannot open display: 
You already have the most recent version of MATLAB Connector installed.
Launching updater executable

(InstallMathWorksServiceHost:78745): Gtk-WARNING **: 16:46:19.244: cannot open display: 
malloc_consolidate(): unaligned fastbin chunk detected
You already have the most recent version of MATLAB Connector installed.
Launching updater executable

(InstallMathWorksServiceHost:79603): Gtk-WARNING **: 16:51:37.491: cannot open display: 
pure virtual method called
free(): invalid pointer
pure virtual method called
[Warning: Error updating Text.

 String scalar or character vector must have valid interpreter syntax:
Radius at 0.5 level set
 phi_256_400000_1.0e-6__256_R0_0.06_eps_0.011257
] 
[> In defaulterrorcallback (line 12)
In print (line 36)
In saveas (line 181)
In level_set_plot (line 49)
In level_set_radius_array (line 24)] 

ans =

        4001


ans =

        4001


ans =

        4001


ans =

        4001


ans =

        4001

DONE
