Fri Aug 16 16:25:11 EDT 2024
0.105 12 10
LOADED MATLAB
0.105
12

                            < M A T L A B (R) >
                  Copyright 1984-2024 The MathWorks, Inc.
                  R2024a (24.1.0.2537033) 64-bit (glnxa64)
                             February 21, 2024

 
To get started, type doc.
For product information, visit www.mathworks.com.
 

eps =

    0.0113


epsilon_name = 

    "0.011257"


R0_name =

    '0.105'


name =

    'phi_256_400000_1.0e-6__256_R0_0.105_eps_0.011257'

{Error using reshape
Size arguments must be real integers.

Error in level_set_plot (line 18)
    phi = reshape(phi,phidims(1),phidims(3),phidims(2)); %Reshape multidimensional array

Error in level_set_radius_array (line 24)
    [rr,tt] = level_set_plot(2.5e-5, indir, total_time, everyR, epsilon_name, R0_name, folder, Nx);
} 
DONE
