Fri Aug 16 16:25:11 EDT 2024
0.12 6 10
LOADED MATLAB
0.12
6
terminate called after throwing an instance of 'matlabconnector::installationsregistry::InstallationsRegistryError'
  what():  InstallationsRegistry:getMatlabConnectorVersion: More than one MATLAB Connector records were found

                            < M A T L A B (R) >
                  Copyright 1984-2024 The MathWorks, Inc.
                  R2024a (24.1.0.2537033) 64-bit (glnxa64)
                             February 21, 2024

 
To get started, type doc.
For product information, visit www.mathworks.com.
 

eps =

    0.0056


epsilon_name = 

    "0.0056285"


R0_name =

    '0.12'


name =

    'phi_256_400000_1.0e-6__256_R0_0.12_eps_0.0056285'

You already have the most recent version of MATLAB Connector installed.
Launching updater executable

(InstallMathWorksServiceHost:401891): Gtk-WARNING **: 16:42:39.614: cannot open display: 
You already have the most recent version of MATLAB Connector installed.
Launching updater executable

(InstallMathWorksServiceHost:402689): Gtk-WARNING **: 16:47:57.944: cannot open display: 
You already have the most recent version of MATLAB Connector installed.
Launching updater executable

(InstallMathWorksServiceHost:403544): Gtk-WARNING **: 16:53:16.618: cannot open display: 
pure virtual method called

------------------------------------------------------------------------
          std::terminate() detected at Fri Aug 16 16:53:16 2024
------------------------------------------------------------------------
Architecture     : glnxa64
Processor ID     : Intel(R) Xeon(R) Gold 6248 CPU @ 2.50GHz
Host Name        : udc-an33-20c0
Locale           : en_US


Abnormal termination:
std::terminate()

Current Thread: 'GTP_12' id 23149176461056

Register State (captured):
  RAX = 0000000000000000  RBX = 0000150ddc36b3c8
  RCX = 0000000000000000  RDX = 0000150ddc354e88
  RSP = 0000150dd6707120  RBP = 0000150dd6707500
  RSI = 0000150ddc339f6d  RDI = 0000150dd6707130

   R8 = 0000000000000002   R9 = 0000150dd6707410
  R10 = 0000000000000000  R11 = 0000000000000000
  R12 = 0000150ddc339f6d  R13 = 0000150dd6707570
  R14 = 0000150dd67079e0  R15 = 0000150dd6707e80

  RIP = 0000150ddc2e393f  EFL = 0000000000000000

   CS = 0000   FS = 0000   GS = 0000

Stack Trace (captured):
[  0] 0x0000150ddc2dd433 /sfs/qumulo/qhome/xpz5km/.MathWorks/ServiceHost/udc-an33-20c0/v2024.2.0.3/bin/glnxa64/libmwfl.so+00320563
[  1] 0x0000150ddc2dd67c /sfs/qumulo/qhome/xpz5km/.MathWorks/ServiceHost/udc-an33-20c0/v2024.2.0.3/bin/glnxa64/libmwfl.so+00321148 _ZN10foundation4core4diag15stacktrace_base7captureEm+00000028
[  2] 0x0000150ddc2df4fa /sfs/qumulo/qhome/xpz5km/.MathWorks/ServiceHost/udc-an33-20c0/v2024.2.0.3/bin/glnxa64/libmwfl.so+00328954
[  3] 0x0000150ddc2df7a2 /sfs/qumulo/qhome/xpz5km/.MathWorks/ServiceHost/udc-an33-20c0/v2024.2.0.3/bin/glnxa64/libmwfl.so+00329634
[  4] 0x0000150ddd050901 /sfs/qumulo/qhome/xpz5km/.MathWorks/ServiceHost/udc-an33-20c0/v2024.2.0.3/bin/glnxa64/libmwagentutils.so+00637185
[  5] 0x0000150ddd0517fa /sfs/qumulo/qhome/xpz5km/.MathWorks/ServiceHost/udc-an33-20c0/v2024.2.0.3/bin/glnxa64/libmwagentutils.so+00641018
[  6] 0x0000150ddd051969 /sfs/qumulo/qhome/xpz5km/.MathWorks/ServiceHost/udc-an33-20c0/v2024.2.0.3/bin/glnxa64/libmwagentutils.so+00641385
[  7] 0x0000150ddd04ec98 /sfs/qumulo/qhome/xpz5km/.MathWorks/ServiceHost/udc-an33-20c0/v2024.2.0.3/bin/glnxa64/libmwagentutils.so+00629912
[  8] 0x0000150ddc802efa /sfs/qumulo/qhome/xpz5km/.MathWorks/ServiceHost/udc-an33-20c0/v2024.2.0.3/bin/glnxa64/../../sys/os/glnxa64/libstdc++.so.6+00724730
[  9] 0x0000150ddc802f65 /sfs/qumulo/qhome/xpz5km/.MathWorks/ServiceHost/udc-an33-20c0/v2024.2.0.3/bin/glnxa64/../../sys/os/glnxa64/libstdc++.so.6+00724837
[ 10] 0x0000150ddc803c63 /sfs/qumulo/qhome/xpz5km/.MathWorks/ServiceHost/udc-an33-20c0/v2024.2.0.3/bin/glnxa64/../../sys/os/glnxa64/libstdc++.so.6+00728163
[ 11] 0x0000150dd744a160 /sfs/qumulo/qhome/xpz5km/.MathWorks/ServiceHost/udc-an33-20c0/v2024.2.0.3/bin/glnxa64/libDeclarativeServices.so.1.5.6+00524640
[ 12] 0x0000150dd7461ae9 /sfs/qumulo/qhome/xpz5km/.MathWorks/ServiceHost/udc-an33-20c0/v2024.2.0.3/bin/glnxa64/libDeclarativeServices.so.1.5.6+00621289
[ 13] 0x0000150dd746fba8 /sfs/qumulo/qhome/xpz5km/.MathWorks/ServiceHost/udc-an33-20c0/v2024.2.0.3/bin/glnxa64/libDeclarativeServices.so.1.5.6+00678824
[ 14] 0x0000150dd746636a /sfs/qumulo/qhome/xpz5km/.MathWorks/ServiceHost/udc-an33-20c0/v2024.2.0.3/bin/glnxa64/libDeclarativeServices.so.1.5.6+00639850
[ 15] 0x0000150dd7466aa2 /sfs/qumulo/qhome/xpz5km/.MathWorks/ServiceHost/udc-an33-20c0/v2024.2.0.3/bin/glnxa64/libDeclarativeServices.so.1.5.6+00641698
[ 16] 0x0000150dd74612fc /sfs/qumulo/qhome/xpz5km/.MathWorks/ServiceHost/udc-an33-20c0/v2024.2.0.3/bin/glnxa64/libDeclarativeServices.so.1.5.6+00619260
[ 17] 0x0000150dd7461e12 /sfs/qumulo/qhome/xpz5km/.MathWorks/ServiceHost/udc-an33-20c0/v2024.2.0.3/bin/glnxa64/libDeclarativeServices.so.1.5.6+00622098
[ 18] 0x0000150dd744f993 /sfs/qumulo/qhome/xpz5km/.MathWorks/ServiceHost/udc-an33-20c0/v2024.2.0.3/bin/glnxa64/libDeclarativeServices.so.1.5.6+00547219
[ 19] 0x0000150dd744ca7d /sfs/qumulo/qhome/xpz5km/.MathWorks/ServiceHost/udc-an33-20c0/v2024.2.0.3/bin/glnxa64/libDeclarativeServices.so.1.5.6+00535165
[ 20] 0x0000150dd747c5fe /sfs/qumulo/qhome/xpz5km/.MathWorks/ServiceHost/udc-an33-20c0/v2024.2.0.3/bin/glnxa64/libDeclarativeServices.so.1.5.6+00730622
[ 21] 0x0000150dd73f601b /sfs/qumulo/qhome/xpz5km/.MathWorks/ServiceHost/udc-an33-20c0/v2024.2.0.3/bin/glnxa64/libDeclarativeServices.so.1.5.6+00180251
[ 22] 0x0000150dd7455e53 /sfs/qumulo/qhome/xpz5km/.MathWorks/ServiceHost/udc-an33-20c0/v2024.2.0.3/bin/glnxa64/libDeclarativeServices.so.1.5.6+00573011
[ 23] 0x0000150dd7459899 /sfs/qumulo/qhome/xpz5km/.MathWorks/ServiceHost/udc-an33-20c0/v2024.2.0.3/bin/glnxa64/libDeclarativeServices.so.1.5.6+00587929
[ 24] 0x0000150ddc986e67                             /lib64/libpthread.so.0+00065127
[ 25] 0x0000150dd7453e8d /sfs/qumulo/qhome/xpz5km/.MathWorks/ServiceHost/udc-an33-20c0/v2024.2.0.3/bin/glnxa64/libDeclarativeServices.so.1.5.6+00564877
[ 26] 0x0000150dd7456086 /sfs/qumulo/qhome/xpz5km/.MathWorks/ServiceHost/udc-an33-20c0/v2024.2.0.3/bin/glnxa64/libDeclarativeServices.so.1.5.6+00573574
[ 27] 0x0000150dd7459899 /sfs/qumulo/qhome/xpz5km/.MathWorks/ServiceHost/udc-an33-20c0/v2024.2.0.3/bin/glnxa64/libDeclarativeServices.so.1.5.6+00587929
[ 28] 0x0000150ddc986e67                             /lib64/libpthread.so.0+00065127
[ 29] 0x0000150dd7454008 /sfs/qumulo/qhome/xpz5km/.MathWorks/ServiceHost/udc-an33-20c0/v2024.2.0.3/bin/glnxa64/libDeclarativeServices.so.1.5.6+00565256
[ 30] 0x0000150ddbbc7c34 /sfs/qumulo/qhome/xpz5km/.MathWorks/ServiceHost/udc-an33-20c0/v2024.2.0.3/bin/glnxa64/libmwfoundation_threadpool.so+00146484
[ 31] 0x0000150ddbbcc928 /sfs/qumulo/qhome/xpz5km/.MathWorks/ServiceHost/udc-an33-20c0/v2024.2.0.3/bin/glnxa64/libmwfoundation_threadpool.so+00166184
[ 32] 0x0000150ddbbccd54 /sfs/qumulo/qhome/xpz5km/.MathWorks/ServiceHost/udc-an33-20c0/v2024.2.0.3/bin/glnxa64/libmwfoundation_threadpool.so+00167252
[ 33] 0x0000150ddc82e8c3 /sfs/qumulo/qhome/xpz5km/.MathWorks/ServiceHost/udc-an33-20c0/v2024.2.0.3/bin/glnxa64/../../sys/os/glnxa64/libstdc++.so.6+00903363
[ 34] 0x0000150ddc97f1ca                             /lib64/libpthread.so.0+00033226
[ 35] 0x0000150ddc3a5e73                                   /lib64/libc.so.6+00237171 clone+00000067


** This crash report has been written to /home/xpz5km/.MathWorks/ServiceHost/udc-an33-20c0/logs/MathWorksServiceHost_crash_402739.log **
[Warning: Error updating Text.

 String scalar or character vector must have valid interpreter syntax:
Radius at 0.5 level set
 phi_256_400000_1.0e-6__256_R0_0.12_eps_0.0056285
] 
[> In defaulterrorcallback (line 12)
In print (line 36)
In saveas (line 181)
In level_set_plot (line 49)
In level_set_radius_array (line 24)] 

ans =

        4001


ans =

        4001


ans =

        4001


ans =

        4001


ans =

        4001

DONE
