Fri Aug 16 16:25:11 EDT 2024
0.0925 8 10
LOADED MATLAB
0.0925
8
terminate called after throwing an instance of 'matlabconnector::installationsregistry::InstallationsRegistryError'
  what():  InstallationsRegistry:getMatlabConnectorVersion: More than one MATLAB Connector records were found

                            < M A T L A B (R) >
                  Copyright 1984-2024 The MathWorks, Inc.
                  R2024a (24.1.0.2537033) 64-bit (glnxa64)
                             February 21, 2024

 
To get started, type doc.
For product information, visit www.mathworks.com.
 

eps =

    0.0075


epsilon_name = 

    "0.0075047"


R0_name =

    '0.0925'


name =

    'phi_256_400000_1.0e-6__256_R0_0.0925_eps_0.0075047'

You already have the most recent version of MATLAB Connector installed.
Launching updater executable

(InstallMathWorksServiceHost:292820): Gtk-WARNING **: 16:32:05.458: cannot open display: 
You already have the most recent version of MATLAB Connector installed.
Launching updater executable

(InstallMathWorksServiceHost:293596): Gtk-WARNING **: 16:37:23.353: cannot open display: 
pure virtual method called

------------------------------------------------------------------------
          std::terminate() detected at Fri Aug 16 16:37:23 2024
------------------------------------------------------------------------
Architecture     : glnxa64
Processor ID     : Intel(R) Xeon(R) Gold 6248 CPU @ 2.50GHz
Host Name        : udc-an33-14c0
Locale           : en_US


Abnormal termination:
std::terminate()

Current Thread: 'GTP_10' id 23382003087104

Register State (captured):
  RAX = 0000000000000000  RBX = 000015441100c3c8
  RCX = 0000000000000000  RDX = 0000154410ff5e88
  RSP = 000015440bfcd120  RBP = 000015440bfcd500
  RSI = 0000154410fdaf6d  RDI = 000015440bfcd130

   R8 = 0000000000000002   R9 = 000015440bfcd410
  R10 = 0000000000000000  R11 = 0000000000000000
  R12 = 0000154410fdaf6d  R13 = 000015440bfcd570
  R14 = 000015440bfcd9e0  R15 = 000015440bfcde80

  RIP = 0000154410f8493f  EFL = 0000000000000000

   CS = 0000   FS = 0000   GS = 0000

Stack Trace (captured):
[  0] 0x0000154410f7e433 /sfs/qumulo/qhome/xpz5km/.MathWorks/ServiceHost/udc-an33-14c0/v2024.2.0.3/bin/glnxa64/libmwfl.so+00320563
[  1] 0x0000154410f7e67c /sfs/qumulo/qhome/xpz5km/.MathWorks/ServiceHost/udc-an33-14c0/v2024.2.0.3/bin/glnxa64/libmwfl.so+00321148 _ZN10foundation4core4diag15stacktrace_base7captureEm+00000028
[  2] 0x0000154410f804fa /sfs/qumulo/qhome/xpz5km/.MathWorks/ServiceHost/udc-an33-14c0/v2024.2.0.3/bin/glnxa64/libmwfl.so+00328954
[  3] 0x0000154410f807a2 /sfs/qumulo/qhome/xpz5km/.MathWorks/ServiceHost/udc-an33-14c0/v2024.2.0.3/bin/glnxa64/libmwfl.so+00329634
[  4] 0x0000154411cf1901 /sfs/qumulo/qhome/xpz5km/.MathWorks/ServiceHost/udc-an33-14c0/v2024.2.0.3/bin/glnxa64/libmwagentutils.so+00637185
[  5] 0x0000154411cf27fa /sfs/qumulo/qhome/xpz5km/.MathWorks/ServiceHost/udc-an33-14c0/v2024.2.0.3/bin/glnxa64/libmwagentutils.so+00641018
[  6] 0x0000154411cf2969 /sfs/qumulo/qhome/xpz5km/.MathWorks/ServiceHost/udc-an33-14c0/v2024.2.0.3/bin/glnxa64/libmwagentutils.so+00641385
[  7] 0x0000154411cefc98 /sfs/qumulo/qhome/xpz5km/.MathWorks/ServiceHost/udc-an33-14c0/v2024.2.0.3/bin/glnxa64/libmwagentutils.so+00629912
[  8] 0x00001544114a3efa /sfs/qumulo/qhome/xpz5km/.MathWorks/ServiceHost/udc-an33-14c0/v2024.2.0.3/bin/glnxa64/../../sys/os/glnxa64/libstdc++.so.6+00724730
[  9] 0x00001544114a3f65 /sfs/qumulo/qhome/xpz5km/.MathWorks/ServiceHost/udc-an33-14c0/v2024.2.0.3/bin/glnxa64/../../sys/os/glnxa64/libstdc++.so.6+00724837
[ 10] 0x00001544114a4c63 /sfs/qumulo/qhome/xpz5km/.MathWorks/ServiceHost/udc-an33-14c0/v2024.2.0.3/bin/glnxa64/../../sys/os/glnxa64/libstdc++.so.6+00728163
[ 11] 0x000015440c0eb160 /sfs/qumulo/qhome/xpz5km/.MathWorks/ServiceHost/udc-an33-14c0/v2024.2.0.3/bin/glnxa64/libDeclarativeServices.so.1.5.6+00524640
[ 12] 0x000015440c102ae9 /sfs/qumulo/qhome/xpz5km/.MathWorks/ServiceHost/udc-an33-14c0/v2024.2.0.3/bin/glnxa64/libDeclarativeServices.so.1.5.6+00621289
[ 13] 0x000015440c110ba8 /sfs/qumulo/qhome/xpz5km/.MathWorks/ServiceHost/udc-an33-14c0/v2024.2.0.3/bin/glnxa64/libDeclarativeServices.so.1.5.6+00678824
[ 14] 0x000015440c10736a /sfs/qumulo/qhome/xpz5km/.MathWorks/ServiceHost/udc-an33-14c0/v2024.2.0.3/bin/glnxa64/libDeclarativeServices.so.1.5.6+00639850
[ 15] 0x000015440c107aa2 /sfs/qumulo/qhome/xpz5km/.MathWorks/ServiceHost/udc-an33-14c0/v2024.2.0.3/bin/glnxa64/libDeclarativeServices.so.1.5.6+00641698
[ 16] 0x000015440c1022fc /sfs/qumulo/qhome/xpz5km/.MathWorks/ServiceHost/udc-an33-14c0/v2024.2.0.3/bin/glnxa64/libDeclarativeServices.so.1.5.6+00619260
[ 17] 0x000015440c102e12 /sfs/qumulo/qhome/xpz5km/.MathWorks/ServiceHost/udc-an33-14c0/v2024.2.0.3/bin/glnxa64/libDeclarativeServices.so.1.5.6+00622098
[ 18] 0x000015440c0f0993 /sfs/qumulo/qhome/xpz5km/.MathWorks/ServiceHost/udc-an33-14c0/v2024.2.0.3/bin/glnxa64/libDeclarativeServices.so.1.5.6+00547219
[ 19] 0x000015440c0eda7d /sfs/qumulo/qhome/xpz5km/.MathWorks/ServiceHost/udc-an33-14c0/v2024.2.0.3/bin/glnxa64/libDeclarativeServices.so.1.5.6+00535165
[ 20] 0x000015440c11d5fe /sfs/qumulo/qhome/xpz5km/.MathWorks/ServiceHost/udc-an33-14c0/v2024.2.0.3/bin/glnxa64/libDeclarativeServices.so.1.5.6+00730622
[ 21] 0x000015440c09701b /sfs/qumulo/qhome/xpz5km/.MathWorks/ServiceHost/udc-an33-14c0/v2024.2.0.3/bin/glnxa64/libDeclarativeServices.so.1.5.6+00180251
[ 22] 0x000015440c0f6e53 /sfs/qumulo/qhome/xpz5km/.MathWorks/ServiceHost/udc-an33-14c0/v2024.2.0.3/bin/glnxa64/libDeclarativeServices.so.1.5.6+00573011
[ 23] 0x000015440c0fa899 /sfs/qumulo/qhome/xpz5km/.MathWorks/ServiceHost/udc-an33-14c0/v2024.2.0.3/bin/glnxa64/libDeclarativeServices.so.1.5.6+00587929
[ 24] 0x0000154411627e67                             /lib64/libpthread.so.0+00065127
[ 25] 0x000015440c0f4e8d /sfs/qumulo/qhome/xpz5km/.MathWorks/ServiceHost/udc-an33-14c0/v2024.2.0.3/bin/glnxa64/libDeclarativeServices.so.1.5.6+00564877
[ 26] 0x000015440c0f7086 /sfs/qumulo/qhome/xpz5km/.MathWorks/ServiceHost/udc-an33-14c0/v2024.2.0.3/bin/glnxa64/libDeclarativeServices.so.1.5.6+00573574
[ 27] 0x000015440c0fa899 /sfs/qumulo/qhome/xpz5km/.MathWorks/ServiceHost/udc-an33-14c0/v2024.2.0.3/bin/glnxa64/libDeclarativeServices.so.1.5.6+00587929
[ 28] 0x0000154411627e67                             /lib64/libpthread.so.0+00065127
[ 29] 0x000015440c0f5008 /sfs/qumulo/qhome/xpz5km/.MathWorks/ServiceHost/udc-an33-14c0/v2024.2.0.3/bin/glnxa64/libDeclarativeServices.so.1.5.6+00565256
[ 30] 0x0000154410868c34 /sfs/qumulo/qhome/xpz5km/.MathWorks/ServiceHost/udc-an33-14c0/v2024.2.0.3/bin/glnxa64/libmwfoundation_threadpool.so+00146484
[ 31] 0x000015441086d928 /sfs/qumulo/qhome/xpz5km/.MathWorks/ServiceHost/udc-an33-14c0/v2024.2.0.3/bin/glnxa64/libmwfoundation_threadpool.so+00166184
[ 32] 0x000015441086dd54 /sfs/qumulo/qhome/xpz5km/.MathWorks/ServiceHost/udc-an33-14c0/v2024.2.0.3/bin/glnxa64/libmwfoundation_threadpool.so+00167252
[ 33] 0x00001544114cf8c3 /sfs/qumulo/qhome/xpz5km/.MathWorks/ServiceHost/udc-an33-14c0/v2024.2.0.3/bin/glnxa64/../../sys/os/glnxa64/libstdc++.so.6+00903363
[ 34] 0x00001544116201ca                             /lib64/libpthread.so.0+00033226
[ 35] 0x0000154411046e73                                   /lib64/libc.so.6+00237171 clone+00000067


** This crash report has been written to /home/xpz5km/.MathWorks/ServiceHost/udc-an33-14c0/logs/MathWorksServiceHost_crash_292860.log **
You already have the most recent version of MATLAB Connector installed.
Launching updater executable

(InstallMathWorksServiceHost:294445): Gtk-WARNING **: 16:42:41.107: cannot open display: 
You already have the most recent version of MATLAB Connector installed.
Launching updater executable

(InstallMathWorksServiceHost:295216): Gtk-WARNING **: 16:47:59.178: cannot open display: 
malloc_consolidate(): unaligned fastbin chunk detected
You already have the most recent version of MATLAB Connector installed.
Launching updater executable

(InstallMathWorksServiceHost:296094): Gtk-WARNING **: 16:53:17.558: cannot open display: 
[Warning: Error updating Text.

 String scalar or character vector must have valid interpreter syntax:
Radius at 0.5 level set
 phi_256_400000_1.0e-6__256_R0_0.0925_eps_0.0075047
] 
[> In defaulterrorcallback (line 12)
In print (line 36)
In saveas (line 181)
In level_set_plot (line 49)
In level_set_radius_array (line 24)] 

ans =

        4001


ans =

        4001


ans =

        4001


ans =

        4001


ans =

        4001

DONE
