Tue Oct 8 13:31:54 EDT 2024
0.05 0.0018761 10 0.5 256
MODULES LOADED
ERROR: LoadError: SystemError: close: Disk quota exceeded
Stacktrace:
 [1] systemerror(p::String, errno::Int32; extrainfo::Nothing)
   @ Base ./error.jl:176
 [2] #systemerror#82
   @ ./error.jl:175 [inlined]
 [3] systemerror
   @ ./error.jl:175 [inlined]
 [4] close(s::IOStream)
   @ Base ./iostream.jl:63
 [5] open(::var"#17#21", ::String, ::Vararg{String}; kwargs::Base.Pairs{Symbol, Bool, Tuple{Symbol}, NamedTuple{(:lock,), Tuple{Bool}}})
   @ Base ./io.jl:397
 [6] open
   @ ./io.jl:392 [inlined]
 [7] main_w_alpha(oc::Matrix{Float64}, nx::Int64, tol::Float64, outdir::String; max_it::Int64, max_it_CH::Int64, suffix::String, overwrite::Bool, print_phi::Bool, print_mass::Bool, print_e::Bool, dt::Float64, M::Int64, ns::Int64, gam::Float64, alpha::Float64, check_dir::Bool)
   @ Main /sfs/qumulo/qhome/xpz5km/Cahn_Hilliard_Model/alpha/CH_multigrid_solver_with_alpha_v2.jl:499
 [8] top-level scope
   @ ./timing.jl:393
in expression starting at /sfs/qumulo/qhome/xpz5km/Cahn_Hilliard_Model/alpha/julia_run_critical_radius_alpha_v3.jl:40
0.05
starting initialization
starting ch solver
phi
nx = 256, ny = 256, dt = 2.5e-5, epsilon = 0.0018761, max_it = 400000,max_it_CH= 10000, ns = 10, n_level = 8
10
20
30
40
50
60
70
80
90
100
110
120
130
140
150
160
170
180
190
200
210
220
230
240
250
260
270
280
290
300
310
320
330
340
350
360
370
380
390
400
410
420
430
440
450
460
470
480
490
500
510
520
530
540
550
560
570
580
590
600
610
620
630
640
650
660
670
680
690
700
710
720
730
740
750
760
770
780
790
800
810
820
830
840
850
860
870
880
890
900
910
920
930
940
950
960
970
980
990
1000
1010
1020
1030
1040
1050
1060
1070
1080
1090
1100
1110
1120
1130
1140
1150
1160
1170
1180
1190
1200
1210
1220
1230
1240
1250
1260
1270
1280
1290
1300
1310
1320
1330
1340
1350
1360
1370
1380
1390
1400
1410
1420
1430
1440
1450
1460
1470
1480
1490
1500
1510
1520
1530
1540
1550
1560
1570
1580
1590
1600
1610
1620
1630
1640
1650
1660
1670
1680
1690
1700
1710
1720
1730
1740
1750
1760
1770
1780
1790
1800
1810
1820
1830
1840
1850
1860
1870
1880
1890
1900
1910
1920
1930
1940
1950
1960
1970
1980
1990
2000
2010
2020
2030
2040
2050
2060
2070
2080
2090
2100
2110
2120
2130
2140
2150
2160
2170
2180
DONE
