Fri Jun 21 09:41:08 EDT 2024
0.16 21.32002 10 0.2
LOADED MATLAB
0.16
21.32002
0.2

                            < M A T L A B (R) >
                  Copyright 1984-2024 The MathWorks, Inc.
                  R2024a (24.1.0.2537033) 64-bit (glnxa64)
                             February 21, 2024

 
To get started, type doc.
For product information, visit www.mathworks.com.
 

indir = 

    "/scratch/xpz5km/Cahn_Hilliard_Model/julia_out/critical_radius_alpha"


epsilon_name = 

    "0.04"


R0_name =

    '0.16'


alpha_name =

    '0.2'


alpha =

    '0.2'


name =

    'phi_128_400000_1.0e-6__R0_0.16_eps_0.04_alpha_0.2'

Command `client-v1` threw an exception
Failed to publish ServiceInterface (credentials) to ServicePublisher legacyservicepublisher for PublisherConfiguration msh::rcf::common::default from msh::rcf::common

------------------------------------------------------------------------
       Segmentation violation detected at Fri Jun 21 09:45:46 2024
------------------------------------------------------------------------
Architecture     : glnxa64
Processor ID     : Intel(R) Xeon(R) Gold 6248 CPU @ 2.50GHz
Host Name        : udc-an33-19c0
Locale           : en_US


Abnormal termination:
Segmentation violation

Current Thread: 'FTP_2_2' id 22575436191488

Register State (from fault):
  RAX = 0000000000a3c938  RBX = 00000000000000fe
  RCX = 0000000000000001  RDX = 0000000000000003
  RSP = 0000148840dac330  RBP = 0000148840dac4b0
  RSI = 0000148858338cb0  RDI = 0000148858338c40

   R8 = 0000148858148460   R9 = 0000000000a3c938
  R10 = 000000000000ff01  R11 = 0000148858338cb0
  R12 = 0000148840dac3a0  R13 = 0000148858338cd8
  R14 = 00001488651956f0  R15 = 0000148840dac360

  RIP = 0000148841461658  EFL = 0000000000010202

   CS = 0033   FS = 0000   GS = 0000

Stack Trace (from fault):
[  0] 0x0000148841461658 /sfs/qumulo/qhome/xpz5km/.MathWorks/ServiceHost/udc-an33-19c0/v2024.6.0.6/bin/glnxa64/spf/serviceproviders/login/spf/matlabloginserviceprovider/libmwmatlabloginserviceprovider.so+00370264
[  1] 0x000014885d0d4a97 /sfs/qumulo/qhome/xpz5km/.MathWorks/ServiceHost/udc-an33-19c0/v2024.6.0.6/bin/glnxa64/spf/servicepublishers/agent/spf/legacyservicepublisher/../../../../../../../bin/glnxa64/libmwagentspflegacyservicewrapper.so+00187031
[  2] 0x000014885eff146b /sfs/qumulo/qhome/xpz5km/.MathWorks/ServiceHost/udc-an33-19c0/v2024.6.0.6/bin/glnxa64/mathworksservicehost/rcf/matlabconnector/serviceprocess/rcf/client-v1/../../../../../../../../bin/glnxa64/libmwagentspfcore.so+00152683 _ZNK5agent3spf4core16ExportedFunctionclEON10foundation10concurrent10threadpool10stop_tokenEONS1_14GenericPayloadE+00000347
[  3] 0x000014885d0c65f6 /sfs/qumulo/qhome/xpz5km/.MathWorks/ServiceHost/udc-an33-19c0/v2024.6.0.6/bin/glnxa64/spf/servicepublishers/agent/spf/legacyservicepublisher/../../../../../../../bin/glnxa64/libmwagentspflegacyservicewrapper.so+00128502
[  4] 0x000014885d0c6681 /sfs/qumulo/qhome/xpz5km/.MathWorks/ServiceHost/udc-an33-19c0/v2024.6.0.6/bin/glnxa64/spf/servicepublishers/agent/spf/legacyservicepublisher/../../../../../../../bin/glnxa64/libmwagentspflegacyservicewrapper.so+00128641
[  5] 0x000014885d02d060 /sfs/qumulo/qhome/xpz5km/.MathWorks/ServiceHost/udc-an33-19c0/v2024.6.0.6/bin/glnxa64/spf/servicepublishers/agent/spf/legacyservicepublisher/../../../../../../../bin/glnxa64/libmwagentnanomsgtransport.so+00082016
[  6] 0x00001488644b1c34 /sfs/qumulo/qhome/xpz5km/.MathWorks/ServiceHost/udc-an33-19c0/v2024.6.0.6/bin/glnxa64/libmwfoundation_threadpool.so+00146484
[  7] 0x00001488644b6928 /sfs/qumulo/qhome/xpz5km/.MathWorks/ServiceHost/udc-an33-19c0/v2024.6.0.6/bin/glnxa64/libmwfoundation_threadpool.so+00166184
[  8] 0x00001488644b6d54 /sfs/qumulo/qhome/xpz5km/.MathWorks/ServiceHost/udc-an33-19c0/v2024.6.0.6/bin/glnxa64/libmwfoundation_threadpool.so+00167252
[  9] 0x000014886503d8c3 /sfs/qumulo/qhome/xpz5km/.MathWorks/ServiceHost/udc-an33-19c0/v2024.6.0.6/bin/glnxa64/../../sys/os/glnxa64/libstdc++.so.6+00903363
[ 10] 0x000014886518e1ca                             /lib64/libpthread.so.0+00033226
[ 11] 0x0000148864bb4e73                                   /lib64/libc.so.6+00237171 clone+00000067


** This crash report has been written to /home/xpz5km/.MathWorks/ServiceHost/udc-an33-19c0/logs/MathWorksServiceHost_crash_443340.log **
[Warning: Error updating Text.

 String scalar or character vector must have valid interpreter syntax:
Radius at 0.5 level set
 phi_128_400000_1.0e-6__R0_0.16_eps_0.04_alpha_0.2
] 
[> In defaulterrorcallback (line 12)
In print (line 36)
In saveas (line 181)
In level_set_plot_alpha (line 50)
In level_set_radius_array_alpha (line 25)] 

ans =

        4001


ans =

        4001


ans =

        4001


ans =

        4001


ans =

        4001

DONE
