Fri Jun 21 09:41:08 EDT 2024
0.2 24 10 0.2
LOADED MATLAB
0.2
24
0.2

                            < M A T L A B (R) >
                  Copyright 1984-2024 The MathWorks, Inc.
                  R2024a (24.1.0.2537033) 64-bit (glnxa64)
                             February 21, 2024

 
To get started, type doc.
For product information, visit www.mathworks.com.
 

indir = 

    "/scratch/xpz5km/Cahn_Hilliard_Model/julia_out/critical_radius_alpha"


epsilon_name = 

    "0.045028"


R0_name =

    '0.2'


alpha_name =

    '0.2'


alpha =

    '0.2'


name =

    'phi_128_400000_1.0e-6__R0_0.2_eps_0.045028_alpha_0.2'

Command `client-v1` threw an exception
Failed to publish ServiceInterface (MatlabLogin) to ServicePublisher legacyservicepublisher for PublisherConfiguration msh::rcf::common::default from msh::rcf::common
/sfs/qumulo/qhome/xpz5km/.MathWorks/ServiceHost/udc-an33-3c0/v2024.6.0.6/bin/glnxa64/MathWorksServiceHost: /lib64/libstdc++.so.6: version `GLIBCXX_3.4.29' not found (required by /sfs/qumulo/qhome/xpz5km/.MathWorks/ServiceHost/udc-an33-3c0/v2024.6.0.6/bin/glnxa64/MathWorksServiceHost)
/sfs/qumulo/qhome/xpz5km/.MathWorks/ServiceHost/udc-an33-3c0/v2024.6.0.6/bin/glnxa64/MathWorksServiceHost: /lib64/libstdc++.so.6: version `GLIBCXX_3.4.30' not found (required by /sfs/qumulo/qhome/xpz5km/.MathWorks/ServiceHost/udc-an33-3c0/v2024.6.0.6/bin/glnxa64/MathWorksServiceHost)
/sfs/qumulo/qhome/xpz5km/.MathWorks/ServiceHost/udc-an33-3c0/v2024.6.0.6/bin/glnxa64/MathWorksServiceHost: /lib64/libstdc++.so.6: version `GLIBCXX_3.4.30' not found (required by /sfs/qumulo/qhome/xpz5km/.MathWorks/ServiceHost/udc-an33-3c0/v2024.6.0.6/bin/glnxa64/libmwagentutils.so)
/sfs/qumulo/qhome/xpz5km/.MathWorks/ServiceHost/udc-an33-3c0/v2024.6.0.6/bin/glnxa64/MathWorksServiceHost: /lib64/libstdc++.so.6: version `GLIBCXX_3.4.29' not found (required by /sfs/qumulo/qhome/xpz5km/.MathWorks/ServiceHost/udc-an33-3c0/v2024.6.0.6/bin/glnxa64/libmwagentutils.so)
/sfs/qumulo/qhome/xpz5km/.MathWorks/ServiceHost/udc-an33-3c0/v2024.6.0.6/bin/glnxa64/MathWorksServiceHost: /lib64/libstdc++.so.6: version `GLIBCXX_3.4.30' not found (required by /sfs/qumulo/qhome/xpz5km/.MathWorks/ServiceHost/udc-an33-3c0/v2024.6.0.6/bin/glnxa64/libmwcppmicroservices.so)
/sfs/qumulo/qhome/xpz5km/.MathWorks/ServiceHost/udc-an33-3c0/v2024.6.0.6/bin/glnxa64/MathWorksServiceHost: /lib64/libstdc++.so.6: version `GLIBCXX_3.4.29' not found (required by /sfs/qumulo/qhome/xpz5km/.MathWorks/ServiceHost/udc-an33-3c0/v2024.6.0.6/bin/glnxa64/libmwcppmicroservices.so)
/sfs/qumulo/qhome/xpz5km/.MathWorks/ServiceHost/udc-an33-3c0/v2024.6.0.6/bin/glnxa64/MathWorksServiceHost: /lib64/libstdc++.so.6: version `CXXABI_1.3.13' not found (required by /sfs/qumulo/qhome/xpz5km/.MathWorks/ServiceHost/udc-an33-3c0/v2024.6.0.6/bin/glnxa64/libmwcppmicroservices.so)
/sfs/qumulo/qhome/xpz5km/.MathWorks/ServiceHost/udc-an33-3c0/v2024.6.0.6/bin/glnxa64/MathWorksServiceHost: /lib64/libstdc++.so.6: version `CXXABI_1.3.13' not found (required by /sfs/qumulo/qhome/xpz5km/.MathWorks/ServiceHost/udc-an33-3c0/v2024.6.0.6/bin/glnxa64/libmwfl.so)
/sfs/qumulo/qhome/xpz5km/.MathWorks/ServiceHost/udc-an33-3c0/v2024.6.0.6/bin/glnxa64/MathWorksServiceHost: /lib64/libstdc++.so.6: version `GLIBCXX_3.4.29' not found (required by /sfs/qumulo/qhome/xpz5km/.MathWorks/ServiceHost/udc-an33-3c0/v2024.6.0.6/bin/glnxa64/libmwfl.so)
/sfs/qumulo/qhome/xpz5km/.MathWorks/ServiceHost/udc-an33-3c0/v2024.6.0.6/bin/glnxa64/MathWorksServiceHost: /lib64/libstdc++.so.6: version `GLIBCXX_3.4.26' not found (required by /sfs/qumulo/qhome/xpz5km/.MathWorks/ServiceHost/udc-an33-3c0/v2024.6.0.6/bin/glnxa64/libmwfl.so)
/sfs/qumulo/qhome/xpz5km/.MathWorks/ServiceHost/udc-an33-3c0/v2024.6.0.6/bin/glnxa64/MathWorksServiceHost: /lib64/libstdc++.so.6: version `GLIBCXX_3.4.26' not found (required by /sfs/qumulo/qhome/xpz5km/.MathWorks/ServiceHost/udc-an33-3c0/v2024.6.0.6/bin/glnxa64/libmwfoundation_filesystem.so)
/sfs/qumulo/qhome/xpz5km/.MathWorks/ServiceHost/udc-an33-3c0/v2024.6.0.6/bin/glnxa64/MathWorksServiceHost: /lib64/libstdc++.so.6: version `GLIBCXX_3.4.29' not found (required by /sfs/qumulo/qhome/xpz5km/.MathWorks/ServiceHost/udc-an33-3c0/v2024.6.0.6/bin/glnxa64/libmwfoundation_filesystem.so)
/sfs/qumulo/qhome/xpz5km/.MathWorks/ServiceHost/udc-an33-3c0/v2024.6.0.6/bin/glnxa64/MathWorksServiceHost: /lib64/libstdc++.so.6: version `GLIBCXX_3.4.29' not found (required by /sfs/qumulo/qhome/xpz5km/.MathWorks/ServiceHost/udc-an33-3c0/v2024.6.0.6/bin/glnxa64/libmwfoundation_usm.so)
/sfs/qumulo/qhome/xpz5km/.MathWorks/ServiceHost/udc-an33-3c0/v2024.6.0.6/bin/glnxa64/MathWorksServiceHost: /lib64/libstdc++.so.6: version `CXXABI_1.3.13' not found (required by /sfs/qumulo/qhome/xpz5km/.MathWorks/ServiceHost/udc-an33-3c0/v2024.6.0.6/bin/glnxa64/libmwi18n.so)
/sfs/qumulo/qhome/xpz5km/.MathWorks/ServiceHost/udc-an33-3c0/v2024.6.0.6/bin/glnxa64/MathWorksServiceHost: /lib64/libstdc++.so.6: version `GLIBCXX_3.4.29' not found (required by /sfs/qumulo/qhome/xpz5km/.MathWorks/ServiceHost/udc-an33-3c0/v2024.6.0.6/bin/glnxa64/libmwi18n.so)
/sfs/qumulo/qhome/xpz5km/.MathWorks/ServiceHost/udc-an33-3c0/v2024.6.0.6/bin/glnxa64/MathWorksServiceHost: /lib64/libstdc++.so.6: version `GLIBCXX_3.4.26' not found (required by /sfs/qumulo/qhome/xpz5km/.MathWorks/ServiceHost/udc-an33-3c0/v2024.6.0.6/bin/glnxa64/libmwi18n.so)
/sfs/qumulo/qhome/xpz5km/.MathWorks/ServiceHost/udc-an33-3c0/v2024.6.0.6/bin/glnxa64/MathWorksServiceHost: /lib64/libstdc++.so.6: version `GLIBCXX_3.4.29' not found (required by /sfs/qumulo/qhome/xpz5km/.MathWorks/ServiceHost/udc-an33-3c0/v2024.6.0.6/bin/glnxa64/libmwcpp11compat.so)
/sfs/qumulo/qhome/xpz5km/.MathWorks/ServiceHost/udc-an33-3c0/v2024.6.0.6/bin/glnxa64/MathWorksServiceHost: /lib64/libstdc++.so.6: version `GLIBCXX_3.4.26' not found (required by /sfs/qumulo/qhome/xpz5km/.MathWorks/ServiceHost/udc-an33-3c0/v2024.6.0.6/bin/glnxa64/libCppMicroServices.so.3.8.1)
/sfs/qumulo/qhome/xpz5km/.MathWorks/ServiceHost/udc-an33-3c0/v2024.6.0.6/bin/glnxa64/MathWorksServiceHost: /lib64/libstdc++.so.6: version `GLIBCXX_3.4.29' not found (required by /sfs/qumulo/qhome/xpz5km/.MathWorks/ServiceHost/udc-an33-3c0/v2024.6.0.6/bin/glnxa64/libmwflurlmanager.so)
/sfs/qumulo/qhome/xpz5km/.MathWorks/ServiceHost/udc-an33-3c0/v2024.6.0.6/bin/glnxa64/MathWorksServiceHost: /lib64/libstdc++.so.6: version `GLIBCXX_3.4.29' not found (required by /sfs/qumulo/qhome/xpz5km/.MathWorks/ServiceHost/udc-an33-3c0/v2024.6.0.6/bin/glnxa64/libmwfoundation_log.so)
/sfs/qumulo/qhome/xpz5km/.MathWorks/ServiceHost/udc-an33-3c0/v2024.6.0.6/bin/glnxa64/MathWorksServiceHost: /lib64/libstdc++.so.6: version `GLIBCXX_3.4.26' not found (required by /sfs/qumulo/qhome/xpz5km/.MathWorks/ServiceHost/udc-an33-3c0/v2024.6.0.6/bin/glnxa64/libmwboost_log.so.1.81.0)
/sfs/qumulo/qhome/xpz5km/.MathWorks/ServiceHost/udc-an33-3c0/v2024.6.0.6/bin/glnxa64/MathWorksServiceHost: /lib64/libstdc++.so.6: version `GLIBCXX_3.4.29' not found (required by /sfs/qumulo/qhome/xpz5km/.MathWorks/ServiceHost/udc-an33-3c0/v2024.6.0.6/bin/glnxa64/libmwboost_log.so.1.81.0)
/sfs/qumulo/qhome/xpz5km/.MathWorks/ServiceHost/udc-an33-3c0/v2024.6.0.6/bin/glnxa64/MathWorksServiceHost: /lib64/libstdc++.so.6: version `CXXABI_1.3.13' not found (required by /sfs/qumulo/qhome/xpz5km/.MathWorks/ServiceHost/udc-an33-3c0/v2024.6.0.6/bin/glnxa64/libmwboost_log.so.1.81.0)
/sfs/qumulo/qhome/xpz5km/.MathWorks/ServiceHost/udc-an33-3c0/v2024.6.0.6/bin/glnxa64/MathWorksServiceHost: /lib64/libstdc++.so.6: version `GLIBCXX_3.4.26' not found (required by /sfs/qumulo/qhome/xpz5km/.MathWorks/ServiceHost/udc-an33-3c0/v2024.6.0.6/bin/glnxa64/libmwboost_thread.so.1.81.0)
/sfs/qumulo/qhome/xpz5km/.MathWorks/ServiceHost/udc-an33-3c0/v2024.6.0.6/bin/glnxa64/MathWorksServiceHost: /lib64/libstdc++.so.6: version `CXXABI_1.3.13' not found (required by /sfs/qumulo/qhome/xpz5km/.MathWorks/ServiceHost/udc-an33-3c0/v2024.6.0.6/bin/glnxa64/libmwfoundation_threadpool.so)
/sfs/qumulo/qhome/xpz5km/.MathWorks/ServiceHost/udc-an33-3c0/v2024.6.0.6/bin/glnxa64/MathWorksServiceHost: /lib64/libstdc++.so.6: version `GLIBCXX_3.4.30' not found (required by /sfs/qumulo/qhome/xpz5km/.MathWorks/ServiceHost/udc-an33-3c0/v2024.6.0.6/bin/glnxa64/libmwfoundation_threadpool.so)
/sfs/qumulo/qhome/xpz5km/.MathWorks/ServiceHost/udc-an33-3c0/v2024.6.0.6/bin/glnxa64/MathWorksServiceHost: /lib64/libstdc++.so.6: version `GLIBCXX_3.4.29' not found (required by /sfs/qumulo/qhome/xpz5km/.MathWorks/ServiceHost/udc-an33-3c0/v2024.6.0.6/bin/glnxa64/libmwfoundation_threadpool.so)
/sfs/qumulo/qhome/xpz5km/.MathWorks/ServiceHost/udc-an33-3c0/v2024.6.0.6/bin/glnxa64/MathWorksServiceHost: /lib64/libstdc++.so.6: version `CXXABI_1.3.13' not found (required by /sfs/qumulo/qhome/xpz5km/.MathWorks/ServiceHost/udc-an33-3c0/v2024.6.0.6/bin/glnxa64/libmwflcertificates.so)
/sfs/qumulo/qhome/xpz5km/.MathWorks/ServiceHost/udc-an33-3c0/v2024.6.0.6/bin/glnxa64/MathWorksServiceHost: /lib64/libstdc++.so.6: version `GLIBCXX_3.4.29' not found (required by /sfs/qumulo/qhome/xpz5km/.MathWorks/ServiceHost/udc-an33-3c0/v2024.6.0.6/bin/glnxa64/libmwflcertificates.so)
/sfs/qumulo/qhome/xpz5km/.MathWorks/ServiceHost/udc-an33-3c0/v2024.6.0.6/bin/glnxa64/MathWorksServiceHost: /lib64/libstdc++.so.6: version `GLIBCXX_3.4.26' not found (required by /sfs/qumulo/qhome/xpz5km/.MathWorks/ServiceHost/udc-an33-3c0/v2024.6.0.6/bin/glnxa64/libmwflcertificates.so)
/sfs/qumulo/qhome/xpz5km/.MathWorks/ServiceHost/udc-an33-3c0/v2024.6.0.6/bin/glnxa64/MathWorksServiceHost: /lib64/libstdc++.so.6: version `GLIBCXX_3.4.29' not found (required by /sfs/qumulo/qhome/xpz5km/.MathWorks/ServiceHost/udc-an33-3c0/v2024.6.0.6/bin/glnxa64/libmwflcodesigning_verifier.so)
/sfs/qumulo/qhome/xpz5km/.MathWorks/ServiceHost/udc-an33-3c0/v2024.6.0.6/bin/glnxa64/MathWorksServiceHost: /lib64/libstdc++.so.6: version `CXXABI_1.3.13' not found (required by /sfs/qumulo/qhome/xpz5km/.MathWorks/ServiceHost/udc-an33-3c0/v2024.6.0.6/bin/glnxa64/libmwflnetwork.so)
/sfs/qumulo/qhome/xpz5km/.MathWorks/ServiceHost/udc-an33-3c0/v2024.6.0.6/bin/glnxa64/MathWorksServiceHost: /lib64/libstdc++.so.6: version `GLIBCXX_3.4.29' not found (required by /sfs/qumulo/qhome/xpz5km/.MathWorks/ServiceHost/udc-an33-3c0/v2024.6.0.6/bin/glnxa64/libmwflnetwork.so)
/sfs/qumulo/qhome/xpz5km/.MathWorks/ServiceHost/udc-an33-3c0/v2024.6.0.6/bin/glnxa64/MathWorksServiceHost: /lib64/libstdc++.so.6: version `GLIBCXX_3.4.26' not found (required by /sfs/qumulo/qhome/xpz5km/.MathWorks/ServiceHost/udc-an33-3c0/v2024.6.0.6/bin/glnxa64/libmwflnetwork.so)
/sfs/qumulo/qhome/xpz5km/.MathWorks/ServiceHost/udc-an33-3c0/v2024.6.0.6/bin/glnxa64/MathWorksServiceHost: /lib64/libstdc++.so.6: version `GLIBCXX_3.4.29' not found (required by /sfs/qumulo/qhome/xpz5km/.MathWorks/ServiceHost/udc-an33-3c0/v2024.6.0.6/bin/glnxa64/libmwboost_serialization.so.1.81.0)
/sfs/qumulo/qhome/xpz5km/.MathWorks/ServiceHost/udc-an33-3c0/v2024.6.0.6/bin/glnxa64/MathWorksServiceHost: /lib64/libstdc++.so.6: version `GLIBCXX_3.4.29' not found (required by /sfs/qumulo/qhome/xpz5km/.MathWorks/ServiceHost/udc-an33-3c0/v2024.6.0.6/bin/glnxa64/libmwflcryptoutils.so)
/sfs/qumulo/qhome/xpz5km/.MathWorks/ServiceHost/udc-an33-3c0/v2024.6.0.6/bin/glnxa64/MathWorksServiceHost: /lib64/libstdc++.so.6: version `GLIBCXX_3.4.26' not found (required by /sfs/qumulo/qhome/xpz5km/.MathWorks/ServiceHost/udc-an33-3c0/v2024.6.0.6/bin/glnxa64/libmwflcryptocryptopp.so)
/sfs/qumulo/qhome/xpz5km/.MathWorks/ServiceHost/udc-an33-3c0/v2024.6.0.6/bin/glnxa64/MathWorksServiceHost: /lib64/libstdc++.so.6: version `GLIBCXX_3.4.26' not found (required by /sfs/qumulo/qhome/xpz5km/.MathWorks/ServiceHost/udc-an33-3c0/v2024.6.0.6/bin/glnxa64/libPocoNet.so.94)
/sfs/qumulo/qhome/xpz5km/.MathWorks/ServiceHost/udc-an33-3c0/v2024.6.0.6/bin/glnxa64/MathWorksServiceHost: /lib64/libstdc++.so.6: version `GLIBCXX_3.4.29' not found (required by /sfs/qumulo/qhome/xpz5km/.MathWorks/ServiceHost/udc-an33-3c0/v2024.6.0.6/bin/glnxa64/MathWorksServiceHost)
/sfs/qumulo/qhome/xpz5km/.MathWorks/ServiceHost/udc-an33-3c0/v2024.6.0.6/bin/glnxa64/MathWorksServiceHost: /lib64/libstdc++.so.6: version `GLIBCXX_3.4.30' not found (required by /sfs/qumulo/qhome/xpz5km/.MathWorks/ServiceHost/udc-an33-3c0/v2024.6.0.6/bin/glnxa64/MathWorksServiceHost)
/sfs/qumulo/qhome/xpz5km/.MathWorks/ServiceHost/udc-an33-3c0/v2024.6.0.6/bin/glnxa64/MathWorksServiceHost: /lib64/libstdc++.so.6: version `GLIBCXX_3.4.30' not found (required by /sfs/qumulo/qhome/xpz5km/.MathWorks/ServiceHost/udc-an33-3c0/v2024.6.0.6/bin/glnxa64/libmwagentutils.so)
/sfs/qumulo/qhome/xpz5km/.MathWorks/ServiceHost/udc-an33-3c0/v2024.6.0.6/bin/glnxa64/MathWorksServiceHost: /lib64/libstdc++.so.6: version `GLIBCXX_3.4.29' not found (required by /sfs/qumulo/qhome/xpz5km/.MathWorks/ServiceHost/udc-an33-3c0/v2024.6.0.6/bin/glnxa64/libmwagentutils.so)
/sfs/qumulo/qhome/xpz5km/.MathWorks/ServiceHost/udc-an33-3c0/v2024.6.0.6/bin/glnxa64/MathWorksServiceHost: /lib64/libstdc++.so.6: version `GLIBCXX_3.4.30' not found (required by /sfs/qumulo/qhome/xpz5km/.MathWorks/ServiceHost/udc-an33-3c0/v2024.6.0.6/bin/glnxa64/libmwcppmicroservices.so)
/sfs/qumulo/qhome/xpz5km/.MathWorks/ServiceHost/udc-an33-3c0/v2024.6.0.6/bin/glnxa64/MathWorksServiceHost: /lib64/libstdc++.so.6: version `GLIBCXX_3.4.29' not found (required by /sfs/qumulo/qhome/xpz5km/.MathWorks/ServiceHost/udc-an33-3c0/v2024.6.0.6/bin/glnxa64/libmwcppmicroservices.so)
/sfs/qumulo/qhome/xpz5km/.MathWorks/ServiceHost/udc-an33-3c0/v2024.6.0.6/bin/glnxa64/MathWorksServiceHost: /lib64/libstdc++.so.6: version `CXXABI_1.3.13' not found (required by /sfs/qumulo/qhome/xpz5km/.MathWorks/ServiceHost/udc-an33-3c0/v2024.6.0.6/bin/glnxa64/libmwcppmicroservices.so)
/sfs/qumulo/qhome/xpz5km/.MathWorks/ServiceHost/udc-an33-3c0/v2024.6.0.6/bin/glnxa64/MathWorksServiceHost: /lib64/libstdc++.so.6: version `CXXABI_1.3.13' not found (required by /sfs/qumulo/qhome/xpz5km/.MathWorks/ServiceHost/udc-an33-3c0/v2024.6.0.6/bin/glnxa64/libmwfl.so)
/sfs/qumulo/qhome/xpz5km/.MathWorks/ServiceHost/udc-an33-3c0/v2024.6.0.6/bin/glnxa64/MathWorksServiceHost: /lib64/libstdc++.so.6: version `GLIBCXX_3.4.29' not found (required by /sfs/qumulo/qhome/xpz5km/.MathWorks/ServiceHost/udc-an33-3c0/v2024.6.0.6/bin/glnxa64/libmwfl.so)
/sfs/qumulo/qhome/xpz5km/.MathWorks/ServiceHost/udc-an33-3c0/v2024.6.0.6/bin/glnxa64/MathWorksServiceHost: /lib64/libstdc++.so.6: version `GLIBCXX_3.4.26' not found (required by /sfs/qumulo/qhome/xpz5km/.MathWorks/ServiceHost/udc-an33-3c0/v2024.6.0.6/bin/glnxa64/libmwfl.so)
/sfs/qumulo/qhome/xpz5km/.MathWorks/ServiceHost/udc-an33-3c0/v2024.6.0.6/bin/glnxa64/MathWorksServiceHost: /lib64/libstdc++.so.6: version `GLIBCXX_3.4.26' not found (required by /sfs/qumulo/qhome/xpz5km/.MathWorks/ServiceHost/udc-an33-3c0/v2024.6.0.6/bin/glnxa64/libmwfoundation_filesystem.so)
/sfs/qumulo/qhome/xpz5km/.MathWorks/ServiceHost/udc-an33-3c0/v2024.6.0.6/bin/glnxa64/MathWorksServiceHost: /lib64/libstdc++.so.6: version `GLIBCXX_3.4.29' not found (required by /sfs/qumulo/qhome/xpz5km/.MathWorks/ServiceHost/udc-an33-3c0/v2024.6.0.6/bin/glnxa64/libmwfoundation_filesystem.so)
/sfs/qumulo/qhome/xpz5km/.MathWorks/ServiceHost/udc-an33-3c0/v2024.6.0.6/bin/glnxa64/MathWorksServiceHost: /lib64/libstdc++.so.6: version `GLIBCXX_3.4.29' not found (required by /sfs/qumulo/qhome/xpz5km/.MathWorks/ServiceHost/udc-an33-3c0/v2024.6.0.6/bin/glnxa64/libmwfoundation_usm.so)
/sfs/qumulo/qhome/xpz5km/.MathWorks/ServiceHost/udc-an33-3c0/v2024.6.0.6/bin/glnxa64/MathWorksServiceHost: /lib64/libstdc++.so.6: version `CXXABI_1.3.13' not found (required by /sfs/qumulo/qhome/xpz5km/.MathWorks/ServiceHost/udc-an33-3c0/v2024.6.0.6/bin/glnxa64/libmwi18n.so)
/sfs/qumulo/qhome/xpz5km/.MathWorks/ServiceHost/udc-an33-3c0/v2024.6.0.6/bin/glnxa64/MathWorksServiceHost: /lib64/libstdc++.so.6: version `GLIBCXX_3.4.29' not found (required by /sfs/qumulo/qhome/xpz5km/.MathWorks/ServiceHost/udc-an33-3c0/v2024.6.0.6/bin/glnxa64/libmwi18n.so)
/sfs/qumulo/qhome/xpz5km/.MathWorks/ServiceHost/udc-an33-3c0/v2024.6.0.6/bin/glnxa64/MathWorksServiceHost: /lib64/libstdc++.so.6: version `GLIBCXX_3.4.26' not found (required by /sfs/qumulo/qhome/xpz5km/.MathWorks/ServiceHost/udc-an33-3c0/v2024.6.0.6/bin/glnxa64/libmwi18n.so)
/sfs/qumulo/qhome/xpz5km/.MathWorks/ServiceHost/udc-an33-3c0/v2024.6.0.6/bin/glnxa64/MathWorksServiceHost: /lib64/libstdc++.so.6: version `GLIBCXX_3.4.29' not found (required by /sfs/qumulo/qhome/xpz5km/.MathWorks/ServiceHost/udc-an33-3c0/v2024.6.0.6/bin/glnxa64/libmwcpp11compat.so)
/sfs/qumulo/qhome/xpz5km/.MathWorks/ServiceHost/udc-an33-3c0/v2024.6.0.6/bin/glnxa64/MathWorksServiceHost: /lib64/libstdc++.so.6: version `GLIBCXX_3.4.26' not found (required by /sfs/qumulo/qhome/xpz5km/.MathWorks/ServiceHost/udc-an33-3c0/v2024.6.0.6/bin/glnxa64/libCppMicroServices.so.3.8.1)
/sfs/qumulo/qhome/xpz5km/.MathWorks/ServiceHost/udc-an33-3c0/v2024.6.0.6/bin/glnxa64/MathWorksServiceHost: /lib64/libstdc++.so.6: version `GLIBCXX_3.4.29' not found (required by /sfs/qumulo/qhome/xpz5km/.MathWorks/ServiceHost/udc-an33-3c0/v2024.6.0.6/bin/glnxa64/libmwflurlmanager.so)
/sfs/qumulo/qhome/xpz5km/.MathWorks/ServiceHost/udc-an33-3c0/v2024.6.0.6/bin/glnxa64/MathWorksServiceHost: /lib64/libstdc++.so.6: version `GLIBCXX_3.4.29' not found (required by /sfs/qumulo/qhome/xpz5km/.MathWorks/ServiceHost/udc-an33-3c0/v2024.6.0.6/bin/glnxa64/libmwfoundation_log.so)
/sfs/qumulo/qhome/xpz5km/.MathWorks/ServiceHost/udc-an33-3c0/v2024.6.0.6/bin/glnxa64/MathWorksServiceHost: /lib64/libstdc++.so.6: version `GLIBCXX_3.4.26' not found (required by /sfs/qumulo/qhome/xpz5km/.MathWorks/ServiceHost/udc-an33-3c0/v2024.6.0.6/bin/glnxa64/libmwboost_log.so.1.81.0)
/sfs/qumulo/qhome/xpz5km/.MathWorks/ServiceHost/udc-an33-3c0/v2024.6.0.6/bin/glnxa64/MathWorksServiceHost: /lib64/libstdc++.so.6: version `GLIBCXX_3.4.29' not found (required by /sfs/qumulo/qhome/xpz5km/.MathWorks/ServiceHost/udc-an33-3c0/v2024.6.0.6/bin/glnxa64/libmwboost_log.so.1.81.0)
/sfs/qumulo/qhome/xpz5km/.MathWorks/ServiceHost/udc-an33-3c0/v2024.6.0.6/bin/glnxa64/MathWorksServiceHost: /lib64/libstdc++.so.6: version `CXXABI_1.3.13' not found (required by /sfs/qumulo/qhome/xpz5km/.MathWorks/ServiceHost/udc-an33-3c0/v2024.6.0.6/bin/glnxa64/libmwboost_log.so.1.81.0)
/sfs/qumulo/qhome/xpz5km/.MathWorks/ServiceHost/udc-an33-3c0/v2024.6.0.6/bin/glnxa64/MathWorksServiceHost: /lib64/libstdc++.so.6: version `GLIBCXX_3.4.26' not found (required by /sfs/qumulo/qhome/xpz5km/.MathWorks/ServiceHost/udc-an33-3c0/v2024.6.0.6/bin/glnxa64/libmwboost_thread.so.1.81.0)
/sfs/qumulo/qhome/xpz5km/.MathWorks/ServiceHost/udc-an33-3c0/v2024.6.0.6/bin/glnxa64/MathWorksServiceHost: /lib64/libstdc++.so.6: version `CXXABI_1.3.13' not found (required by /sfs/qumulo/qhome/xpz5km/.MathWorks/ServiceHost/udc-an33-3c0/v2024.6.0.6/bin/glnxa64/libmwfoundation_threadpool.so)
/sfs/qumulo/qhome/xpz5km/.MathWorks/ServiceHost/udc-an33-3c0/v2024.6.0.6/bin/glnxa64/MathWorksServiceHost: /lib64/libstdc++.so.6: version `GLIBCXX_3.4.30' not found (required by /sfs/qumulo/qhome/xpz5km/.MathWorks/ServiceHost/udc-an33-3c0/v2024.6.0.6/bin/glnxa64/libmwfoundation_threadpool.so)
/sfs/qumulo/qhome/xpz5km/.MathWorks/ServiceHost/udc-an33-3c0/v2024.6.0.6/bin/glnxa64/MathWorksServiceHost: /lib64/libstdc++.so.6: version `GLIBCXX_3.4.29' not found (required by /sfs/qumulo/qhome/xpz5km/.MathWorks/ServiceHost/udc-an33-3c0/v2024.6.0.6/bin/glnxa64/libmwfoundation_threadpool.so)
/sfs/qumulo/qhome/xpz5km/.MathWorks/ServiceHost/udc-an33-3c0/v2024.6.0.6/bin/glnxa64/MathWorksServiceHost: /lib64/libstdc++.so.6: version `CXXABI_1.3.13' not found (required by /sfs/qumulo/qhome/xpz5km/.MathWorks/ServiceHost/udc-an33-3c0/v2024.6.0.6/bin/glnxa64/libmwflcertificates.so)
/sfs/qumulo/qhome/xpz5km/.MathWorks/ServiceHost/udc-an33-3c0/v2024.6.0.6/bin/glnxa64/MathWorksServiceHost: /lib64/libstdc++.so.6: version `GLIBCXX_3.4.29' not found (required by /sfs/qumulo/qhome/xpz5km/.MathWorks/ServiceHost/udc-an33-3c0/v2024.6.0.6/bin/glnxa64/libmwflcertificates.so)
/sfs/qumulo/qhome/xpz5km/.MathWorks/ServiceHost/udc-an33-3c0/v2024.6.0.6/bin/glnxa64/MathWorksServiceHost: /lib64/libstdc++.so.6: version `GLIBCXX_3.4.26' not found (required by /sfs/qumulo/qhome/xpz5km/.MathWorks/ServiceHost/udc-an33-3c0/v2024.6.0.6/bin/glnxa64/libmwflcertificates.so)
/sfs/qumulo/qhome/xpz5km/.MathWorks/ServiceHost/udc-an33-3c0/v2024.6.0.6/bin/glnxa64/MathWorksServiceHost: /lib64/libstdc++.so.6: version `GLIBCXX_3.4.29' not found (required by /sfs/qumulo/qhome/xpz5km/.MathWorks/ServiceHost/udc-an33-3c0/v2024.6.0.6/bin/glnxa64/libmwflcodesigning_verifier.so)
/sfs/qumulo/qhome/xpz5km/.MathWorks/ServiceHost/udc-an33-3c0/v2024.6.0.6/bin/glnxa64/MathWorksServiceHost: /lib64/libstdc++.so.6: version `CXXABI_1.3.13' not found (required by /sfs/qumulo/qhome/xpz5km/.MathWorks/ServiceHost/udc-an33-3c0/v2024.6.0.6/bin/glnxa64/libmwflnetwork.so)
/sfs/qumulo/qhome/xpz5km/.MathWorks/ServiceHost/udc-an33-3c0/v2024.6.0.6/bin/glnxa64/MathWorksServiceHost: /lib64/libstdc++.so.6: version `GLIBCXX_3.4.29' not found (required by /sfs/qumulo/qhome/xpz5km/.MathWorks/ServiceHost/udc-an33-3c0/v2024.6.0.6/bin/glnxa64/libmwflnetwork.so)
/sfs/qumulo/qhome/xpz5km/.MathWorks/ServiceHost/udc-an33-3c0/v2024.6.0.6/bin/glnxa64/MathWorksServiceHost: /lib64/libstdc++.so.6: version `GLIBCXX_3.4.26' not found (required by /sfs/qumulo/qhome/xpz5km/.MathWorks/ServiceHost/udc-an33-3c0/v2024.6.0.6/bin/glnxa64/libmwflnetwork.so)
/sfs/qumulo/qhome/xpz5km/.MathWorks/ServiceHost/udc-an33-3c0/v2024.6.0.6/bin/glnxa64/MathWorksServiceHost: /lib64/libstdc++.so.6: version `GLIBCXX_3.4.29' not found (required by /sfs/qumulo/qhome/xpz5km/.MathWorks/ServiceHost/udc-an33-3c0/v2024.6.0.6/bin/glnxa64/libmwboost_serialization.so.1.81.0)
/sfs/qumulo/qhome/xpz5km/.MathWorks/ServiceHost/udc-an33-3c0/v2024.6.0.6/bin/glnxa64/MathWorksServiceHost: /lib64/libstdc++.so.6: version `GLIBCXX_3.4.29' not found (required by /sfs/qumulo/qhome/xpz5km/.MathWorks/ServiceHost/udc-an33-3c0/v2024.6.0.6/bin/glnxa64/libmwflcryptoutils.so)
/sfs/qumulo/qhome/xpz5km/.MathWorks/ServiceHost/udc-an33-3c0/v2024.6.0.6/bin/glnxa64/MathWorksServiceHost: /lib64/libstdc++.so.6: version `GLIBCXX_3.4.26' not found (required by /sfs/qumulo/qhome/xpz5km/.MathWorks/ServiceHost/udc-an33-3c0/v2024.6.0.6/bin/glnxa64/libmwflcryptocryptopp.so)
/sfs/qumulo/qhome/xpz5km/.MathWorks/ServiceHost/udc-an33-3c0/v2024.6.0.6/bin/glnxa64/MathWorksServiceHost: /lib64/libstdc++.so.6: version `GLIBCXX_3.4.26' not found (required by /sfs/qumulo/qhome/xpz5km/.MathWorks/ServiceHost/udc-an33-3c0/v2024.6.0.6/bin/glnxa64/libPocoNet.so.94)
/sfs/qumulo/qhome/xpz5km/.MathWorks/ServiceHost/udc-an33-3c0/v2024.6.0.6/bin/glnxa64/MathWorksServiceHost: /lib64/libstdc++.so.6: version `GLIBCXX_3.4.29' not found (required by /sfs/qumulo/qhome/xpz5km/.MathWorks/ServiceHost/udc-an33-3c0/v2024.6.0.6/bin/glnxa64/MathWorksServiceHost)
/sfs/qumulo/qhome/xpz5km/.MathWorks/ServiceHost/udc-an33-3c0/v2024.6.0.6/bin/glnxa64/MathWorksServiceHost: /lib64/libstdc++.so.6: version `GLIBCXX_3.4.30' not found (required by /sfs/qumulo/qhome/xpz5km/.MathWorks/ServiceHost/udc-an33-3c0/v2024.6.0.6/bin/glnxa64/MathWorksServiceHost)
/sfs/qumulo/qhome/xpz5km/.MathWorks/ServiceHost/udc-an33-3c0/v2024.6.0.6/bin/glnxa64/MathWorksServiceHost: /lib64/libstdc++.so.6: version `GLIBCXX_3.4.30' not found (required by /sfs/qumulo/qhome/xpz5km/.MathWorks/ServiceHost/udc-an33-3c0/v2024.6.0.6/bin/glnxa64/libmwagentutils.so)
/sfs/qumulo/qhome/xpz5km/.MathWorks/ServiceHost/udc-an33-3c0/v2024.6.0.6/bin/glnxa64/MathWorksServiceHost: /lib64/libstdc++.so.6: version `GLIBCXX_3.4.29' not found (required by /sfs/qumulo/qhome/xpz5km/.MathWorks/ServiceHost/udc-an33-3c0/v2024.6.0.6/bin/glnxa64/libmwagentutils.so)
/sfs/qumulo/qhome/xpz5km/.MathWorks/ServiceHost/udc-an33-3c0/v2024.6.0.6/bin/glnxa64/MathWorksServiceHost: /lib64/libstdc++.so.6: version `GLIBCXX_3.4.30' not found (required by /sfs/qumulo/qhome/xpz5km/.MathWorks/ServiceHost/udc-an33-3c0/v2024.6.0.6/bin/glnxa64/libmwcppmicroservices.so)
/sfs/qumulo/qhome/xpz5km/.MathWorks/ServiceHost/udc-an33-3c0/v2024.6.0.6/bin/glnxa64/MathWorksServiceHost: /lib64/libstdc++.so.6: version `GLIBCXX_3.4.29' not found (required by /sfs/qumulo/qhome/xpz5km/.MathWorks/ServiceHost/udc-an33-3c0/v2024.6.0.6/bin/glnxa64/libmwcppmicroservices.so)
/sfs/qumulo/qhome/xpz5km/.MathWorks/ServiceHost/udc-an33-3c0/v2024.6.0.6/bin/glnxa64/MathWorksServiceHost: /lib64/libstdc++.so.6: version `CXXABI_1.3.13' not found (required by /sfs/qumulo/qhome/xpz5km/.MathWorks/ServiceHost/udc-an33-3c0/v2024.6.0.6/bin/glnxa64/libmwcppmicroservices.so)
/sfs/qumulo/qhome/xpz5km/.MathWorks/ServiceHost/udc-an33-3c0/v2024.6.0.6/bin/glnxa64/MathWorksServiceHost: /lib64/libstdc++.so.6: version `CXXABI_1.3.13' not found (required by /sfs/qumulo/qhome/xpz5km/.MathWorks/ServiceHost/udc-an33-3c0/v2024.6.0.6/bin/glnxa64/libmwfl.so)
/sfs/qumulo/qhome/xpz5km/.MathWorks/ServiceHost/udc-an33-3c0/v2024.6.0.6/bin/glnxa64/MathWorksServiceHost: /lib64/libstdc++.so.6: version `GLIBCXX_3.4.29' not found (required by /sfs/qumulo/qhome/xpz5km/.MathWorks/ServiceHost/udc-an33-3c0/v2024.6.0.6/bin/glnxa64/libmwfl.so)
/sfs/qumulo/qhome/xpz5km/.MathWorks/ServiceHost/udc-an33-3c0/v2024.6.0.6/bin/glnxa64/MathWorksServiceHost: /lib64/libstdc++.so.6: version `GLIBCXX_3.4.26' not found (required by /sfs/qumulo/qhome/xpz5km/.MathWorks/ServiceHost/udc-an33-3c0/v2024.6.0.6/bin/glnxa64/libmwfl.so)
/sfs/qumulo/qhome/xpz5km/.MathWorks/ServiceHost/udc-an33-3c0/v2024.6.0.6/bin/glnxa64/MathWorksServiceHost: /lib64/libstdc++.so.6: version `GLIBCXX_3.4.26' not found (required by /sfs/qumulo/qhome/xpz5km/.MathWorks/ServiceHost/udc-an33-3c0/v2024.6.0.6/bin/glnxa64/libmwfoundation_filesystem.so)
/sfs/qumulo/qhome/xpz5km/.MathWorks/ServiceHost/udc-an33-3c0/v2024.6.0.6/bin/glnxa64/MathWorksServiceHost: /lib64/libstdc++.so.6: version `GLIBCXX_3.4.29' not found (required by /sfs/qumulo/qhome/xpz5km/.MathWorks/ServiceHost/udc-an33-3c0/v2024.6.0.6/bin/glnxa64/libmwfoundation_filesystem.so)
/sfs/qumulo/qhome/xpz5km/.MathWorks/ServiceHost/udc-an33-3c0/v2024.6.0.6/bin/glnxa64/MathWorksServiceHost: /lib64/libstdc++.so.6: version `GLIBCXX_3.4.29' not found (required by /sfs/qumulo/qhome/xpz5km/.MathWorks/ServiceHost/udc-an33-3c0/v2024.6.0.6/bin/glnxa64/libmwfoundation_usm.so)
/sfs/qumulo/qhome/xpz5km/.MathWorks/ServiceHost/udc-an33-3c0/v2024.6.0.6/bin/glnxa64/MathWorksServiceHost: /lib64/libstdc++.so.6: version `CXXABI_1.3.13' not found (required by /sfs/qumulo/qhome/xpz5km/.MathWorks/ServiceHost/udc-an33-3c0/v2024.6.0.6/bin/glnxa64/libmwi18n.so)
/sfs/qumulo/qhome/xpz5km/.MathWorks/ServiceHost/udc-an33-3c0/v2024.6.0.6/bin/glnxa64/MathWorksServiceHost: /lib64/libstdc++.so.6: version `GLIBCXX_3.4.29' not found (required by /sfs/qumulo/qhome/xpz5km/.MathWorks/ServiceHost/udc-an33-3c0/v2024.6.0.6/bin/glnxa64/libmwi18n.so)
/sfs/qumulo/qhome/xpz5km/.MathWorks/ServiceHost/udc-an33-3c0/v2024.6.0.6/bin/glnxa64/MathWorksServiceHost: /lib64/libstdc++.so.6: version `GLIBCXX_3.4.26' not found (required by /sfs/qumulo/qhome/xpz5km/.MathWorks/ServiceHost/udc-an33-3c0/v2024.6.0.6/bin/glnxa64/libmwi18n.so)
/sfs/qumulo/qhome/xpz5km/.MathWorks/ServiceHost/udc-an33-3c0/v2024.6.0.6/bin/glnxa64/MathWorksServiceHost: /lib64/libstdc++.so.6: version `GLIBCXX_3.4.29' not found (required by /sfs/qumulo/qhome/xpz5km/.MathWorks/ServiceHost/udc-an33-3c0/v2024.6.0.6/bin/glnxa64/libmwcpp11compat.so)
/sfs/qumulo/qhome/xpz5km/.MathWorks/ServiceHost/udc-an33-3c0/v2024.6.0.6/bin/glnxa64/MathWorksServiceHost: /lib64/libstdc++.so.6: version `GLIBCXX_3.4.26' not found (required by /sfs/qumulo/qhome/xpz5km/.MathWorks/ServiceHost/udc-an33-3c0/v2024.6.0.6/bin/glnxa64/libCppMicroServices.so.3.8.1)
/sfs/qumulo/qhome/xpz5km/.MathWorks/ServiceHost/udc-an33-3c0/v2024.6.0.6/bin/glnxa64/MathWorksServiceHost: /lib64/libstdc++.so.6: version `GLIBCXX_3.4.29' not found (required by /sfs/qumulo/qhome/xpz5km/.MathWorks/ServiceHost/udc-an33-3c0/v2024.6.0.6/bin/glnxa64/libmwflurlmanager.so)
/sfs/qumulo/qhome/xpz5km/.MathWorks/ServiceHost/udc-an33-3c0/v2024.6.0.6/bin/glnxa64/MathWorksServiceHost: /lib64/libstdc++.so.6: version `GLIBCXX_3.4.29' not found (required by /sfs/qumulo/qhome/xpz5km/.MathWorks/ServiceHost/udc-an33-3c0/v2024.6.0.6/bin/glnxa64/libmwfoundation_log.so)
/sfs/qumulo/qhome/xpz5km/.MathWorks/ServiceHost/udc-an33-3c0/v2024.6.0.6/bin/glnxa64/MathWorksServiceHost: /lib64/libstdc++.so.6: version `GLIBCXX_3.4.26' not found (required by /sfs/qumulo/qhome/xpz5km/.MathWorks/ServiceHost/udc-an33-3c0/v2024.6.0.6/bin/glnxa64/libmwboost_log.so.1.81.0)
/sfs/qumulo/qhome/xpz5km/.MathWorks/ServiceHost/udc-an33-3c0/v2024.6.0.6/bin/glnxa64/MathWorksServiceHost: /lib64/libstdc++.so.6: version `GLIBCXX_3.4.29' not found (required by /sfs/qumulo/qhome/xpz5km/.MathWorks/ServiceHost/udc-an33-3c0/v2024.6.0.6/bin/glnxa64/libmwboost_log.so.1.81.0)
/sfs/qumulo/qhome/xpz5km/.MathWorks/ServiceHost/udc-an33-3c0/v2024.6.0.6/bin/glnxa64/MathWorksServiceHost: /lib64/libstdc++.so.6: version `CXXABI_1.3.13' not found (required by /sfs/qumulo/qhome/xpz5km/.MathWorks/ServiceHost/udc-an33-3c0/v2024.6.0.6/bin/glnxa64/libmwboost_log.so.1.81.0)
/sfs/qumulo/qhome/xpz5km/.MathWorks/ServiceHost/udc-an33-3c0/v2024.6.0.6/bin/glnxa64/MathWorksServiceHost: /lib64/libstdc++.so.6: version `GLIBCXX_3.4.26' not found (required by /sfs/qumulo/qhome/xpz5km/.MathWorks/ServiceHost/udc-an33-3c0/v2024.6.0.6/bin/glnxa64/libmwboost_thread.so.1.81.0)
/sfs/qumulo/qhome/xpz5km/.MathWorks/ServiceHost/udc-an33-3c0/v2024.6.0.6/bin/glnxa64/MathWorksServiceHost: /lib64/libstdc++.so.6: version `CXXABI_1.3.13' not found (required by /sfs/qumulo/qhome/xpz5km/.MathWorks/ServiceHost/udc-an33-3c0/v2024.6.0.6/bin/glnxa64/libmwfoundation_threadpool.so)
/sfs/qumulo/qhome/xpz5km/.MathWorks/ServiceHost/udc-an33-3c0/v2024.6.0.6/bin/glnxa64/MathWorksServiceHost: /lib64/libstdc++.so.6: version `GLIBCXX_3.4.30' not found (required by /sfs/qumulo/qhome/xpz5km/.MathWorks/ServiceHost/udc-an33-3c0/v2024.6.0.6/bin/glnxa64/libmwfoundation_threadpool.so)
/sfs/qumulo/qhome/xpz5km/.MathWorks/ServiceHost/udc-an33-3c0/v2024.6.0.6/bin/glnxa64/MathWorksServiceHost: /lib64/libstdc++.so.6: version `GLIBCXX_3.4.29' not found (required by /sfs/qumulo/qhome/xpz5km/.MathWorks/ServiceHost/udc-an33-3c0/v2024.6.0.6/bin/glnxa64/libmwfoundation_threadpool.so)
/sfs/qumulo/qhome/xpz5km/.MathWorks/ServiceHost/udc-an33-3c0/v2024.6.0.6/bin/glnxa64/MathWorksServiceHost: /lib64/libstdc++.so.6: version `CXXABI_1.3.13' not found (required by /sfs/qumulo/qhome/xpz5km/.MathWorks/ServiceHost/udc-an33-3c0/v2024.6.0.6/bin/glnxa64/libmwflcertificates.so)
/sfs/qumulo/qhome/xpz5km/.MathWorks/ServiceHost/udc-an33-3c0/v2024.6.0.6/bin/glnxa64/MathWorksServiceHost: /lib64/libstdc++.so.6: version `GLIBCXX_3.4.29' not found (required by /sfs/qumulo/qhome/xpz5km/.MathWorks/ServiceHost/udc-an33-3c0/v2024.6.0.6/bin/glnxa64/libmwflcertificates.so)
/sfs/qumulo/qhome/xpz5km/.MathWorks/ServiceHost/udc-an33-3c0/v2024.6.0.6/bin/glnxa64/MathWorksServiceHost: /lib64/libstdc++.so.6: version `GLIBCXX_3.4.26' not found (required by /sfs/qumulo/qhome/xpz5km/.MathWorks/ServiceHost/udc-an33-3c0/v2024.6.0.6/bin/glnxa64/libmwflcertificates.so)
/sfs/qumulo/qhome/xpz5km/.MathWorks/ServiceHost/udc-an33-3c0/v2024.6.0.6/bin/glnxa64/MathWorksServiceHost: /lib64/libstdc++.so.6: version `GLIBCXX_3.4.29' not found (required by /sfs/qumulo/qhome/xpz5km/.MathWorks/ServiceHost/udc-an33-3c0/v2024.6.0.6/bin/glnxa64/libmwflcodesigning_verifier.so)
/sfs/qumulo/qhome/xpz5km/.MathWorks/ServiceHost/udc-an33-3c0/v2024.6.0.6/bin/glnxa64/MathWorksServiceHost: /lib64/libstdc++.so.6: version `CXXABI_1.3.13' not found (required by /sfs/qumulo/qhome/xpz5km/.MathWorks/ServiceHost/udc-an33-3c0/v2024.6.0.6/bin/glnxa64/libmwflnetwork.so)
/sfs/qumulo/qhome/xpz5km/.MathWorks/ServiceHost/udc-an33-3c0/v2024.6.0.6/bin/glnxa64/MathWorksServiceHost: /lib64/libstdc++.so.6: version `GLIBCXX_3.4.29' not found (required by /sfs/qumulo/qhome/xpz5km/.MathWorks/ServiceHost/udc-an33-3c0/v2024.6.0.6/bin/glnxa64/libmwflnetwork.so)
/sfs/qumulo/qhome/xpz5km/.MathWorks/ServiceHost/udc-an33-3c0/v2024.6.0.6/bin/glnxa64/MathWorksServiceHost: /lib64/libstdc++.so.6: version `GLIBCXX_3.4.26' not found (required by /sfs/qumulo/qhome/xpz5km/.MathWorks/ServiceHost/udc-an33-3c0/v2024.6.0.6/bin/glnxa64/libmwflnetwork.so)
/sfs/qumulo/qhome/xpz5km/.MathWorks/ServiceHost/udc-an33-3c0/v2024.6.0.6/bin/glnxa64/MathWorksServiceHost: /lib64/libstdc++.so.6: version `GLIBCXX_3.4.29' not found (required by /sfs/qumulo/qhome/xpz5km/.MathWorks/ServiceHost/udc-an33-3c0/v2024.6.0.6/bin/glnxa64/libmwboost_serialization.so.1.81.0)
/sfs/qumulo/qhome/xpz5km/.MathWorks/ServiceHost/udc-an33-3c0/v2024.6.0.6/bin/glnxa64/MathWorksServiceHost: /lib64/libstdc++.so.6: version `GLIBCXX_3.4.29' not found (required by /sfs/qumulo/qhome/xpz5km/.MathWorks/ServiceHost/udc-an33-3c0/v2024.6.0.6/bin/glnxa64/libmwflcryptoutils.so)
/sfs/qumulo/qhome/xpz5km/.MathWorks/ServiceHost/udc-an33-3c0/v2024.6.0.6/bin/glnxa64/MathWorksServiceHost: /lib64/libstdc++.so.6: version `GLIBCXX_3.4.26' not found (required by /sfs/qumulo/qhome/xpz5km/.MathWorks/ServiceHost/udc-an33-3c0/v2024.6.0.6/bin/glnxa64/libmwflcryptocryptopp.so)
/sfs/qumulo/qhome/xpz5km/.MathWorks/ServiceHost/udc-an33-3c0/v2024.6.0.6/bin/glnxa64/MathWorksServiceHost: /lib64/libstdc++.so.6: version `GLIBCXX_3.4.26' not found (required by /sfs/qumulo/qhome/xpz5km/.MathWorks/ServiceHost/udc-an33-3c0/v2024.6.0.6/bin/glnxa64/libPocoNet.so.94)
/sfs/qumulo/qhome/xpz5km/.MathWorks/ServiceHost/udc-an33-3c0/v2024.6.0.6/bin/glnxa64/MathWorksServiceHost: error while loading shared libraries: libmwcpp11compat.so: cannot open shared object file: No such file or directory
/sfs/qumulo/qhome/xpz5km/.MathWorks/ServiceHost/udc-an33-3c0/v2024.6.0.6/bin/glnxa64/MathWorksServiceHost: error while loading shared libraries: libmwagentutils.so: cannot open shared object file: No such file or directory
/sfs/qumulo/qhome/xpz5km/.MathWorks/ServiceHost/udc-an33-3c0/v2024.6.0.6/bin/glnxa64/MathWorksServiceHost: error while loading shared libraries: libmwagentutils.so: cannot open shared object file: No such file or directory
[Warning: Error updating Text.

 String scalar or character vector must have valid interpreter syntax:
Radius at 0.5 level set
 phi_128_400000_1.0e-6__R0_0.2_eps_0.045028_alpha_0.2
] 
[> In defaulterrorcallback (line 12)
In print (line 36)
In saveas (line 181)
In level_set_plot_alpha (line 50)
In level_set_radius_array_alpha (line 25)] 

ans =

        4001


ans =

        4001


ans =

        4001


ans =

        4001


ans =

        4001

DONE
