Fri Jun 21 12:56:38 EDT 2024
0.203 24 10 0.2
LOADED MATLAB
0.203
24
0.2

                            < M A T L A B (R) >
                  Copyright 1984-2024 The MathWorks, Inc.
                  R2024a (24.1.0.2537033) 64-bit (glnxa64)
                             February 21, 2024

 
To get started, type doc.
For product information, visit www.mathworks.com.
 

indir = 

    "/scratch/xpz5km/Cahn_Hilliard_Model/julia_out/critical_radius_alpha"


epsilon_name = 

    "0.045028"


R0_name =

    '0.203'


alpha_name =

    '0.2'


alpha =

    '0.2'


name =

    'phi_128_400000_1.0e-6__R0_0.203_eps_0.045028_alpha_0.2'


------------------------------------------------------------------------
       Segmentation violation detected at Fri Jun 21 12:59:46 2024
------------------------------------------------------------------------
Architecture     : glnxa64
Processor ID     : Intel(R) Xeon(R) Gold 6248 CPU @ 2.50GHz
Host Name        : udc-an33-6c0
Locale           : en_US


Abnormal termination:
Segmentation violation

Current Thread: 'FTP_2_0' id 22743670572800

Register State (from fault):
  RAX = 0000000000000014  RBX = 000014af6c67b4f0
  RCX = 0000000000000000  RDX = 0000000000000009
  RSP = 000014af6c67b4b0  RBP = 000014af6c67b710
  RSI = 0000000000000002  RDI = 0000000000000002

   R8 = 000014af6c67b4f8   R9 = 0000000000000052
  R10 = 000014aece8fb9fe  R11 = 000014af6c67b468
  R12 = 000014af6c67b538  R13 = 000014af8475d820
  R14 = 000014af84380c70  R15 = 000014af6c67b550

  RIP = 000014af6bf8db16  EFL = 0000000000010246

   CS = 0033   FS = 0000   GS = 0000

Stack Trace (from fault):
[  0] 0x000014af6bf8db16 /sfs/qumulo/qhome/xpz5km/.MathWorks/ServiceHost/udc-an33-6c0/v2024.6.0.6/bin/glnxa64/spf/serviceproviders/login/spf/matlabloginserviceprovider/libmwmatlabloginserviceprovider.so+00371478
[  1] 0x000014af8991c46b /sfs/qumulo/qhome/xpz5km/.MathWorks/ServiceHost/udc-an33-6c0/v2024.6.0.6/bin/glnxa64/mathworksservicehost/rcf/matlabconnector/serviceprocess/rcf/client-v1/../../../../../../../../bin/glnxa64/libmwagentspfcore.so+00152683 _ZNK5agent3spf4core16ExportedFunctionclEON10foundation10concurrent10threadpool10stop_tokenEONS1_14GenericPayloadE+00000347
[  2] 0x000014af839ef5f6 /sfs/qumulo/qhome/xpz5km/.MathWorks/ServiceHost/udc-an33-6c0/v2024.6.0.6/bin/glnxa64/spf/servicepublishers/agent/spf/legacyservicepublisher/../../../../../../../bin/glnxa64/libmwagentspflegacyservicewrapper.so+00128502
[  3] 0x000014af839ef681 /sfs/qumulo/qhome/xpz5km/.MathWorks/ServiceHost/udc-an33-6c0/v2024.6.0.6/bin/glnxa64/spf/servicepublishers/agent/spf/legacyservicepublisher/../../../../../../../bin/glnxa64/libmwagentspflegacyservicewrapper.so+00128641
[  4] 0x000014af83956060 /sfs/qumulo/qhome/xpz5km/.MathWorks/ServiceHost/udc-an33-6c0/v2024.6.0.6/bin/glnxa64/spf/servicepublishers/agent/spf/legacyservicepublisher/../../../../../../../bin/glnxa64/libmwagentnanomsgtransport.so+00082016
[  5] 0x000014af8eddcc34 /sfs/qumulo/qhome/xpz5km/.MathWorks/ServiceHost/udc-an33-6c0/v2024.6.0.6/bin/glnxa64/libmwfoundation_threadpool.so+00146484
[  6] 0x000014af8ede1928 /sfs/qumulo/qhome/xpz5km/.MathWorks/ServiceHost/udc-an33-6c0/v2024.6.0.6/bin/glnxa64/libmwfoundation_threadpool.so+00166184
[  7] 0x000014af8ede1d54 /sfs/qumulo/qhome/xpz5km/.MathWorks/ServiceHost/udc-an33-6c0/v2024.6.0.6/bin/glnxa64/libmwfoundation_threadpool.so+00167252
[  8] 0x000014af8f9688c3 /sfs/qumulo/qhome/xpz5km/.MathWorks/ServiceHost/udc-an33-6c0/v2024.6.0.6/bin/glnxa64/../../sys/os/glnxa64/libstdc++.so.6+00903363
[  9] 0x000014af8fab91ca                             /lib64/libpthread.so.0+00033226
[ 10] 0x000014af8f4dfe73                                   /lib64/libc.so.6+00237171 clone+00000067


** This crash report has been written to /home/xpz5km/.MathWorks/ServiceHost/udc-an33-6c0/logs/MathWorksServiceHost_crash_354941.log **
[Warning: Error updating Text.

 String scalar or character vector must have valid interpreter syntax:
Radius at 0.5 level set
 phi_128_400000_1.0e-6__R0_0.203_eps_0.045028_alpha_0.2
] 
[> In defaulterrorcallback (line 12)
In print (line 36)
In saveas (line 181)
In level_set_plot_alpha (line 50)
In level_set_radius_array_alpha (line 25)] 

ans =

        4001


ans =

        4001


ans =

        4001


ans =

        4001


ans =

        4001

DONE
