Fri Jun 21 12:56:37 EDT 2024
0.216 32 10 0.2
LOADED MATLAB
0.216
32
0.2

                            < M A T L A B (R) >
                  Copyright 1984-2024 The MathWorks, Inc.
                  R2024a (24.1.0.2537033) 64-bit (glnxa64)
                             February 21, 2024

 
To get started, type doc.
For product information, visit www.mathworks.com.
 

indir = 

    "/scratch/xpz5km/Cahn_Hilliard_Model/julia_out/critical_radius_alpha"


epsilon_name = 

    "0.060037"


R0_name =

    '0.216'


alpha_name =

    '0.2'


alpha =

    '0.2'


name =

    'phi_128_400000_1.0e-6__R0_0.216_eps_0.060037_alpha_0.2'


------------------------------------------------------------------------
       Segmentation violation detected at Fri Jun 21 13:04:47 2024
------------------------------------------------------------------------
Architecture     : glnxa64
Processor ID     : Intel(R) Xeon(R) Gold 6248 CPU @ 2.50GHz
Host Name        : udc-an33-10c0
Locale           : en_US


Abnormal termination:
Segmentation violation

Current Thread: 'FTP_2_1' id 22528629294848

Register State (from fault):
  RAX = 0000000400000004  RBX = 0000000000000008
  RCX = 0000000000000001  RDX = 000000000000000f
  RSP = 0000147d5af23330  RBP = 0000147d5af234b0
  RSI = 0000147d7435fc10  RDI = 0000147d7435fba0

   R8 = 0000147d7f1dd1d8   R9 = 0000000400000004
  R10 = 000000000000fff7  R11 = 0000147d74445490
  R12 = 0000147d5af233a0  R13 = 0000147d7435fc38
  R14 = 0000147d7eecc6f0  R15 = 0000147d5af23360

  RIP = 0000147d5b39a658  EFL = 0000000000010202

   CS = 0033   FS = 0000   GS = 0000

Stack Trace (from fault):
[  0] 0x0000147d5b39a658 /sfs/qumulo/qhome/xpz5km/.MathWorks/ServiceHost/udc-an33-10c0/v2024.6.0.6/bin/glnxa64/spf/serviceproviders/login/spf/matlabloginserviceprovider/libmwmatlabloginserviceprovider.so+00370264
[  1] 0x0000147d72e07a97 /sfs/qumulo/qhome/xpz5km/.MathWorks/ServiceHost/udc-an33-10c0/v2024.6.0.6/bin/glnxa64/spf/servicepublishers/agent/spf/legacyservicepublisher/../../../../../../../bin/glnxa64/libmwagentspflegacyservicewrapper.so+00187031
[  2] 0x0000147d78d2846b /sfs/qumulo/qhome/xpz5km/.MathWorks/ServiceHost/udc-an33-10c0/v2024.6.0.6/bin/glnxa64/mathworksservicehost/rcf/matlabconnector/serviceprocess/rcf/client-v1/../../../../../../../../bin/glnxa64/libmwagentspfcore.so+00152683 _ZNK5agent3spf4core16ExportedFunctionclEON10foundation10concurrent10threadpool10stop_tokenEONS1_14GenericPayloadE+00000347
[  3] 0x0000147d72df95f6 /sfs/qumulo/qhome/xpz5km/.MathWorks/ServiceHost/udc-an33-10c0/v2024.6.0.6/bin/glnxa64/spf/servicepublishers/agent/spf/legacyservicepublisher/../../../../../../../bin/glnxa64/libmwagentspflegacyservicewrapper.so+00128502
[  4] 0x0000147d72df9681 /sfs/qumulo/qhome/xpz5km/.MathWorks/ServiceHost/udc-an33-10c0/v2024.6.0.6/bin/glnxa64/spf/servicepublishers/agent/spf/legacyservicepublisher/../../../../../../../bin/glnxa64/libmwagentspflegacyservicewrapper.so+00128641
[  5] 0x0000147d72d60060 /sfs/qumulo/qhome/xpz5km/.MathWorks/ServiceHost/udc-an33-10c0/v2024.6.0.6/bin/glnxa64/spf/servicepublishers/agent/spf/legacyservicepublisher/../../../../../../../bin/glnxa64/libmwagentnanomsgtransport.so+00082016
[  6] 0x0000147d7e1e8c34 /sfs/qumulo/qhome/xpz5km/.MathWorks/ServiceHost/udc-an33-10c0/v2024.6.0.6/bin/glnxa64/libmwfoundation_threadpool.so+00146484
[  7] 0x0000147d7e1ed928 /sfs/qumulo/qhome/xpz5km/.MathWorks/ServiceHost/udc-an33-10c0/v2024.6.0.6/bin/glnxa64/libmwfoundation_threadpool.so+00166184
[  8] 0x0000147d7e1edd54 /sfs/qumulo/qhome/xpz5km/.MathWorks/ServiceHost/udc-an33-10c0/v2024.6.0.6/bin/glnxa64/libmwfoundation_threadpool.so+00167252
[  9] 0x0000147d7ed748c3 /sfs/qumulo/qhome/xpz5km/.MathWorks/ServiceHost/udc-an33-10c0/v2024.6.0.6/bin/glnxa64/../../sys/os/glnxa64/libstdc++.so.6+00903363
[ 10] 0x0000147d7eec51ca                             /lib64/libpthread.so.0+00033226
[ 11] 0x0000147d7e8ebe73                                   /lib64/libc.so.6+00237171 clone+00000067


** This crash report has been written to /home/xpz5km/.MathWorks/ServiceHost/udc-an33-10c0/logs/MathWorksServiceHost_crash_861778.log **
[Warning: Error updating Text.

 String scalar or character vector must have valid interpreter syntax:
Radius at 0.5 level set
 phi_128_400000_1.0e-6__R0_0.216_eps_0.060037_alpha_0.2
] 
[> In defaulterrorcallback (line 12)
In print (line 36)
In saveas (line 181)
In level_set_plot_alpha (line 50)
In level_set_radius_array_alpha (line 25)] 

ans =

        4001


ans =

        4001


ans =

        4001


ans =

        4001


ans =

        4001

DONE
