Fri Jun 21 12:56:37 EDT 2024
0.217 32 10 0.2
LOADED MATLAB
0.217
32
0.2

                            < M A T L A B (R) >
                  Copyright 1984-2024 The MathWorks, Inc.
                  R2024a (24.1.0.2537033) 64-bit (glnxa64)
                             February 21, 2024

 
To get started, type doc.
For product information, visit www.mathworks.com.
 

indir = 

    "/scratch/xpz5km/Cahn_Hilliard_Model/julia_out/critical_radius_alpha"


epsilon_name = 

    "0.060037"


R0_name =

    '0.217'


alpha_name =

    '0.2'


alpha =

    '0.2'


name =

    'phi_128_400000_1.0e-6__R0_0.217_eps_0.060037_alpha_0.2'


------------------------------------------------------------------------
       Segmentation violation detected at Fri Jun 21 13:01:43 2024
------------------------------------------------------------------------
Architecture     : glnxa64
Processor ID     : Intel(R) Xeon(R) Gold 6248 CPU @ 2.50GHz
Host Name        : udc-an33-10c1
Locale           : en_US


Abnormal termination:
Segmentation violation

Current Thread: 'FTP_2_0' id 22970727241472

Register State (from fault):
  RAX = 0000000000000003  RBX = 0000000000000010
  RCX = 0000000000000001  RDX = 000000000000001f
  RSP = 000014e44a098330  RBP = 000014e44a0984b0
  RSI = 0000000002625f20  RDI = 0000000002625eb0

   R8 = 00000000028fe860   R9 = 0000000000000003
  R10 = 000000000000ffef  R11 = 000014e44c2328f0
  R12 = 000014e44a0983a0  R13 = 0000000002625f48
  R14 = 000014e4576fa6f0  R15 = 000014e44a098360

  RIP = 000014e4339c6658  EFL = 0000000000010206

   CS = 0033   FS = 0000   GS = 0000

Stack Trace (from fault):
[  0] 0x000014e4339c6658 /sfs/qumulo/qhome/xpz5km/.MathWorks/ServiceHost/udc-an33-10c1/v2024.6.0.6/bin/glnxa64/spf/serviceproviders/login/spf/matlabloginserviceprovider/libmwmatlabloginserviceprovider.so+00370264
[  1] 0x000014e44b433a97 /sfs/qumulo/qhome/xpz5km/.MathWorks/ServiceHost/udc-an33-10c1/v2024.6.0.6/bin/glnxa64/spf/servicepublishers/agent/spf/legacyservicepublisher/../../../../../../../bin/glnxa64/libmwagentspflegacyservicewrapper.so+00187031
[  2] 0x000014e45135546b /sfs/qumulo/qhome/xpz5km/.MathWorks/ServiceHost/udc-an33-10c1/v2024.6.0.6/bin/glnxa64/mathworksservicehost/rcf/matlabconnector/serviceprocess/rcf/client-v1/../../../../../../../../bin/glnxa64/libmwagentspfcore.so+00152683 _ZNK5agent3spf4core16ExportedFunctionclEON10foundation10concurrent10threadpool10stop_tokenEONS1_14GenericPayloadE+00000347
[  3] 0x000014e44b4255f6 /sfs/qumulo/qhome/xpz5km/.MathWorks/ServiceHost/udc-an33-10c1/v2024.6.0.6/bin/glnxa64/spf/servicepublishers/agent/spf/legacyservicepublisher/../../../../../../../bin/glnxa64/libmwagentspflegacyservicewrapper.so+00128502
[  4] 0x000014e44b425681 /sfs/qumulo/qhome/xpz5km/.MathWorks/ServiceHost/udc-an33-10c1/v2024.6.0.6/bin/glnxa64/spf/servicepublishers/agent/spf/legacyservicepublisher/../../../../../../../bin/glnxa64/libmwagentspflegacyservicewrapper.so+00128641
[  5] 0x000014e44b38c060 /sfs/qumulo/qhome/xpz5km/.MathWorks/ServiceHost/udc-an33-10c1/v2024.6.0.6/bin/glnxa64/spf/servicepublishers/agent/spf/legacyservicepublisher/../../../../../../../bin/glnxa64/libmwagentnanomsgtransport.so+00082016
[  6] 0x000014e456a16c34 /sfs/qumulo/qhome/xpz5km/.MathWorks/ServiceHost/udc-an33-10c1/v2024.6.0.6/bin/glnxa64/libmwfoundation_threadpool.so+00146484
[  7] 0x000014e456a1b928 /sfs/qumulo/qhome/xpz5km/.MathWorks/ServiceHost/udc-an33-10c1/v2024.6.0.6/bin/glnxa64/libmwfoundation_threadpool.so+00166184
[  8] 0x000014e456a1bd54 /sfs/qumulo/qhome/xpz5km/.MathWorks/ServiceHost/udc-an33-10c1/v2024.6.0.6/bin/glnxa64/libmwfoundation_threadpool.so+00167252
[  9] 0x000014e4575a28c3 /sfs/qumulo/qhome/xpz5km/.MathWorks/ServiceHost/udc-an33-10c1/v2024.6.0.6/bin/glnxa64/../../sys/os/glnxa64/libstdc++.so.6+00903363
[ 10] 0x000014e4576f31ca                             /lib64/libpthread.so.0+00033226
[ 11] 0x000014e457119e73                                   /lib64/libc.so.6+00237171 clone+00000067


** This crash report has been written to /home/xpz5km/.MathWorks/ServiceHost/udc-an33-10c1/logs/MathWorksServiceHost_crash_472767.log **

------------------------------------------------------------------------
       Segmentation violation detected at Fri Jun 21 13:07:47 2024
------------------------------------------------------------------------
Architecture     : glnxa64
Processor ID     : Intel(R) Xeon(R) Gold 6248 CPU @ 2.50GHz
Host Name        : udc-an33-10c1
Locale           : en_US


Abnormal termination:
Segmentation violation

Current Thread: 'FTP_2_2' id 23137822672640

Register State (from fault):
  RAX = 000000000000000b  RBX = 0000000000008a65
  RCX = 0000000000000003  RDX = 0000000000000001
  RSP = 0000150b31b37330  RBP = 0000150b31b374b0
  RSI = 0000000001330520  RDI = 00000000013304b0

   R8 = 000000000000000b   R9 = 6c637463656a626f
  R10 = 000000000000559a  R11 = 00000000012a1440
  R12 = 0000150b31b373a0  R13 = 0000000001330548
  R14 = 0000150b561216f0  R15 = 0000150b31b37360

  RIP = 0000150b323ed658  EFL = 0000000000010202

   CS = 0033   FS = 0000   GS = 0000

Stack Trace (from fault):
[  0] 0x0000150b323ed658 /sfs/qumulo/qhome/xpz5km/.MathWorks/ServiceHost/udc-an33-10c1/v2024.6.0.6/bin/glnxa64/spf/serviceproviders/login/spf/matlabloginserviceprovider/libmwmatlabloginserviceprovider.so+00370264
[  1] 0x0000150b49e5aa97 /sfs/qumulo/qhome/xpz5km/.MathWorks/ServiceHost/udc-an33-10c1/v2024.6.0.6/bin/glnxa64/spf/servicepublishers/agent/spf/legacyservicepublisher/../../../../../../../bin/glnxa64/libmwagentspflegacyservicewrapper.so+00187031
[  2] 0x0000150b500ca46b /sfs/qumulo/qhome/xpz5km/.MathWorks/ServiceHost/udc-an33-10c1/v2024.6.0.6/bin/glnxa64/mathworksservicehost/rcf/matlabconnector/serviceprocess/rcf/client-v1/../../../../../../../../bin/glnxa64/libmwagentspfcore.so+00152683 _ZNK5agent3spf4core16ExportedFunctionclEON10foundation10concurrent10threadpool10stop_tokenEONS1_14GenericPayloadE+00000347
[  3] 0x0000150b49e4c5f6 /sfs/qumulo/qhome/xpz5km/.MathWorks/ServiceHost/udc-an33-10c1/v2024.6.0.6/bin/glnxa64/spf/servicepublishers/agent/spf/legacyservicepublisher/../../../../../../../bin/glnxa64/libmwagentspflegacyservicewrapper.so+00128502
[  4] 0x0000150b49e4c681 /sfs/qumulo/qhome/xpz5km/.MathWorks/ServiceHost/udc-an33-10c1/v2024.6.0.6/bin/glnxa64/spf/servicepublishers/agent/spf/legacyservicepublisher/../../../../../../../bin/glnxa64/libmwagentspflegacyservicewrapper.so+00128641
[  5] 0x0000150b49db3060 /sfs/qumulo/qhome/xpz5km/.MathWorks/ServiceHost/udc-an33-10c1/v2024.6.0.6/bin/glnxa64/spf/servicepublishers/agent/spf/legacyservicepublisher/../../../../../../../bin/glnxa64/libmwagentnanomsgtransport.so+00082016
[  6] 0x0000150b5543dc34 /sfs/qumulo/qhome/xpz5km/.MathWorks/ServiceHost/udc-an33-10c1/v2024.6.0.6/bin/glnxa64/libmwfoundation_threadpool.so+00146484
[  7] 0x0000150b55442928 /sfs/qumulo/qhome/xpz5km/.MathWorks/ServiceHost/udc-an33-10c1/v2024.6.0.6/bin/glnxa64/libmwfoundation_threadpool.so+00166184
[  8] 0x0000150b55442d54 /sfs/qumulo/qhome/xpz5km/.MathWorks/ServiceHost/udc-an33-10c1/v2024.6.0.6/bin/glnxa64/libmwfoundation_threadpool.so+00167252
[  9] 0x0000150b55fc98c3 /sfs/qumulo/qhome/xpz5km/.MathWorks/ServiceHost/udc-an33-10c1/v2024.6.0.6/bin/glnxa64/../../sys/os/glnxa64/libstdc++.so.6+00903363
[ 10] 0x0000150b5611a1ca                             /lib64/libpthread.so.0+00033226
[ 11] 0x0000150b55b40e73                                   /lib64/libc.so.6+00237171 clone+00000067


** This crash report has been written to /home/xpz5km/.MathWorks/ServiceHost/udc-an33-10c1/logs/MathWorksServiceHost_crash_487444.log **
[Warning: Error updating Text.

 String scalar or character vector must have valid interpreter syntax:
Radius at 0.5 level set
 phi_128_400000_1.0e-6__R0_0.217_eps_0.060037_alpha_0.2
] 
[> In defaulterrorcallback (line 12)
In print (line 36)
In saveas (line 181)
In level_set_plot_alpha (line 50)
In level_set_radius_array_alpha (line 25)] 

ans =

        4001


ans =

        4001


ans =

        4001


ans =

        4001


ans =

        4001

DONE
