Fri Jun 21 12:56:37 EDT 2024
0.178 16 10 0.2
LOADED MATLAB
0.178
16
0.2

                            < M A T L A B (R) >
                  Copyright 1984-2024 The MathWorks, Inc.
                  R2024a (24.1.0.2537033) 64-bit (glnxa64)
                             February 21, 2024

 
To get started, type doc.
For product information, visit www.mathworks.com.
 

indir = 

    "/scratch/xpz5km/Cahn_Hilliard_Model/julia_out/critical_radius_alpha"


epsilon_name = 

    "0.030019"


R0_name =

    '0.178'


alpha_name =

    '0.2'


alpha =

    '0.2'


name =

    'phi_128_400000_1.0e-6__R0_0.178_eps_0.030019_alpha_0.2'


------------------------------------------------------------------------
       Segmentation violation detected at Fri Jun 21 13:05:48 2024
------------------------------------------------------------------------
Architecture     : glnxa64
Processor ID     : Intel(R) Xeon(R) Gold 6248 CPU @ 2.50GHz
Host Name        : udc-an33-13c1
Locale           : en_US


Abnormal termination:
Segmentation violation

Current Thread: 'FTP_2_2' id 22688602523392

Register State (from fault):
  RAX = 00000a515a1735c0  RBX = 0000000000000000
  RCX = 0000000000000001  RDX = 00000000ffffffff
  RSP = 000014a29a17f330  RBP = 000014a29a17f4b0
  RSI = 000014a2b4237640  RDI = 000014a2b42375d0

   R8 = 000014a2b4303e80   R9 = 00000a515a1735c0
  R10 = 000000000000ffff  R11 = 000014a2b4237640
  R12 = 000014a29a17f3a0  R13 = 000014a2b4237668
  R14 = 000014a2be3666f0  R15 = 000014a29a17f360

  RIP = 000014a29aa35658  EFL = 0000000000010206

   CS = 0033   FS = 0000   GS = 0000

Stack Trace (from fault):
[  0] 0x000014a29aa35658 /sfs/qumulo/qhome/xpz5km/.MathWorks/ServiceHost/udc-an33-13c1/v2024.6.0.6/bin/glnxa64/spf/serviceproviders/login/spf/matlabloginserviceprovider/libmwmatlabloginserviceprovider.so+00370264
[  1] 0x000014a2b24a5a97 /sfs/qumulo/qhome/xpz5km/.MathWorks/ServiceHost/udc-an33-13c1/v2024.6.0.6/bin/glnxa64/spf/servicepublishers/agent/spf/legacyservicepublisher/../../../../../../../bin/glnxa64/libmwagentspflegacyservicewrapper.so+00187031
[  2] 0x000014a2b83c346b /sfs/qumulo/qhome/xpz5km/.MathWorks/ServiceHost/udc-an33-13c1/v2024.6.0.6/bin/glnxa64/mathworksservicehost/rcf/matlabconnector/serviceprocess/rcf/client-v1/../../../../../../../../bin/glnxa64/libmwagentspfcore.so+00152683 _ZNK5agent3spf4core16ExportedFunctionclEON10foundation10concurrent10threadpool10stop_tokenEONS1_14GenericPayloadE+00000347
[  3] 0x000014a2b24975f6 /sfs/qumulo/qhome/xpz5km/.MathWorks/ServiceHost/udc-an33-13c1/v2024.6.0.6/bin/glnxa64/spf/servicepublishers/agent/spf/legacyservicepublisher/../../../../../../../bin/glnxa64/libmwagentspflegacyservicewrapper.so+00128502
[  4] 0x000014a2b2497681 /sfs/qumulo/qhome/xpz5km/.MathWorks/ServiceHost/udc-an33-13c1/v2024.6.0.6/bin/glnxa64/spf/servicepublishers/agent/spf/legacyservicepublisher/../../../../../../../bin/glnxa64/libmwagentspflegacyservicewrapper.so+00128641
[  5] 0x000014a2b23fe060 /sfs/qumulo/qhome/xpz5km/.MathWorks/ServiceHost/udc-an33-13c1/v2024.6.0.6/bin/glnxa64/spf/servicepublishers/agent/spf/legacyservicepublisher/../../../../../../../bin/glnxa64/libmwagentnanomsgtransport.so+00082016
[  6] 0x000014a2bd682c34 /sfs/qumulo/qhome/xpz5km/.MathWorks/ServiceHost/udc-an33-13c1/v2024.6.0.6/bin/glnxa64/libmwfoundation_threadpool.so+00146484
[  7] 0x000014a2bd687928 /sfs/qumulo/qhome/xpz5km/.MathWorks/ServiceHost/udc-an33-13c1/v2024.6.0.6/bin/glnxa64/libmwfoundation_threadpool.so+00166184
[  8] 0x000014a2bd687d54 /sfs/qumulo/qhome/xpz5km/.MathWorks/ServiceHost/udc-an33-13c1/v2024.6.0.6/bin/glnxa64/libmwfoundation_threadpool.so+00167252
[  9] 0x000014a2be20e8c3 /sfs/qumulo/qhome/xpz5km/.MathWorks/ServiceHost/udc-an33-13c1/v2024.6.0.6/bin/glnxa64/../../sys/os/glnxa64/libstdc++.so.6+00903363
[ 10] 0x000014a2be35f1ca                             /lib64/libpthread.so.0+00033226
[ 11] 0x000014a2bdd85e73                                   /lib64/libc.so.6+00237171 clone+00000067


** This crash report has been written to /home/xpz5km/.MathWorks/ServiceHost/udc-an33-13c1/logs/MathWorksServiceHost_crash_182562.log **
[Warning: Error updating Text.

 String scalar or character vector must have valid interpreter syntax:
Radius at 0.5 level set
 phi_128_400000_1.0e-6__R0_0.178_eps_0.030019_alpha_0.2
] 
[> In defaulterrorcallback (line 12)
In print (line 36)
In saveas (line 181)
In level_set_plot_alpha (line 50)
In level_set_radius_array_alpha (line 25)] 

ans =

        4001


ans =

        4001


ans =

        4001


ans =

        4001


ans =

        4001

DONE
