Fri Jun 21 13:10:48 EDT 2024
0.243 40 10 0.2
LOADED MATLAB
0.243
40
0.2

                            < M A T L A B (R) >
                  Copyright 1984-2024 The MathWorks, Inc.
                  R2024a (24.1.0.2537033) 64-bit (glnxa64)
                             February 21, 2024

 
To get started, type doc.
For product information, visit www.mathworks.com.
 

indir = 

    "/scratch/xpz5km/Cahn_Hilliard_Model/julia_out/critical_radius_alpha"


epsilon_name = 

    "0.075047"


R0_name =

    '0.243'


alpha_name =

    '0.2'


alpha =

    '0.2'


name =

    'phi_128_400000_1.0e-6__R0_0.243_eps_0.075047_alpha_0.2'

{Index in position 3 exceeds array bounds. Index must not exceed 9927.

Error in level_set_plot_alpha (line 26)
        phi_tmp = phi(:,:,i+1);

Error in level_set_radius_array_alpha (line 25)
    [rr,tt] = level_set_plot_alpha(2.5e-5, indir, total_time, everyR, epsilon_name, R0_name, folder, alpha_name);
} 
DONE
