Fri Jun 21 12:56:37 EDT 2024
0.157 8 10 0.2
LOADED MATLAB
0.157
8
0.2

                            < M A T L A B (R) >
                  Copyright 1984-2024 The MathWorks, Inc.
                  R2024a (24.1.0.2537033) 64-bit (glnxa64)
                             February 21, 2024

 
To get started, type doc.
For product information, visit www.mathworks.com.
 

indir = 

    "/scratch/xpz5km/Cahn_Hilliard_Model/julia_out/critical_radius_alpha"


epsilon_name = 

    "0.015009"


R0_name =

    '0.157'


alpha_name =

    '0.2'


alpha =

    '0.2'


name =

    'phi_128_400000_1.0e-6__R0_0.157_eps_0.015009_alpha_0.2'

Launching updater executable
[Warning: Error updating Text.

 String scalar or character vector must have valid interpreter syntax:
Radius at 0.5 level set
 phi_128_400000_1.0e-6__R0_0.157_eps_0.015009_alpha_0.2
] 
[> In defaulterrorcallback (line 12)
In print (line 36)
In saveas (line 181)
In level_set_plot_alpha (line 50)
In level_set_radius_array_alpha (line 25)] 

ans =

        4001


ans =

        4001


ans =

        4001


ans =

        4001


ans =

        4001


------------------------------------------------------------------------
       Segmentation violation detected at Fri Jun 21 13:10:36 2024
------------------------------------------------------------------------
Architecture     : glnxa64
Processor ID     : Intel(R) Xeon(R) Gold 6248 CPU @ 2.50GHz
Host Name        : udc-an33-19c1
Locale           : en_US


Abnormal termination:
Segmentation violation

Current Thread: 'FTP_2_2' id 22973722949376

Register State (from fault):
  RAX = 0000000001716e80  RBX = 000014e4fc9864f0
  RCX = 0000000000000000  RDX = 0000000000000009
  RSP = 000014e4fc9864b0  RBP = 000014e4fc986710
  RSI = 0000000000000002  RDI = 0000000000000002

   R8 = 000014e4fc9864f8   R9 = 0000000000000052
  R10 = 000014e45a5ac9fa  R11 = 000014e4fc986468
  R12 = 000014e4fc986538  R13 = 0000000001c6d3e0
  R14 = 0000000000000000  R15 = 000014e4fc986550

  RIP = 000014e4fd23cb13  EFL = 0000000000010246

   CS = 0033   FS = 0000   GS = 0000

Stack Trace (from fault):
[  0] 0x000014e4fd23cb13 /sfs/qumulo/qhome/xpz5km/.MathWorks/ServiceHost/udc-an33-19c1/v2024.6.0.6/bin/glnxa64/spf/serviceproviders/login/spf/matlabloginserviceprovider/libmwmatlabloginserviceprovider.so+00371475
[  1] 0x000014e51abc946b /sfs/qumulo/qhome/xpz5km/.MathWorks/ServiceHost/udc-an33-19c1/v2024.6.0.6/bin/glnxa64/mathworksservicehost/rcf/matlabconnector/serviceprocess/rcf/client-v1/../../../../../../../../bin/glnxa64/libmwagentspfcore.so+00152683 _ZNK5agent3spf4core16ExportedFunctionclEON10foundation10concurrent10threadpool10stop_tokenEONS1_14GenericPayloadE+00000347
[  2] 0x000014e518c9e5f6 /sfs/qumulo/qhome/xpz5km/.MathWorks/ServiceHost/udc-an33-19c1/v2024.6.0.6/bin/glnxa64/spf/servicepublishers/agent/spf/legacyservicepublisher/../../../../../../../bin/glnxa64/libmwagentspflegacyservicewrapper.so+00128502
[  3] 0x000014e518c9e681 /sfs/qumulo/qhome/xpz5km/.MathWorks/ServiceHost/udc-an33-19c1/v2024.6.0.6/bin/glnxa64/spf/servicepublishers/agent/spf/legacyservicepublisher/../../../../../../../bin/glnxa64/libmwagentspflegacyservicewrapper.so+00128641
[  4] 0x000014e518c05060 /sfs/qumulo/qhome/xpz5km/.MathWorks/ServiceHost/udc-an33-19c1/v2024.6.0.6/bin/glnxa64/spf/servicepublishers/agent/spf/legacyservicepublisher/../../../../../../../bin/glnxa64/libmwagentnanomsgtransport.so+00082016
[  5] 0x000014e52028ac34 /sfs/qumulo/qhome/xpz5km/.MathWorks/ServiceHost/udc-an33-19c1/v2024.6.0.6/bin/glnxa64/libmwfoundation_threadpool.so+00146484
[  6] 0x000014e52028f928 /sfs/qumulo/qhome/xpz5km/.MathWorks/ServiceHost/udc-an33-19c1/v2024.6.0.6/bin/glnxa64/libmwfoundation_threadpool.so+00166184
[  7] 0x000014e52028fd54 /sfs/qumulo/qhome/xpz5km/.MathWorks/ServiceHost/udc-an33-19c1/v2024.6.0.6/bin/glnxa64/libmwfoundation_threadpool.so+00167252
[  8] 0x000014e520e168c3 /sfs/qumulo/qhome/xpz5km/.MathWorks/ServiceHost/udc-an33-19c1/v2024.6.0.6/bin/glnxa64/../../sys/os/glnxa64/libstdc++.so.6+00903363
[  9] 0x000014e520f671ca                             /lib64/libpthread.so.0+00033226
[ 10] 0x000014e52098de73                                   /lib64/libc.so.6+00237171 clone+00000067


** This crash report has been written to /home/xpz5km/.MathWorks/ServiceHost/udc-an33-19c1/logs/MathWorksServiceHost_crash_229718.log **
DONE
