Fri Jun 21 12:56:37 EDT 2024
0.211 32 10 0.2
LOADED MATLAB
0.211
32
0.2

                            < M A T L A B (R) >
                  Copyright 1984-2024 The MathWorks, Inc.
                  R2024a (24.1.0.2537033) 64-bit (glnxa64)
                             February 21, 2024

 
To get started, type doc.
For product information, visit www.mathworks.com.
 

indir = 

    "/scratch/xpz5km/Cahn_Hilliard_Model/julia_out/critical_radius_alpha"


epsilon_name = 

    "0.060037"


R0_name =

    '0.211'


alpha_name =

    '0.2'


alpha =

    '0.2'


name =

    'phi_128_400000_1.0e-6__R0_0.211_eps_0.060037_alpha_0.2'


------------------------------------------------------------------------
       Segmentation violation detected at Fri Jun 21 13:00:45 2024
------------------------------------------------------------------------
Architecture     : glnxa64
Processor ID     : Intel(R) Xeon(R) Gold 6248 CPU @ 2.50GHz
Host Name        : udc-an33-8c0
Locale           : en_US


Abnormal termination:
Segmentation violation

Current Thread: 'FTP_2_1' id 23382371772160

Register State (from fault):
  RAX = 706d6f0000636974  RBX = 0000000000000066
  RCX = 0000000000000001  RDX = 0000000000000003
  RSP = 0000154421f69330  RBP = 0000154421f694b0
  RSI = 0000000000894600  RDI = 0000000000894590

   R8 = 736f6e676169643a   R9 = 706d6f0000636974
  R10 = 000000000000ff99  R11 = 0000000000894600
  R12 = 0000154421f693a0  R13 = 0000000000894628
  R14 = 00001544461146f0  R15 = 0000154421f69360

  RIP = 00001544223e0658  EFL = 0000000000010206

   CS = 0033   FS = 0000   GS = 0000

Stack Trace (from fault):
[  0] 0x00001544223e0658 /sfs/qumulo/qhome/xpz5km/.MathWorks/ServiceHost/udc-an33-8c0/v2024.6.0.6/bin/glnxa64/spf/serviceproviders/login/spf/matlabloginserviceprovider/libmwmatlabloginserviceprovider.so+00370264
[  1] 0x0000154439e4da97 /sfs/qumulo/qhome/xpz5km/.MathWorks/ServiceHost/udc-an33-8c0/v2024.6.0.6/bin/glnxa64/spf/servicepublishers/agent/spf/legacyservicepublisher/../../../../../../../bin/glnxa64/libmwagentspflegacyservicewrapper.so+00187031
[  2] 0x00001544400bd46b /sfs/qumulo/qhome/xpz5km/.MathWorks/ServiceHost/udc-an33-8c0/v2024.6.0.6/bin/glnxa64/mathworksservicehost/rcf/matlabconnector/serviceprocess/rcf/client-v1/../../../../../../../../bin/glnxa64/libmwagentspfcore.so+00152683 _ZNK5agent3spf4core16ExportedFunctionclEON10foundation10concurrent10threadpool10stop_tokenEONS1_14GenericPayloadE+00000347
[  3] 0x0000154439e3f5f6 /sfs/qumulo/qhome/xpz5km/.MathWorks/ServiceHost/udc-an33-8c0/v2024.6.0.6/bin/glnxa64/spf/servicepublishers/agent/spf/legacyservicepublisher/../../../../../../../bin/glnxa64/libmwagentspflegacyservicewrapper.so+00128502
[  4] 0x0000154439e3f681 /sfs/qumulo/qhome/xpz5km/.MathWorks/ServiceHost/udc-an33-8c0/v2024.6.0.6/bin/glnxa64/spf/servicepublishers/agent/spf/legacyservicepublisher/../../../../../../../bin/glnxa64/libmwagentspflegacyservicewrapper.so+00128641
[  5] 0x0000154439da6060 /sfs/qumulo/qhome/xpz5km/.MathWorks/ServiceHost/udc-an33-8c0/v2024.6.0.6/bin/glnxa64/spf/servicepublishers/agent/spf/legacyservicepublisher/../../../../../../../bin/glnxa64/libmwagentnanomsgtransport.so+00082016
[  6] 0x0000154445430c34 /sfs/qumulo/qhome/xpz5km/.MathWorks/ServiceHost/udc-an33-8c0/v2024.6.0.6/bin/glnxa64/libmwfoundation_threadpool.so+00146484
[  7] 0x0000154445435928 /sfs/qumulo/qhome/xpz5km/.MathWorks/ServiceHost/udc-an33-8c0/v2024.6.0.6/bin/glnxa64/libmwfoundation_threadpool.so+00166184
[  8] 0x0000154445435d54 /sfs/qumulo/qhome/xpz5km/.MathWorks/ServiceHost/udc-an33-8c0/v2024.6.0.6/bin/glnxa64/libmwfoundation_threadpool.so+00167252
[  9] 0x0000154445fbc8c3 /sfs/qumulo/qhome/xpz5km/.MathWorks/ServiceHost/udc-an33-8c0/v2024.6.0.6/bin/glnxa64/../../sys/os/glnxa64/libstdc++.so.6+00903363
[ 10] 0x000015444610d1ca                             /lib64/libpthread.so.0+00033226
[ 11] 0x0000154445b33e73                                   /lib64/libc.so.6+00237171 clone+00000067


** This crash report has been written to /home/xpz5km/.MathWorks/ServiceHost/udc-an33-8c0/logs/MathWorksServiceHost_crash_958527.log **
[Warning: Error updating Text.

 String scalar or character vector must have valid interpreter syntax:
Radius at 0.5 level set
 phi_128_400000_1.0e-6__R0_0.211_eps_0.060037_alpha_0.2
] 
[> In defaulterrorcallback (line 12)
In print (line 36)
In saveas (line 181)
In level_set_plot_alpha (line 50)
In level_set_radius_array_alpha (line 25)] 

ans =

        4001


ans =

        4001


ans =

        4001


ans =

        4001


ans =

        4001

DONE
