Fri Jun 21 12:56:37 EDT 2024
0.158 8 10 0.2
LOADED MATLAB
0.158
8
0.2

                            < M A T L A B (R) >
                  Copyright 1984-2024 The MathWorks, Inc.
                  R2024a (24.1.0.2537033) 64-bit (glnxa64)
                             February 21, 2024

 
To get started, type doc.
For product information, visit www.mathworks.com.
 

indir = 

    "/scratch/xpz5km/Cahn_Hilliard_Model/julia_out/critical_radius_alpha"


epsilon_name = 

    "0.015009"


R0_name =

    '0.158'


alpha_name =

    '0.2'


alpha =

    '0.2'


name =

    'phi_128_400000_1.0e-6__R0_0.158_eps_0.015009_alpha_0.2'


------------------------------------------------------------------------
       Segmentation violation detected at Fri Jun 21 13:07:48 2024
------------------------------------------------------------------------
Architecture     : glnxa64
Processor ID     : Intel(R) Xeon(R) Gold 6248 CPU @ 2.50GHz
Host Name        : udc-an33-11c1
Locale           : en_US


Abnormal termination:
Segmentation violation

Current Thread: 'FTP_2_2' id 22975019071232

Register State (from fault):
  RAX = 000000000000000a  RBX = 0000000000000269
  RCX = 0000000000000003  RDX = 0000000000000001
  RSP = 000014e549d9a330  RBP = 000014e549d9a4b0
  RSI = 000014e564277e10  RDI = 000014e564277da0

   R8 = 000000000000000a   R9 = 7672657370747468
  R10 = 000000000000fd96  R11 = 00000000025dddb0
  R12 = 000014e549d9a3a0  R13 = 000014e564277e38
  R14 = 000014e56e1836f0  R15 = 000014e549d9a360

  RIP = 000014e54a650658  EFL = 0000000000010206

   CS = 0033   FS = 0000   GS = 0000

Stack Trace (from fault):
[  0] 0x000014e54a650658 /sfs/qumulo/qhome/xpz5km/.MathWorks/ServiceHost/udc-an33-11c1/v2024.6.0.6/bin/glnxa64/spf/serviceproviders/login/spf/matlabloginserviceprovider/libmwmatlabloginserviceprovider.so+00370264
[  1] 0x000014e5620c0a97 /sfs/qumulo/qhome/xpz5km/.MathWorks/ServiceHost/udc-an33-11c1/v2024.6.0.6/bin/glnxa64/spf/servicepublishers/agent/spf/legacyservicepublisher/../../../../../../../bin/glnxa64/libmwagentspflegacyservicewrapper.so+00187031
[  2] 0x000014e563fdd46b /sfs/qumulo/qhome/xpz5km/.MathWorks/ServiceHost/udc-an33-11c1/v2024.6.0.6/bin/glnxa64/mathworksservicehost/rcf/matlabconnector/serviceprocess/rcf/client-v1/../../../../../../../../bin/glnxa64/libmwagentspfcore.so+00152683 _ZNK5agent3spf4core16ExportedFunctionclEON10foundation10concurrent10threadpool10stop_tokenEONS1_14GenericPayloadE+00000347
[  3] 0x000014e5620b25f6 /sfs/qumulo/qhome/xpz5km/.MathWorks/ServiceHost/udc-an33-11c1/v2024.6.0.6/bin/glnxa64/spf/servicepublishers/agent/spf/legacyservicepublisher/../../../../../../../bin/glnxa64/libmwagentspflegacyservicewrapper.so+00128502
[  4] 0x000014e5620b2681 /sfs/qumulo/qhome/xpz5km/.MathWorks/ServiceHost/udc-an33-11c1/v2024.6.0.6/bin/glnxa64/spf/servicepublishers/agent/spf/legacyservicepublisher/../../../../../../../bin/glnxa64/libmwagentspflegacyservicewrapper.so+00128641
[  5] 0x000014e562019060 /sfs/qumulo/qhome/xpz5km/.MathWorks/ServiceHost/udc-an33-11c1/v2024.6.0.6/bin/glnxa64/spf/servicepublishers/agent/spf/legacyservicepublisher/../../../../../../../bin/glnxa64/libmwagentnanomsgtransport.so+00082016
[  6] 0x000014e56d49fc34 /sfs/qumulo/qhome/xpz5km/.MathWorks/ServiceHost/udc-an33-11c1/v2024.6.0.6/bin/glnxa64/libmwfoundation_threadpool.so+00146484
[  7] 0x000014e56d4a4928 /sfs/qumulo/qhome/xpz5km/.MathWorks/ServiceHost/udc-an33-11c1/v2024.6.0.6/bin/glnxa64/libmwfoundation_threadpool.so+00166184
[  8] 0x000014e56d4a4d54 /sfs/qumulo/qhome/xpz5km/.MathWorks/ServiceHost/udc-an33-11c1/v2024.6.0.6/bin/glnxa64/libmwfoundation_threadpool.so+00167252
[  9] 0x000014e56e02b8c3 /sfs/qumulo/qhome/xpz5km/.MathWorks/ServiceHost/udc-an33-11c1/v2024.6.0.6/bin/glnxa64/../../sys/os/glnxa64/libstdc++.so.6+00903363
[ 10] 0x000014e56e17c1ca                             /lib64/libpthread.so.0+00033226
[ 11] 0x000014e56dba2e73                                   /lib64/libc.so.6+00237171 clone+00000067


** This crash report has been written to /home/xpz5km/.MathWorks/ServiceHost/udc-an33-11c1/logs/MathWorksServiceHost_crash_862210.log **
[Warning: Error updating Text.

 String scalar or character vector must have valid interpreter syntax:
Radius at 0.5 level set
 phi_128_400000_1.0e-6__R0_0.158_eps_0.015009_alpha_0.2
] 
[> In defaulterrorcallback (line 12)
In print (line 36)
In saveas (line 181)
In level_set_plot_alpha (line 50)
In level_set_radius_array_alpha (line 25)] 

ans =

        4001


ans =

        4001


ans =

        4001


ans =

        4001


ans =

        4001

DONE
