Tue Aug 13 11:40:40 EDT 2024
0.118 16 10
LOADED MATLAB
0.118
16
An unexpected error has occurred.
To resolve this issue, contact <a href="https://www.mathworks.com/pi_gene_mci_glnxa64">Technical Support</a>.

                            < M A T L A B (R) >
                  Copyright 1984-2024 The MathWorks, Inc.
                  R2024a (24.1.0.2537033) 64-bit (glnxa64)
                             February 21, 2024

 
To get started, type doc.
For product information, visit www.mathworks.com.
 

eps =

    0.0150


epsilon_name = 

    "0.015009"


R0_name =

    '0.118'


name =

    'phi_256_400000_1.0e-6__256_R0_0.118_eps_0.015009'

You already have the most recent version of MATLAB Connector installed.
Launching updater executable

(InstallMathWorksServiceHost:553644): Gtk-WARNING **: 11:53:08.898: cannot open display: 
You already have the most recent version of MATLAB Connector installed.
Launching updater executable

(InstallMathWorksServiceHost:554425): Gtk-WARNING **: 11:58:26.549: cannot open display: 
You already have the most recent version of MATLAB Connector installed.
Launching updater executable
pure virtual method called

(InstallMathWorksServiceHost:555292): Gtk-WARNING **: 12:03:44.679: cannot open display: 

------------------------------------------------------------------------
          std::terminate() detected at Tue Aug 13 12:03:44 2024
------------------------------------------------------------------------
Architecture     : glnxa64
Processor ID     : Intel(R) Xeon(R) Gold 6248 CPU @ 2.50GHz
Host Name        : udc-an33-1c1
Locale           : en_US


Abnormal termination:
std::terminate()

Current Thread: 'GTP_10' id 22527982098176

Register State (captured):
  RAX = 0000000000000000  RBX = 0000147d39c4c3c8
  RCX = 0000000000000000  RDX = 0000147d39c35e88
  RSP = 0000147d345eb120  RBP = 0000147d345eb500
  RSI = 0000147d39c1af6d  RDI = 0000147d345eb130

   R8 = 0000000000000002   R9 = 0000147d345eb410
  R10 = 0000000000000000  R11 = 0000000000000000
  R12 = 0000147d39c1af6d  R13 = 0000147d345eb570
  R14 = 0000147d345eb9e0  R15 = 0000147d345ebe80

  RIP = 0000147d39bc493f  EFL = 0000000000000000

   CS = 0000   FS = 0000   GS = 0000

Stack Trace (captured):
[  0] 0x0000147d39bbe433 /sfs/qumulo/qhome/xpz5km/.MathWorks/ServiceHost/udc-an33-1c1/v2024.2.0.3/bin/glnxa64/libmwfl.so+00320563
[  1] 0x0000147d39bbe67c /sfs/qumulo/qhome/xpz5km/.MathWorks/ServiceHost/udc-an33-1c1/v2024.2.0.3/bin/glnxa64/libmwfl.so+00321148 _ZN10foundation4core4diag15stacktrace_base7captureEm+00000028
[  2] 0x0000147d39bc04fa /sfs/qumulo/qhome/xpz5km/.MathWorks/ServiceHost/udc-an33-1c1/v2024.2.0.3/bin/glnxa64/libmwfl.so+00328954
[  3] 0x0000147d39bc07a2 /sfs/qumulo/qhome/xpz5km/.MathWorks/ServiceHost/udc-an33-1c1/v2024.2.0.3/bin/glnxa64/libmwfl.so+00329634
[  4] 0x0000147d3a931901 /sfs/qumulo/qhome/xpz5km/.MathWorks/ServiceHost/udc-an33-1c1/v2024.2.0.3/bin/glnxa64/libmwagentutils.so+00637185
[  5] 0x0000147d3a9327fa /sfs/qumulo/qhome/xpz5km/.MathWorks/ServiceHost/udc-an33-1c1/v2024.2.0.3/bin/glnxa64/libmwagentutils.so+00641018
[  6] 0x0000147d3a932969 /sfs/qumulo/qhome/xpz5km/.MathWorks/ServiceHost/udc-an33-1c1/v2024.2.0.3/bin/glnxa64/libmwagentutils.so+00641385
[  7] 0x0000147d3a92fc98 /sfs/qumulo/qhome/xpz5km/.MathWorks/ServiceHost/udc-an33-1c1/v2024.2.0.3/bin/glnxa64/libmwagentutils.so+00629912
[  8] 0x0000147d3a0e3efa /sfs/qumulo/qhome/xpz5km/.MathWorks/ServiceHost/udc-an33-1c1/v2024.2.0.3/bin/glnxa64/../../sys/os/glnxa64/libstdc++.so.6+00724730
[  9] 0x0000147d3a0e3f65 /sfs/qumulo/qhome/xpz5km/.MathWorks/ServiceHost/udc-an33-1c1/v2024.2.0.3/bin/glnxa64/../../sys/os/glnxa64/libstdc++.so.6+00724837
[ 10] 0x0000147d3a0e4c63 /sfs/qumulo/qhome/xpz5km/.MathWorks/ServiceHost/udc-an33-1c1/v2024.2.0.3/bin/glnxa64/../../sys/os/glnxa64/libstdc++.so.6+00728163
[ 11] 0x0000147d34d2b160 /sfs/qumulo/qhome/xpz5km/.MathWorks/ServiceHost/udc-an33-1c1/v2024.2.0.3/bin/glnxa64/libDeclarativeServices.so.1.5.6+00524640
[ 12] 0x0000147d34d42ae9 /sfs/qumulo/qhome/xpz5km/.MathWorks/ServiceHost/udc-an33-1c1/v2024.2.0.3/bin/glnxa64/libDeclarativeServices.so.1.5.6+00621289
[ 13] 0x0000147d34d50ba8 /sfs/qumulo/qhome/xpz5km/.MathWorks/ServiceHost/udc-an33-1c1/v2024.2.0.3/bin/glnxa64/libDeclarativeServices.so.1.5.6+00678824
[ 14] 0x0000147d34d4736a /sfs/qumulo/qhome/xpz5km/.MathWorks/ServiceHost/udc-an33-1c1/v2024.2.0.3/bin/glnxa64/libDeclarativeServices.so.1.5.6+00639850
[ 15] 0x0000147d34d47aa2 /sfs/qumulo/qhome/xpz5km/.MathWorks/ServiceHost/udc-an33-1c1/v2024.2.0.3/bin/glnxa64/libDeclarativeServices.so.1.5.6+00641698
[ 16] 0x0000147d34d422fc /sfs/qumulo/qhome/xpz5km/.MathWorks/ServiceHost/udc-an33-1c1/v2024.2.0.3/bin/glnxa64/libDeclarativeServices.so.1.5.6+00619260
[ 17] 0x0000147d34d42e12 /sfs/qumulo/qhome/xpz5km/.MathWorks/ServiceHost/udc-an33-1c1/v2024.2.0.3/bin/glnxa64/libDeclarativeServices.so.1.5.6+00622098
[ 18] 0x0000147d34d30993 /sfs/qumulo/qhome/xpz5km/.MathWorks/ServiceHost/udc-an33-1c1/v2024.2.0.3/bin/glnxa64/libDeclarativeServices.so.1.5.6+00547219
[ 19] 0x0000147d34d2da7d /sfs/qumulo/qhome/xpz5km/.MathWorks/ServiceHost/udc-an33-1c1/v2024.2.0.3/bin/glnxa64/libDeclarativeServices.so.1.5.6+00535165
[ 20] 0x0000147d34d5d5fe /sfs/qumulo/qhome/xpz5km/.MathWorks/ServiceHost/udc-an33-1c1/v2024.2.0.3/bin/glnxa64/libDeclarativeServices.so.1.5.6+00730622
[ 21] 0x0000147d34cd701b /sfs/qumulo/qhome/xpz5km/.MathWorks/ServiceHost/udc-an33-1c1/v2024.2.0.3/bin/glnxa64/libDeclarativeServices.so.1.5.6+00180251
[ 22] 0x0000147d34d36e53 /sfs/qumulo/qhome/xpz5km/.MathWorks/ServiceHost/udc-an33-1c1/v2024.2.0.3/bin/glnxa64/libDeclarativeServices.so.1.5.6+00573011
[ 23] 0x0000147d34d3a899 /sfs/qumulo/qhome/xpz5km/.MathWorks/ServiceHost/udc-an33-1c1/v2024.2.0.3/bin/glnxa64/libDeclarativeServices.so.1.5.6+00587929
[ 24] 0x0000147d3a267e67                             /lib64/libpthread.so.0+00065127
[ 25] 0x0000147d34d34e8d /sfs/qumulo/qhome/xpz5km/.MathWorks/ServiceHost/udc-an33-1c1/v2024.2.0.3/bin/glnxa64/libDeclarativeServices.so.1.5.6+00564877
[ 26] 0x0000147d34d37086 /sfs/qumulo/qhome/xpz5km/.MathWorks/ServiceHost/udc-an33-1c1/v2024.2.0.3/bin/glnxa64/libDeclarativeServices.so.1.5.6+00573574
[ 27] 0x0000147d34d3a899 /sfs/qumulo/qhome/xpz5km/.MathWorks/ServiceHost/udc-an33-1c1/v2024.2.0.3/bin/glnxa64/libDeclarativeServices.so.1.5.6+00587929
[ 28] 0x0000147d3a267e67                             /lib64/libpthread.so.0+00065127
[ 29] 0x0000147d34d35008 /sfs/qumulo/qhome/xpz5km/.MathWorks/ServiceHost/udc-an33-1c1/v2024.2.0.3/bin/glnxa64/libDeclarativeServices.so.1.5.6+00565256
[ 30] 0x0000147d394a8c34 /sfs/qumulo/qhome/xpz5km/.MathWorks/ServiceHost/udc-an33-1c1/v2024.2.0.3/bin/glnxa64/libmwfoundation_threadpool.so+00146484
[ 31] 0x0000147d394ad928 /sfs/qumulo/qhome/xpz5km/.MathWorks/ServiceHost/udc-an33-1c1/v2024.2.0.3/bin/glnxa64/libmwfoundation_threadpool.so+00166184
[ 32] 0x0000147d394add54 /sfs/qumulo/qhome/xpz5km/.MathWorks/ServiceHost/udc-an33-1c1/v2024.2.0.3/bin/glnxa64/libmwfoundation_threadpool.so+00167252
[ 33] 0x0000147d3a10f8c3 /sfs/qumulo/qhome/xpz5km/.MathWorks/ServiceHost/udc-an33-1c1/v2024.2.0.3/bin/glnxa64/../../sys/os/glnxa64/libstdc++.so.6+00903363
[ 34] 0x0000147d3a2601ca                             /lib64/libpthread.so.0+00033226
[ 35] 0x0000147d39c86e73                                   /lib64/libc.so.6+00237171 clone+00000067


** This crash report has been written to /home/xpz5km/.MathWorks/ServiceHost/udc-an33-1c1/logs/MathWorksServiceHost_crash_554461.log **
{Error using contour (line 48)
The size of X must match the size of Z or the number of columns of Z.

Error in level_set_plot (line 28)
        [~, h] = contour(x, y, phi_tmp, [0 0]);

Error in level_set_radius_array (line 24)
    [rr,tt] = level_set_plot(2.5e-5, indir, total_time, everyR, epsilon_name, R0_name, folder, Nx);
} 
DONE
