Tue Aug 13 11:40:40 EDT 2024
0.114 16 10
LOADED MATLAB
0.114
16

                            < M A T L A B (R) >
                  Copyright 1984-2024 The MathWorks, Inc.
                  R2024a (24.1.0.2537033) 64-bit (glnxa64)
                             February 21, 2024

 
To get started, type doc.
For product information, visit www.mathworks.com.
 

eps =

    0.0150


epsilon_name = 

    "0.015009"


R0_name =

    '0.114'


name =

    'phi_256_400000_1.0e-6__256_R0_0.114_eps_0.015009'

Launching updater executable
{Error using contour (line 48)
The size of X must match the size of Z or the number of columns of Z.

Error in level_set_plot (line 28)
        [~, h] = contour(x, y, phi_tmp, [0 0]);

Error in level_set_radius_array (line 24)
    [rr,tt] = level_set_plot(2.5e-5, indir, total_time, everyR, epsilon_name, R0_name, folder, Nx);
} 
DONE
