Wed Jul 10 12:05:23 EDT 2024
0.09 16 10 0 256
LOADED MATLAB
0.09
16
0

                            < M A T L A B (R) >
                  Copyright 1984-2024 The MathWorks, Inc.
                  R2024a (24.1.0.2537033) 64-bit (glnxa64)
                             February 21, 2024

 
To get started, type doc.
For product information, visit www.mathworks.com.
 

indir = 

    "/scratch/xpz5km/Cahn_Hilliard_Model/julia_out/critical_radius_alpha"


epsilon =

    0.0150


epsilon_name =

    '0.01501'


R0_name =

    '0.09'


alpha_name =

    '0.0'


alpha =

    '0.0'


name =

    'phi_256_400000_1.0e-6__R0_0.09_eps_0.01501_alpha_0.0'

{Error using readmatrix (line 171)
Unable to find or open
'/scratch/xpz5km/Cahn_Hilliard_Model/julia_out/critical_radius_alpha/phi_256_400000_1.0e-6__R0_0.09_eps_0.01501_alpha_0.0.txt'.
Check the path and filename or file permissions.

Error in level_set_plot_alpha_256 (line 14)
    phi = readmatrix(sprintf('%s/%s.txt', indir, name),'FileType','text');

Error in level_set_radius_array_alpha_256 (line 14)
    [rr,tt] = level_set_plot_alpha_256(2.5e-5, indir, total_time, everyR, epsilon_name, R0_name, folder, alpha_name, Nx);
} 
DONE
