Fri Aug 9 16:09:55 EDT 2024
0.1116 16 10
LOADED MATLAB
0.1116
16

                            < M A T L A B (R) >
                  Copyright 1984-2024 The MathWorks, Inc.
                  R2024a (24.1.0.2537033) 64-bit (glnxa64)
                             February 21, 2024

 
To get started, type doc.
For product information, visit www.mathworks.com.
 

eps =

    0.0150


epsilon_name = 

    "0.015009"


R0_name =

    '0.1116'


name =

    'phi_256_400000_1.0e-6__256_R0_0.1116_eps_0.015009'

/var/spool/slurm/slurmd/job63238002/slurm_script: line 22: 436214 Killed                  matlab -nodisplay -r "level_set_radius_array($R0, $m, 256,'$indir'); exit;"
DONE
slurmstepd: error: Detected 1 oom_kill event in StepId=63238002.batch. Some of the step tasks have been OOM Killed.
