Fri Aug 9 16:09:55 EDT 2024
0.111 16 10
LOADED MATLAB
0.111
16
An unexpected error has occurred.
To resolve this issue, contact <a href="https://www.mathworks.com/pi_gene_mci_glnxa64">Technical Support</a>.
You already have the most recent version of MATLAB Connector installed.

                            < M A T L A B (R) >
                  Copyright 1984-2024 The MathWorks, Inc.
                  R2024a (24.1.0.2537033) 64-bit (glnxa64)
                             February 21, 2024

 
To get started, type doc.
For product information, visit www.mathworks.com.
 

eps =

    0.0150


epsilon_name = 

    "0.015009"


R0_name =

    '0.111'


name =

    'phi_256_400000_1.0e-6__256_R0_0.111_eps_0.015009'

/var/spool/slurm/slurmd/job63237995/slurm_script: line 22: 664027 Killed                  matlab -nodisplay -r "level_set_radius_array($R0, $m, 256,'$indir'); exit;"
DONE
slurmstepd: error: Detected 1 oom_kill event in StepId=63237995.batch. Some of the step tasks have been OOM Killed.
