Fri Jun 21 10:50:19 EDT 2024
0.165 24 10 -0.2
LOADED MATLAB
0.165
24
-0.2

                            < M A T L A B (R) >
                  Copyright 1984-2024 The MathWorks, Inc.
                  R2024a (24.1.0.2537033) 64-bit (glnxa64)
                             February 21, 2024

 
To get started, type doc.
For product information, visit www.mathworks.com.
 

indir = 

    "/scratch/xpz5km/Cahn_Hilliard_Model/julia_out/critical_radius_alpha"


epsilon_name = 

    "0.045028"


R0_name =

    '0.165'


alpha_name =

    '-0.2'


alpha =

    '-0.2'


name =

    'phi_128_400000_1.0e-6__R0_0.165_eps_0.045028_alpha_-0.2'

Launching updater executable

------------------------------------------------------------------------
       Segmentation violation detected at Fri Jun 21 11:04:30 2024
------------------------------------------------------------------------
Architecture     : glnxa64
Processor ID     : Intel(R) Xeon(R) Gold 6248 CPU @ 2.50GHz
Host Name        : udc-an33-4c1
Locale           : en_US


Abnormal termination:
Segmentation violation

Current Thread: 'FTP_2_0' id 22727204734720

Register State (from fault):
  RAX = 0000000001e481d0  RBX = 00000000021e8e60
  RCX = 000014ab968626c0  RDX = 000014abb02129e0
  RSP = 000014ab96f6f330  RBP = 000014ab96f6f4b0
  RSI = 000014abb0164330  RDI = 000014ab96f6f3a0

   R8 = 0000000000000000   R9 = cf0f6bf8ad247e5d
  R10 = 00000000023ef1e8  R11 = 0000000000000007
  R12 = 000014ab96f6f3a0  R13 = 0000000000000001
  R14 = 0000000000000001  R15 = 000014ab96f6f360

  RIP = 000014ab96881547  EFL = 0000000000010206

   CS = 0033   FS = 0000   GS = 0000

Stack Trace (from fault):
[  0] 0x000014ab96881547 /sfs/qumulo/qhome/xpz5km/.MathWorks/ServiceHost/udc-an33-4c1/v2024.6.0.6/bin/glnxa64/spf/serviceproviders/login/spf/matlabloginserviceprovider/libmwmatlabloginserviceprovider.so+00369991
[  1] 0x000014abae2f1a97 /sfs/qumulo/qhome/xpz5km/.MathWorks/ServiceHost/udc-an33-4c1/v2024.6.0.6/bin/glnxa64/spf/servicepublishers/agent/spf/legacyservicepublisher/../../../../../../../bin/glnxa64/libmwagentspflegacyservicewrapper.so+00187031
[  2] 0x000014abb420e46b /sfs/qumulo/qhome/xpz5km/.MathWorks/ServiceHost/udc-an33-4c1/v2024.6.0.6/bin/glnxa64/mathworksservicehost/rcf/matlabconnector/serviceprocess/rcf/client-v1/../../../../../../../../bin/glnxa64/libmwagentspfcore.so+00152683 _ZNK5agent3spf4core16ExportedFunctionclEON10foundation10concurrent10threadpool10stop_tokenEONS1_14GenericPayloadE+00000347
[  3] 0x000014abae2e35f6 /sfs/qumulo/qhome/xpz5km/.MathWorks/ServiceHost/udc-an33-4c1/v2024.6.0.6/bin/glnxa64/spf/servicepublishers/agent/spf/legacyservicepublisher/../../../../../../../bin/glnxa64/libmwagentspflegacyservicewrapper.so+00128502
[  4] 0x000014abae2e3681 /sfs/qumulo/qhome/xpz5km/.MathWorks/ServiceHost/udc-an33-4c1/v2024.6.0.6/bin/glnxa64/spf/servicepublishers/agent/spf/legacyservicepublisher/../../../../../../../bin/glnxa64/libmwagentspflegacyservicewrapper.so+00128641
[  5] 0x000014abae24a060 /sfs/qumulo/qhome/xpz5km/.MathWorks/ServiceHost/udc-an33-4c1/v2024.6.0.6/bin/glnxa64/spf/servicepublishers/agent/spf/legacyservicepublisher/../../../../../../../bin/glnxa64/libmwagentnanomsgtransport.so+00082016
[  6] 0x000014abb98cfc34 /sfs/qumulo/qhome/xpz5km/.MathWorks/ServiceHost/udc-an33-4c1/v2024.6.0.6/bin/glnxa64/libmwfoundation_threadpool.so+00146484
[  7] 0x000014abb98d4928 /sfs/qumulo/qhome/xpz5km/.MathWorks/ServiceHost/udc-an33-4c1/v2024.6.0.6/bin/glnxa64/libmwfoundation_threadpool.so+00166184
[  8] 0x000014abb98d4d54 /sfs/qumulo/qhome/xpz5km/.MathWorks/ServiceHost/udc-an33-4c1/v2024.6.0.6/bin/glnxa64/libmwfoundation_threadpool.so+00167252
[  9] 0x000014abba45b8c3 /sfs/qumulo/qhome/xpz5km/.MathWorks/ServiceHost/udc-an33-4c1/v2024.6.0.6/bin/glnxa64/../../sys/os/glnxa64/libstdc++.so.6+00903363
[ 10] 0x000014abba5ac1ca                             /lib64/libpthread.so.0+00033226
[ 11] 0x000014abb9fd2e73                                   /lib64/libc.so.6+00237171 clone+00000067


** This crash report has been written to /home/xpz5km/.MathWorks/ServiceHost/udc-an33-4c1/logs/MathWorksServiceHost_crash_756307.log **
[Warning: Error updating Text.

 String scalar or character vector must have valid interpreter syntax:
Radius at 0.5 level set
 phi_128_400000_1.0e-6__R0_0.165_eps_0.045028_alpha_-0.2
] 
[> In defaulterrorcallback (line 12)
In print (line 36)
In saveas (line 181)
In level_set_plot_alpha (line 50)
In level_set_radius_array_alpha (line 25)] 

ans =

        4001


ans =

        4001


ans =

        4001


ans =

        4001


ans =

        4001

DONE
