Fri Jun 21 10:50:52 EDT 2024
0.163 24 10 -0.2
LOADED MATLAB
0.163
24
-0.2

                            < M A T L A B (R) >
                  Copyright 1984-2024 The MathWorks, Inc.
                  R2024a (24.1.0.2537033) 64-bit (glnxa64)
                             February 21, 2024

 
To get started, type doc.
For product information, visit www.mathworks.com.
 

indir = 

    "/scratch/xpz5km/Cahn_Hilliard_Model/julia_out/critical_radius_alpha"


epsilon_name = 

    "0.045028"


R0_name =

    '0.163'


alpha_name =

    '-0.2'


alpha =

    '-0.2'


name =

    'phi_128_400000_1.0e-6__R0_0.163_eps_0.045028_alpha_-0.2'


------------------------------------------------------------------------
       Segmentation violation detected at Fri Jun 21 11:01:03 2024
------------------------------------------------------------------------
Architecture     : glnxa64
Processor ID     : Intel(R) Xeon(R) Gold 6148 CPU @ 2.40GHz
Host Name        : udc-aj37-1c0
Locale           : en_US


Abnormal termination:
Segmentation violation

Current Thread: 'FTP_2_2' id 22405170075392

Register State (from fault):
  RAX = 0000000000000009  RBX = 0000000000001005
  RCX = 0000000000000003  RDX = 0000000000000001
  RSP = 000014609c340330  RBP = 000014609c3404b0
  RSI = 000000000261b950  RDI = 000000000261b8e0

   R8 = 0000000000000009   R9 = 6e656e6f706d6f63
  R10 = 000000000000effa  R11 = 00001460b4162a90
  R12 = 000014609c3403a0  R13 = 000000000261b978
  R14 = 00001460c09296f0  R15 = 000014609c340360

  RIP = 000014609cbf6658  EFL = 0000000000010206

   CS = 0033   FS = 0000   GS = 0000

Stack Trace (from fault):
[  0] 0x000014609cbf6658 /sfs/qumulo/qhome/xpz5km/.MathWorks/ServiceHost/udc-aj37-1c0/v2024.6.0.6/bin/glnxa64/spf/serviceproviders/login/spf/matlabloginserviceprovider/libmwmatlabloginserviceprovider.so+00370264
[  1] 0x00001460b8466a97 /sfs/qumulo/qhome/xpz5km/.MathWorks/ServiceHost/udc-aj37-1c0/v2024.6.0.6/bin/glnxa64/spf/servicepublishers/agent/spf/legacyservicepublisher/../../../../../../../bin/glnxa64/libmwagentspflegacyservicewrapper.so+00187031
[  2] 0x00001460ba58446b /sfs/qumulo/qhome/xpz5km/.MathWorks/ServiceHost/udc-aj37-1c0/v2024.6.0.6/bin/glnxa64/mathworksservicehost/rcf/matlabconnector/serviceprocess/rcf/client-v1/../../../../../../../../bin/glnxa64/libmwagentspfcore.so+00152683 _ZNK5agent3spf4core16ExportedFunctionclEON10foundation10concurrent10threadpool10stop_tokenEONS1_14GenericPayloadE+00000347
[  3] 0x00001460b84585f6 /sfs/qumulo/qhome/xpz5km/.MathWorks/ServiceHost/udc-aj37-1c0/v2024.6.0.6/bin/glnxa64/spf/servicepublishers/agent/spf/legacyservicepublisher/../../../../../../../bin/glnxa64/libmwagentspflegacyservicewrapper.so+00128502
[  4] 0x00001460b8458681 /sfs/qumulo/qhome/xpz5km/.MathWorks/ServiceHost/udc-aj37-1c0/v2024.6.0.6/bin/glnxa64/spf/servicepublishers/agent/spf/legacyservicepublisher/../../../../../../../bin/glnxa64/libmwagentspflegacyservicewrapper.so+00128641
[  5] 0x00001460b83bf060 /sfs/qumulo/qhome/xpz5km/.MathWorks/ServiceHost/udc-aj37-1c0/v2024.6.0.6/bin/glnxa64/spf/servicepublishers/agent/spf/legacyservicepublisher/../../../../../../../bin/glnxa64/libmwagentnanomsgtransport.so+00082016
[  6] 0x00001460bfc45c34 /sfs/qumulo/qhome/xpz5km/.MathWorks/ServiceHost/udc-aj37-1c0/v2024.6.0.6/bin/glnxa64/libmwfoundation_threadpool.so+00146484
[  7] 0x00001460bfc4a928 /sfs/qumulo/qhome/xpz5km/.MathWorks/ServiceHost/udc-aj37-1c0/v2024.6.0.6/bin/glnxa64/libmwfoundation_threadpool.so+00166184
[  8] 0x00001460bfc4ad54 /sfs/qumulo/qhome/xpz5km/.MathWorks/ServiceHost/udc-aj37-1c0/v2024.6.0.6/bin/glnxa64/libmwfoundation_threadpool.so+00167252
[  9] 0x00001460c07d18c3 /sfs/qumulo/qhome/xpz5km/.MathWorks/ServiceHost/udc-aj37-1c0/v2024.6.0.6/bin/glnxa64/../../sys/os/glnxa64/libstdc++.so.6+00903363
[ 10] 0x00001460c09221ca                             /lib64/libpthread.so.0+00033226
[ 11] 0x00001460c0348e73                                   /lib64/libc.so.6+00237171 clone+00000067


** This crash report has been written to /home/xpz5km/.MathWorks/ServiceHost/udc-aj37-1c0/logs/MathWorksServiceHost_crash_113219.log **
[Warning: Error updating Text.

 String scalar or character vector must have valid interpreter syntax:
Radius at 0.5 level set
 phi_128_400000_1.0e-6__R0_0.163_eps_0.045028_alpha_-0.2
] 
[> In defaulterrorcallback (line 12)
In print (line 36)
In saveas (line 181)
In level_set_plot_alpha (line 50)
In level_set_radius_array_alpha (line 25)] 

ans =

        4001


ans =

        4001


ans =

        4001


ans =

        4001


ans =

        4001

DONE
