Fri Jun 21 10:50:19 EDT 2024
0.105 16 10 -0.2
LOADED MATLAB
0.105
16
-0.2

                            < M A T L A B (R) >
                  Copyright 1984-2024 The MathWorks, Inc.
                  R2024a (24.1.0.2537033) 64-bit (glnxa64)
                             February 21, 2024

 
To get started, type doc.
For product information, visit www.mathworks.com.
 

indir = 

    "/scratch/xpz5km/Cahn_Hilliard_Model/julia_out/critical_radius_alpha"


epsilon_name = 

    "0.030019"


R0_name =

    '0.105'


alpha_name =

    '-0.2'


alpha =

    '-0.2'


name =

    'phi_128_400000_1.0e-6__R0_0.105_eps_0.030019_alpha_-0.2'


------------------------------------------------------------------------
       Segmentation violation detected at Fri Jun 21 10:59:28 2024
------------------------------------------------------------------------
Architecture     : glnxa64
Processor ID     : Intel(R) Xeon(R) Gold 6148 CPU @ 2.40GHz
Host Name        : udc-aj37-3c1
Locale           : en_US


Abnormal termination:
Segmentation violation

Current Thread: 'FTP_2_2' id 22987877242624

Register State (from fault):
  RAX = 00000000011e71e0  RBX = 00000000000000fa
  RCX = 0000000000000001  RDX = 0000000000000003
  RSP = 000014e84841c330  RBP = 000014e84841c4b0
  RSI = 0000000002565de0  RDI = 0000000002565d70

   R8 = 000014e860097a60   R9 = 00000000011e71e0
  R10 = 000000000000ff05  R11 = 0000000002565de0
  R12 = 000014e84841c3a0  R13 = 0000000002565e08
  R14 = 000014e86cc426f0  R15 = 000014e84841c360

  RIP = 000014e848f10658  EFL = 0000000000010202

   CS = 0033   FS = 0000   GS = 0000

Stack Trace (from fault):
[  0] 0x000014e848f10658 /sfs/qumulo/qhome/xpz5km/.MathWorks/ServiceHost/udc-aj37-3c1/v2024.6.0.6/bin/glnxa64/spf/serviceproviders/login/spf/matlabloginserviceprovider/libmwmatlabloginserviceprovider.so+00370264
[  1] 0x000014e864980a97 /sfs/qumulo/qhome/xpz5km/.MathWorks/ServiceHost/udc-aj37-3c1/v2024.6.0.6/bin/glnxa64/spf/servicepublishers/agent/spf/legacyservicepublisher/../../../../../../../bin/glnxa64/libmwagentspflegacyservicewrapper.so+00187031
[  2] 0x000014e86689d46b /sfs/qumulo/qhome/xpz5km/.MathWorks/ServiceHost/udc-aj37-3c1/v2024.6.0.6/bin/glnxa64/mathworksservicehost/rcf/matlabconnector/serviceprocess/rcf/client-v1/../../../../../../../../bin/glnxa64/libmwagentspfcore.so+00152683 _ZNK5agent3spf4core16ExportedFunctionclEON10foundation10concurrent10threadpool10stop_tokenEONS1_14GenericPayloadE+00000347
[  3] 0x000014e8649725f6 /sfs/qumulo/qhome/xpz5km/.MathWorks/ServiceHost/udc-aj37-3c1/v2024.6.0.6/bin/glnxa64/spf/servicepublishers/agent/spf/legacyservicepublisher/../../../../../../../bin/glnxa64/libmwagentspflegacyservicewrapper.so+00128502
[  4] 0x000014e864972681 /sfs/qumulo/qhome/xpz5km/.MathWorks/ServiceHost/udc-aj37-3c1/v2024.6.0.6/bin/glnxa64/spf/servicepublishers/agent/spf/legacyservicepublisher/../../../../../../../bin/glnxa64/libmwagentspflegacyservicewrapper.so+00128641
[  5] 0x000014e8648d9060 /sfs/qumulo/qhome/xpz5km/.MathWorks/ServiceHost/udc-aj37-3c1/v2024.6.0.6/bin/glnxa64/spf/servicepublishers/agent/spf/legacyservicepublisher/../../../../../../../bin/glnxa64/libmwagentnanomsgtransport.so+00082016
[  6] 0x000014e86bf5ec34 /sfs/qumulo/qhome/xpz5km/.MathWorks/ServiceHost/udc-aj37-3c1/v2024.6.0.6/bin/glnxa64/libmwfoundation_threadpool.so+00146484
[  7] 0x000014e86bf63928 /sfs/qumulo/qhome/xpz5km/.MathWorks/ServiceHost/udc-aj37-3c1/v2024.6.0.6/bin/glnxa64/libmwfoundation_threadpool.so+00166184
[  8] 0x000014e86bf63d54 /sfs/qumulo/qhome/xpz5km/.MathWorks/ServiceHost/udc-aj37-3c1/v2024.6.0.6/bin/glnxa64/libmwfoundation_threadpool.so+00167252
[  9] 0x000014e86caea8c3 /sfs/qumulo/qhome/xpz5km/.MathWorks/ServiceHost/udc-aj37-3c1/v2024.6.0.6/bin/glnxa64/../../sys/os/glnxa64/libstdc++.so.6+00903363
[ 10] 0x000014e86cc3b1ca                             /lib64/libpthread.so.0+00033226
[ 11] 0x000014e86c661e73                                   /lib64/libc.so.6+00237171 clone+00000067


** This crash report has been written to /home/xpz5km/.MathWorks/ServiceHost/udc-aj37-3c1/logs/MathWorksServiceHost_crash_631118.log **
[Warning: Error updating Text.

 String scalar or character vector must have valid interpreter syntax:
Radius at 0.5 level set
 phi_128_400000_1.0e-6__R0_0.105_eps_0.030019_alpha_-0.2
] 
[> In defaulterrorcallback (line 12)
In print (line 36)
In saveas (line 181)
In level_set_plot_alpha (line 50)
In level_set_radius_array_alpha (line 25)] 

ans =

        4001


ans =

        4001


ans =

        4001


ans =

        4001


ans =

        4001

DONE
