Fri Jun 21 10:53:49 EDT 2024
0.224 32 10 -0.2
LOADED MATLAB
0.224
32
-0.2

                            < M A T L A B (R) >
                  Copyright 1984-2024 The MathWorks, Inc.
                  R2024a (24.1.0.2537033) 64-bit (glnxa64)
                             February 21, 2024

 
To get started, type doc.
For product information, visit www.mathworks.com.
 

indir = 

    "/scratch/xpz5km/Cahn_Hilliard_Model/julia_out/critical_radius_alpha"


epsilon_name = 

    "0.060037"


R0_name =

    '0.224'


alpha_name =

    '-0.2'


alpha =

    '-0.2'


name =

    'phi_128_400000_1.0e-6__R0_0.224_eps_0.060037_alpha_-0.2'


------------------------------------------------------------------------
       Segmentation violation detected at Fri Jun 21 11:02:09 2024
------------------------------------------------------------------------
Architecture     : glnxa64
Processor ID     : Intel(R) Xeon(R) Gold 6248 CPU @ 2.50GHz
Host Name        : udc-an33-7c1
Locale           : en_US


Abnormal termination:
Segmentation violation

Current Thread: 'FTP_2_2' id 23164663580416

Register State (from fault):
  RAX = 2e65636976726573  RBX = 0000000000002e54
  RCX = 0000000000000001  RDX = 0000000000000007
  RSP = 00001511718b3330  RBP = 00001511718b34b0
  RSI = 000015118c28a210  RDI = 000015118c28a1a0

   R8 = 000000000000000d   R9 = 2e65636976726573
  R10 = 000000000000d1ab  R11 = 000015118c28a210
  R12 = 00001511718b33a0  R13 = 000015118c28a238
  R14 = 0000151195e9b6f0  R15 = 00001511718b3360

  RIP = 0000151172169658  EFL = 0000000000010202

   CS = 0033   FS = 0000   GS = 0000

Stack Trace (from fault):
[  0] 0x0000151172169658 /sfs/qumulo/qhome/xpz5km/.MathWorks/ServiceHost/udc-an33-7c1/v2024.6.0.6/bin/glnxa64/spf/serviceproviders/login/spf/matlabloginserviceprovider/libmwmatlabloginserviceprovider.so+00370264
[  1] 0x0000151189bd6a97 /sfs/qumulo/qhome/xpz5km/.MathWorks/ServiceHost/udc-an33-7c1/v2024.6.0.6/bin/glnxa64/spf/servicepublishers/agent/spf/legacyservicepublisher/../../../../../../../bin/glnxa64/libmwagentspflegacyservicewrapper.so+00187031
[  2] 0x000015119004546b /sfs/qumulo/qhome/xpz5km/.MathWorks/ServiceHost/udc-an33-7c1/v2024.6.0.6/bin/glnxa64/mathworksservicehost/rcf/matlabconnector/serviceprocess/rcf/client-v1/../../../../../../../../bin/glnxa64/libmwagentspfcore.so+00152683 _ZNK5agent3spf4core16ExportedFunctionclEON10foundation10concurrent10threadpool10stop_tokenEONS1_14GenericPayloadE+00000347
[  3] 0x0000151189bc85f6 /sfs/qumulo/qhome/xpz5km/.MathWorks/ServiceHost/udc-an33-7c1/v2024.6.0.6/bin/glnxa64/spf/servicepublishers/agent/spf/legacyservicepublisher/../../../../../../../bin/glnxa64/libmwagentspflegacyservicewrapper.so+00128502
[  4] 0x0000151189bc8681 /sfs/qumulo/qhome/xpz5km/.MathWorks/ServiceHost/udc-an33-7c1/v2024.6.0.6/bin/glnxa64/spf/servicepublishers/agent/spf/legacyservicepublisher/../../../../../../../bin/glnxa64/libmwagentspflegacyservicewrapper.so+00128641
[  5] 0x0000151189b2f060 /sfs/qumulo/qhome/xpz5km/.MathWorks/ServiceHost/udc-an33-7c1/v2024.6.0.6/bin/glnxa64/spf/servicepublishers/agent/spf/legacyservicepublisher/../../../../../../../bin/glnxa64/libmwagentnanomsgtransport.so+00082016
[  6] 0x00001511951b7c34 /sfs/qumulo/qhome/xpz5km/.MathWorks/ServiceHost/udc-an33-7c1/v2024.6.0.6/bin/glnxa64/libmwfoundation_threadpool.so+00146484
[  7] 0x00001511951bc928 /sfs/qumulo/qhome/xpz5km/.MathWorks/ServiceHost/udc-an33-7c1/v2024.6.0.6/bin/glnxa64/libmwfoundation_threadpool.so+00166184
[  8] 0x00001511951bcd54 /sfs/qumulo/qhome/xpz5km/.MathWorks/ServiceHost/udc-an33-7c1/v2024.6.0.6/bin/glnxa64/libmwfoundation_threadpool.so+00167252
[  9] 0x0000151195d438c3 /sfs/qumulo/qhome/xpz5km/.MathWorks/ServiceHost/udc-an33-7c1/v2024.6.0.6/bin/glnxa64/../../sys/os/glnxa64/libstdc++.so.6+00903363
[ 10] 0x0000151195e941ca                             /lib64/libpthread.so.0+00033226
[ 11] 0x00001511958bae73                                   /lib64/libc.so.6+00237171 clone+00000067


** This crash report has been written to /home/xpz5km/.MathWorks/ServiceHost/udc-an33-7c1/logs/MathWorksServiceHost_crash_488046.log **
[Warning: Error updating Text.

 String scalar or character vector must have valid interpreter syntax:
Radius at 0.5 level set
 phi_128_400000_1.0e-6__R0_0.224_eps_0.060037_alpha_-0.2
] 
[> In defaulterrorcallback (line 12)
In print (line 36)
In saveas (line 181)
In level_set_plot_alpha (line 50)
In level_set_radius_array_alpha (line 25)] 

ans =

        4001


ans =

        4001


ans =

        4001


ans =

        4001


ans =

        4001

DONE
