0.173
0.12
/var/spool/slurm/slurmd/job63237487/slurm_script: line 24: [: missing `]'
/var/spool/slurm/slurmd/job63237487/slurm_script: line 26: [0.045==0.03]: command not found
/var/spool/slurm/slurmd/job63237487/slurm_script: line 28: [0.045==0.045]: command not found

phi_512__1.0e-5__CPC_0.173_cohesin_0.12_eps_0.0096_alpha_0_domain_0_2
/project/g_bme-janeslab/sarah/julia_out/CPC_geometry/CPC_domain_0_2/phi_512__1.0e-5__CPC_0.173_cohesin_0.12_eps_0.0096_alpha_0_domain_0_2
terminate called after throwing an instance of 'matlabconnector::installationsregistry::InstallationsRegistryError'
  what():  InstallationsRegistry:getMatlabConnectorVersion: More than one MATLAB Connector records were found

                            < M A T L A B (R) >
                  Copyright 1984-2024 The MathWorks, Inc.
                  R2024a (24.1.0.2537033) 64-bit (glnxa64)
                             February 21, 2024

[Warning: Unable to load Toolbox Path Cache
/home/xpz5km/.matlab/R2024a/toolbox_cache-24.1.0-3725113302-glnxa64.xml. The
cache file is not in the correct format. It will be regenerated upon quitting
MATLAB.] 
 
To get started, type doc.
For product information, visit www.mathworks.com.
 
{Error using readmatrix (line 171)
Unable to find or open
'/project/g_bme-janeslab/sarah/julia_out/CPC_geometry/CPC_domain_0_2/phi_512__1.0e-5__CPC_0.173_cohesin_0.12_eps_0.0096_alpha_0_domain_0_2.txt'.
Check the path and filename or file permissions.

Error in kymograph_central_droplets_domain (line 10)
    phi = readmatrix(sprintf('%s/%s.txt', indir, name),'FileType','text');
} 
Done.
