Tue Oct 8 15:48:27 EDT 2024
LOADED MATLAB
0.092
0.0075046
-0.5
256

                            < M A T L A B (R) >
                  Copyright 1984-2024 The MathWorks, Inc.
                  R2024a (24.1.0.2537033) 64-bit (glnxa64)
                             February 21, 2024

[Warning: Unable to load Toolbox Path Cache
/home/xpz5km/.matlab/R2024a/toolbox_cache-24.1.0-3725113302-glnxa64.xml. The
cache file is not in the correct format. It will be regenerated upon quitting
MATLAB.] 
 
To get started, type doc.
For product information, visit www.mathworks.com.
 

epsilon_name =

    '0.0075046'


R0_name =

    '0.092'


alpha_name =

    '-0.5'


name =

    'phi_256_400000_1.0e-6__R0_0.092_eps_0.0075046_alpha_-0.5'

Launching updater executable
{Error using reshape
Size arguments must be real integers.

Error in level_set_plot_alpha_v3 (line 20)
    phi = reshape(phi,phidims(1),phidims(3),phidims(2)); %Reshape multidimensional array

Error in level_set_radius_array_alpha_v3 (line 14)
    [rr,tt] = level_set_plot_alpha_v3(dt, indir, total_time, everyR, epsilon_name, R0_name, folder, alpha_name, Nx, contour_level);
} 
DONE
