Tue Oct 8 15:58:44 EDT 2024
LOADED MATLAB
0.112
0.015009
-0.5
256

                            < M A T L A B (R) >
                  Copyright 1984-2024 The MathWorks, Inc.
                  R2024a (24.1.0.2537033) 64-bit (glnxa64)
                             February 21, 2024

 
To get started, type doc.
For product information, visit www.mathworks.com.
 

epsilon_name =

    '0.015009'


R0_name =

    '0.112'


alpha_name =

    '-0.5'


name =

    'phi_256_400000_1.0e-6__R0_0.112_eps_0.015009_alpha_-0.5'

You already have the most recent version of MATLAB Connector installed.
Launching updater executable

(InstallMathWorksServiceHost:6389): Gtk-WARNING **: 16:16:02.722: cannot open display: 
{Index in position 3 exceeds array bounds. Index must not exceed 32832.

Error in level_set_plot_alpha_v3 (line 27)
        phi_tmp = phi(:,:,i+1);

Error in level_set_radius_array_alpha_v3 (line 14)
    [rr,tt] = level_set_plot_alpha_v3(dt, indir, total_time, everyR, epsilon_name, R0_name, folder, alpha_name, Nx, contour_level);
} 
DONE
