Tue Oct 8 16:06:20 EDT 2024
LOADED MATLAB
0.210
0.0075047
-0.5
256

                            < M A T L A B (R) >
                  Copyright 1984-2024 The MathWorks, Inc.
                  R2024a (24.1.0.2537033) 64-bit (glnxa64)
                             February 21, 2024

 
To get started, type doc.
For product information, visit www.mathworks.com.
 

epsilon_name =

    '0.0075047'


R0_name =

    '0.21'


alpha_name =

    '-0.5'


name =

    'phi_256_400000_1.0e-6__R0_0.21_eps_0.0075047_alpha_-0.5'

You already have the most recent version of MATLAB Connector installed.
Launching updater executable

(InstallMathWorksServiceHost:247978): Gtk-WARNING **: 16:12:37.930: cannot open display: 
You already have the most recent version of MATLAB Connector installed.
Launching updater executable

(InstallMathWorksServiceHost:249244): Gtk-WARNING **: 16:23:12.727: cannot open display: 
pure virtual method called
pure virtual method called
{Error using reshape
Size arguments must be real integers.

Error in level_set_plot_alpha_v3 (line 20)
    phi = reshape(phi,phidims(1),phidims(3),phidims(2)); %Reshape multidimensional array

Error in level_set_radius_array_alpha_v3 (line 14)
    [rr,tt] = level_set_plot_alpha_v3(dt, indir, total_time, everyR, epsilon_name, R0_name, folder, alpha_name, Nx, contour_level);
} 
DONE
