Wed Jul 10 12:08:11 EDT 2024
0.09 16 10 0 256
LOADED MATLAB
0.09
16
0

                            < M A T L A B (R) >
                  Copyright 1984-2024 The MathWorks, Inc.
                  R2024a (24.1.0.2537033) 64-bit (glnxa64)
                             February 21, 2024

 
To get started, type doc.
For product information, visit www.mathworks.com.
 

indir = 

    "/scratch/xpz5km/Cahn_Hilliard_Model/julia_out/critical_radius_alpha"


epsilon =

    0.0150


epsilon_name =

    '0.015009'


R0_name =

    '0.09'


alpha_name =

    '0.0'


alpha =

    '0.0'


name =

    'phi_256_400000_1.0e-6__R0_0.09_eps_0.015009_alpha_0.0'

slurmstepd: error: *** JOB 62415207 ON udc-aw36-18c1 CANCELLED AT 2024-07-10T12:08:19 ***
