Mon Jan 20 13:36:11 EST 2025
0.1 0.14 512 0.03
MODULES LOADED
    Updating registry at `~/.julia/registries/General.toml`
   Resolving package versions...
  No Changes to `/sfs/gpfs/tardis/home/xpz5km/.julia/environments/v1.9/Project.toml`
  No Changes to `/sfs/gpfs/tardis/home/xpz5km/.julia/environments/v1.9/Manifest.toml`
Precompiling project...
[91m  ✗ [39m[90mGtkObservables[39m
[91m  ✗ [39mProfileView
  0 dependencies successfully precompiled in 4 seconds. 144 already precompiled.
  [91m2[39m dependencies errored. To see a full report either run `import Pkg; Pkg.precompile()` or load the packages
ERROR: LoadError: InexactError: Int64(-0.9279737240769942)
Stacktrace:
 [1] Int64
   @ ./float.jl:900 [inlined]
 [2] convert
   @ ./number.jl:7 [inlined]
 [3] setindex!
   @ ./array.jl:971 [inlined]
 [4] relax(c_new::Matrix{Int64}, mu_new::Matrix{Float64}, su::Matrix{Float64}, sw::Matrix{Float64}, nxt::Int64, nyt::Int64, c_relax::Int64, xright::Float64, xleft::Float64, dt::Float64, Cahn::Float64, alpha::Int64)
   @ Main /sfs/gpfs/tardis/home/xpz5km/Cahn_Hilliard_Model/CH_multigrid_solver_with_alpha_change_domain.jl:128
 [5] vcycle
   @ /sfs/gpfs/tardis/home/xpz5km/Cahn_Hilliard_Model/CH_multigrid_solver_with_alpha_change_domain.jl:195 [inlined]
 [6] cahn(c_old::Matrix{Int64}, c_new::Matrix{Int64}, mu::Matrix{Float64}, nx::Int64, ny::Int64, dt::Float64, max_it_CH::Int64, tol::Float64, c_relax::Int64, xright::Float64, xleft::Float64, Cahn::Float64, n_level::Int64, alpha::Int64; suffix::String)
   @ Main /sfs/gpfs/tardis/home/xpz5km/Cahn_Hilliard_Model/CH_multigrid_solver_with_alpha_change_domain.jl:419
 [7] main_w_alpha(oc::Matrix{Int64}, nx::Int64, tol::Float64, outdir::String; max_it::Int64, max_it_CH::Int64, suffix::String, overwrite::Bool, print_phi::Bool, print_mass::Bool, print_e::Bool, dt::Float64, M::Int64, ns::Int64, gam::Float64, alpha::Int64, check_dir::Bool)
   @ Main /sfs/gpfs/tardis/home/xpz5km/Cahn_Hilliard_Model/CH_multigrid_solver_with_alpha_change_domain.jl:557
 [8] top-level scope
   @ ./timing.jl:393
in expression starting at /sfs/gpfs/tardis/home/xpz5km/Cahn_Hilliard_Model/CPC_geometric_array/CPC_geometric_run_array_with_alpha_change_domain_eps_0.0075.jl:53
0.1
0.14
starting initialization
starting ch solver
cohesin=0.14, CPC=0.1, epsilon=0.0067
phi
nx = 512, ny = 512, dt = 1.52587890625e-6, epsilon = 0.0067, max_it = 19661,max_it_CH= 10000, ns = 10, n_level = 9
DONE
