Mon Jan 20 13:35:30 EST 2025
0.12 0.05 512 0.03
MODULES LOADED
    Updating registry at `~/.julia/registries/General.toml`
   Resolving package versions...
  No Changes to `/sfs/gpfs/tardis/home/xpz5km/.julia/environments/v1.9/Project.toml`
  No Changes to `/sfs/gpfs/tardis/home/xpz5km/.julia/environments/v1.9/Manifest.toml`
Precompiling project...
[32m  ✓ [39m[90mCompilerSupportLibraries_jll[39m
[32m  ✓ [39m[90mOpenSpecFun_jll[39m
[32m  ✓ [39m[90mPixman_jll[39m
[32m  ✓ [39m[90mGettext_jll[39m
[32m  ✓ [39m[90mGlib_jll[39m
[32m  ✓ [39m[90mATK_jll[39m
[32m  ✓ [39m[90mgdk_pixbuf_jll[39m
[32m  ✓ [39m[90mat_spi2_core_jll[39m
[32m  ✓ [39m[90mCairo_jll[39m
[32m  ✓ [39m[90mat_spi2_atk_jll[39m
[32m  ✓ [39m[90mSpecialFunctions[39m
[32m  ✓ [39m[90mHarfBuzz_jll[39m
[32m  ✓ [39m[90mPango_jll[39m
[32m  ✓ [39m[90mHypergeometricFunctions[39m
[32m  ✓ [39m[90mLibrsvg_jll[39m
[32m  ✓ [39m[90mCairo[39m
[32m  ✓ [39m[90mGTK3_jll[39m
[32m  ✓ [39m[90mStatsFuns[39m
[33m  ? [39m[90mGtk[39m
[32m  ✓ [39mDistributions
[32m  ✓ [39m[90mDistributions → DistributionsTestExt[39m
[91m  ✗ [39m[90mGtkObservables[39m
[91m  ✗ [39mProfileView
  20 dependencies successfully precompiled in 27 seconds. 123 already precompiled.
  [33m1[39m dependency failed but may be precompilable after restarting julia
  [91m2[39m dependencies errored. To see a full report either run `import Pkg; Pkg.precompile()` or load the packages
  [33m1[39m dependency had warnings during precompilation:[33m
┌ [39mGtk [4c0ca9eb-093a-5379-98c5-f87ac0bbbf44][33m
│  [39m┌ Warning: Module Pango_jll with build ID fafbfcfd-f9f7-c8de-0003-f9e077b15b76 is missing from the cache.[33m
│  [39m│ This may mean Pango_jll [36c8627f-9965-5494-a995-c6b170f724f3] does not support precompilation but is imported by a module that does.[33m
│  [39m└ @ Base loading.jl:1793[33m
└  [39m
ERROR: LoadError: InexactError: Int64(-0.9279737240769942)
Stacktrace:
 [1] Int64
   @ ./float.jl:900 [inlined]
 [2] convert
   @ ./number.jl:7 [inlined]
 [3] setindex!
   @ ./array.jl:971 [inlined]
 [4] relax(c_new::Matrix{Int64}, mu_new::Matrix{Float64}, su::Matrix{Float64}, sw::Matrix{Float64}, nxt::Int64, nyt::Int64, c_relax::Int64, xright::Float64, xleft::Float64, dt::Float64, Cahn::Float64, alpha::Int64)
   @ Main /sfs/gpfs/tardis/home/xpz5km/Cahn_Hilliard_Model/CH_multigrid_solver_with_alpha_change_domain.jl:128
 [5] vcycle
   @ /sfs/gpfs/tardis/home/xpz5km/Cahn_Hilliard_Model/CH_multigrid_solver_with_alpha_change_domain.jl:195 [inlined]
 [6] cahn(c_old::Matrix{Int64}, c_new::Matrix{Int64}, mu::Matrix{Float64}, nx::Int64, ny::Int64, dt::Float64, max_it_CH::Int64, tol::Float64, c_relax::Int64, xright::Float64, xleft::Float64, Cahn::Float64, n_level::Int64, alpha::Int64; suffix::String)
   @ Main /sfs/gpfs/tardis/home/xpz5km/Cahn_Hilliard_Model/CH_multigrid_solver_with_alpha_change_domain.jl:419
 [7] main_w_alpha(oc::Matrix{Int64}, nx::Int64, tol::Float64, outdir::String; max_it::Int64, max_it_CH::Int64, suffix::String, overwrite::Bool, print_phi::Bool, print_mass::Bool, print_e::Bool, dt::Float64, M::Int64, ns::Int64, gam::Float64, alpha::Int64, check_dir::Bool)
   @ Main /sfs/gpfs/tardis/home/xpz5km/Cahn_Hilliard_Model/CH_multigrid_solver_with_alpha_change_domain.jl:557
 [8] top-level scope
   @ ./timing.jl:393
in expression starting at /sfs/gpfs/tardis/home/xpz5km/Cahn_Hilliard_Model/CPC_geometric_array/CPC_geometric_run_array_with_alpha_change_domain_eps_0.0075.jl:53
0.12
0.05
starting initialization
starting ch solver
cohesin=0.05, CPC=0.12, epsilon=0.0067
phi
nx = 512, ny = 512, dt = 1.52587890625e-6, epsilon = 0.0067, max_it = 19661,max_it_CH= 10000, ns = 10, n_level = 9
DONE
