Wed Jul 10 11:55:05 EDT 2024
0.085 8 10 0 256
LOADED MATLAB
0.085
8
0

                            < M A T L A B (R) >
                  Copyright 1984-2024 The MathWorks, Inc.
                  R2024a (24.1.0.2537033) 64-bit (glnxa64)
                             February 21, 2024

[Warning: Unable to load Toolbox Path Cache
/home/xpz5km/.matlab/R2024a/toolbox_cache-24.1.0-3725113302-glnxa64.xml. The
cache file is not in the correct format. It will be regenerated upon quitting
MATLAB.] 
 
To get started, type doc.
For product information, visit www.mathworks.com.
 

indir = 

    "/scratch/xpz5km/Cahn_Hilliard_Model/julia_out/critical_radius_alpha"


epsilon =

    0.0075


epsilon_name =

    '0.0075047'


R0_name =

    '0.085'


alpha_name =

    '0'


alpha =

    '0'


name =

    'phi_256_400000_1.0e-6__R0_0.085_eps_0.0075047_alpha_0'

{Error using readmatrix (line 171)
Unable to find or open
'/scratch/xpz5km/Cahn_Hilliard_Model/julia_out/critical_radius_alpha/phi_256_400000_1.0e-6__R0_0.085_eps_0.0075047_alpha_0.txt'.
Check the path and filename or file permissions.

Error in level_set_plot_alpha_256 (line 14)
    phi = readmatrix(sprintf('%s/%s.txt', indir, name),'FileType','text');

Error in level_set_radius_array_alpha_256 (line 14)
    [rr,tt] = level_set_plot_alpha_256(2.5e-5, indir, total_time, everyR, epsilon_name, R0_name, folder, alpha_name, Nx);
} 
DONE
