Fri Sep 27 08:36:08 EDT 2024
LOADED MATLAB
0.15
0.0900562
-0.5
128

                            < M A T L A B (R) >
                  Copyright 1984-2024 The MathWorks, Inc.
                  R2024a (24.1.0.2537033) 64-bit (glnxa64)
                             February 21, 2024

[Warning: Unable to load Toolbox Path Cache
/home/xpz5km/.matlab/R2024a/toolbox_cache-24.1.0-3725113302-glnxa64.xml. The
cache file is not in the correct format. It will be regenerated upon quitting
MATLAB.] 
 
To get started, type doc.
For product information, visit www.mathworks.com.
 

epsilon_name =

    '0.090056'


R0_name =

    '0.15'


alpha_name =

    '-0.5'


alpha =

    '-0.5'


name =

    'phi_128_400000_1.0e-6__R0_0.15_eps_0.090056_alpha_-0.5'

{Error using contour (line 48)
Number of contour levels must not be negative.

Error in level_set_plot_alpha_v3 (line 31)
        [~, h] = contour(x, y, phi_tmp, contour_level);

Error in level_set_radius_array_alpha_v3 (line 14)
    [rr,tt] = level_set_plot_alpha_v3(dt, indir, total_time, everyR, epsilon_name, R0_name, folder, alpha_name, Nx, contour_level);
} 
DONE
