Thu Jun 20 12:35:04 EDT 2024
0.19 21.32002 10
LOADED MATLAB
0.19
21.32002

                            < M A T L A B (R) >
                  Copyright 1984-2024 The MathWorks, Inc.
                  R2024a (24.1.0.2537033) 64-bit (glnxa64)
                             February 21, 2024

[Warning: Unable to load Toolbox Path Cache
/home/xpz5km/.matlab/R2024a/toolbox_cache-24.1.0-999402552-glnxa64.xml. The
cache file is not in the correct format. It will be regenerated upon quitting
MATLAB.] 
 
To get started, type doc.
For product information, visit www.mathworks.com.
 

indir = 

    "/scratch/xpz5km/Cahn_Hilliard_Model/julia_out/critical_radius_updated_IC"


epsilon_name = 

    "0.04"


R0 =

    '0.19'


name =

    'phi_128_400000_1.0e-6__R0_0.19_eps_0.04'

DONE
/var/spool/slurm/slurmd/job62070760/slurm_script: line 22: echo: write error: No space left on device
