Thu Apr 17 16:03:29 EDT 2025
128 neumann false SAV
MODULES LOADED

                            < M A T L A B (R) >
                  Copyright 1984-2024 The MathWorks, Inc.
             R2024b Update 3 (24.2.0.2806996) 64-bit (glnxa64)
                             November 26, 2024

 
To get started, type doc.
For product information, visit www.mathworks.com.
 

outdir = 

    "/project/g_bme-janeslab/SarahG/spinodal_decomp_04_2025"


dt_out =

   200

Running SAV solver with parameters: /project/g_bme-janeslab/SarahG/spinodal_decomp_04_2025/out_MATLAB/SAV_MATLAB_2000_dt_5.50e-06_Nx_128_neumann_n_relax_4_
  5 percent complete
 10 percent complete
 15 percent complete
 20 percent complete
 25 percent complete
 30 percent complete
 35 percent complete
 40 percent complete
 45 percent complete
 50 percent complete
 60 percent complete
 65 percent complete
 70 percent complete
 75 percent complete
 80 percent complete
 85 percent complete
 90 percent complete
 95 percent complete
100 percent complete
Creating movie
  9 percent complete
 18 percent complete
 27 percent complete
 36 percent complete
 45 percent complete
 55 percent complete
 64 percent complete
 73 percent complete
 82 percent complete
 91 percent complete
Done.
