0.173
0.12
0.04

phi_512__1.0e-5__CPC_0.173_cohesin_0.12_eps_0.0067_alpha_0_domain_0_2
/project/g_bme-janeslab/SarahG/julia_out/CPC_geometry/CPC_domain_0_2_e_0.0067_t_0.04/phi_512__1.0e-5__CPC_0.173_cohesin_0.12_eps_0.0067_alpha_0_domain_0_2

                            < M A T L A B (R) >
                  Copyright 1984-2024 The MathWorks, Inc.
             R2024b Update 3 (24.2.0.2806996) 64-bit (glnxa64)
                             November 26, 2024

[Warning: Unable to load Toolbox Path Cache
/home/xpz5km/.matlab/R2024b/toolbox_cache-24.2.0-280821755-glnxa64.xml. The
cache file is not in the correct format. It will be regenerated upon quitting
MATLAB.] 
 
To get started, type doc.
For product information, visit www.mathworks.com.
 
{Error using readmatrix (line 171)
Unable to find or open
'/project/g_bme-janeslab/SarahG/julia_out/CPC_geometry/CPC_domain_0_2_e_0.0067_t_0.04/phi_512__1.0e-5__CPC_0.173_cohesin_0.12_eps_0.0067_alpha_0_domain_0_2.txt'.
Check the path and filename or file permissions.

Error in kymograph_central_droplets_domain (line 10)
    phi = readmatrix(sprintf('%s/%s.txt', indir, name),'FileType','text');
          ^^^^^^^^^^^^^^^^^^^^^^^^^^^^^^^^^^^^^^^^^^^^^^^^^^^^^^^^^^^^^^^
} 
