Tue Aug 13 14:28:52 EDT 2024
0.118 16 10
LOADED MATLAB
0.118
16

                            < M A T L A B (R) >
                  Copyright 1984-2024 The MathWorks, Inc.
                  R2024a (24.1.0.2537033) 64-bit (glnxa64)
                             February 21, 2024

 
To get started, type doc.
For product information, visit www.mathworks.com.
 

eps =

    0.0150


epsilon_name = 

    "0.015009"


R0_name =

    '0.118'


name =

    'phi_256_400000_1.0e-6__256_R0_0.118_eps_0.015009'

You already have the most recent version of MATLAB Connector installed.
Launching updater executable

(InstallMathWorksServiceHost:579231): Gtk-WARNING **: 14:34:04.346: cannot open display: 
free(): invalid pointer
You already have the most recent version of MATLAB Connector installed.
Launching updater executable

(InstallMathWorksServiceHost:579957): Gtk-WARNING **: 14:39:22.119: cannot open display: 
You already have the most recent version of MATLAB Connector installed.
Launching updater executable

(InstallMathWorksServiceHost:580831): Gtk-WARNING **: 14:44:39.660: cannot open display: 
You already have the most recent version of MATLAB Connector installed.
Launching updater executable

(InstallMathWorksServiceHost:581544): Gtk-WARNING **: 14:49:57.819: cannot open display: 
You already have the most recent version of MATLAB Connector installed.
Launching updater executable

(InstallMathWorksServiceHost:582592): Gtk-WARNING **: 14:55:15.878: cannot open display: 
[Warning: Error updating Text.

 String scalar or character vector must have valid interpreter syntax:
Radius at 0.5 level set
 phi_256_400000_1.0e-6__256_R0_0.118_eps_0.015009
] 
[> In defaulterrorcallback (line 12)
In print (line 36)
In saveas (line 181)
In level_set_plot (line 49)
In level_set_radius_array (line 24)] 

ans =

        4001


ans =

        4001


ans =

        4001


ans =

        4001


ans =

        4001

DONE
