Tue Sep 17 10:46:25 EDT 2024
128 16 5 0.1
MODULES LOADED
ERROR: SystemError: opening file "/sfs/qumulo/qhome/xpz5km/Cahn_Hilliard_Model/alpha/julia_run_critical_radius_alpha_flat_interface.jl": No such file or directory
Stacktrace:
  [1] systemerror(p::String, errno::Int32; extrainfo::Nothing)
    @ Base ./error.jl:176
  [2] #systemerror#82
    @ ./error.jl:175 [inlined]
  [3] systemerror
    @ ./error.jl:175 [inlined]
  [4] open(fname::String; lock::Bool, read::Nothing, write::Nothing, create::Nothing, truncate::Nothing, append::Nothing)
    @ Base ./iostream.jl:293
  [5] open
    @ ./iostream.jl:275 [inlined]
  [6] open(f::Base.var"#418#419"{String}, args::String; kwargs::Base.Pairs{Symbol, Union{}, Tuple{}, NamedTuple{(), Tuple{}}})
    @ Base ./io.jl:393
  [7] open
    @ ./io.jl:392 [inlined]
  [8] read
    @ ./io.jl:473 [inlined]
  [9] _include(mapexpr::Function, mod::Module, _path::String)
    @ Base ./loading.jl:1959
 [10] include(mod::Module, _path::String)
    @ Base ./Base.jl:457
 [11] exec_options(opts::Base.JLOptions)
    @ Base ./client.jl:307
 [12] _start()
    @ Base ./client.jl:522
DONE
