0.125
0.08
0.03
19661
phi_512_19661_1.0e-5__CPC_0.125_cohesin_0.08_eps_0.0075_alpha_0_domain_0_2
/project/g_bme-janeslab/SarahG/julia_out/CPC_geometry/CPC_domain_0_2_e_0.0075/phi_512_19661_1.0e-5__CPC_0.125_cohesin_0.08_eps_0.0075_alpha_0_domain_0_2
An unexpected error has occurred.
To resolve this issue, contact <a href="https://www.mathworks.com/pi_gene_mci_glnxa64">Technical Support</a>.

                            < M A T L A B (R) >
                  Copyright 1984-2024 The MathWorks, Inc.
                  R2024a (24.1.0.2537033) 64-bit (glnxa64)
                             February 21, 2024

 
To get started, type doc.
For product information, visit www.mathworks.com.
 
{Error using reshape
Size arguments must be real integers.

Error in kymograph_central_droplets_domain (line 16)
    phi = reshape(phi,phidims(1),phidims(3),phidims(2)); %Reshape multidimensional array
} 
Done.
