Fri Jun 21 09:14:32 EDT 2024
0.18 21.32002 10 0.2
LOADED MATLAB
0.18
21.32002
0.2
/sfs/qumulo/qhome/xpz5km/.MathWorks/ServiceHost/udc-an33-12c0/v2024.6.0.6/bin/glnxa64/MathWorksServiceHost: /lib64/libstdc++.so.6: version `GLIBCXX_3.4.29' not found (required by /sfs/qumulo/qhome/xpz5km/.MathWorks/ServiceHost/udc-an33-12c0/v2024.6.0.6/bin/glnxa64/MathWorksServiceHost)
/sfs/qumulo/qhome/xpz5km/.MathWorks/ServiceHost/udc-an33-12c0/v2024.6.0.6/bin/glnxa64/MathWorksServiceHost: /lib64/libstdc++.so.6: version `GLIBCXX_3.4.30' not found (required by /sfs/qumulo/qhome/xpz5km/.MathWorks/ServiceHost/udc-an33-12c0/v2024.6.0.6/bin/glnxa64/MathWorksServiceHost)
/sfs/qumulo/qhome/xpz5km/.MathWorks/ServiceHost/udc-an33-12c0/v2024.6.0.6/bin/glnxa64/MathWorksServiceHost: /lib64/libstdc++.so.6: version `GLIBCXX_3.4.30' not found (required by /sfs/qumulo/qhome/xpz5km/.MathWorks/ServiceHost/udc-an33-12c0/v2024.6.0.6/bin/glnxa64/libmwagentutils.so)
/sfs/qumulo/qhome/xpz5km/.MathWorks/ServiceHost/udc-an33-12c0/v2024.6.0.6/bin/glnxa64/MathWorksServiceHost: /lib64/libstdc++.so.6: version `GLIBCXX_3.4.29' not found (required by /sfs/qumulo/qhome/xpz5km/.MathWorks/ServiceHost/udc-an33-12c0/v2024.6.0.6/bin/glnxa64/libmwagentutils.so)
/sfs/qumulo/qhome/xpz5km/.MathWorks/ServiceHost/udc-an33-12c0/v2024.6.0.6/bin/glnxa64/MathWorksServiceHost: /lib64/libstdc++.so.6: version `GLIBCXX_3.4.30' not found (required by /sfs/qumulo/qhome/xpz5km/.MathWorks/ServiceHost/udc-an33-12c0/v2024.6.0.6/bin/glnxa64/libmwcppmicroservices.so)
/sfs/qumulo/qhome/xpz5km/.MathWorks/ServiceHost/udc-an33-12c0/v2024.6.0.6/bin/glnxa64/MathWorksServiceHost: /lib64/libstdc++.so.6: version `GLIBCXX_3.4.29' not found (required by /sfs/qumulo/qhome/xpz5km/.MathWorks/ServiceHost/udc-an33-12c0/v2024.6.0.6/bin/glnxa64/libmwcppmicroservices.so)
/sfs/qumulo/qhome/xpz5km/.MathWorks/ServiceHost/udc-an33-12c0/v2024.6.0.6/bin/glnxa64/MathWorksServiceHost: /lib64/libstdc++.so.6: version `CXXABI_1.3.13' not found (required by /sfs/qumulo/qhome/xpz5km/.MathWorks/ServiceHost/udc-an33-12c0/v2024.6.0.6/bin/glnxa64/libmwcppmicroservices.so)
/sfs/qumulo/qhome/xpz5km/.MathWorks/ServiceHost/udc-an33-12c0/v2024.6.0.6/bin/glnxa64/MathWorksServiceHost: /lib64/libstdc++.so.6: version `CXXABI_1.3.13' not found (required by /sfs/qumulo/qhome/xpz5km/.MathWorks/ServiceHost/udc-an33-12c0/v2024.6.0.6/bin/glnxa64/libmwfl.so)
/sfs/qumulo/qhome/xpz5km/.MathWorks/ServiceHost/udc-an33-12c0/v2024.6.0.6/bin/glnxa64/MathWorksServiceHost: /lib64/libstdc++.so.6: version `GLIBCXX_3.4.29' not found (required by /sfs/qumulo/qhome/xpz5km/.MathWorks/ServiceHost/udc-an33-12c0/v2024.6.0.6/bin/glnxa64/libmwfl.so)
/sfs/qumulo/qhome/xpz5km/.MathWorks/ServiceHost/udc-an33-12c0/v2024.6.0.6/bin/glnxa64/MathWorksServiceHost: /lib64/libstdc++.so.6: version `GLIBCXX_3.4.26' not found (required by /sfs/qumulo/qhome/xpz5km/.MathWorks/ServiceHost/udc-an33-12c0/v2024.6.0.6/bin/glnxa64/libmwfl.so)
/sfs/qumulo/qhome/xpz5km/.MathWorks/ServiceHost/udc-an33-12c0/v2024.6.0.6/bin/glnxa64/MathWorksServiceHost: /lib64/libstdc++.so.6: version `GLIBCXX_3.4.26' not found (required by /sfs/qumulo/qhome/xpz5km/.MathWorks/ServiceHost/udc-an33-12c0/v2024.6.0.6/bin/glnxa64/libmwfoundation_filesystem.so)
/sfs/qumulo/qhome/xpz5km/.MathWorks/ServiceHost/udc-an33-12c0/v2024.6.0.6/bin/glnxa64/MathWorksServiceHost: /lib64/libstdc++.so.6: version `GLIBCXX_3.4.29' not found (required by /sfs/qumulo/qhome/xpz5km/.MathWorks/ServiceHost/udc-an33-12c0/v2024.6.0.6/bin/glnxa64/libmwfoundation_filesystem.so)
/sfs/qumulo/qhome/xpz5km/.MathWorks/ServiceHost/udc-an33-12c0/v2024.6.0.6/bin/glnxa64/MathWorksServiceHost: /lib64/libstdc++.so.6: version `GLIBCXX_3.4.29' not found (required by /sfs/qumulo/qhome/xpz5km/.MathWorks/ServiceHost/udc-an33-12c0/v2024.6.0.6/bin/glnxa64/libmwfoundation_usm.so)
/sfs/qumulo/qhome/xpz5km/.MathWorks/ServiceHost/udc-an33-12c0/v2024.6.0.6/bin/glnxa64/MathWorksServiceHost: /lib64/libstdc++.so.6: version `CXXABI_1.3.13' not found (required by /sfs/qumulo/qhome/xpz5km/.MathWorks/ServiceHost/udc-an33-12c0/v2024.6.0.6/bin/glnxa64/libmwi18n.so)
/sfs/qumulo/qhome/xpz5km/.MathWorks/ServiceHost/udc-an33-12c0/v2024.6.0.6/bin/glnxa64/MathWorksServiceHost: /lib64/libstdc++.so.6: version `GLIBCXX_3.4.29' not found (required by /sfs/qumulo/qhome/xpz5km/.MathWorks/ServiceHost/udc-an33-12c0/v2024.6.0.6/bin/glnxa64/libmwi18n.so)
/sfs/qumulo/qhome/xpz5km/.MathWorks/ServiceHost/udc-an33-12c0/v2024.6.0.6/bin/glnxa64/MathWorksServiceHost: /lib64/libstdc++.so.6: version `GLIBCXX_3.4.26' not found (required by /sfs/qumulo/qhome/xpz5km/.MathWorks/ServiceHost/udc-an33-12c0/v2024.6.0.6/bin/glnxa64/libmwi18n.so)
/sfs/qumulo/qhome/xpz5km/.MathWorks/ServiceHost/udc-an33-12c0/v2024.6.0.6/bin/glnxa64/MathWorksServiceHost: /lib64/libstdc++.so.6: version `GLIBCXX_3.4.29' not found (required by /sfs/qumulo/qhome/xpz5km/.MathWorks/ServiceHost/udc-an33-12c0/v2024.6.0.6/bin/glnxa64/libmwcpp11compat.so)
/sfs/qumulo/qhome/xpz5km/.MathWorks/ServiceHost/udc-an33-12c0/v2024.6.0.6/bin/glnxa64/MathWorksServiceHost: /lib64/libstdc++.so.6: version `GLIBCXX_3.4.26' not found (required by /sfs/qumulo/qhome/xpz5km/.MathWorks/ServiceHost/udc-an33-12c0/v2024.6.0.6/bin/glnxa64/libCppMicroServices.so.3.8.1)
/sfs/qumulo/qhome/xpz5km/.MathWorks/ServiceHost/udc-an33-12c0/v2024.6.0.6/bin/glnxa64/MathWorksServiceHost: /lib64/libstdc++.so.6: version `GLIBCXX_3.4.29' not found (required by /sfs/qumulo/qhome/xpz5km/.MathWorks/ServiceHost/udc-an33-12c0/v2024.6.0.6/bin/glnxa64/libmwflurlmanager.so)
/sfs/qumulo/qhome/xpz5km/.MathWorks/ServiceHost/udc-an33-12c0/v2024.6.0.6/bin/glnxa64/MathWorksServiceHost: /lib64/libstdc++.so.6: version `GLIBCXX_3.4.29' not found (required by /sfs/qumulo/qhome/xpz5km/.MathWorks/ServiceHost/udc-an33-12c0/v2024.6.0.6/bin/glnxa64/libmwfoundation_log.so)
/sfs/qumulo/qhome/xpz5km/.MathWorks/ServiceHost/udc-an33-12c0/v2024.6.0.6/bin/glnxa64/MathWorksServiceHost: /lib64/libstdc++.so.6: version `GLIBCXX_3.4.26' not found (required by /sfs/qumulo/qhome/xpz5km/.MathWorks/ServiceHost/udc-an33-12c0/v2024.6.0.6/bin/glnxa64/libmwboost_log.so.1.81.0)
/sfs/qumulo/qhome/xpz5km/.MathWorks/ServiceHost/udc-an33-12c0/v2024.6.0.6/bin/glnxa64/MathWorksServiceHost: /lib64/libstdc++.so.6: version `GLIBCXX_3.4.29' not found (required by /sfs/qumulo/qhome/xpz5km/.MathWorks/ServiceHost/udc-an33-12c0/v2024.6.0.6/bin/glnxa64/libmwboost_log.so.1.81.0)
/sfs/qumulo/qhome/xpz5km/.MathWorks/ServiceHost/udc-an33-12c0/v2024.6.0.6/bin/glnxa64/MathWorksServiceHost: /lib64/libstdc++.so.6: version `CXXABI_1.3.13' not found (required by /sfs/qumulo/qhome/xpz5km/.MathWorks/ServiceHost/udc-an33-12c0/v2024.6.0.6/bin/glnxa64/libmwboost_log.so.1.81.0)
/sfs/qumulo/qhome/xpz5km/.MathWorks/ServiceHost/udc-an33-12c0/v2024.6.0.6/bin/glnxa64/MathWorksServiceHost: /lib64/libstdc++.so.6: version `GLIBCXX_3.4.26' not found (required by /sfs/qumulo/qhome/xpz5km/.MathWorks/ServiceHost/udc-an33-12c0/v2024.6.0.6/bin/glnxa64/libmwboost_thread.so.1.81.0)
/sfs/qumulo/qhome/xpz5km/.MathWorks/ServiceHost/udc-an33-12c0/v2024.6.0.6/bin/glnxa64/MathWorksServiceHost: /lib64/libstdc++.so.6: version `CXXABI_1.3.13' not found (required by /sfs/qumulo/qhome/xpz5km/.MathWorks/ServiceHost/udc-an33-12c0/v2024.6.0.6/bin/glnxa64/libmwfoundation_threadpool.so)
/sfs/qumulo/qhome/xpz5km/.MathWorks/ServiceHost/udc-an33-12c0/v2024.6.0.6/bin/glnxa64/MathWorksServiceHost: /lib64/libstdc++.so.6: version `GLIBCXX_3.4.30' not found (required by /sfs/qumulo/qhome/xpz5km/.MathWorks/ServiceHost/udc-an33-12c0/v2024.6.0.6/bin/glnxa64/libmwfoundation_threadpool.so)
/sfs/qumulo/qhome/xpz5km/.MathWorks/ServiceHost/udc-an33-12c0/v2024.6.0.6/bin/glnxa64/MathWorksServiceHost: /lib64/libstdc++.so.6: version `GLIBCXX_3.4.29' not found (required by /sfs/qumulo/qhome/xpz5km/.MathWorks/ServiceHost/udc-an33-12c0/v2024.6.0.6/bin/glnxa64/libmwfoundation_threadpool.so)
/sfs/qumulo/qhome/xpz5km/.MathWorks/ServiceHost/udc-an33-12c0/v2024.6.0.6/bin/glnxa64/MathWorksServiceHost: /lib64/libstdc++.so.6: version `CXXABI_1.3.13' not found (required by /sfs/qumulo/qhome/xpz5km/.MathWorks/ServiceHost/udc-an33-12c0/v2024.6.0.6/bin/glnxa64/libmwflcertificates.so)
/sfs/qumulo/qhome/xpz5km/.MathWorks/ServiceHost/udc-an33-12c0/v2024.6.0.6/bin/glnxa64/MathWorksServiceHost: /lib64/libstdc++.so.6: version `GLIBCXX_3.4.29' not found (required by /sfs/qumulo/qhome/xpz5km/.MathWorks/ServiceHost/udc-an33-12c0/v2024.6.0.6/bin/glnxa64/libmwflcertificates.so)
/sfs/qumulo/qhome/xpz5km/.MathWorks/ServiceHost/udc-an33-12c0/v2024.6.0.6/bin/glnxa64/MathWorksServiceHost: /lib64/libstdc++.so.6: version `GLIBCXX_3.4.26' not found (required by /sfs/qumulo/qhome/xpz5km/.MathWorks/ServiceHost/udc-an33-12c0/v2024.6.0.6/bin/glnxa64/libmwflcertificates.so)
/sfs/qumulo/qhome/xpz5km/.MathWorks/ServiceHost/udc-an33-12c0/v2024.6.0.6/bin/glnxa64/MathWorksServiceHost: /lib64/libstdc++.so.6: version `GLIBCXX_3.4.29' not found (required by /sfs/qumulo/qhome/xpz5km/.MathWorks/ServiceHost/udc-an33-12c0/v2024.6.0.6/bin/glnxa64/libmwflcodesigning_verifier.so)
/sfs/qumulo/qhome/xpz5km/.MathWorks/ServiceHost/udc-an33-12c0/v2024.6.0.6/bin/glnxa64/MathWorksServiceHost: /lib64/libstdc++.so.6: version `CXXABI_1.3.13' not found (required by /sfs/qumulo/qhome/xpz5km/.MathWorks/ServiceHost/udc-an33-12c0/v2024.6.0.6/bin/glnxa64/libmwflnetwork.so)
/sfs/qumulo/qhome/xpz5km/.MathWorks/ServiceHost/udc-an33-12c0/v2024.6.0.6/bin/glnxa64/MathWorksServiceHost: /lib64/libstdc++.so.6: version `GLIBCXX_3.4.29' not found (required by /sfs/qumulo/qhome/xpz5km/.MathWorks/ServiceHost/udc-an33-12c0/v2024.6.0.6/bin/glnxa64/libmwflnetwork.so)
/sfs/qumulo/qhome/xpz5km/.MathWorks/ServiceHost/udc-an33-12c0/v2024.6.0.6/bin/glnxa64/MathWorksServiceHost: /lib64/libstdc++.so.6: version `GLIBCXX_3.4.26' not found (required by /sfs/qumulo/qhome/xpz5km/.MathWorks/ServiceHost/udc-an33-12c0/v2024.6.0.6/bin/glnxa64/libmwflnetwork.so)
/sfs/qumulo/qhome/xpz5km/.MathWorks/ServiceHost/udc-an33-12c0/v2024.6.0.6/bin/glnxa64/MathWorksServiceHost: /lib64/libstdc++.so.6: version `GLIBCXX_3.4.29' not found (required by /sfs/qumulo/qhome/xpz5km/.MathWorks/ServiceHost/udc-an33-12c0/v2024.6.0.6/bin/glnxa64/libmwboost_serialization.so.1.81.0)
/sfs/qumulo/qhome/xpz5km/.MathWorks/ServiceHost/udc-an33-12c0/v2024.6.0.6/bin/glnxa64/MathWorksServiceHost: /lib64/libstdc++.so.6: version `GLIBCXX_3.4.29' not found (required by /sfs/qumulo/qhome/xpz5km/.MathWorks/ServiceHost/udc-an33-12c0/v2024.6.0.6/bin/glnxa64/libmwflcryptoutils.so)
/sfs/qumulo/qhome/xpz5km/.MathWorks/ServiceHost/udc-an33-12c0/v2024.6.0.6/bin/glnxa64/MathWorksServiceHost: /lib64/libstdc++.so.6: version `GLIBCXX_3.4.26' not found (required by /sfs/qumulo/qhome/xpz5km/.MathWorks/ServiceHost/udc-an33-12c0/v2024.6.0.6/bin/glnxa64/libmwflcryptocryptopp.so)
/sfs/qumulo/qhome/xpz5km/.MathWorks/ServiceHost/udc-an33-12c0/v2024.6.0.6/bin/glnxa64/MathWorksServiceHost: /lib64/libstdc++.so.6: version `GLIBCXX_3.4.26' not found (required by /sfs/qumulo/qhome/xpz5km/.MathWorks/ServiceHost/udc-an33-12c0/v2024.6.0.6/bin/glnxa64/libPocoNet.so.94)
/sfs/qumulo/qhome/xpz5km/.MathWorks/ServiceHost/udc-an33-12c0/v2024.6.0.6/bin/glnxa64/MathWorksServiceHost: /lib64/libstdc++.so.6: version `GLIBCXX_3.4.29' not found (required by /sfs/qumulo/qhome/xpz5km/.MathWorks/ServiceHost/udc-an33-12c0/v2024.6.0.6/bin/glnxa64/MathWorksServiceHost)
/sfs/qumulo/qhome/xpz5km/.MathWorks/ServiceHost/udc-an33-12c0/v2024.6.0.6/bin/glnxa64/MathWorksServiceHost: /lib64/libstdc++.so.6: version `GLIBCXX_3.4.30' not found (required by /sfs/qumulo/qhome/xpz5km/.MathWorks/ServiceHost/udc-an33-12c0/v2024.6.0.6/bin/glnxa64/MathWorksServiceHost)
/sfs/qumulo/qhome/xpz5km/.MathWorks/ServiceHost/udc-an33-12c0/v2024.6.0.6/bin/glnxa64/MathWorksServiceHost: /lib64/libstdc++.so.6: version `GLIBCXX_3.4.30' not found (required by /sfs/qumulo/qhome/xpz5km/.MathWorks/ServiceHost/udc-an33-12c0/v2024.6.0.6/bin/glnxa64/libmwagentutils.so)
/sfs/qumulo/qhome/xpz5km/.MathWorks/ServiceHost/udc-an33-12c0/v2024.6.0.6/bin/glnxa64/MathWorksServiceHost: /lib64/libstdc++.so.6: version `GLIBCXX_3.4.29' not found (required by /sfs/qumulo/qhome/xpz5km/.MathWorks/ServiceHost/udc-an33-12c0/v2024.6.0.6/bin/glnxa64/libmwagentutils.so)
/sfs/qumulo/qhome/xpz5km/.MathWorks/ServiceHost/udc-an33-12c0/v2024.6.0.6/bin/glnxa64/MathWorksServiceHost: /lib64/libstdc++.so.6: version `GLIBCXX_3.4.30' not found (required by /sfs/qumulo/qhome/xpz5km/.MathWorks/ServiceHost/udc-an33-12c0/v2024.6.0.6/bin/glnxa64/libmwcppmicroservices.so)
/sfs/qumulo/qhome/xpz5km/.MathWorks/ServiceHost/udc-an33-12c0/v2024.6.0.6/bin/glnxa64/MathWorksServiceHost: /lib64/libstdc++.so.6: version `GLIBCXX_3.4.29' not found (required by /sfs/qumulo/qhome/xpz5km/.MathWorks/ServiceHost/udc-an33-12c0/v2024.6.0.6/bin/glnxa64/libmwcppmicroservices.so)
/sfs/qumulo/qhome/xpz5km/.MathWorks/ServiceHost/udc-an33-12c0/v2024.6.0.6/bin/glnxa64/MathWorksServiceHost: /lib64/libstdc++.so.6: version `CXXABI_1.3.13' not found (required by /sfs/qumulo/qhome/xpz5km/.MathWorks/ServiceHost/udc-an33-12c0/v2024.6.0.6/bin/glnxa64/libmwcppmicroservices.so)
/sfs/qumulo/qhome/xpz5km/.MathWorks/ServiceHost/udc-an33-12c0/v2024.6.0.6/bin/glnxa64/MathWorksServiceHost: /lib64/libstdc++.so.6: version `CXXABI_1.3.13' not found (required by /sfs/qumulo/qhome/xpz5km/.MathWorks/ServiceHost/udc-an33-12c0/v2024.6.0.6/bin/glnxa64/libmwfl.so)
/sfs/qumulo/qhome/xpz5km/.MathWorks/ServiceHost/udc-an33-12c0/v2024.6.0.6/bin/glnxa64/MathWorksServiceHost: /lib64/libstdc++.so.6: version `GLIBCXX_3.4.29' not found (required by /sfs/qumulo/qhome/xpz5km/.MathWorks/ServiceHost/udc-an33-12c0/v2024.6.0.6/bin/glnxa64/libmwfl.so)
/sfs/qumulo/qhome/xpz5km/.MathWorks/ServiceHost/udc-an33-12c0/v2024.6.0.6/bin/glnxa64/MathWorksServiceHost: /lib64/libstdc++.so.6: version `GLIBCXX_3.4.26' not found (required by /sfs/qumulo/qhome/xpz5km/.MathWorks/ServiceHost/udc-an33-12c0/v2024.6.0.6/bin/glnxa64/libmwfl.so)
/sfs/qumulo/qhome/xpz5km/.MathWorks/ServiceHost/udc-an33-12c0/v2024.6.0.6/bin/glnxa64/MathWorksServiceHost: /lib64/libstdc++.so.6: version `GLIBCXX_3.4.26' not found (required by /sfs/qumulo/qhome/xpz5km/.MathWorks/ServiceHost/udc-an33-12c0/v2024.6.0.6/bin/glnxa64/libmwfoundation_filesystem.so)
/sfs/qumulo/qhome/xpz5km/.MathWorks/ServiceHost/udc-an33-12c0/v2024.6.0.6/bin/glnxa64/MathWorksServiceHost: /lib64/libstdc++.so.6: version `GLIBCXX_3.4.29' not found (required by /sfs/qumulo/qhome/xpz5km/.MathWorks/ServiceHost/udc-an33-12c0/v2024.6.0.6/bin/glnxa64/libmwfoundation_filesystem.so)
/sfs/qumulo/qhome/xpz5km/.MathWorks/ServiceHost/udc-an33-12c0/v2024.6.0.6/bin/glnxa64/MathWorksServiceHost: /lib64/libstdc++.so.6: version `GLIBCXX_3.4.29' not found (required by /sfs/qumulo/qhome/xpz5km/.MathWorks/ServiceHost/udc-an33-12c0/v2024.6.0.6/bin/glnxa64/libmwfoundation_usm.so)
/sfs/qumulo/qhome/xpz5km/.MathWorks/ServiceHost/udc-an33-12c0/v2024.6.0.6/bin/glnxa64/MathWorksServiceHost: /lib64/libstdc++.so.6: version `CXXABI_1.3.13' not found (required by /sfs/qumulo/qhome/xpz5km/.MathWorks/ServiceHost/udc-an33-12c0/v2024.6.0.6/bin/glnxa64/libmwi18n.so)
/sfs/qumulo/qhome/xpz5km/.MathWorks/ServiceHost/udc-an33-12c0/v2024.6.0.6/bin/glnxa64/MathWorksServiceHost: /lib64/libstdc++.so.6: version `GLIBCXX_3.4.29' not found (required by /sfs/qumulo/qhome/xpz5km/.MathWorks/ServiceHost/udc-an33-12c0/v2024.6.0.6/bin/glnxa64/libmwi18n.so)
/sfs/qumulo/qhome/xpz5km/.MathWorks/ServiceHost/udc-an33-12c0/v2024.6.0.6/bin/glnxa64/MathWorksServiceHost: /lib64/libstdc++.so.6: version `GLIBCXX_3.4.26' not found (required by /sfs/qumulo/qhome/xpz5km/.MathWorks/ServiceHost/udc-an33-12c0/v2024.6.0.6/bin/glnxa64/libmwi18n.so)
/sfs/qumulo/qhome/xpz5km/.MathWorks/ServiceHost/udc-an33-12c0/v2024.6.0.6/bin/glnxa64/MathWorksServiceHost: /lib64/libstdc++.so.6: version `GLIBCXX_3.4.29' not found (required by /sfs/qumulo/qhome/xpz5km/.MathWorks/ServiceHost/udc-an33-12c0/v2024.6.0.6/bin/glnxa64/libmwcpp11compat.so)
/sfs/qumulo/qhome/xpz5km/.MathWorks/ServiceHost/udc-an33-12c0/v2024.6.0.6/bin/glnxa64/MathWorksServiceHost: /lib64/libstdc++.so.6: version `GLIBCXX_3.4.26' not found (required by /sfs/qumulo/qhome/xpz5km/.MathWorks/ServiceHost/udc-an33-12c0/v2024.6.0.6/bin/glnxa64/libCppMicroServices.so.3.8.1)
/sfs/qumulo/qhome/xpz5km/.MathWorks/ServiceHost/udc-an33-12c0/v2024.6.0.6/bin/glnxa64/MathWorksServiceHost: /lib64/libstdc++.so.6: version `GLIBCXX_3.4.29' not found (required by /sfs/qumulo/qhome/xpz5km/.MathWorks/ServiceHost/udc-an33-12c0/v2024.6.0.6/bin/glnxa64/libmwflurlmanager.so)
/sfs/qumulo/qhome/xpz5km/.MathWorks/ServiceHost/udc-an33-12c0/v2024.6.0.6/bin/glnxa64/MathWorksServiceHost: /lib64/libstdc++.so.6: version `GLIBCXX_3.4.29' not found (required by /sfs/qumulo/qhome/xpz5km/.MathWorks/ServiceHost/udc-an33-12c0/v2024.6.0.6/bin/glnxa64/libmwfoundation_log.so)
/sfs/qumulo/qhome/xpz5km/.MathWorks/ServiceHost/udc-an33-12c0/v2024.6.0.6/bin/glnxa64/MathWorksServiceHost: /lib64/libstdc++.so.6: version `GLIBCXX_3.4.26' not found (required by /sfs/qumulo/qhome/xpz5km/.MathWorks/ServiceHost/udc-an33-12c0/v2024.6.0.6/bin/glnxa64/libmwboost_log.so.1.81.0)
/sfs/qumulo/qhome/xpz5km/.MathWorks/ServiceHost/udc-an33-12c0/v2024.6.0.6/bin/glnxa64/MathWorksServiceHost: /lib64/libstdc++.so.6: version `GLIBCXX_3.4.29' not found (required by /sfs/qumulo/qhome/xpz5km/.MathWorks/ServiceHost/udc-an33-12c0/v2024.6.0.6/bin/glnxa64/libmwboost_log.so.1.81.0)
/sfs/qumulo/qhome/xpz5km/.MathWorks/ServiceHost/udc-an33-12c0/v2024.6.0.6/bin/glnxa64/MathWorksServiceHost: /lib64/libstdc++.so.6: version `CXXABI_1.3.13' not found (required by /sfs/qumulo/qhome/xpz5km/.MathWorks/ServiceHost/udc-an33-12c0/v2024.6.0.6/bin/glnxa64/libmwboost_log.so.1.81.0)
/sfs/qumulo/qhome/xpz5km/.MathWorks/ServiceHost/udc-an33-12c0/v2024.6.0.6/bin/glnxa64/MathWorksServiceHost: /lib64/libstdc++.so.6: version `GLIBCXX_3.4.26' not found (required by /sfs/qumulo/qhome/xpz5km/.MathWorks/ServiceHost/udc-an33-12c0/v2024.6.0.6/bin/glnxa64/libmwboost_thread.so.1.81.0)
/sfs/qumulo/qhome/xpz5km/.MathWorks/ServiceHost/udc-an33-12c0/v2024.6.0.6/bin/glnxa64/MathWorksServiceHost: /lib64/libstdc++.so.6: version `CXXABI_1.3.13' not found (required by /sfs/qumulo/qhome/xpz5km/.MathWorks/ServiceHost/udc-an33-12c0/v2024.6.0.6/bin/glnxa64/libmwfoundation_threadpool.so)
/sfs/qumulo/qhome/xpz5km/.MathWorks/ServiceHost/udc-an33-12c0/v2024.6.0.6/bin/glnxa64/MathWorksServiceHost: /lib64/libstdc++.so.6: version `GLIBCXX_3.4.30' not found (required by /sfs/qumulo/qhome/xpz5km/.MathWorks/ServiceHost/udc-an33-12c0/v2024.6.0.6/bin/glnxa64/libmwfoundation_threadpool.so)
/sfs/qumulo/qhome/xpz5km/.MathWorks/ServiceHost/udc-an33-12c0/v2024.6.0.6/bin/glnxa64/MathWorksServiceHost: /lib64/libstdc++.so.6: version `GLIBCXX_3.4.29' not found (required by /sfs/qumulo/qhome/xpz5km/.MathWorks/ServiceHost/udc-an33-12c0/v2024.6.0.6/bin/glnxa64/libmwfoundation_threadpool.so)
/sfs/qumulo/qhome/xpz5km/.MathWorks/ServiceHost/udc-an33-12c0/v2024.6.0.6/bin/glnxa64/MathWorksServiceHost: /lib64/libstdc++.so.6: version `CXXABI_1.3.13' not found (required by /sfs/qumulo/qhome/xpz5km/.MathWorks/ServiceHost/udc-an33-12c0/v2024.6.0.6/bin/glnxa64/libmwflcertificates.so)
/sfs/qumulo/qhome/xpz5km/.MathWorks/ServiceHost/udc-an33-12c0/v2024.6.0.6/bin/glnxa64/MathWorksServiceHost: /lib64/libstdc++.so.6: version `GLIBCXX_3.4.29' not found (required by /sfs/qumulo/qhome/xpz5km/.MathWorks/ServiceHost/udc-an33-12c0/v2024.6.0.6/bin/glnxa64/libmwflcertificates.so)
/sfs/qumulo/qhome/xpz5km/.MathWorks/ServiceHost/udc-an33-12c0/v2024.6.0.6/bin/glnxa64/MathWorksServiceHost: /lib64/libstdc++.so.6: version `GLIBCXX_3.4.26' not found (required by /sfs/qumulo/qhome/xpz5km/.MathWorks/ServiceHost/udc-an33-12c0/v2024.6.0.6/bin/glnxa64/libmwflcertificates.so)
/sfs/qumulo/qhome/xpz5km/.MathWorks/ServiceHost/udc-an33-12c0/v2024.6.0.6/bin/glnxa64/MathWorksServiceHost: /lib64/libstdc++.so.6: version `GLIBCXX_3.4.29' not found (required by /sfs/qumulo/qhome/xpz5km/.MathWorks/ServiceHost/udc-an33-12c0/v2024.6.0.6/bin/glnxa64/libmwflcodesigning_verifier.so)
/sfs/qumulo/qhome/xpz5km/.MathWorks/ServiceHost/udc-an33-12c0/v2024.6.0.6/bin/glnxa64/MathWorksServiceHost: /lib64/libstdc++.so.6: version `CXXABI_1.3.13' not found (required by /sfs/qumulo/qhome/xpz5km/.MathWorks/ServiceHost/udc-an33-12c0/v2024.6.0.6/bin/glnxa64/libmwflnetwork.so)
/sfs/qumulo/qhome/xpz5km/.MathWorks/ServiceHost/udc-an33-12c0/v2024.6.0.6/bin/glnxa64/MathWorksServiceHost: /lib64/libstdc++.so.6: version `GLIBCXX_3.4.29' not found (required by /sfs/qumulo/qhome/xpz5km/.MathWorks/ServiceHost/udc-an33-12c0/v2024.6.0.6/bin/glnxa64/libmwflnetwork.so)
/sfs/qumulo/qhome/xpz5km/.MathWorks/ServiceHost/udc-an33-12c0/v2024.6.0.6/bin/glnxa64/MathWorksServiceHost: /lib64/libstdc++.so.6: version `GLIBCXX_3.4.26' not found (required by /sfs/qumulo/qhome/xpz5km/.MathWorks/ServiceHost/udc-an33-12c0/v2024.6.0.6/bin/glnxa64/libmwflnetwork.so)
/sfs/qumulo/qhome/xpz5km/.MathWorks/ServiceHost/udc-an33-12c0/v2024.6.0.6/bin/glnxa64/MathWorksServiceHost: /lib64/libstdc++.so.6: version `GLIBCXX_3.4.29' not found (required by /sfs/qumulo/qhome/xpz5km/.MathWorks/ServiceHost/udc-an33-12c0/v2024.6.0.6/bin/glnxa64/libmwboost_serialization.so.1.81.0)
/sfs/qumulo/qhome/xpz5km/.MathWorks/ServiceHost/udc-an33-12c0/v2024.6.0.6/bin/glnxa64/MathWorksServiceHost: /lib64/libstdc++.so.6: version `GLIBCXX_3.4.29' not found (required by /sfs/qumulo/qhome/xpz5km/.MathWorks/ServiceHost/udc-an33-12c0/v2024.6.0.6/bin/glnxa64/libmwflcryptoutils.so)
/sfs/qumulo/qhome/xpz5km/.MathWorks/ServiceHost/udc-an33-12c0/v2024.6.0.6/bin/glnxa64/MathWorksServiceHost: /lib64/libstdc++.so.6: version `GLIBCXX_3.4.26' not found (required by /sfs/qumulo/qhome/xpz5km/.MathWorks/ServiceHost/udc-an33-12c0/v2024.6.0.6/bin/glnxa64/libmwflcryptocryptopp.so)
/sfs/qumulo/qhome/xpz5km/.MathWorks/ServiceHost/udc-an33-12c0/v2024.6.0.6/bin/glnxa64/MathWorksServiceHost: /lib64/libstdc++.so.6: version `GLIBCXX_3.4.26' not found (required by /sfs/qumulo/qhome/xpz5km/.MathWorks/ServiceHost/udc-an33-12c0/v2024.6.0.6/bin/glnxa64/libPocoNet.so.94)
/sfs/qumulo/qhome/xpz5km/.MathWorks/ServiceHost/udc-an33-12c0/v2024.6.0.6/bin/glnxa64/MathWorksServiceHost: /lib64/libstdc++.so.6: version `GLIBCXX_3.4.29' not found (required by /sfs/qumulo/qhome/xpz5km/.MathWorks/ServiceHost/udc-an33-12c0/v2024.6.0.6/bin/glnxa64/MathWorksServiceHost)
/sfs/qumulo/qhome/xpz5km/.MathWorks/ServiceHost/udc-an33-12c0/v2024.6.0.6/bin/glnxa64/MathWorksServiceHost: /lib64/libstdc++.so.6: version `GLIBCXX_3.4.30' not found (required by /sfs/qumulo/qhome/xpz5km/.MathWorks/ServiceHost/udc-an33-12c0/v2024.6.0.6/bin/glnxa64/MathWorksServiceHost)
/sfs/qumulo/qhome/xpz5km/.MathWorks/ServiceHost/udc-an33-12c0/v2024.6.0.6/bin/glnxa64/MathWorksServiceHost: /lib64/libstdc++.so.6: version `GLIBCXX_3.4.30' not found (required by /sfs/qumulo/qhome/xpz5km/.MathWorks/ServiceHost/udc-an33-12c0/v2024.6.0.6/bin/glnxa64/libmwagentutils.so)
/sfs/qumulo/qhome/xpz5km/.MathWorks/ServiceHost/udc-an33-12c0/v2024.6.0.6/bin/glnxa64/MathWorksServiceHost: /lib64/libstdc++.so.6: version `GLIBCXX_3.4.29' not found (required by /sfs/qumulo/qhome/xpz5km/.MathWorks/ServiceHost/udc-an33-12c0/v2024.6.0.6/bin/glnxa64/libmwagentutils.so)
/sfs/qumulo/qhome/xpz5km/.MathWorks/ServiceHost/udc-an33-12c0/v2024.6.0.6/bin/glnxa64/MathWorksServiceHost: /lib64/libstdc++.so.6: version `GLIBCXX_3.4.30' not found (required by /sfs/qumulo/qhome/xpz5km/.MathWorks/ServiceHost/udc-an33-12c0/v2024.6.0.6/bin/glnxa64/libmwcppmicroservices.so)
/sfs/qumulo/qhome/xpz5km/.MathWorks/ServiceHost/udc-an33-12c0/v2024.6.0.6/bin/glnxa64/MathWorksServiceHost: /lib64/libstdc++.so.6: version `GLIBCXX_3.4.29' not found (required by /sfs/qumulo/qhome/xpz5km/.MathWorks/ServiceHost/udc-an33-12c0/v2024.6.0.6/bin/glnxa64/libmwcppmicroservices.so)
/sfs/qumulo/qhome/xpz5km/.MathWorks/ServiceHost/udc-an33-12c0/v2024.6.0.6/bin/glnxa64/MathWorksServiceHost: /lib64/libstdc++.so.6: version `CXXABI_1.3.13' not found (required by /sfs/qumulo/qhome/xpz5km/.MathWorks/ServiceHost/udc-an33-12c0/v2024.6.0.6/bin/glnxa64/libmwcppmicroservices.so)
/sfs/qumulo/qhome/xpz5km/.MathWorks/ServiceHost/udc-an33-12c0/v2024.6.0.6/bin/glnxa64/MathWorksServiceHost: /lib64/libstdc++.so.6: version `CXXABI_1.3.13' not found (required by /sfs/qumulo/qhome/xpz5km/.MathWorks/ServiceHost/udc-an33-12c0/v2024.6.0.6/bin/glnxa64/libmwfl.so)
/sfs/qumulo/qhome/xpz5km/.MathWorks/ServiceHost/udc-an33-12c0/v2024.6.0.6/bin/glnxa64/MathWorksServiceHost: /lib64/libstdc++.so.6: version `GLIBCXX_3.4.29' not found (required by /sfs/qumulo/qhome/xpz5km/.MathWorks/ServiceHost/udc-an33-12c0/v2024.6.0.6/bin/glnxa64/libmwfl.so)
/sfs/qumulo/qhome/xpz5km/.MathWorks/ServiceHost/udc-an33-12c0/v2024.6.0.6/bin/glnxa64/MathWorksServiceHost: /lib64/libstdc++.so.6: version `GLIBCXX_3.4.26' not found (required by /sfs/qumulo/qhome/xpz5km/.MathWorks/ServiceHost/udc-an33-12c0/v2024.6.0.6/bin/glnxa64/libmwfl.so)
/sfs/qumulo/qhome/xpz5km/.MathWorks/ServiceHost/udc-an33-12c0/v2024.6.0.6/bin/glnxa64/MathWorksServiceHost: /lib64/libstdc++.so.6: version `GLIBCXX_3.4.26' not found (required by /sfs/qumulo/qhome/xpz5km/.MathWorks/ServiceHost/udc-an33-12c0/v2024.6.0.6/bin/glnxa64/libmwfoundation_filesystem.so)
/sfs/qumulo/qhome/xpz5km/.MathWorks/ServiceHost/udc-an33-12c0/v2024.6.0.6/bin/glnxa64/MathWorksServiceHost: /lib64/libstdc++.so.6: version `GLIBCXX_3.4.29' not found (required by /sfs/qumulo/qhome/xpz5km/.MathWorks/ServiceHost/udc-an33-12c0/v2024.6.0.6/bin/glnxa64/libmwfoundation_filesystem.so)
/sfs/qumulo/qhome/xpz5km/.MathWorks/ServiceHost/udc-an33-12c0/v2024.6.0.6/bin/glnxa64/MathWorksServiceHost: /lib64/libstdc++.so.6: version `GLIBCXX_3.4.29' not found (required by /sfs/qumulo/qhome/xpz5km/.MathWorks/ServiceHost/udc-an33-12c0/v2024.6.0.6/bin/glnxa64/libmwfoundation_usm.so)
/sfs/qumulo/qhome/xpz5km/.MathWorks/ServiceHost/udc-an33-12c0/v2024.6.0.6/bin/glnxa64/MathWorksServiceHost: /lib64/libstdc++.so.6: version `CXXABI_1.3.13' not found (required by /sfs/qumulo/qhome/xpz5km/.MathWorks/ServiceHost/udc-an33-12c0/v2024.6.0.6/bin/glnxa64/libmwi18n.so)
/sfs/qumulo/qhome/xpz5km/.MathWorks/ServiceHost/udc-an33-12c0/v2024.6.0.6/bin/glnxa64/MathWorksServiceHost: /lib64/libstdc++.so.6: version `GLIBCXX_3.4.29' not found (required by /sfs/qumulo/qhome/xpz5km/.MathWorks/ServiceHost/udc-an33-12c0/v2024.6.0.6/bin/glnxa64/libmwi18n.so)
/sfs/qumulo/qhome/xpz5km/.MathWorks/ServiceHost/udc-an33-12c0/v2024.6.0.6/bin/glnxa64/MathWorksServiceHost: /lib64/libstdc++.so.6: version `GLIBCXX_3.4.26' not found (required by /sfs/qumulo/qhome/xpz5km/.MathWorks/ServiceHost/udc-an33-12c0/v2024.6.0.6/bin/glnxa64/libmwi18n.so)
/sfs/qumulo/qhome/xpz5km/.MathWorks/ServiceHost/udc-an33-12c0/v2024.6.0.6/bin/glnxa64/MathWorksServiceHost: /lib64/libstdc++.so.6: version `GLIBCXX_3.4.29' not found (required by /sfs/qumulo/qhome/xpz5km/.MathWorks/ServiceHost/udc-an33-12c0/v2024.6.0.6/bin/glnxa64/libmwcpp11compat.so)
/sfs/qumulo/qhome/xpz5km/.MathWorks/ServiceHost/udc-an33-12c0/v2024.6.0.6/bin/glnxa64/MathWorksServiceHost: /lib64/libstdc++.so.6: version `GLIBCXX_3.4.26' not found (required by /sfs/qumulo/qhome/xpz5km/.MathWorks/ServiceHost/udc-an33-12c0/v2024.6.0.6/bin/glnxa64/libCppMicroServices.so.3.8.1)
/sfs/qumulo/qhome/xpz5km/.MathWorks/ServiceHost/udc-an33-12c0/v2024.6.0.6/bin/glnxa64/MathWorksServiceHost: /lib64/libstdc++.so.6: version `GLIBCXX_3.4.29' not found (required by /sfs/qumulo/qhome/xpz5km/.MathWorks/ServiceHost/udc-an33-12c0/v2024.6.0.6/bin/glnxa64/libmwflurlmanager.so)
/sfs/qumulo/qhome/xpz5km/.MathWorks/ServiceHost/udc-an33-12c0/v2024.6.0.6/bin/glnxa64/MathWorksServiceHost: /lib64/libstdc++.so.6: version `GLIBCXX_3.4.29' not found (required by /sfs/qumulo/qhome/xpz5km/.MathWorks/ServiceHost/udc-an33-12c0/v2024.6.0.6/bin/glnxa64/libmwfoundation_log.so)
/sfs/qumulo/qhome/xpz5km/.MathWorks/ServiceHost/udc-an33-12c0/v2024.6.0.6/bin/glnxa64/MathWorksServiceHost: /lib64/libstdc++.so.6: version `GLIBCXX_3.4.26' not found (required by /sfs/qumulo/qhome/xpz5km/.MathWorks/ServiceHost/udc-an33-12c0/v2024.6.0.6/bin/glnxa64/libmwboost_log.so.1.81.0)
/sfs/qumulo/qhome/xpz5km/.MathWorks/ServiceHost/udc-an33-12c0/v2024.6.0.6/bin/glnxa64/MathWorksServiceHost: /lib64/libstdc++.so.6: version `GLIBCXX_3.4.29' not found (required by /sfs/qumulo/qhome/xpz5km/.MathWorks/ServiceHost/udc-an33-12c0/v2024.6.0.6/bin/glnxa64/libmwboost_log.so.1.81.0)
/sfs/qumulo/qhome/xpz5km/.MathWorks/ServiceHost/udc-an33-12c0/v2024.6.0.6/bin/glnxa64/MathWorksServiceHost: /lib64/libstdc++.so.6: version `CXXABI_1.3.13' not found (required by /sfs/qumulo/qhome/xpz5km/.MathWorks/ServiceHost/udc-an33-12c0/v2024.6.0.6/bin/glnxa64/libmwboost_log.so.1.81.0)
/sfs/qumulo/qhome/xpz5km/.MathWorks/ServiceHost/udc-an33-12c0/v2024.6.0.6/bin/glnxa64/MathWorksServiceHost: /lib64/libstdc++.so.6: version `GLIBCXX_3.4.26' not found (required by /sfs/qumulo/qhome/xpz5km/.MathWorks/ServiceHost/udc-an33-12c0/v2024.6.0.6/bin/glnxa64/libmwboost_thread.so.1.81.0)
/sfs/qumulo/qhome/xpz5km/.MathWorks/ServiceHost/udc-an33-12c0/v2024.6.0.6/bin/glnxa64/MathWorksServiceHost: /lib64/libstdc++.so.6: version `CXXABI_1.3.13' not found (required by /sfs/qumulo/qhome/xpz5km/.MathWorks/ServiceHost/udc-an33-12c0/v2024.6.0.6/bin/glnxa64/libmwfoundation_threadpool.so)
/sfs/qumulo/qhome/xpz5km/.MathWorks/ServiceHost/udc-an33-12c0/v2024.6.0.6/bin/glnxa64/MathWorksServiceHost: /lib64/libstdc++.so.6: version `GLIBCXX_3.4.30' not found (required by /sfs/qumulo/qhome/xpz5km/.MathWorks/ServiceHost/udc-an33-12c0/v2024.6.0.6/bin/glnxa64/libmwfoundation_threadpool.so)
/sfs/qumulo/qhome/xpz5km/.MathWorks/ServiceHost/udc-an33-12c0/v2024.6.0.6/bin/glnxa64/MathWorksServiceHost: /lib64/libstdc++.so.6: version `GLIBCXX_3.4.29' not found (required by /sfs/qumulo/qhome/xpz5km/.MathWorks/ServiceHost/udc-an33-12c0/v2024.6.0.6/bin/glnxa64/libmwfoundation_threadpool.so)
/sfs/qumulo/qhome/xpz5km/.MathWorks/ServiceHost/udc-an33-12c0/v2024.6.0.6/bin/glnxa64/MathWorksServiceHost: /lib64/libstdc++.so.6: version `CXXABI_1.3.13' not found (required by /sfs/qumulo/qhome/xpz5km/.MathWorks/ServiceHost/udc-an33-12c0/v2024.6.0.6/bin/glnxa64/libmwflcertificates.so)
/sfs/qumulo/qhome/xpz5km/.MathWorks/ServiceHost/udc-an33-12c0/v2024.6.0.6/bin/glnxa64/MathWorksServiceHost: /lib64/libstdc++.so.6: version `GLIBCXX_3.4.29' not found (required by /sfs/qumulo/qhome/xpz5km/.MathWorks/ServiceHost/udc-an33-12c0/v2024.6.0.6/bin/glnxa64/libmwflcertificates.so)
/sfs/qumulo/qhome/xpz5km/.MathWorks/ServiceHost/udc-an33-12c0/v2024.6.0.6/bin/glnxa64/MathWorksServiceHost: /lib64/libstdc++.so.6: version `GLIBCXX_3.4.26' not found (required by /sfs/qumulo/qhome/xpz5km/.MathWorks/ServiceHost/udc-an33-12c0/v2024.6.0.6/bin/glnxa64/libmwflcertificates.so)
/sfs/qumulo/qhome/xpz5km/.MathWorks/ServiceHost/udc-an33-12c0/v2024.6.0.6/bin/glnxa64/MathWorksServiceHost: /lib64/libstdc++.so.6: version `GLIBCXX_3.4.29' not found (required by /sfs/qumulo/qhome/xpz5km/.MathWorks/ServiceHost/udc-an33-12c0/v2024.6.0.6/bin/glnxa64/libmwflcodesigning_verifier.so)
/sfs/qumulo/qhome/xpz5km/.MathWorks/ServiceHost/udc-an33-12c0/v2024.6.0.6/bin/glnxa64/MathWorksServiceHost: /lib64/libstdc++.so.6: version `CXXABI_1.3.13' not found (required by /sfs/qumulo/qhome/xpz5km/.MathWorks/ServiceHost/udc-an33-12c0/v2024.6.0.6/bin/glnxa64/libmwflnetwork.so)
/sfs/qumulo/qhome/xpz5km/.MathWorks/ServiceHost/udc-an33-12c0/v2024.6.0.6/bin/glnxa64/MathWorksServiceHost: /lib64/libstdc++.so.6: version `GLIBCXX_3.4.29' not found (required by /sfs/qumulo/qhome/xpz5km/.MathWorks/ServiceHost/udc-an33-12c0/v2024.6.0.6/bin/glnxa64/libmwflnetwork.so)
/sfs/qumulo/qhome/xpz5km/.MathWorks/ServiceHost/udc-an33-12c0/v2024.6.0.6/bin/glnxa64/MathWorksServiceHost: /lib64/libstdc++.so.6: version `GLIBCXX_3.4.26' not found (required by /sfs/qumulo/qhome/xpz5km/.MathWorks/ServiceHost/udc-an33-12c0/v2024.6.0.6/bin/glnxa64/libmwflnetwork.so)
/sfs/qumulo/qhome/xpz5km/.MathWorks/ServiceHost/udc-an33-12c0/v2024.6.0.6/bin/glnxa64/MathWorksServiceHost: /lib64/libstdc++.so.6: version `GLIBCXX_3.4.29' not found (required by /sfs/qumulo/qhome/xpz5km/.MathWorks/ServiceHost/udc-an33-12c0/v2024.6.0.6/bin/glnxa64/libmwboost_serialization.so.1.81.0)
/sfs/qumulo/qhome/xpz5km/.MathWorks/ServiceHost/udc-an33-12c0/v2024.6.0.6/bin/glnxa64/MathWorksServiceHost: /lib64/libstdc++.so.6: version `GLIBCXX_3.4.29' not found (required by /sfs/qumulo/qhome/xpz5km/.MathWorks/ServiceHost/udc-an33-12c0/v2024.6.0.6/bin/glnxa64/libmwflcryptoutils.so)
/sfs/qumulo/qhome/xpz5km/.MathWorks/ServiceHost/udc-an33-12c0/v2024.6.0.6/bin/glnxa64/MathWorksServiceHost: /lib64/libstdc++.so.6: version `GLIBCXX_3.4.26' not found (required by /sfs/qumulo/qhome/xpz5km/.MathWorks/ServiceHost/udc-an33-12c0/v2024.6.0.6/bin/glnxa64/libmwflcryptocryptopp.so)
/sfs/qumulo/qhome/xpz5km/.MathWorks/ServiceHost/udc-an33-12c0/v2024.6.0.6/bin/glnxa64/MathWorksServiceHost: /lib64/libstdc++.so.6: version `GLIBCXX_3.4.26' not found (required by /sfs/qumulo/qhome/xpz5km/.MathWorks/ServiceHost/udc-an33-12c0/v2024.6.0.6/bin/glnxa64/libPocoNet.so.94)
/sfs/qumulo/qhome/xpz5km/.MathWorks/ServiceHost/udc-an33-12c0/v2024.6.0.6/bin/glnxa64/MathWorksServiceHost: /lib64/libstdc++.so.6: version `GLIBCXX_3.4.29' not found (required by /sfs/qumulo/qhome/xpz5km/.MathWorks/ServiceHost/udc-an33-12c0/v2024.6.0.6/bin/glnxa64/MathWorksServiceHost)
/sfs/qumulo/qhome/xpz5km/.MathWorks/ServiceHost/udc-an33-12c0/v2024.6.0.6/bin/glnxa64/MathWorksServiceHost: /lib64/libstdc++.so.6: version `GLIBCXX_3.4.30' not found (required by /sfs/qumulo/qhome/xpz5km/.MathWorks/ServiceHost/udc-an33-12c0/v2024.6.0.6/bin/glnxa64/MathWorksServiceHost)
/sfs/qumulo/qhome/xpz5km/.MathWorks/ServiceHost/udc-an33-12c0/v2024.6.0.6/bin/glnxa64/MathWorksServiceHost: /lib64/libstdc++.so.6: version `GLIBCXX_3.4.30' not found (required by /sfs/qumulo/qhome/xpz5km/.MathWorks/ServiceHost/udc-an33-12c0/v2024.6.0.6/bin/glnxa64/libmwagentutils.so)
/sfs/qumulo/qhome/xpz5km/.MathWorks/ServiceHost/udc-an33-12c0/v2024.6.0.6/bin/glnxa64/MathWorksServiceHost: /lib64/libstdc++.so.6: version `GLIBCXX_3.4.29' not found (required by /sfs/qumulo/qhome/xpz5km/.MathWorks/ServiceHost/udc-an33-12c0/v2024.6.0.6/bin/glnxa64/libmwagentutils.so)
/sfs/qumulo/qhome/xpz5km/.MathWorks/ServiceHost/udc-an33-12c0/v2024.6.0.6/bin/glnxa64/MathWorksServiceHost: /lib64/libstdc++.so.6: version `GLIBCXX_3.4.30' not found (required by /sfs/qumulo/qhome/xpz5km/.MathWorks/ServiceHost/udc-an33-12c0/v2024.6.0.6/bin/glnxa64/libmwcppmicroservices.so)
/sfs/qumulo/qhome/xpz5km/.MathWorks/ServiceHost/udc-an33-12c0/v2024.6.0.6/bin/glnxa64/MathWorksServiceHost: /lib64/libstdc++.so.6: version `GLIBCXX_3.4.29' not found (required by /sfs/qumulo/qhome/xpz5km/.MathWorks/ServiceHost/udc-an33-12c0/v2024.6.0.6/bin/glnxa64/libmwcppmicroservices.so)
/sfs/qumulo/qhome/xpz5km/.MathWorks/ServiceHost/udc-an33-12c0/v2024.6.0.6/bin/glnxa64/MathWorksServiceHost: /lib64/libstdc++.so.6: version `CXXABI_1.3.13' not found (required by /sfs/qumulo/qhome/xpz5km/.MathWorks/ServiceHost/udc-an33-12c0/v2024.6.0.6/bin/glnxa64/libmwcppmicroservices.so)
/sfs/qumulo/qhome/xpz5km/.MathWorks/ServiceHost/udc-an33-12c0/v2024.6.0.6/bin/glnxa64/MathWorksServiceHost: /lib64/libstdc++.so.6: version `CXXABI_1.3.13' not found (required by /sfs/qumulo/qhome/xpz5km/.MathWorks/ServiceHost/udc-an33-12c0/v2024.6.0.6/bin/glnxa64/libmwfl.so)
/sfs/qumulo/qhome/xpz5km/.MathWorks/ServiceHost/udc-an33-12c0/v2024.6.0.6/bin/glnxa64/MathWorksServiceHost: /lib64/libstdc++.so.6: version `GLIBCXX_3.4.29' not found (required by /sfs/qumulo/qhome/xpz5km/.MathWorks/ServiceHost/udc-an33-12c0/v2024.6.0.6/bin/glnxa64/libmwfl.so)
/sfs/qumulo/qhome/xpz5km/.MathWorks/ServiceHost/udc-an33-12c0/v2024.6.0.6/bin/glnxa64/MathWorksServiceHost: /lib64/libstdc++.so.6: version `GLIBCXX_3.4.26' not found (required by /sfs/qumulo/qhome/xpz5km/.MathWorks/ServiceHost/udc-an33-12c0/v2024.6.0.6/bin/glnxa64/libmwfl.so)
/sfs/qumulo/qhome/xpz5km/.MathWorks/ServiceHost/udc-an33-12c0/v2024.6.0.6/bin/glnxa64/MathWorksServiceHost: /lib64/libstdc++.so.6: version `GLIBCXX_3.4.26' not found (required by /sfs/qumulo/qhome/xpz5km/.MathWorks/ServiceHost/udc-an33-12c0/v2024.6.0.6/bin/glnxa64/libmwfoundation_filesystem.so)
/sfs/qumulo/qhome/xpz5km/.MathWorks/ServiceHost/udc-an33-12c0/v2024.6.0.6/bin/glnxa64/MathWorksServiceHost: /lib64/libstdc++.so.6: version `GLIBCXX_3.4.29' not found (required by /sfs/qumulo/qhome/xpz5km/.MathWorks/ServiceHost/udc-an33-12c0/v2024.6.0.6/bin/glnxa64/libmwfoundation_filesystem.so)
/sfs/qumulo/qhome/xpz5km/.MathWorks/ServiceHost/udc-an33-12c0/v2024.6.0.6/bin/glnxa64/MathWorksServiceHost: /lib64/libstdc++.so.6: version `GLIBCXX_3.4.29' not found (required by /sfs/qumulo/qhome/xpz5km/.MathWorks/ServiceHost/udc-an33-12c0/v2024.6.0.6/bin/glnxa64/libmwfoundation_usm.so)
/sfs/qumulo/qhome/xpz5km/.MathWorks/ServiceHost/udc-an33-12c0/v2024.6.0.6/bin/glnxa64/MathWorksServiceHost: /lib64/libstdc++.so.6: version `CXXABI_1.3.13' not found (required by /sfs/qumulo/qhome/xpz5km/.MathWorks/ServiceHost/udc-an33-12c0/v2024.6.0.6/bin/glnxa64/libmwi18n.so)
/sfs/qumulo/qhome/xpz5km/.MathWorks/ServiceHost/udc-an33-12c0/v2024.6.0.6/bin/glnxa64/MathWorksServiceHost: /lib64/libstdc++.so.6: version `GLIBCXX_3.4.29' not found (required by /sfs/qumulo/qhome/xpz5km/.MathWorks/ServiceHost/udc-an33-12c0/v2024.6.0.6/bin/glnxa64/libmwi18n.so)
/sfs/qumulo/qhome/xpz5km/.MathWorks/ServiceHost/udc-an33-12c0/v2024.6.0.6/bin/glnxa64/MathWorksServiceHost: /lib64/libstdc++.so.6: version `GLIBCXX_3.4.26' not found (required by /sfs/qumulo/qhome/xpz5km/.MathWorks/ServiceHost/udc-an33-12c0/v2024.6.0.6/bin/glnxa64/libmwi18n.so)
/sfs/qumulo/qhome/xpz5km/.MathWorks/ServiceHost/udc-an33-12c0/v2024.6.0.6/bin/glnxa64/MathWorksServiceHost: /lib64/libstdc++.so.6: version `GLIBCXX_3.4.29' not found (required by /sfs/qumulo/qhome/xpz5km/.MathWorks/ServiceHost/udc-an33-12c0/v2024.6.0.6/bin/glnxa64/libmwcpp11compat.so)
/sfs/qumulo/qhome/xpz5km/.MathWorks/ServiceHost/udc-an33-12c0/v2024.6.0.6/bin/glnxa64/MathWorksServiceHost: /lib64/libstdc++.so.6: version `GLIBCXX_3.4.26' not found (required by /sfs/qumulo/qhome/xpz5km/.MathWorks/ServiceHost/udc-an33-12c0/v2024.6.0.6/bin/glnxa64/libCppMicroServices.so.3.8.1)
/sfs/qumulo/qhome/xpz5km/.MathWorks/ServiceHost/udc-an33-12c0/v2024.6.0.6/bin/glnxa64/MathWorksServiceHost: /lib64/libstdc++.so.6: version `GLIBCXX_3.4.29' not found (required by /sfs/qumulo/qhome/xpz5km/.MathWorks/ServiceHost/udc-an33-12c0/v2024.6.0.6/bin/glnxa64/libmwflurlmanager.so)
/sfs/qumulo/qhome/xpz5km/.MathWorks/ServiceHost/udc-an33-12c0/v2024.6.0.6/bin/glnxa64/MathWorksServiceHost: /lib64/libstdc++.so.6: version `GLIBCXX_3.4.29' not found (required by /sfs/qumulo/qhome/xpz5km/.MathWorks/ServiceHost/udc-an33-12c0/v2024.6.0.6/bin/glnxa64/libmwfoundation_log.so)
/sfs/qumulo/qhome/xpz5km/.MathWorks/ServiceHost/udc-an33-12c0/v2024.6.0.6/bin/glnxa64/MathWorksServiceHost: /lib64/libstdc++.so.6: version `GLIBCXX_3.4.26' not found (required by /sfs/qumulo/qhome/xpz5km/.MathWorks/ServiceHost/udc-an33-12c0/v2024.6.0.6/bin/glnxa64/libmwboost_log.so.1.81.0)
/sfs/qumulo/qhome/xpz5km/.MathWorks/ServiceHost/udc-an33-12c0/v2024.6.0.6/bin/glnxa64/MathWorksServiceHost: /lib64/libstdc++.so.6: version `GLIBCXX_3.4.29' not found (required by /sfs/qumulo/qhome/xpz5km/.MathWorks/ServiceHost/udc-an33-12c0/v2024.6.0.6/bin/glnxa64/libmwboost_log.so.1.81.0)
/sfs/qumulo/qhome/xpz5km/.MathWorks/ServiceHost/udc-an33-12c0/v2024.6.0.6/bin/glnxa64/MathWorksServiceHost: /lib64/libstdc++.so.6: version `CXXABI_1.3.13' not found (required by /sfs/qumulo/qhome/xpz5km/.MathWorks/ServiceHost/udc-an33-12c0/v2024.6.0.6/bin/glnxa64/libmwboost_log.so.1.81.0)
/sfs/qumulo/qhome/xpz5km/.MathWorks/ServiceHost/udc-an33-12c0/v2024.6.0.6/bin/glnxa64/MathWorksServiceHost: /lib64/libstdc++.so.6: version `GLIBCXX_3.4.26' not found (required by /sfs/qumulo/qhome/xpz5km/.MathWorks/ServiceHost/udc-an33-12c0/v2024.6.0.6/bin/glnxa64/libmwboost_thread.so.1.81.0)
/sfs/qumulo/qhome/xpz5km/.MathWorks/ServiceHost/udc-an33-12c0/v2024.6.0.6/bin/glnxa64/MathWorksServiceHost: /lib64/libstdc++.so.6: version `CXXABI_1.3.13' not found (required by /sfs/qumulo/qhome/xpz5km/.MathWorks/ServiceHost/udc-an33-12c0/v2024.6.0.6/bin/glnxa64/libmwfoundation_threadpool.so)
/sfs/qumulo/qhome/xpz5km/.MathWorks/ServiceHost/udc-an33-12c0/v2024.6.0.6/bin/glnxa64/MathWorksServiceHost: /lib64/libstdc++.so.6: version `GLIBCXX_3.4.30' not found (required by /sfs/qumulo/qhome/xpz5km/.MathWorks/ServiceHost/udc-an33-12c0/v2024.6.0.6/bin/glnxa64/libmwfoundation_threadpool.so)
/sfs/qumulo/qhome/xpz5km/.MathWorks/ServiceHost/udc-an33-12c0/v2024.6.0.6/bin/glnxa64/MathWorksServiceHost: /lib64/libstdc++.so.6: version `GLIBCXX_3.4.29' not found (required by /sfs/qumulo/qhome/xpz5km/.MathWorks/ServiceHost/udc-an33-12c0/v2024.6.0.6/bin/glnxa64/libmwfoundation_threadpool.so)
/sfs/qumulo/qhome/xpz5km/.MathWorks/ServiceHost/udc-an33-12c0/v2024.6.0.6/bin/glnxa64/MathWorksServiceHost: /lib64/libstdc++.so.6: version `CXXABI_1.3.13' not found (required by /sfs/qumulo/qhome/xpz5km/.MathWorks/ServiceHost/udc-an33-12c0/v2024.6.0.6/bin/glnxa64/libmwflcertificates.so)
/sfs/qumulo/qhome/xpz5km/.MathWorks/ServiceHost/udc-an33-12c0/v2024.6.0.6/bin/glnxa64/MathWorksServiceHost: /lib64/libstdc++.so.6: version `GLIBCXX_3.4.29' not found (required by /sfs/qumulo/qhome/xpz5km/.MathWorks/ServiceHost/udc-an33-12c0/v2024.6.0.6/bin/glnxa64/libmwflcertificates.so)
/sfs/qumulo/qhome/xpz5km/.MathWorks/ServiceHost/udc-an33-12c0/v2024.6.0.6/bin/glnxa64/MathWorksServiceHost: /lib64/libstdc++.so.6: version `GLIBCXX_3.4.26' not found (required by /sfs/qumulo/qhome/xpz5km/.MathWorks/ServiceHost/udc-an33-12c0/v2024.6.0.6/bin/glnxa64/libmwflcertificates.so)
/sfs/qumulo/qhome/xpz5km/.MathWorks/ServiceHost/udc-an33-12c0/v2024.6.0.6/bin/glnxa64/MathWorksServiceHost: /lib64/libstdc++.so.6: version `GLIBCXX_3.4.29' not found (required by /sfs/qumulo/qhome/xpz5km/.MathWorks/ServiceHost/udc-an33-12c0/v2024.6.0.6/bin/glnxa64/libmwflcodesigning_verifier.so)
/sfs/qumulo/qhome/xpz5km/.MathWorks/ServiceHost/udc-an33-12c0/v2024.6.0.6/bin/glnxa64/MathWorksServiceHost: /lib64/libstdc++.so.6: version `CXXABI_1.3.13' not found (required by /sfs/qumulo/qhome/xpz5km/.MathWorks/ServiceHost/udc-an33-12c0/v2024.6.0.6/bin/glnxa64/libmwflnetwork.so)
/sfs/qumulo/qhome/xpz5km/.MathWorks/ServiceHost/udc-an33-12c0/v2024.6.0.6/bin/glnxa64/MathWorksServiceHost: /lib64/libstdc++.so.6: version `GLIBCXX_3.4.29' not found (required by /sfs/qumulo/qhome/xpz5km/.MathWorks/ServiceHost/udc-an33-12c0/v2024.6.0.6/bin/glnxa64/libmwflnetwork.so)
/sfs/qumulo/qhome/xpz5km/.MathWorks/ServiceHost/udc-an33-12c0/v2024.6.0.6/bin/glnxa64/MathWorksServiceHost: /lib64/libstdc++.so.6: version `GLIBCXX_3.4.26' not found (required by /sfs/qumulo/qhome/xpz5km/.MathWorks/ServiceHost/udc-an33-12c0/v2024.6.0.6/bin/glnxa64/libmwflnetwork.so)
/sfs/qumulo/qhome/xpz5km/.MathWorks/ServiceHost/udc-an33-12c0/v2024.6.0.6/bin/glnxa64/MathWorksServiceHost: /lib64/libstdc++.so.6: version `GLIBCXX_3.4.29' not found (required by /sfs/qumulo/qhome/xpz5km/.MathWorks/ServiceHost/udc-an33-12c0/v2024.6.0.6/bin/glnxa64/libmwboost_serialization.so.1.81.0)
/sfs/qumulo/qhome/xpz5km/.MathWorks/ServiceHost/udc-an33-12c0/v2024.6.0.6/bin/glnxa64/MathWorksServiceHost: /lib64/libstdc++.so.6: version `GLIBCXX_3.4.29' not found (required by /sfs/qumulo/qhome/xpz5km/.MathWorks/ServiceHost/udc-an33-12c0/v2024.6.0.6/bin/glnxa64/libmwflcryptoutils.so)
/sfs/qumulo/qhome/xpz5km/.MathWorks/ServiceHost/udc-an33-12c0/v2024.6.0.6/bin/glnxa64/MathWorksServiceHost: /lib64/libstdc++.so.6: version `GLIBCXX_3.4.26' not found (required by /sfs/qumulo/qhome/xpz5km/.MathWorks/ServiceHost/udc-an33-12c0/v2024.6.0.6/bin/glnxa64/libmwflcryptocryptopp.so)
/sfs/qumulo/qhome/xpz5km/.MathWorks/ServiceHost/udc-an33-12c0/v2024.6.0.6/bin/glnxa64/MathWorksServiceHost: /lib64/libstdc++.so.6: version `GLIBCXX_3.4.26' not found (required by /sfs/qumulo/qhome/xpz5km/.MathWorks/ServiceHost/udc-an33-12c0/v2024.6.0.6/bin/glnxa64/libPocoNet.so.94)
/sfs/qumulo/qhome/xpz5km/.MathWorks/ServiceHost/udc-an33-12c0/v2024.6.0.6/bin/glnxa64/MathWorksServiceHost: /lib64/libstdc++.so.6: version `GLIBCXX_3.4.29' not found (required by /sfs/qumulo/qhome/xpz5km/.MathWorks/ServiceHost/udc-an33-12c0/v2024.6.0.6/bin/glnxa64/MathWorksServiceHost)
/sfs/qumulo/qhome/xpz5km/.MathWorks/ServiceHost/udc-an33-12c0/v2024.6.0.6/bin/glnxa64/MathWorksServiceHost: /lib64/libstdc++.so.6: version `GLIBCXX_3.4.30' not found (required by /sfs/qumulo/qhome/xpz5km/.MathWorks/ServiceHost/udc-an33-12c0/v2024.6.0.6/bin/glnxa64/MathWorksServiceHost)
/sfs/qumulo/qhome/xpz5km/.MathWorks/ServiceHost/udc-an33-12c0/v2024.6.0.6/bin/glnxa64/MathWorksServiceHost: /lib64/libstdc++.so.6: version `GLIBCXX_3.4.30' not found (required by /sfs/qumulo/qhome/xpz5km/.MathWorks/ServiceHost/udc-an33-12c0/v2024.6.0.6/bin/glnxa64/libmwagentutils.so)
/sfs/qumulo/qhome/xpz5km/.MathWorks/ServiceHost/udc-an33-12c0/v2024.6.0.6/bin/glnxa64/MathWorksServiceHost: /lib64/libstdc++.so.6: version `GLIBCXX_3.4.29' not found (required by /sfs/qumulo/qhome/xpz5km/.MathWorks/ServiceHost/udc-an33-12c0/v2024.6.0.6/bin/glnxa64/libmwagentutils.so)
/sfs/qumulo/qhome/xpz5km/.MathWorks/ServiceHost/udc-an33-12c0/v2024.6.0.6/bin/glnxa64/MathWorksServiceHost: /lib64/libstdc++.so.6: version `GLIBCXX_3.4.30' not found (required by /sfs/qumulo/qhome/xpz5km/.MathWorks/ServiceHost/udc-an33-12c0/v2024.6.0.6/bin/glnxa64/libmwcppmicroservices.so)
/sfs/qumulo/qhome/xpz5km/.MathWorks/ServiceHost/udc-an33-12c0/v2024.6.0.6/bin/glnxa64/MathWorksServiceHost: /lib64/libstdc++.so.6: version `GLIBCXX_3.4.29' not found (required by /sfs/qumulo/qhome/xpz5km/.MathWorks/ServiceHost/udc-an33-12c0/v2024.6.0.6/bin/glnxa64/libmwcppmicroservices.so)
/sfs/qumulo/qhome/xpz5km/.MathWorks/ServiceHost/udc-an33-12c0/v2024.6.0.6/bin/glnxa64/MathWorksServiceHost: /lib64/libstdc++.so.6: version `CXXABI_1.3.13' not found (required by /sfs/qumulo/qhome/xpz5km/.MathWorks/ServiceHost/udc-an33-12c0/v2024.6.0.6/bin/glnxa64/libmwcppmicroservices.so)
/sfs/qumulo/qhome/xpz5km/.MathWorks/ServiceHost/udc-an33-12c0/v2024.6.0.6/bin/glnxa64/MathWorksServiceHost: /lib64/libstdc++.so.6: version `CXXABI_1.3.13' not found (required by /sfs/qumulo/qhome/xpz5km/.MathWorks/ServiceHost/udc-an33-12c0/v2024.6.0.6/bin/glnxa64/libmwfl.so)
/sfs/qumulo/qhome/xpz5km/.MathWorks/ServiceHost/udc-an33-12c0/v2024.6.0.6/bin/glnxa64/MathWorksServiceHost: /lib64/libstdc++.so.6: version `GLIBCXX_3.4.29' not found (required by /sfs/qumulo/qhome/xpz5km/.MathWorks/ServiceHost/udc-an33-12c0/v2024.6.0.6/bin/glnxa64/libmwfl.so)
/sfs/qumulo/qhome/xpz5km/.MathWorks/ServiceHost/udc-an33-12c0/v2024.6.0.6/bin/glnxa64/MathWorksServiceHost: /lib64/libstdc++.so.6: version `GLIBCXX_3.4.26' not found (required by /sfs/qumulo/qhome/xpz5km/.MathWorks/ServiceHost/udc-an33-12c0/v2024.6.0.6/bin/glnxa64/libmwfl.so)
/sfs/qumulo/qhome/xpz5km/.MathWorks/ServiceHost/udc-an33-12c0/v2024.6.0.6/bin/glnxa64/MathWorksServiceHost: /lib64/libstdc++.so.6: version `GLIBCXX_3.4.26' not found (required by /sfs/qumulo/qhome/xpz5km/.MathWorks/ServiceHost/udc-an33-12c0/v2024.6.0.6/bin/glnxa64/libmwfoundation_filesystem.so)
/sfs/qumulo/qhome/xpz5km/.MathWorks/ServiceHost/udc-an33-12c0/v2024.6.0.6/bin/glnxa64/MathWorksServiceHost: /lib64/libstdc++.so.6: version `GLIBCXX_3.4.29' not found (required by /sfs/qumulo/qhome/xpz5km/.MathWorks/ServiceHost/udc-an33-12c0/v2024.6.0.6/bin/glnxa64/libmwfoundation_filesystem.so)
/sfs/qumulo/qhome/xpz5km/.MathWorks/ServiceHost/udc-an33-12c0/v2024.6.0.6/bin/glnxa64/MathWorksServiceHost: /lib64/libstdc++.so.6: version `GLIBCXX_3.4.29' not found (required by /sfs/qumulo/qhome/xpz5km/.MathWorks/ServiceHost/udc-an33-12c0/v2024.6.0.6/bin/glnxa64/libmwfoundation_usm.so)
/sfs/qumulo/qhome/xpz5km/.MathWorks/ServiceHost/udc-an33-12c0/v2024.6.0.6/bin/glnxa64/MathWorksServiceHost: /lib64/libstdc++.so.6: version `CXXABI_1.3.13' not found (required by /sfs/qumulo/qhome/xpz5km/.MathWorks/ServiceHost/udc-an33-12c0/v2024.6.0.6/bin/glnxa64/libmwi18n.so)
/sfs/qumulo/qhome/xpz5km/.MathWorks/ServiceHost/udc-an33-12c0/v2024.6.0.6/bin/glnxa64/MathWorksServiceHost: /lib64/libstdc++.so.6: version `GLIBCXX_3.4.29' not found (required by /sfs/qumulo/qhome/xpz5km/.MathWorks/ServiceHost/udc-an33-12c0/v2024.6.0.6/bin/glnxa64/libmwi18n.so)
/sfs/qumulo/qhome/xpz5km/.MathWorks/ServiceHost/udc-an33-12c0/v2024.6.0.6/bin/glnxa64/MathWorksServiceHost: /lib64/libstdc++.so.6: version `GLIBCXX_3.4.26' not found (required by /sfs/qumulo/qhome/xpz5km/.MathWorks/ServiceHost/udc-an33-12c0/v2024.6.0.6/bin/glnxa64/libmwi18n.so)
/sfs/qumulo/qhome/xpz5km/.MathWorks/ServiceHost/udc-an33-12c0/v2024.6.0.6/bin/glnxa64/MathWorksServiceHost: /lib64/libstdc++.so.6: version `GLIBCXX_3.4.29' not found (required by /sfs/qumulo/qhome/xpz5km/.MathWorks/ServiceHost/udc-an33-12c0/v2024.6.0.6/bin/glnxa64/libmwcpp11compat.so)
/sfs/qumulo/qhome/xpz5km/.MathWorks/ServiceHost/udc-an33-12c0/v2024.6.0.6/bin/glnxa64/MathWorksServiceHost: /lib64/libstdc++.so.6: version `GLIBCXX_3.4.26' not found (required by /sfs/qumulo/qhome/xpz5km/.MathWorks/ServiceHost/udc-an33-12c0/v2024.6.0.6/bin/glnxa64/libCppMicroServices.so.3.8.1)
/sfs/qumulo/qhome/xpz5km/.MathWorks/ServiceHost/udc-an33-12c0/v2024.6.0.6/bin/glnxa64/MathWorksServiceHost: /lib64/libstdc++.so.6: version `GLIBCXX_3.4.29' not found (required by /sfs/qumulo/qhome/xpz5km/.MathWorks/ServiceHost/udc-an33-12c0/v2024.6.0.6/bin/glnxa64/libmwflurlmanager.so)
/sfs/qumulo/qhome/xpz5km/.MathWorks/ServiceHost/udc-an33-12c0/v2024.6.0.6/bin/glnxa64/MathWorksServiceHost: /lib64/libstdc++.so.6: version `GLIBCXX_3.4.29' not found (required by /sfs/qumulo/qhome/xpz5km/.MathWorks/ServiceHost/udc-an33-12c0/v2024.6.0.6/bin/glnxa64/libmwfoundation_log.so)
/sfs/qumulo/qhome/xpz5km/.MathWorks/ServiceHost/udc-an33-12c0/v2024.6.0.6/bin/glnxa64/MathWorksServiceHost: /lib64/libstdc++.so.6: version `GLIBCXX_3.4.26' not found (required by /sfs/qumulo/qhome/xpz5km/.MathWorks/ServiceHost/udc-an33-12c0/v2024.6.0.6/bin/glnxa64/libmwboost_log.so.1.81.0)
/sfs/qumulo/qhome/xpz5km/.MathWorks/ServiceHost/udc-an33-12c0/v2024.6.0.6/bin/glnxa64/MathWorksServiceHost: /lib64/libstdc++.so.6: version `GLIBCXX_3.4.29' not found (required by /sfs/qumulo/qhome/xpz5km/.MathWorks/ServiceHost/udc-an33-12c0/v2024.6.0.6/bin/glnxa64/libmwboost_log.so.1.81.0)
/sfs/qumulo/qhome/xpz5km/.MathWorks/ServiceHost/udc-an33-12c0/v2024.6.0.6/bin/glnxa64/MathWorksServiceHost: /lib64/libstdc++.so.6: version `CXXABI_1.3.13' not found (required by /sfs/qumulo/qhome/xpz5km/.MathWorks/ServiceHost/udc-an33-12c0/v2024.6.0.6/bin/glnxa64/libmwboost_log.so.1.81.0)
/sfs/qumulo/qhome/xpz5km/.MathWorks/ServiceHost/udc-an33-12c0/v2024.6.0.6/bin/glnxa64/MathWorksServiceHost: /lib64/libstdc++.so.6: version `GLIBCXX_3.4.26' not found (required by /sfs/qumulo/qhome/xpz5km/.MathWorks/ServiceHost/udc-an33-12c0/v2024.6.0.6/bin/glnxa64/libmwboost_thread.so.1.81.0)
/sfs/qumulo/qhome/xpz5km/.MathWorks/ServiceHost/udc-an33-12c0/v2024.6.0.6/bin/glnxa64/MathWorksServiceHost: /lib64/libstdc++.so.6: version `CXXABI_1.3.13' not found (required by /sfs/qumulo/qhome/xpz5km/.MathWorks/ServiceHost/udc-an33-12c0/v2024.6.0.6/bin/glnxa64/libmwfoundation_threadpool.so)
/sfs/qumulo/qhome/xpz5km/.MathWorks/ServiceHost/udc-an33-12c0/v2024.6.0.6/bin/glnxa64/MathWorksServiceHost: /lib64/libstdc++.so.6: version `GLIBCXX_3.4.30' not found (required by /sfs/qumulo/qhome/xpz5km/.MathWorks/ServiceHost/udc-an33-12c0/v2024.6.0.6/bin/glnxa64/libmwfoundation_threadpool.so)
/sfs/qumulo/qhome/xpz5km/.MathWorks/ServiceHost/udc-an33-12c0/v2024.6.0.6/bin/glnxa64/MathWorksServiceHost: /lib64/libstdc++.so.6: version `GLIBCXX_3.4.29' not found (required by /sfs/qumulo/qhome/xpz5km/.MathWorks/ServiceHost/udc-an33-12c0/v2024.6.0.6/bin/glnxa64/libmwfoundation_threadpool.so)
/sfs/qumulo/qhome/xpz5km/.MathWorks/ServiceHost/udc-an33-12c0/v2024.6.0.6/bin/glnxa64/MathWorksServiceHost: /lib64/libstdc++.so.6: version `CXXABI_1.3.13' not found (required by /sfs/qumulo/qhome/xpz5km/.MathWorks/ServiceHost/udc-an33-12c0/v2024.6.0.6/bin/glnxa64/libmwflcertificates.so)
/sfs/qumulo/qhome/xpz5km/.MathWorks/ServiceHost/udc-an33-12c0/v2024.6.0.6/bin/glnxa64/MathWorksServiceHost: /lib64/libstdc++.so.6: version `GLIBCXX_3.4.29' not found (required by /sfs/qumulo/qhome/xpz5km/.MathWorks/ServiceHost/udc-an33-12c0/v2024.6.0.6/bin/glnxa64/libmwflcertificates.so)
/sfs/qumulo/qhome/xpz5km/.MathWorks/ServiceHost/udc-an33-12c0/v2024.6.0.6/bin/glnxa64/MathWorksServiceHost: /lib64/libstdc++.so.6: version `GLIBCXX_3.4.26' not found (required by /sfs/qumulo/qhome/xpz5km/.MathWorks/ServiceHost/udc-an33-12c0/v2024.6.0.6/bin/glnxa64/libmwflcertificates.so)
/sfs/qumulo/qhome/xpz5km/.MathWorks/ServiceHost/udc-an33-12c0/v2024.6.0.6/bin/glnxa64/MathWorksServiceHost: /lib64/libstdc++.so.6: version `GLIBCXX_3.4.29' not found (required by /sfs/qumulo/qhome/xpz5km/.MathWorks/ServiceHost/udc-an33-12c0/v2024.6.0.6/bin/glnxa64/libmwflcodesigning_verifier.so)
/sfs/qumulo/qhome/xpz5km/.MathWorks/ServiceHost/udc-an33-12c0/v2024.6.0.6/bin/glnxa64/MathWorksServiceHost: /lib64/libstdc++.so.6: version `CXXABI_1.3.13' not found (required by /sfs/qumulo/qhome/xpz5km/.MathWorks/ServiceHost/udc-an33-12c0/v2024.6.0.6/bin/glnxa64/libmwflnetwork.so)
/sfs/qumulo/qhome/xpz5km/.MathWorks/ServiceHost/udc-an33-12c0/v2024.6.0.6/bin/glnxa64/MathWorksServiceHost: /lib64/libstdc++.so.6: version `GLIBCXX_3.4.29' not found (required by /sfs/qumulo/qhome/xpz5km/.MathWorks/ServiceHost/udc-an33-12c0/v2024.6.0.6/bin/glnxa64/libmwflnetwork.so)
/sfs/qumulo/qhome/xpz5km/.MathWorks/ServiceHost/udc-an33-12c0/v2024.6.0.6/bin/glnxa64/MathWorksServiceHost: /lib64/libstdc++.so.6: version `GLIBCXX_3.4.26' not found (required by /sfs/qumulo/qhome/xpz5km/.MathWorks/ServiceHost/udc-an33-12c0/v2024.6.0.6/bin/glnxa64/libmwflnetwork.so)
/sfs/qumulo/qhome/xpz5km/.MathWorks/ServiceHost/udc-an33-12c0/v2024.6.0.6/bin/glnxa64/MathWorksServiceHost: /lib64/libstdc++.so.6: version `GLIBCXX_3.4.29' not found (required by /sfs/qumulo/qhome/xpz5km/.MathWorks/ServiceHost/udc-an33-12c0/v2024.6.0.6/bin/glnxa64/libmwboost_serialization.so.1.81.0)
/sfs/qumulo/qhome/xpz5km/.MathWorks/ServiceHost/udc-an33-12c0/v2024.6.0.6/bin/glnxa64/MathWorksServiceHost: /lib64/libstdc++.so.6: version `GLIBCXX_3.4.29' not found (required by /sfs/qumulo/qhome/xpz5km/.MathWorks/ServiceHost/udc-an33-12c0/v2024.6.0.6/bin/glnxa64/libmwflcryptoutils.so)
/sfs/qumulo/qhome/xpz5km/.MathWorks/ServiceHost/udc-an33-12c0/v2024.6.0.6/bin/glnxa64/MathWorksServiceHost: /lib64/libstdc++.so.6: version `GLIBCXX_3.4.26' not found (required by /sfs/qumulo/qhome/xpz5km/.MathWorks/ServiceHost/udc-an33-12c0/v2024.6.0.6/bin/glnxa64/libmwflcryptocryptopp.so)
/sfs/qumulo/qhome/xpz5km/.MathWorks/ServiceHost/udc-an33-12c0/v2024.6.0.6/bin/glnxa64/MathWorksServiceHost: /lib64/libstdc++.so.6: version `GLIBCXX_3.4.26' not found (required by /sfs/qumulo/qhome/xpz5km/.MathWorks/ServiceHost/udc-an33-12c0/v2024.6.0.6/bin/glnxa64/libPocoNet.so.94)
/sfs/qumulo/qhome/xpz5km/.MathWorks/ServiceHost/udc-an33-12c0/v2024.6.0.6/bin/glnxa64/MathWorksServiceHost: /lib64/libstdc++.so.6: version `GLIBCXX_3.4.29' not found (required by /sfs/qumulo/qhome/xpz5km/.MathWorks/ServiceHost/udc-an33-12c0/v2024.6.0.6/bin/glnxa64/MathWorksServiceHost)
/sfs/qumulo/qhome/xpz5km/.MathWorks/ServiceHost/udc-an33-12c0/v2024.6.0.6/bin/glnxa64/MathWorksServiceHost: /lib64/libstdc++.so.6: version `GLIBCXX_3.4.30' not found (required by /sfs/qumulo/qhome/xpz5km/.MathWorks/ServiceHost/udc-an33-12c0/v2024.6.0.6/bin/glnxa64/MathWorksServiceHost)
/sfs/qumulo/qhome/xpz5km/.MathWorks/ServiceHost/udc-an33-12c0/v2024.6.0.6/bin/glnxa64/MathWorksServiceHost: /lib64/libstdc++.so.6: version `GLIBCXX_3.4.30' not found (required by /sfs/qumulo/qhome/xpz5km/.MathWorks/ServiceHost/udc-an33-12c0/v2024.6.0.6/bin/glnxa64/libmwagentutils.so)
/sfs/qumulo/qhome/xpz5km/.MathWorks/ServiceHost/udc-an33-12c0/v2024.6.0.6/bin/glnxa64/MathWorksServiceHost: /lib64/libstdc++.so.6: version `GLIBCXX_3.4.29' not found (required by /sfs/qumulo/qhome/xpz5km/.MathWorks/ServiceHost/udc-an33-12c0/v2024.6.0.6/bin/glnxa64/libmwagentutils.so)
/sfs/qumulo/qhome/xpz5km/.MathWorks/ServiceHost/udc-an33-12c0/v2024.6.0.6/bin/glnxa64/MathWorksServiceHost: /lib64/libstdc++.so.6: version `GLIBCXX_3.4.30' not found (required by /sfs/qumulo/qhome/xpz5km/.MathWorks/ServiceHost/udc-an33-12c0/v2024.6.0.6/bin/glnxa64/libmwcppmicroservices.so)
/sfs/qumulo/qhome/xpz5km/.MathWorks/ServiceHost/udc-an33-12c0/v2024.6.0.6/bin/glnxa64/MathWorksServiceHost: /lib64/libstdc++.so.6: version `GLIBCXX_3.4.29' not found (required by /sfs/qumulo/qhome/xpz5km/.MathWorks/ServiceHost/udc-an33-12c0/v2024.6.0.6/bin/glnxa64/libmwcppmicroservices.so)
/sfs/qumulo/qhome/xpz5km/.MathWorks/ServiceHost/udc-an33-12c0/v2024.6.0.6/bin/glnxa64/MathWorksServiceHost: /lib64/libstdc++.so.6: version `CXXABI_1.3.13' not found (required by /sfs/qumulo/qhome/xpz5km/.MathWorks/ServiceHost/udc-an33-12c0/v2024.6.0.6/bin/glnxa64/libmwcppmicroservices.so)
/sfs/qumulo/qhome/xpz5km/.MathWorks/ServiceHost/udc-an33-12c0/v2024.6.0.6/bin/glnxa64/MathWorksServiceHost: /lib64/libstdc++.so.6: version `CXXABI_1.3.13' not found (required by /sfs/qumulo/qhome/xpz5km/.MathWorks/ServiceHost/udc-an33-12c0/v2024.6.0.6/bin/glnxa64/libmwfl.so)
/sfs/qumulo/qhome/xpz5km/.MathWorks/ServiceHost/udc-an33-12c0/v2024.6.0.6/bin/glnxa64/MathWorksServiceHost: /lib64/libstdc++.so.6: version `GLIBCXX_3.4.29' not found (required by /sfs/qumulo/qhome/xpz5km/.MathWorks/ServiceHost/udc-an33-12c0/v2024.6.0.6/bin/glnxa64/libmwfl.so)
/sfs/qumulo/qhome/xpz5km/.MathWorks/ServiceHost/udc-an33-12c0/v2024.6.0.6/bin/glnxa64/MathWorksServiceHost: /lib64/libstdc++.so.6: version `GLIBCXX_3.4.26' not found (required by /sfs/qumulo/qhome/xpz5km/.MathWorks/ServiceHost/udc-an33-12c0/v2024.6.0.6/bin/glnxa64/libmwfl.so)
/sfs/qumulo/qhome/xpz5km/.MathWorks/ServiceHost/udc-an33-12c0/v2024.6.0.6/bin/glnxa64/MathWorksServiceHost: /lib64/libstdc++.so.6: version `GLIBCXX_3.4.26' not found (required by /sfs/qumulo/qhome/xpz5km/.MathWorks/ServiceHost/udc-an33-12c0/v2024.6.0.6/bin/glnxa64/libmwfoundation_filesystem.so)
/sfs/qumulo/qhome/xpz5km/.MathWorks/ServiceHost/udc-an33-12c0/v2024.6.0.6/bin/glnxa64/MathWorksServiceHost: /lib64/libstdc++.so.6: version `GLIBCXX_3.4.29' not found (required by /sfs/qumulo/qhome/xpz5km/.MathWorks/ServiceHost/udc-an33-12c0/v2024.6.0.6/bin/glnxa64/libmwfoundation_filesystem.so)
/sfs/qumulo/qhome/xpz5km/.MathWorks/ServiceHost/udc-an33-12c0/v2024.6.0.6/bin/glnxa64/MathWorksServiceHost: /lib64/libstdc++.so.6: version `GLIBCXX_3.4.29' not found (required by /sfs/qumulo/qhome/xpz5km/.MathWorks/ServiceHost/udc-an33-12c0/v2024.6.0.6/bin/glnxa64/libmwfoundation_usm.so)
/sfs/qumulo/qhome/xpz5km/.MathWorks/ServiceHost/udc-an33-12c0/v2024.6.0.6/bin/glnxa64/MathWorksServiceHost: /lib64/libstdc++.so.6: version `CXXABI_1.3.13' not found (required by /sfs/qumulo/qhome/xpz5km/.MathWorks/ServiceHost/udc-an33-12c0/v2024.6.0.6/bin/glnxa64/libmwi18n.so)
/sfs/qumulo/qhome/xpz5km/.MathWorks/ServiceHost/udc-an33-12c0/v2024.6.0.6/bin/glnxa64/MathWorksServiceHost: /lib64/libstdc++.so.6: version `GLIBCXX_3.4.29' not found (required by /sfs/qumulo/qhome/xpz5km/.MathWorks/ServiceHost/udc-an33-12c0/v2024.6.0.6/bin/glnxa64/libmwi18n.so)
/sfs/qumulo/qhome/xpz5km/.MathWorks/ServiceHost/udc-an33-12c0/v2024.6.0.6/bin/glnxa64/MathWorksServiceHost: /lib64/libstdc++.so.6: version `GLIBCXX_3.4.26' not found (required by /sfs/qumulo/qhome/xpz5km/.MathWorks/ServiceHost/udc-an33-12c0/v2024.6.0.6/bin/glnxa64/libmwi18n.so)
/sfs/qumulo/qhome/xpz5km/.MathWorks/ServiceHost/udc-an33-12c0/v2024.6.0.6/bin/glnxa64/MathWorksServiceHost: /lib64/libstdc++.so.6: version `GLIBCXX_3.4.29' not found (required by /sfs/qumulo/qhome/xpz5km/.MathWorks/ServiceHost/udc-an33-12c0/v2024.6.0.6/bin/glnxa64/libmwcpp11compat.so)
/sfs/qumulo/qhome/xpz5km/.MathWorks/ServiceHost/udc-an33-12c0/v2024.6.0.6/bin/glnxa64/MathWorksServiceHost: /lib64/libstdc++.so.6: version `GLIBCXX_3.4.26' not found (required by /sfs/qumulo/qhome/xpz5km/.MathWorks/ServiceHost/udc-an33-12c0/v2024.6.0.6/bin/glnxa64/libCppMicroServices.so.3.8.1)
/sfs/qumulo/qhome/xpz5km/.MathWorks/ServiceHost/udc-an33-12c0/v2024.6.0.6/bin/glnxa64/MathWorksServiceHost: /lib64/libstdc++.so.6: version `GLIBCXX_3.4.29' not found (required by /sfs/qumulo/qhome/xpz5km/.MathWorks/ServiceHost/udc-an33-12c0/v2024.6.0.6/bin/glnxa64/libmwflurlmanager.so)
/sfs/qumulo/qhome/xpz5km/.MathWorks/ServiceHost/udc-an33-12c0/v2024.6.0.6/bin/glnxa64/MathWorksServiceHost: /lib64/libstdc++.so.6: version `GLIBCXX_3.4.29' not found (required by /sfs/qumulo/qhome/xpz5km/.MathWorks/ServiceHost/udc-an33-12c0/v2024.6.0.6/bin/glnxa64/libmwfoundation_log.so)
/sfs/qumulo/qhome/xpz5km/.MathWorks/ServiceHost/udc-an33-12c0/v2024.6.0.6/bin/glnxa64/MathWorksServiceHost: /lib64/libstdc++.so.6: version `GLIBCXX_3.4.26' not found (required by /sfs/qumulo/qhome/xpz5km/.MathWorks/ServiceHost/udc-an33-12c0/v2024.6.0.6/bin/glnxa64/libmwboost_log.so.1.81.0)
/sfs/qumulo/qhome/xpz5km/.MathWorks/ServiceHost/udc-an33-12c0/v2024.6.0.6/bin/glnxa64/MathWorksServiceHost: /lib64/libstdc++.so.6: version `GLIBCXX_3.4.29' not found (required by /sfs/qumulo/qhome/xpz5km/.MathWorks/ServiceHost/udc-an33-12c0/v2024.6.0.6/bin/glnxa64/libmwboost_log.so.1.81.0)
/sfs/qumulo/qhome/xpz5km/.MathWorks/ServiceHost/udc-an33-12c0/v2024.6.0.6/bin/glnxa64/MathWorksServiceHost: /lib64/libstdc++.so.6: version `CXXABI_1.3.13' not found (required by /sfs/qumulo/qhome/xpz5km/.MathWorks/ServiceHost/udc-an33-12c0/v2024.6.0.6/bin/glnxa64/libmwboost_log.so.1.81.0)
/sfs/qumulo/qhome/xpz5km/.MathWorks/ServiceHost/udc-an33-12c0/v2024.6.0.6/bin/glnxa64/MathWorksServiceHost: /lib64/libstdc++.so.6: version `GLIBCXX_3.4.26' not found (required by /sfs/qumulo/qhome/xpz5km/.MathWorks/ServiceHost/udc-an33-12c0/v2024.6.0.6/bin/glnxa64/libmwboost_thread.so.1.81.0)
/sfs/qumulo/qhome/xpz5km/.MathWorks/ServiceHost/udc-an33-12c0/v2024.6.0.6/bin/glnxa64/MathWorksServiceHost: /lib64/libstdc++.so.6: version `CXXABI_1.3.13' not found (required by /sfs/qumulo/qhome/xpz5km/.MathWorks/ServiceHost/udc-an33-12c0/v2024.6.0.6/bin/glnxa64/libmwfoundation_threadpool.so)
/sfs/qumulo/qhome/xpz5km/.MathWorks/ServiceHost/udc-an33-12c0/v2024.6.0.6/bin/glnxa64/MathWorksServiceHost: /lib64/libstdc++.so.6: version `GLIBCXX_3.4.30' not found (required by /sfs/qumulo/qhome/xpz5km/.MathWorks/ServiceHost/udc-an33-12c0/v2024.6.0.6/bin/glnxa64/libmwfoundation_threadpool.so)
/sfs/qumulo/qhome/xpz5km/.MathWorks/ServiceHost/udc-an33-12c0/v2024.6.0.6/bin/glnxa64/MathWorksServiceHost: /lib64/libstdc++.so.6: version `GLIBCXX_3.4.29' not found (required by /sfs/qumulo/qhome/xpz5km/.MathWorks/ServiceHost/udc-an33-12c0/v2024.6.0.6/bin/glnxa64/libmwfoundation_threadpool.so)
/sfs/qumulo/qhome/xpz5km/.MathWorks/ServiceHost/udc-an33-12c0/v2024.6.0.6/bin/glnxa64/MathWorksServiceHost: /lib64/libstdc++.so.6: version `CXXABI_1.3.13' not found (required by /sfs/qumulo/qhome/xpz5km/.MathWorks/ServiceHost/udc-an33-12c0/v2024.6.0.6/bin/glnxa64/libmwflcertificates.so)
/sfs/qumulo/qhome/xpz5km/.MathWorks/ServiceHost/udc-an33-12c0/v2024.6.0.6/bin/glnxa64/MathWorksServiceHost: /lib64/libstdc++.so.6: version `GLIBCXX_3.4.29' not found (required by /sfs/qumulo/qhome/xpz5km/.MathWorks/ServiceHost/udc-an33-12c0/v2024.6.0.6/bin/glnxa64/libmwflcertificates.so)
/sfs/qumulo/qhome/xpz5km/.MathWorks/ServiceHost/udc-an33-12c0/v2024.6.0.6/bin/glnxa64/MathWorksServiceHost: /lib64/libstdc++.so.6: version `GLIBCXX_3.4.26' not found (required by /sfs/qumulo/qhome/xpz5km/.MathWorks/ServiceHost/udc-an33-12c0/v2024.6.0.6/bin/glnxa64/libmwflcertificates.so)
/sfs/qumulo/qhome/xpz5km/.MathWorks/ServiceHost/udc-an33-12c0/v2024.6.0.6/bin/glnxa64/MathWorksServiceHost: /lib64/libstdc++.so.6: version `GLIBCXX_3.4.29' not found (required by /sfs/qumulo/qhome/xpz5km/.MathWorks/ServiceHost/udc-an33-12c0/v2024.6.0.6/bin/glnxa64/libmwflcodesigning_verifier.so)
/sfs/qumulo/qhome/xpz5km/.MathWorks/ServiceHost/udc-an33-12c0/v2024.6.0.6/bin/glnxa64/MathWorksServiceHost: /lib64/libstdc++.so.6: version `CXXABI_1.3.13' not found (required by /sfs/qumulo/qhome/xpz5km/.MathWorks/ServiceHost/udc-an33-12c0/v2024.6.0.6/bin/glnxa64/libmwflnetwork.so)
/sfs/qumulo/qhome/xpz5km/.MathWorks/ServiceHost/udc-an33-12c0/v2024.6.0.6/bin/glnxa64/MathWorksServiceHost: /lib64/libstdc++.so.6: version `GLIBCXX_3.4.29' not found (required by /sfs/qumulo/qhome/xpz5km/.MathWorks/ServiceHost/udc-an33-12c0/v2024.6.0.6/bin/glnxa64/libmwflnetwork.so)
/sfs/qumulo/qhome/xpz5km/.MathWorks/ServiceHost/udc-an33-12c0/v2024.6.0.6/bin/glnxa64/MathWorksServiceHost: /lib64/libstdc++.so.6: version `GLIBCXX_3.4.26' not found (required by /sfs/qumulo/qhome/xpz5km/.MathWorks/ServiceHost/udc-an33-12c0/v2024.6.0.6/bin/glnxa64/libmwflnetwork.so)
/sfs/qumulo/qhome/xpz5km/.MathWorks/ServiceHost/udc-an33-12c0/v2024.6.0.6/bin/glnxa64/MathWorksServiceHost: /lib64/libstdc++.so.6: version `GLIBCXX_3.4.29' not found (required by /sfs/qumulo/qhome/xpz5km/.MathWorks/ServiceHost/udc-an33-12c0/v2024.6.0.6/bin/glnxa64/libmwboost_serialization.so.1.81.0)
/sfs/qumulo/qhome/xpz5km/.MathWorks/ServiceHost/udc-an33-12c0/v2024.6.0.6/bin/glnxa64/MathWorksServiceHost: /lib64/libstdc++.so.6: version `GLIBCXX_3.4.29' not found (required by /sfs/qumulo/qhome/xpz5km/.MathWorks/ServiceHost/udc-an33-12c0/v2024.6.0.6/bin/glnxa64/libmwflcryptoutils.so)
/sfs/qumulo/qhome/xpz5km/.MathWorks/ServiceHost/udc-an33-12c0/v2024.6.0.6/bin/glnxa64/MathWorksServiceHost: /lib64/libstdc++.so.6: version `GLIBCXX_3.4.26' not found (required by /sfs/qumulo/qhome/xpz5km/.MathWorks/ServiceHost/udc-an33-12c0/v2024.6.0.6/bin/glnxa64/libmwflcryptocryptopp.so)
/sfs/qumulo/qhome/xpz5km/.MathWorks/ServiceHost/udc-an33-12c0/v2024.6.0.6/bin/glnxa64/MathWorksServiceHost: /lib64/libstdc++.so.6: version `GLIBCXX_3.4.26' not found (required by /sfs/qumulo/qhome/xpz5km/.MathWorks/ServiceHost/udc-an33-12c0/v2024.6.0.6/bin/glnxa64/libPocoNet.so.94)

                            < M A T L A B (R) >
                  Copyright 1984-2024 The MathWorks, Inc.
                  R2024a (24.1.0.2537033) 64-bit (glnxa64)
                             February 21, 2024

 
To get started, type doc.
For product information, visit www.mathworks.com.
 

indir = 

    "/scratch/xpz5km/Cahn_Hilliard_Model/julia_out/critical_radius_alpha"


epsilon_name = 

    "0.04"


R0_name =

    '0.18'


alpha_name =

    '0.2'


alpha =

    '0.2'


name =

    'phi_128_400000_1.0e-6__R0_0.18_eps_0.04_alpha_0.2'

An unexpected error has occurred.
To resolve this issue, contact <a href="https://www.mathworks.com/pi_gene_mci_glnxa64">Technical Support</a>.
An unexpected error has occurred.
To resolve this issue, contact <a href="https://www.mathworks.com/pi_gene_mci_glnxa64">Technical Support</a>.
{Error using saveas (line 138)
Invalid or missing path:
/scratch/xpz5km/Cahn_Hilliard_Model/julia_out/critical_radius_alpha/plots/radius_0.5_nx_128_nt_400000_1.0e-6__R0_0.18_eps_0.04.png

Error in level_set_plot_alpha (line 50)
            saveas(fig, filename);

Error in level_set_radius_array_alpha (line 25)
    [rr,tt] = level_set_plot_alpha(2.5e-5, indir, total_time, everyR, epsilon_name, R0_name, folder, alpha_name);
} 
[Warning: Error updating Text.

 String scalar or character vector must have valid interpreter syntax:
Radius at 0.5 level set
 phi_128_400000_1.0e-6__R0_0.18_eps_0.04_alpha_0.2
] 
DONE
