Fri Jun 21 09:14:32 EDT 2024
0.18 16 10 0.2
LOADED MATLAB
0.18
16
0.2

                            < M A T L A B (R) >
                  Copyright 1984-2024 The MathWorks, Inc.
                  R2024a (24.1.0.2537033) 64-bit (glnxa64)
                             February 21, 2024

 
To get started, type doc.
For product information, visit www.mathworks.com.
 

indir = 

    "/scratch/xpz5km/Cahn_Hilliard_Model/julia_out/critical_radius_alpha"


epsilon_name = 

    "0.030019"


R0_name =

    '0.18'


alpha_name =

    '0.2'


alpha =

    '0.2'


name =

    'phi_128_400000_1.0e-6__R0_0.18_eps_0.030019_alpha_0.2'

Command `client-v1` threw an exception
Failed to publish ServiceInterface (credentials) to ServicePublisher legacyservicepublisher for PublisherConfiguration msh::rcf::common::default from msh::rcf::common
{Error using saveas (line 138)
Invalid or missing path:
/scratch/xpz5km/Cahn_Hilliard_Model/julia_out/critical_radius_alpha/plots/radius_0.5_nx_128_nt_400000_1.0e-6__R0_0.18_eps_0.030019.png

Error in level_set_plot_alpha (line 50)
            saveas(fig, filename);

Error in level_set_radius_array_alpha (line 25)
    [rr,tt] = level_set_plot_alpha(2.5e-5, indir, total_time, everyR, epsilon_name, R0_name, folder, alpha_name);
} 
[Warning: Error updating Text.

 String scalar or character vector must have valid interpreter syntax:
Radius at 0.5 level set
 phi_128_400000_1.0e-6__R0_0.18_eps_0.030019_alpha_0.2
] 
DONE
