Fri Jun 21 09:14:32 EDT 2024
0.12 8 10 0.2
LOADED MATLAB
0.12
8
0.2

                            < M A T L A B (R) >
                  Copyright 1984-2024 The MathWorks, Inc.
                  R2024a (24.1.0.2537033) 64-bit (glnxa64)
                             February 21, 2024

 
To get started, type doc.
For product information, visit www.mathworks.com.
 

indir = 

    "/scratch/xpz5km/Cahn_Hilliard_Model/julia_out/critical_radius_alpha"


epsilon_name = 

    "0.015009"


R0_name =

    '0.12'


alpha_name =

    '0.2'


alpha =

    '0.2'


name =

    'phi_128_400000_1.0e-6__R0_0.12_eps_0.015009_alpha_0.2'


------------------------------------------------------------------------
       Segmentation violation detected at Fri Jun 21 09:15:34 2024
------------------------------------------------------------------------
Architecture     : glnxa64
Processor ID     : Intel(R) Xeon(R) Gold 6248 CPU @ 2.50GHz
Host Name        : udc-an33-3c0
Locale           : en_US


Abnormal termination:
Segmentation violation

Current Thread: 'FTP_2_0' id 22755063154432

Register State (from fault):
  RAX = 00000000007fe18c  RBX = 00000000000000fe
  RCX = 0000000000000001  RDX = 0000000000000003
  RSP = 000014b21374b330  RBP = 000014b21374b4b0
  RSI = 000014b22c304560  RDI = 000014b22c3044f0

   R8 = 0000000000ff1f30   R9 = 00000000007fe18c
  R10 = 000000000000ff01  R11 = 000014b22c304560
  R12 = 000014b21374b3a0  R13 = 000014b22c304588
  R14 = 000014b2371966f0  R15 = 000014b21374b360

  RIP = 000014b213060658  EFL = 0000000000010202

   CS = 0033   FS = 0000   GS = 0000

Stack Trace (from fault):
[  0] 0x000014b213060658 /sfs/qumulo/qhome/xpz5km/.MathWorks/ServiceHost/udc-an33-3c0/v2024.6.0.6/bin/glnxa64/spf/serviceproviders/login/spf/matlabloginserviceprovider/libmwmatlabloginserviceprovider.so+00370264
[  1] 0x000014b22aacda97 /sfs/qumulo/qhome/xpz5km/.MathWorks/ServiceHost/udc-an33-3c0/v2024.6.0.6/bin/glnxa64/spf/servicepublishers/agent/spf/legacyservicepublisher/../../../../../../../bin/glnxa64/libmwagentspflegacyservicewrapper.so+00187031
[  2] 0x000014b2309ef46b /sfs/qumulo/qhome/xpz5km/.MathWorks/ServiceHost/udc-an33-3c0/v2024.6.0.6/bin/glnxa64/mathworksservicehost/rcf/matlabconnector/serviceprocess/rcf/client-v1/../../../../../../../../bin/glnxa64/libmwagentspfcore.so+00152683 _ZNK5agent3spf4core16ExportedFunctionclEON10foundation10concurrent10threadpool10stop_tokenEONS1_14GenericPayloadE+00000347
[  3] 0x000014b22aabf5f6 /sfs/qumulo/qhome/xpz5km/.MathWorks/ServiceHost/udc-an33-3c0/v2024.6.0.6/bin/glnxa64/spf/servicepublishers/agent/spf/legacyservicepublisher/../../../../../../../bin/glnxa64/libmwagentspflegacyservicewrapper.so+00128502
[  4] 0x000014b22aabf681 /sfs/qumulo/qhome/xpz5km/.MathWorks/ServiceHost/udc-an33-3c0/v2024.6.0.6/bin/glnxa64/spf/servicepublishers/agent/spf/legacyservicepublisher/../../../../../../../bin/glnxa64/libmwagentspflegacyservicewrapper.so+00128641
[  5] 0x000014b22aa26060 /sfs/qumulo/qhome/xpz5km/.MathWorks/ServiceHost/udc-an33-3c0/v2024.6.0.6/bin/glnxa64/spf/servicepublishers/agent/spf/legacyservicepublisher/../../../../../../../bin/glnxa64/libmwagentnanomsgtransport.so+00082016
[  6] 0x000014b2364b2c34 /sfs/qumulo/qhome/xpz5km/.MathWorks/ServiceHost/udc-an33-3c0/v2024.6.0.6/bin/glnxa64/libmwfoundation_threadpool.so+00146484
[  7] 0x000014b2364b7928 /sfs/qumulo/qhome/xpz5km/.MathWorks/ServiceHost/udc-an33-3c0/v2024.6.0.6/bin/glnxa64/libmwfoundation_threadpool.so+00166184
[  8] 0x000014b2364b7d54 /sfs/qumulo/qhome/xpz5km/.MathWorks/ServiceHost/udc-an33-3c0/v2024.6.0.6/bin/glnxa64/libmwfoundation_threadpool.so+00167252
[  9] 0x000014b23703e8c3 /sfs/qumulo/qhome/xpz5km/.MathWorks/ServiceHost/udc-an33-3c0/v2024.6.0.6/bin/glnxa64/../../sys/os/glnxa64/libstdc++.so.6+00903363
[ 10] 0x000014b23718f1ca                             /lib64/libpthread.so.0+00033226
[ 11] 0x000014b236bb5e73                                   /lib64/libc.so.6+00237171 clone+00000067


** This crash report has been written to /home/xpz5km/.MathWorks/ServiceHost/udc-an33-3c0/logs/MathWorksServiceHost_crash_70341.log **
{Error using saveas (line 138)
Invalid or missing path:
/scratch/xpz5km/Cahn_Hilliard_Model/julia_out/critical_radius_alpha/plots/radius_0.5_nx_128_nt_400000_1.0e-6__R0_0.12_eps_0.015009.png

Error in level_set_plot_alpha (line 50)
            saveas(fig, filename);

Error in level_set_radius_array_alpha (line 25)
    [rr,tt] = level_set_plot_alpha(2.5e-5, indir, total_time, everyR, epsilon_name, R0_name, folder, alpha_name);
} 
[Warning: Error updating Text.

 String scalar or character vector must have valid interpreter syntax:
Radius at 0.5 level set
 phi_128_400000_1.0e-6__R0_0.12_eps_0.015009_alpha_0.2
] 
DONE
