
                            < M A T L A B (R) >
                  Copyright 1984-2024 The MathWorks, Inc.
                  R2024a (24.1.0.2537033) 64-bit (glnxa64)
                             February 21, 2024

 
To get started, type doc.
For product information, visit www.mathworks.com.
 

everyR =

   100


R0 = 

    "0.022"
Launching updater executable


R0 = 

    "0.021"


R0 = 

    "0.024"


R0 = 

    "0.0215"


R0 = 

    "0.0235"


R0 = 

    "0.0205"


R0 = 

    "0.02"


R0 = 

    "0.01"


R0 = 

    "0.025"


R0 = 

    "0.022"


R0 = 

    "0.021"


R0 = 

    "0.024"


R0 = 

    "0.0215"


R0 = 

    "0.0235"


R0 = 

    "0.0205"


R0 = 

    "0.02"


R0 = 

    "0.01"


R0 = 

    "0.025"

