Tue Jul 30 13:34:12 EDT 2024
.173 0.15 512
MODULES LOADED
ERROR: LoadError: IOError: stat("/project/g_bme-janeslab/sarah/julia_out/CPC_geometry/CPC_domain_0_2"): permission denied (EACCES)
Stacktrace:
 [1] uv_error
   @ ./libuv.jl:100 [inlined]
 [2] stat(path::String)
   @ Base.Filesystem ./stat.jl:152
 [3] isdir
   @ ./stat.jl:461 [inlined]
 [4] main_w_alpha(oc::Matrix{Float64}, nx::Int64, tol::Float64, outdir::String; max_it::Int64, max_it_CH::Int64, suffix::String, overwrite::Bool, print_phi::Bool, print_mass::Bool, print_e::Bool, dt::Float64, M::Int64, ns::Int64, gam::Float64, alpha::Int64, check_dir::Bool)
   @ Main /sfs/qumulo/qhome/xpz5km/Cahn_Hilliard_Model/CH_multigrid_solver_with_alpha_change_domain.jl:457
 [5] top-level scope
   @ ./timing.jl:393
in expression starting at /sfs/qumulo/qhome/xpz5km/Cahn_Hilliard_Model/CPC_geometric_run_array_with_alpha_change_domain.jl:26
0.173
0.15
starting initialization
starting ch solver
cohesin=0.15, CPC=0.173, epsilon=0.0096
DONE
