Fri May 2 15:27:43 EDT 2025
Loading modules...
Finished loading modules...
512 neumann false NMG
Running NMG...
Saving squared residuals per iteration to file in the output directory

0
  0 percent complete
1
  5 percent complete
2
 10 percent complete
3
 15 percent complete
4
 20 percent complete
5
 25 percent complete
6
 30 percent complete
7
 35 percent complete
8
 40 percent complete
9
 45 percent complete
10
 50 percent complete
11
12
 60 percent complete
13
 65 percent complete
14
 70 percent complete
15
 75 percent complete
16
 80 percent complete
17
 85 percent complete
18
 90 percent complete
19
 95 percent complete
DONE
