Fri Oct 11 14:05:31 EDT 2024
0.1 0.13 512 0.03 -0.5
MODULES LOADED
   Resolving package versions...
  No Changes to `/sfs/qumulo/qhome/xpz5km/.julia/environments/v1.9/Project.toml`
  No Changes to `/sfs/qumulo/qhome/xpz5km/.julia/environments/v1.9/Manifest.toml`
ERROR: LoadError: IOError: stat("/project/g_bme-janeslab/SarahG/julia_out/CPC_geometry/CPC_domain_0_2_e_0.0075_alpha"): Unknown system error -116 (Unknown system error -116)
Stacktrace:
 [1] uv_error
   @ ./libuv.jl:100 [inlined]
 [2] stat(path::String)
   @ Base.Filesystem ./stat.jl:152
 [3] isdir
   @ ./stat.jl:461 [inlined]
 [4] main_w_alpha(oc::Matrix{Float64}, nx::Int64, tol::Float64, outdir::String; max_it::Int64, max_it_CH::Int64, suffix::String, overwrite::Bool, print_phi::Bool, print_mass::Bool, print_e::Bool, dt::Float64, M::Int64, ns::Int64, gam::Float64, alpha::Float64, check_dir::Bool)
   @ Main /sfs/qumulo/qhome/xpz5km/Cahn_Hilliard_Model/CH_multigrid_solver_with_alpha_change_domain.jl:493
 [5] top-level scope
   @ ./timing.jl:393
in expression starting at /sfs/qumulo/qhome/xpz5km/Cahn_Hilliard_Model/CPC_geometric_array/CPC_geometric_run_array_with_alpha_change_domain_eps_0.0075.jl:30
0.1
0.13
starting initialization
starting ch solver
cohesin=0.13, CPC=0.1, epsilon=0.0075
DONE
