Fri Oct 11 11:26:42 EDT 2024
LOADED MATLAB
0.1
0.0060038
0.5
256

                            < M A T L A B (R) >
                  Copyright 1984-2024 The MathWorks, Inc.
                  R2024a (24.1.0.2537033) 64-bit (glnxa64)
                             February 21, 2024

 
To get started, type doc.
For product information, visit www.mathworks.com.
 

epsilon_name =

    '0.0060038'


R0_name =

    '0.1'


alpha_name =

    '0.5'


name =

    'phi_256_400000_1.0e-6__R0_0.1_eps_0.0060038_alpha_0.5'

You already have the most recent version of MATLAB Connector installed.
Launching updater executable

(InstallMathWorksServiceHost:871923): Gtk-WARNING **: 11:37:03.374: cannot open display: 
You already have the most recent version of MATLAB Connector installed.
Launching updater executable

(InstallMathWorksServiceHost:872845): Gtk-WARNING **: 11:42:22.084: cannot open display: 
malloc_consolidate(): unaligned fastbin chunk detected
You already have the most recent version of MATLAB Connector installed.
Launching updater executable

(InstallMathWorksServiceHost:873636): Gtk-WARNING **: 11:47:41.113: cannot open display: 
pure virtual method called

------------------------------------------------------------------------
          std::terminate() detected at Fri Oct 11 11:47:41 2024
------------------------------------------------------------------------
Architecture     : glnxa64
Processor ID     : Intel(R) Xeon(R) Gold 6248 CPU @ 2.50GHz
Host Name        : udc-an33-6c0
Locale           : en_US


Abnormal termination:
std::terminate()

Current Thread: 'GTP_11' id 22612063287040

Register State (captured):
  RAX = 0000000000000000  RBX = 00001490d1dcb3c8
  RCX = 0000000000000000  RDX = 00001490d1db4e88
  RSP = 00001490c7ffd120  RBP = 00001490c7ffd500
  RSI = 00001490d1d99f6d  RDI = 00001490c7ffd130

   R8 = 0000000000000002   R9 = 00001490c7ffd410
  R10 = 0000000000000000  R11 = 0000000000000000
  R12 = 00001490d1d99f6d  R13 = 00001490c7ffd570
  R14 = 00001490c7ffd9e0  R15 = 00001490c7ffde80

  RIP = 00001490d1d4393f  EFL = 0000000000000000

   CS = 0000   FS = 0000   GS = 0000

Stack Trace (captured):
[  0] 0x00001490d1d3d433 /sfs/qumulo/qhome/xpz5km/.MathWorks/ServiceHost/udc-an33-6c0/v2024.2.0.3/bin/glnxa64/libmwfl.so+00320563
[  1] 0x00001490d1d3d67c /sfs/qumulo/qhome/xpz5km/.MathWorks/ServiceHost/udc-an33-6c0/v2024.2.0.3/bin/glnxa64/libmwfl.so+00321148 _ZN10foundation4core4diag15stacktrace_base7captureEm+00000028
[  2] 0x00001490d1d3f4fa /sfs/qumulo/qhome/xpz5km/.MathWorks/ServiceHost/udc-an33-6c0/v2024.2.0.3/bin/glnxa64/libmwfl.so+00328954
[  3] 0x00001490d1d3f7a2 /sfs/qumulo/qhome/xpz5km/.MathWorks/ServiceHost/udc-an33-6c0/v2024.2.0.3/bin/glnxa64/libmwfl.so+00329634
[  4] 0x00001490d2ab0901 /sfs/qumulo/qhome/xpz5km/.MathWorks/ServiceHost/udc-an33-6c0/v2024.2.0.3/bin/glnxa64/libmwagentutils.so+00637185
[  5] 0x00001490d2ab17fa /sfs/qumulo/qhome/xpz5km/.MathWorks/ServiceHost/udc-an33-6c0/v2024.2.0.3/bin/glnxa64/libmwagentutils.so+00641018
[  6] 0x00001490d2ab1969 /sfs/qumulo/qhome/xpz5km/.MathWorks/ServiceHost/udc-an33-6c0/v2024.2.0.3/bin/glnxa64/libmwagentutils.so+00641385
[  7] 0x00001490d2aaec98 /sfs/qumulo/qhome/xpz5km/.MathWorks/ServiceHost/udc-an33-6c0/v2024.2.0.3/bin/glnxa64/libmwagentutils.so+00629912
[  8] 0x00001490d2262efa /sfs/qumulo/qhome/xpz5km/.MathWorks/ServiceHost/udc-an33-6c0/v2024.2.0.3/bin/glnxa64/../../sys/os/glnxa64/libstdc++.so.6+00724730
[  9] 0x00001490d2262f65 /sfs/qumulo/qhome/xpz5km/.MathWorks/ServiceHost/udc-an33-6c0/v2024.2.0.3/bin/glnxa64/../../sys/os/glnxa64/libstdc++.so.6+00724837
[ 10] 0x00001490d2263c63 /sfs/qumulo/qhome/xpz5km/.MathWorks/ServiceHost/udc-an33-6c0/v2024.2.0.3/bin/glnxa64/../../sys/os/glnxa64/libstdc++.so.6+00728163
[ 11] 0x00001490cceaa160 /sfs/qumulo/qhome/xpz5km/.MathWorks/ServiceHost/udc-an33-6c0/v2024.2.0.3/bin/glnxa64/libDeclarativeServices.so.1.5.6+00524640
[ 12] 0x00001490ccec1ae9 /sfs/qumulo/qhome/xpz5km/.MathWorks/ServiceHost/udc-an33-6c0/v2024.2.0.3/bin/glnxa64/libDeclarativeServices.so.1.5.6+00621289
[ 13] 0x00001490ccecfba8 /sfs/qumulo/qhome/xpz5km/.MathWorks/ServiceHost/udc-an33-6c0/v2024.2.0.3/bin/glnxa64/libDeclarativeServices.so.1.5.6+00678824
[ 14] 0x00001490ccec636a /sfs/qumulo/qhome/xpz5km/.MathWorks/ServiceHost/udc-an33-6c0/v2024.2.0.3/bin/glnxa64/libDeclarativeServices.so.1.5.6+00639850
[ 15] 0x00001490ccec6aa2 /sfs/qumulo/qhome/xpz5km/.MathWorks/ServiceHost/udc-an33-6c0/v2024.2.0.3/bin/glnxa64/libDeclarativeServices.so.1.5.6+00641698
[ 16] 0x00001490ccec12fc /sfs/qumulo/qhome/xpz5km/.MathWorks/ServiceHost/udc-an33-6c0/v2024.2.0.3/bin/glnxa64/libDeclarativeServices.so.1.5.6+00619260
[ 17] 0x00001490ccec1e12 /sfs/qumulo/qhome/xpz5km/.MathWorks/ServiceHost/udc-an33-6c0/v2024.2.0.3/bin/glnxa64/libDeclarativeServices.so.1.5.6+00622098
[ 18] 0x00001490cceaf993 /sfs/qumulo/qhome/xpz5km/.MathWorks/ServiceHost/udc-an33-6c0/v2024.2.0.3/bin/glnxa64/libDeclarativeServices.so.1.5.6+00547219
[ 19] 0x00001490cceaca7d /sfs/qumulo/qhome/xpz5km/.MathWorks/ServiceHost/udc-an33-6c0/v2024.2.0.3/bin/glnxa64/libDeclarativeServices.so.1.5.6+00535165
[ 20] 0x00001490ccedc5fe /sfs/qumulo/qhome/xpz5km/.MathWorks/ServiceHost/udc-an33-6c0/v2024.2.0.3/bin/glnxa64/libDeclarativeServices.so.1.5.6+00730622
[ 21] 0x00001490cce5601b /sfs/qumulo/qhome/xpz5km/.MathWorks/ServiceHost/udc-an33-6c0/v2024.2.0.3/bin/glnxa64/libDeclarativeServices.so.1.5.6+00180251
[ 22] 0x00001490cceb5e53 /sfs/qumulo/qhome/xpz5km/.MathWorks/ServiceHost/udc-an33-6c0/v2024.2.0.3/bin/glnxa64/libDeclarativeServices.so.1.5.6+00573011
[ 23] 0x00001490cceb9899 /sfs/qumulo/qhome/xpz5km/.MathWorks/ServiceHost/udc-an33-6c0/v2024.2.0.3/bin/glnxa64/libDeclarativeServices.so.1.5.6+00587929
[ 24] 0x00001490d23e6e67                             /lib64/libpthread.so.0+00065127
[ 25] 0x00001490cceb3e8d /sfs/qumulo/qhome/xpz5km/.MathWorks/ServiceHost/udc-an33-6c0/v2024.2.0.3/bin/glnxa64/libDeclarativeServices.so.1.5.6+00564877
[ 26] 0x00001490cceb6086 /sfs/qumulo/qhome/xpz5km/.MathWorks/ServiceHost/udc-an33-6c0/v2024.2.0.3/bin/glnxa64/libDeclarativeServices.so.1.5.6+00573574
[ 27] 0x00001490cceb9899 /sfs/qumulo/qhome/xpz5km/.MathWorks/ServiceHost/udc-an33-6c0/v2024.2.0.3/bin/glnxa64/libDeclarativeServices.so.1.5.6+00587929
[ 28] 0x00001490d23e6e67                             /lib64/libpthread.so.0+00065127
[ 29] 0x00001490cceb4008 /sfs/qumulo/qhome/xpz5km/.MathWorks/ServiceHost/udc-an33-6c0/v2024.2.0.3/bin/glnxa64/libDeclarativeServices.so.1.5.6+00565256
[ 30] 0x00001490d1627c34 /sfs/qumulo/qhome/xpz5km/.MathWorks/ServiceHost/udc-an33-6c0/v2024.2.0.3/bin/glnxa64/libmwfoundation_threadpool.so+00146484
[ 31] 0x00001490d162c928 /sfs/qumulo/qhome/xpz5km/.MathWorks/ServiceHost/udc-an33-6c0/v2024.2.0.3/bin/glnxa64/libmwfoundation_threadpool.so+00166184
[ 32] 0x00001490d162cd54 /sfs/qumulo/qhome/xpz5km/.MathWorks/ServiceHost/udc-an33-6c0/v2024.2.0.3/bin/glnxa64/libmwfoundation_threadpool.so+00167252
[ 33] 0x00001490d228e8c3 /sfs/qumulo/qhome/xpz5km/.MathWorks/ServiceHost/udc-an33-6c0/v2024.2.0.3/bin/glnxa64/../../sys/os/glnxa64/libstdc++.so.6+00903363
[ 34] 0x00001490d23df1ca                             /lib64/libpthread.so.0+00033226
[ 35] 0x00001490d1e05e73                                   /lib64/libc.so.6+00237171 clone+00000067


** This crash report has been written to /home/xpz5km/.MathWorks/ServiceHost/udc-an33-6c0/logs/MathWorksServiceHost_crash_872875.log **
You already have the most recent version of MATLAB Connector installed.
Launching updater executable
pure virtual method called

(InstallMathWorksServiceHost:874437): Gtk-WARNING **: 11:52:58.815: cannot open display: 

------------------------------------------------------------------------
          std::terminate() detected at Fri Oct 11 11:52:58 2024
------------------------------------------------------------------------
Architecture     : glnxa64
Processor ID     : Intel(R) Xeon(R) Gold 6248 CPU @ 2.50GHz
Host Name        : udc-an33-6c0
Locale           : en_US


Abnormal termination:
std::terminate()

Current Thread: 'GTP_7' id 23302560687872

Register State (captured):
  RAX = 0000000000000000  RBX = 00001531926023c8
  RCX = 0000000000000000  RDX = 00001531925ebe88
  RSP = 000015318cda0120  RBP = 000015318cda0500
  RSI = 00001531925d0f6d  RDI = 000015318cda0130

   R8 = 0000000000000002   R9 = 000015318cda0410
  R10 = 0000000000000000  R11 = 0000000000000000
  R12 = 00001531925d0f6d  R13 = 000015318cda0570
  R14 = 000015318cda09e0  R15 = 000015318cda0e80

  RIP = 000015319257a93f  EFL = 0000000000000000

   CS = 0000   FS = 0000   GS = 0000

Stack Trace (captured):
[  0] 0x0000153192574433 /sfs/qumulo/qhome/xpz5km/.MathWorks/ServiceHost/udc-an33-6c0/v2024.2.0.3/bin/glnxa64/libmwfl.so+00320563
[  1] 0x000015319257467c /sfs/qumulo/qhome/xpz5km/.MathWorks/ServiceHost/udc-an33-6c0/v2024.2.0.3/bin/glnxa64/libmwfl.so+00321148 _ZN10foundation4core4diag15stacktrace_base7captureEm+00000028
[  2] 0x00001531925764fa /sfs/qumulo/qhome/xpz5km/.MathWorks/ServiceHost/udc-an33-6c0/v2024.2.0.3/bin/glnxa64/libmwfl.so+00328954
[  3] 0x00001531925767a2 /sfs/qumulo/qhome/xpz5km/.MathWorks/ServiceHost/udc-an33-6c0/v2024.2.0.3/bin/glnxa64/libmwfl.so+00329634
[  4] 0x00001531932e7901 /sfs/qumulo/qhome/xpz5km/.MathWorks/ServiceHost/udc-an33-6c0/v2024.2.0.3/bin/glnxa64/libmwagentutils.so+00637185
[  5] 0x00001531932e87fa /sfs/qumulo/qhome/xpz5km/.MathWorks/ServiceHost/udc-an33-6c0/v2024.2.0.3/bin/glnxa64/libmwagentutils.so+00641018
[  6] 0x00001531932e8969 /sfs/qumulo/qhome/xpz5km/.MathWorks/ServiceHost/udc-an33-6c0/v2024.2.0.3/bin/glnxa64/libmwagentutils.so+00641385
[  7] 0x00001531932e5c98 /sfs/qumulo/qhome/xpz5km/.MathWorks/ServiceHost/udc-an33-6c0/v2024.2.0.3/bin/glnxa64/libmwagentutils.so+00629912
[  8] 0x0000153192a99efa /sfs/qumulo/qhome/xpz5km/.MathWorks/ServiceHost/udc-an33-6c0/v2024.2.0.3/bin/glnxa64/../../sys/os/glnxa64/libstdc++.so.6+00724730
[  9] 0x0000153192a99f65 /sfs/qumulo/qhome/xpz5km/.MathWorks/ServiceHost/udc-an33-6c0/v2024.2.0.3/bin/glnxa64/../../sys/os/glnxa64/libstdc++.so.6+00724837
[ 10] 0x0000153192a9ac63 /sfs/qumulo/qhome/xpz5km/.MathWorks/ServiceHost/udc-an33-6c0/v2024.2.0.3/bin/glnxa64/../../sys/os/glnxa64/libstdc++.so.6+00728163
[ 11] 0x000015318d6e1160 /sfs/qumulo/qhome/xpz5km/.MathWorks/ServiceHost/udc-an33-6c0/v2024.2.0.3/bin/glnxa64/libDeclarativeServices.so.1.5.6+00524640
[ 12] 0x000015318d6f8ae9 /sfs/qumulo/qhome/xpz5km/.MathWorks/ServiceHost/udc-an33-6c0/v2024.2.0.3/bin/glnxa64/libDeclarativeServices.so.1.5.6+00621289
[ 13] 0x000015318d706ba8 /sfs/qumulo/qhome/xpz5km/.MathWorks/ServiceHost/udc-an33-6c0/v2024.2.0.3/bin/glnxa64/libDeclarativeServices.so.1.5.6+00678824
[ 14] 0x000015318d6fd36a /sfs/qumulo/qhome/xpz5km/.MathWorks/ServiceHost/udc-an33-6c0/v2024.2.0.3/bin/glnxa64/libDeclarativeServices.so.1.5.6+00639850
[ 15] 0x000015318d6fdaa2 /sfs/qumulo/qhome/xpz5km/.MathWorks/ServiceHost/udc-an33-6c0/v2024.2.0.3/bin/glnxa64/libDeclarativeServices.so.1.5.6+00641698
[ 16] 0x000015318d6f82fc /sfs/qumulo/qhome/xpz5km/.MathWorks/ServiceHost/udc-an33-6c0/v2024.2.0.3/bin/glnxa64/libDeclarativeServices.so.1.5.6+00619260
[ 17] 0x000015318d6f8e12 /sfs/qumulo/qhome/xpz5km/.MathWorks/ServiceHost/udc-an33-6c0/v2024.2.0.3/bin/glnxa64/libDeclarativeServices.so.1.5.6+00622098
[ 18] 0x000015318d6e6993 /sfs/qumulo/qhome/xpz5km/.MathWorks/ServiceHost/udc-an33-6c0/v2024.2.0.3/bin/glnxa64/libDeclarativeServices.so.1.5.6+00547219
[ 19] 0x000015318d6e3a7d /sfs/qumulo/qhome/xpz5km/.MathWorks/ServiceHost/udc-an33-6c0/v2024.2.0.3/bin/glnxa64/libDeclarativeServices.so.1.5.6+00535165
[ 20] 0x000015318d7135fe /sfs/qumulo/qhome/xpz5km/.MathWorks/ServiceHost/udc-an33-6c0/v2024.2.0.3/bin/glnxa64/libDeclarativeServices.so.1.5.6+00730622
[ 21] 0x000015318d68d01b /sfs/qumulo/qhome/xpz5km/.MathWorks/ServiceHost/udc-an33-6c0/v2024.2.0.3/bin/glnxa64/libDeclarativeServices.so.1.5.6+00180251
[ 22] 0x000015318d6ece53 /sfs/qumulo/qhome/xpz5km/.MathWorks/ServiceHost/udc-an33-6c0/v2024.2.0.3/bin/glnxa64/libDeclarativeServices.so.1.5.6+00573011
[ 23] 0x000015318d6f0899 /sfs/qumulo/qhome/xpz5km/.MathWorks/ServiceHost/udc-an33-6c0/v2024.2.0.3/bin/glnxa64/libDeclarativeServices.so.1.5.6+00587929
[ 24] 0x0000153192c1de67                             /lib64/libpthread.so.0+00065127
[ 25] 0x000015318d6eae8d /sfs/qumulo/qhome/xpz5km/.MathWorks/ServiceHost/udc-an33-6c0/v2024.2.0.3/bin/glnxa64/libDeclarativeServices.so.1.5.6+00564877
[ 26] 0x000015318d6ed086 /sfs/qumulo/qhome/xpz5km/.MathWorks/ServiceHost/udc-an33-6c0/v2024.2.0.3/bin/glnxa64/libDeclarativeServices.so.1.5.6+00573574
[ 27] 0x000015318d6f0899 /sfs/qumulo/qhome/xpz5km/.MathWorks/ServiceHost/udc-an33-6c0/v2024.2.0.3/bin/glnxa64/libDeclarativeServices.so.1.5.6+00587929
[ 28] 0x0000153192c1de67                             /lib64/libpthread.so.0+00065127
[ 29] 0x000015318d6eb008 /sfs/qumulo/qhome/xpz5km/.MathWorks/ServiceHost/udc-an33-6c0/v2024.2.0.3/bin/glnxa64/libDeclarativeServices.so.1.5.6+00565256
[ 30] 0x0000153191e5ec34 /sfs/qumulo/qhome/xpz5km/.MathWorks/ServiceHost/udc-an33-6c0/v2024.2.0.3/bin/glnxa64/libmwfoundation_threadpool.so+00146484
[ 31] 0x0000153191e63928 /sfs/qumulo/qhome/xpz5km/.MathWorks/ServiceHost/udc-an33-6c0/v2024.2.0.3/bin/glnxa64/libmwfoundation_threadpool.so+00166184
[ 32] 0x0000153191e63d54 /sfs/qumulo/qhome/xpz5km/.MathWorks/ServiceHost/udc-an33-6c0/v2024.2.0.3/bin/glnxa64/libmwfoundation_threadpool.so+00167252
[ 33] 0x0000153192ac58c3 /sfs/qumulo/qhome/xpz5km/.MathWorks/ServiceHost/udc-an33-6c0/v2024.2.0.3/bin/glnxa64/../../sys/os/glnxa64/libstdc++.so.6+00903363
[ 34] 0x0000153192c161ca                             /lib64/libpthread.so.0+00033226
[ 35] 0x000015319263ce73                                   /lib64/libc.so.6+00237171 clone+00000067


** This crash report has been written to /home/xpz5km/.MathWorks/ServiceHost/udc-an33-6c0/logs/MathWorksServiceHost_crash_873668.log **
[Warning: Error updating Text.

 String scalar or character vector must have valid interpreter syntax:
Radius at 1.666000e-01 level set
 phi_256_400000_1.0e-6__R0_0.1_eps_0.0060038_alpha_0.5
] 
[> In defaulterrorcallback (line 12)
In print (line 36)
In saveas (line 181)
In level_set_plot_alpha_v3 (line 51)
In level_set_radius_array_alpha_v3 (line 14)] 

ans =

        4001


ans =

        4001


ans =

        4001


ans =

        4001


ans =

        4001

DONE
