Fri Oct 11 11:26:47 EDT 2024
LOADED MATLAB
0.15
0.0060038
0.5
256

                            < M A T L A B (R) >
                  Copyright 1984-2024 The MathWorks, Inc.
                  R2024a (24.1.0.2537033) 64-bit (glnxa64)
                             February 21, 2024

 
To get started, type doc.
For product information, visit www.mathworks.com.
 

epsilon_name =

    '0.0060038'


R0_name =

    '0.15'


alpha_name =

    '0.5'


name =

    'phi_256_400000_1.0e-6__R0_0.15_eps_0.0060038_alpha_0.5'

You already have the most recent version of MATLAB Connector installed.
Launching updater executable

(InstallMathWorksServiceHost:291243): Gtk-WARNING **: 11:37:17.187: cannot open display: 
pure virtual method called

------------------------------------------------------------------------
          std::terminate() detected at Fri Oct 11 11:37:17 2024
------------------------------------------------------------------------
Architecture     : glnxa64
Processor ID     : Intel(R) Xeon(R) Gold 6248 CPU @ 2.50GHz
Host Name        : udc-an33-1c1
Locale           : en_US


Abnormal termination:
std::terminate()

Current Thread: 'GTP_8' id 23151630989056

Register State (captured):
  RAX = 0000000000000000  RBX = 0000150e6e83d3c8
  RCX = 0000000000000000  RDX = 0000150e6e826e88
  RSP = 0000150e68bd9120  RBP = 0000150e68bd9500
  RSI = 0000150e6e80bf6d  RDI = 0000150e68bd9130

   R8 = 0000000000000002   R9 = 0000150e68bd9410
  R10 = 0000000000000000  R11 = 0000000000000000
  R12 = 0000150e6e80bf6d  R13 = 0000150e68bd9570
  R14 = 0000150e68bd99e0  R15 = 0000150e68bd9e80

  RIP = 0000150e6e7b593f  EFL = 0000000000000000

   CS = 0000   FS = 0000   GS = 0000

Stack Trace (captured):
[  0] 0x0000150e6e7af433 /sfs/qumulo/qhome/xpz5km/.MathWorks/ServiceHost/udc-an33-1c1/v2024.2.0.3/bin/glnxa64/libmwfl.so+00320563
[  1] 0x0000150e6e7af67c /sfs/qumulo/qhome/xpz5km/.MathWorks/ServiceHost/udc-an33-1c1/v2024.2.0.3/bin/glnxa64/libmwfl.so+00321148 _ZN10foundation4core4diag15stacktrace_base7captureEm+00000028
[  2] 0x0000150e6e7b14fa /sfs/qumulo/qhome/xpz5km/.MathWorks/ServiceHost/udc-an33-1c1/v2024.2.0.3/bin/glnxa64/libmwfl.so+00328954
[  3] 0x0000150e6e7b17a2 /sfs/qumulo/qhome/xpz5km/.MathWorks/ServiceHost/udc-an33-1c1/v2024.2.0.3/bin/glnxa64/libmwfl.so+00329634
[  4] 0x0000150e6f522901 /sfs/qumulo/qhome/xpz5km/.MathWorks/ServiceHost/udc-an33-1c1/v2024.2.0.3/bin/glnxa64/libmwagentutils.so+00637185
[  5] 0x0000150e6f5237fa /sfs/qumulo/qhome/xpz5km/.MathWorks/ServiceHost/udc-an33-1c1/v2024.2.0.3/bin/glnxa64/libmwagentutils.so+00641018
[  6] 0x0000150e6f523969 /sfs/qumulo/qhome/xpz5km/.MathWorks/ServiceHost/udc-an33-1c1/v2024.2.0.3/bin/glnxa64/libmwagentutils.so+00641385
[  7] 0x0000150e6f520c98 /sfs/qumulo/qhome/xpz5km/.MathWorks/ServiceHost/udc-an33-1c1/v2024.2.0.3/bin/glnxa64/libmwagentutils.so+00629912
[  8] 0x0000150e6ecd4efa /sfs/qumulo/qhome/xpz5km/.MathWorks/ServiceHost/udc-an33-1c1/v2024.2.0.3/bin/glnxa64/../../sys/os/glnxa64/libstdc++.so.6+00724730
[  9] 0x0000150e6ecd4f65 /sfs/qumulo/qhome/xpz5km/.MathWorks/ServiceHost/udc-an33-1c1/v2024.2.0.3/bin/glnxa64/../../sys/os/glnxa64/libstdc++.so.6+00724837
[ 10] 0x0000150e6ecd5c63 /sfs/qumulo/qhome/xpz5km/.MathWorks/ServiceHost/udc-an33-1c1/v2024.2.0.3/bin/glnxa64/../../sys/os/glnxa64/libstdc++.so.6+00728163
[ 11] 0x0000150e6991c160 /sfs/qumulo/qhome/xpz5km/.MathWorks/ServiceHost/udc-an33-1c1/v2024.2.0.3/bin/glnxa64/libDeclarativeServices.so.1.5.6+00524640
[ 12] 0x0000150e69933ae9 /sfs/qumulo/qhome/xpz5km/.MathWorks/ServiceHost/udc-an33-1c1/v2024.2.0.3/bin/glnxa64/libDeclarativeServices.so.1.5.6+00621289
[ 13] 0x0000150e69941ba8 /sfs/qumulo/qhome/xpz5km/.MathWorks/ServiceHost/udc-an33-1c1/v2024.2.0.3/bin/glnxa64/libDeclarativeServices.so.1.5.6+00678824
[ 14] 0x0000150e6993836a /sfs/qumulo/qhome/xpz5km/.MathWorks/ServiceHost/udc-an33-1c1/v2024.2.0.3/bin/glnxa64/libDeclarativeServices.so.1.5.6+00639850
[ 15] 0x0000150e69938aa2 /sfs/qumulo/qhome/xpz5km/.MathWorks/ServiceHost/udc-an33-1c1/v2024.2.0.3/bin/glnxa64/libDeclarativeServices.so.1.5.6+00641698
[ 16] 0x0000150e699332fc /sfs/qumulo/qhome/xpz5km/.MathWorks/ServiceHost/udc-an33-1c1/v2024.2.0.3/bin/glnxa64/libDeclarativeServices.so.1.5.6+00619260
[ 17] 0x0000150e69933e12 /sfs/qumulo/qhome/xpz5km/.MathWorks/ServiceHost/udc-an33-1c1/v2024.2.0.3/bin/glnxa64/libDeclarativeServices.so.1.5.6+00622098
[ 18] 0x0000150e69921993 /sfs/qumulo/qhome/xpz5km/.MathWorks/ServiceHost/udc-an33-1c1/v2024.2.0.3/bin/glnxa64/libDeclarativeServices.so.1.5.6+00547219
[ 19] 0x0000150e6991ea7d /sfs/qumulo/qhome/xpz5km/.MathWorks/ServiceHost/udc-an33-1c1/v2024.2.0.3/bin/glnxa64/libDeclarativeServices.so.1.5.6+00535165
[ 20] 0x0000150e6994e5fe /sfs/qumulo/qhome/xpz5km/.MathWorks/ServiceHost/udc-an33-1c1/v2024.2.0.3/bin/glnxa64/libDeclarativeServices.so.1.5.6+00730622
[ 21] 0x0000150e698c801b /sfs/qumulo/qhome/xpz5km/.MathWorks/ServiceHost/udc-an33-1c1/v2024.2.0.3/bin/glnxa64/libDeclarativeServices.so.1.5.6+00180251
[ 22] 0x0000150e69927e53 /sfs/qumulo/qhome/xpz5km/.MathWorks/ServiceHost/udc-an33-1c1/v2024.2.0.3/bin/glnxa64/libDeclarativeServices.so.1.5.6+00573011
[ 23] 0x0000150e6992b899 /sfs/qumulo/qhome/xpz5km/.MathWorks/ServiceHost/udc-an33-1c1/v2024.2.0.3/bin/glnxa64/libDeclarativeServices.so.1.5.6+00587929
[ 24] 0x0000150e6ee58e67                             /lib64/libpthread.so.0+00065127
[ 25] 0x0000150e69925e8d /sfs/qumulo/qhome/xpz5km/.MathWorks/ServiceHost/udc-an33-1c1/v2024.2.0.3/bin/glnxa64/libDeclarativeServices.so.1.5.6+00564877
[ 26] 0x0000150e69928086 /sfs/qumulo/qhome/xpz5km/.MathWorks/ServiceHost/udc-an33-1c1/v2024.2.0.3/bin/glnxa64/libDeclarativeServices.so.1.5.6+00573574
[ 27] 0x0000150e6992b899 /sfs/qumulo/qhome/xpz5km/.MathWorks/ServiceHost/udc-an33-1c1/v2024.2.0.3/bin/glnxa64/libDeclarativeServices.so.1.5.6+00587929
[ 28] 0x0000150e6ee58e67                             /lib64/libpthread.so.0+00065127
[ 29] 0x0000150e69926008 /sfs/qumulo/qhome/xpz5km/.MathWorks/ServiceHost/udc-an33-1c1/v2024.2.0.3/bin/glnxa64/libDeclarativeServices.so.1.5.6+00565256
[ 30] 0x0000150e6e099c34 /sfs/qumulo/qhome/xpz5km/.MathWorks/ServiceHost/udc-an33-1c1/v2024.2.0.3/bin/glnxa64/libmwfoundation_threadpool.so+00146484
[ 31] 0x0000150e6e09e928 /sfs/qumulo/qhome/xpz5km/.MathWorks/ServiceHost/udc-an33-1c1/v2024.2.0.3/bin/glnxa64/libmwfoundation_threadpool.so+00166184
[ 32] 0x0000150e6e09ed54 /sfs/qumulo/qhome/xpz5km/.MathWorks/ServiceHost/udc-an33-1c1/v2024.2.0.3/bin/glnxa64/libmwfoundation_threadpool.so+00167252
[ 33] 0x0000150e6ed008c3 /sfs/qumulo/qhome/xpz5km/.MathWorks/ServiceHost/udc-an33-1c1/v2024.2.0.3/bin/glnxa64/../../sys/os/glnxa64/libstdc++.so.6+00903363
[ 34] 0x0000150e6ee511ca                             /lib64/libpthread.so.0+00033226
[ 35] 0x0000150e6e877e73                                   /lib64/libc.so.6+00237171 clone+00000067


** This crash report has been written to /home/xpz5km/.MathWorks/ServiceHost/udc-an33-1c1/logs/MathWorksServiceHost_crash_290459.log **
You already have the most recent version of MATLAB Connector installed.
Launching updater executable

(InstallMathWorksServiceHost:292131): Gtk-WARNING **: 11:42:35.293: cannot open display: 
You already have the most recent version of MATLAB Connector installed.
Launching updater executable

(InstallMathWorksServiceHost:292959): Gtk-WARNING **: 11:47:53.867: cannot open display: 
You already have the most recent version of MATLAB Connector installed.
Launching updater executable

(InstallMathWorksServiceHost:293846): Gtk-WARNING **: 11:53:11.958: cannot open display: 
[Warning: Error updating Text.

 String scalar or character vector must have valid interpreter syntax:
Radius at 1.666000e-01 level set
 phi_256_400000_1.0e-6__R0_0.15_eps_0.0060038_alpha_0.5
] 
[> In defaulterrorcallback (line 12)
In print (line 36)
In saveas (line 181)
In level_set_plot_alpha_v3 (line 51)
In level_set_radius_array_alpha_v3 (line 14)] 

ans =

        4001


ans =

        4001


ans =

        4001


ans =

        4001


ans =

        4001

DONE
