Fri Oct 11 11:24:43 EDT 2024
LOADED MATLAB
0.15
0.0075047
0.5
256

                            < M A T L A B (R) >
                  Copyright 1984-2024 The MathWorks, Inc.
                  R2024a (24.1.0.2537033) 64-bit (glnxa64)
                             February 21, 2024

 
To get started, type doc.
For product information, visit www.mathworks.com.
 

epsilon_name =

    '0.0075047'


R0_name =

    '0.15'


alpha_name =

    '0.5'


name =

    'phi_256_400000_1.0e-6__R0_0.15_eps_0.0075047_alpha_0.5'

You already have the most recent version of MATLAB Connector installed.
Launching updater executable

(InstallMathWorksServiceHost:468461): Gtk-WARNING **: 11:35:08.036: cannot open display: 
You already have the most recent version of MATLAB Connector installed.
Launching updater executable

(InstallMathWorksServiceHost:471181): Gtk-WARNING **: 11:51:04.607: cannot open display: 
malloc_consolidate(): unaligned fastbin chunk detected
[Warning: Error updating Text.

 String scalar or character vector must have valid interpreter syntax:
Radius at 1.666000e-01 level set
 phi_256_400000_1.0e-6__R0_0.15_eps_0.0075047_alpha_0.5
] 
[> In defaulterrorcallback (line 12)
In print (line 36)
In saveas (line 181)
In level_set_plot_alpha_v3 (line 51)
In level_set_radius_array_alpha_v3 (line 14)] 

ans =

        4001


ans =

        4001


ans =

        4001


ans =

        4001


ans =

        4001

DONE
