Fri Oct 11 11:24:11 EDT 2024
LOADED MATLAB
0.1
0.0075047
0.5
256

                            < M A T L A B (R) >
                  Copyright 1984-2024 The MathWorks, Inc.
                  R2024a (24.1.0.2537033) 64-bit (glnxa64)
                             February 21, 2024

 
To get started, type doc.
For product information, visit www.mathworks.com.
 

epsilon_name =

    '0.0075047'


R0_name =

    '0.1'


alpha_name =

    '0.5'


name =

    'phi_256_400000_1.0e-6__R0_0.1_eps_0.0075047_alpha_0.5'

You already have the most recent version of MATLAB Connector installed.
Launching updater executable

(InstallMathWorksServiceHost:109975): Gtk-WARNING **: 11:31:39.226: cannot open display: 
You already have the most recent version of MATLAB Connector installed.
Launching updater executable

(InstallMathWorksServiceHost:110717): Gtk-WARNING **: 11:36:57.954: cannot open display: 
You already have the most recent version of MATLAB Connector installed.
Launching updater executable

(InstallMathWorksServiceHost:111555): Gtk-WARNING **: 11:42:16.747: cannot open display: 
You already have the most recent version of MATLAB Connector installed.
Launching updater executable

(InstallMathWorksServiceHost:112300): Gtk-WARNING **: 11:47:35.664: cannot open display: 
You already have the most recent version of MATLAB Connector installed.
Launching updater executable

(InstallMathWorksServiceHost:113100): Gtk-WARNING **: 11:52:54.150: cannot open display: 
[Warning: Error updating Text.

 String scalar or character vector must have valid interpreter syntax:
Radius at 1.666000e-01 level set
 phi_256_400000_1.0e-6__R0_0.1_eps_0.0075047_alpha_0.5
] 
[> In defaulterrorcallback (line 12)
In print (line 36)
In saveas (line 181)
In level_set_plot_alpha_v3 (line 51)
In level_set_radius_array_alpha_v3 (line 14)] 

ans =

        4001


ans =

        4001


ans =

        4001


ans =

        4001


ans =

        4001

DONE
