Tue Jun 25 10:25:29 EDT 2024
0.01 8 10 -0.5
LOADED MATLAB
0.01
8
-0.5

                            < M A T L A B (R) >
                  Copyright 1984-2024 The MathWorks, Inc.
                  R2024a (24.1.0.2537033) 64-bit (glnxa64)
                             February 21, 2024

 
To get started, type doc.
For product information, visit www.mathworks.com.
 

indir = 

    "/scratch/xpz5km/Cahn_Hilliard_Model/julia_out/critical_radius_alpha"


epsilon_name = 

    "0.015009"


R0_name =

    '0.01'


alpha_name =

    '-0.5'


alpha =

    '-0.5'


name =

    'phi_128_400000_1.0e-6__R0_0.01_eps_0.015009_alpha_-0.5'

[Warning: Error updating Text.

 String scalar or character vector must have valid interpreter syntax:
Radius at 0.5 level set
 phi_128_400000_1.0e-6__R0_0.01_eps_0.015009_alpha_-0.5
] 
[> In defaulterrorcallback (line 12)
In print (line 36)
In saveas (line 181)
In level_set_plot_alpha (line 50)
In level_set_radius_array_alpha (line 25)] 

ans =

        4001


ans =

        4001


ans =

        4001


ans =

        4001


ans =

        4001

DONE
