Thu Sep 12 15:22:15 EDT 2024
0.35 0.09 512 0.03
MODULES LOADED
   Resolving package versions...
┌ Warning: attempting to remove probably stale pidfile
│   path = "/sfs/qumulo/qhome/xpz5km/.julia/logs/artifact_usage.toml.pid"
└ @ FileWatching.Pidfile /sfs/applications/202406/software/standard/core/julia/1.9.2/share/julia/stdlib/v1.9/FileWatching/src/pidfile.jl:244
  No Changes to `/sfs/qumulo/qhome/xpz5km/.julia/environments/v1.9/Project.toml`
  No Changes to `/sfs/qumulo/qhome/xpz5km/.julia/environments/v1.9/Manifest.toml`
ERROR: LoadError: syntax: unexpected "end"
Stacktrace:
 [1] top-level scope
   @ /sfs/qumulo/qhome/xpz5km/Cahn_Hilliard_Model/CH_multigrid_solver_with_alpha_change_domain.jl:326
 [2] include(fname::String)
   @ Base.MainInclude ./client.jl:478
 [3] top-level scope
   @ /sfs/qumulo/qhome/xpz5km/Cahn_Hilliard_Model/CPC_geometric_array/CPC_geometric_run_array_with_alpha_change_domain_eps_0.0075_noisy_cohesin.jl:1
in expression starting at /sfs/qumulo/qhome/xpz5km/Cahn_Hilliard_Model/CH_multigrid_solver_with_alpha_change_domain.jl:326
in expression starting at /sfs/qumulo/qhome/xpz5km/Cahn_Hilliard_Model/CPC_geometric_array/CPC_geometric_run_array_with_alpha_change_domain_eps_0.0075_noisy_cohesin.jl:1
DONE
