Thu Sep 12 15:21:57 EDT 2024
0.12 0.09 512 0.03
MODULES LOADED
    Updating registry at `~/.julia/registries/General.toml`
   Resolving package versions...
   Installed Rmath_jll ─────────────── v0.5.1+0
   Installed PDMats ────────────────── v0.11.31
   Installed PtrArrays ─────────────── v1.2.1
   Installed StatsAPI ──────────────── v1.7.0
   Installed IrrationalConstants ───── v0.2.2
   Installed HypergeometricFunctions ─ v0.3.24
   Installed StatsFuns ─────────────── v1.3.2
   Installed SpecialFunctions ──────── v2.4.0
   Installed OpenSpecFun_jll ───────── v0.5.5+0
   Installed AliasTables ───────────── v1.1.3
   Installed Rmath ─────────────────── v0.8.0
   Installed FillArrays ────────────── v1.13.0
   Installed StatsBase ─────────────── v0.34.3
   Installed DocStringExtensions ───── v0.9.3
   Installed LogExpFunctions ───────── v0.3.28
   Installed QuadGK ────────────────── v2.11.0
   Installed Distributions ─────────── v0.25.111
    Updating `/sfs/qumulo/qhome/xpz5km/.julia/environments/v1.9/Project.toml`
  [31c24e10] + Distributions v0.25.111
    Updating `/sfs/qumulo/qhome/xpz5km/.julia/environments/v1.9/Manifest.toml`
  [66dad0bd] + AliasTables v1.1.3
  [31c24e10] + Distributions v0.25.111
  [ffbed154] + DocStringExtensions v0.9.3
  [1a297f60] + FillArrays v1.13.0
  [34004b35] + HypergeometricFunctions v0.3.24
  [92d709cd] + IrrationalConstants v0.2.2
  [2ab3a3ac] + LogExpFunctions v0.3.28
  [90014a1f] + PDMats v0.11.31
  [43287f4e] + PtrArrays v1.2.1
  [1fd47b50] + QuadGK v2.11.0
  [79098fc4] + Rmath v0.8.0
  [276daf66] + SpecialFunctions v2.4.0
  [82ae8749] + StatsAPI v1.7.0
  [2913bbd2] + StatsBase v0.34.3
  [4c63d2b9] + StatsFuns v1.3.2
  [efe28fd5] + OpenSpecFun_jll v0.5.5+0
  [f50d1b31] + Rmath_jll v0.5.1+0
  [4607b0f0] + SuiteSparse
Precompiling project...
[32m  ✓ [39m[90mFillArrays → FillArraysSparseArraysExt[39m
[32m  ✓ [39m[90mLogExpFunctions[39m
[32m  ✓ [39m[90mAliasTables[39m
[32m  ✓ [39m[90mRmath[39m
[32m  ✓ [39m[90mFillArrays → FillArraysStatisticsExt[39m
[32m  ✓ [39m[90mFillArrays → FillArraysPDMatsExt[39m
[32m  ✓ [39m[90mStatsBase[39m
[32m  ✓ [39m[90mSpecialFunctions[39m
[91m  ✗ [39m[90mGtkObservables[39m
[32m  ✓ [39m[90mHypergeometricFunctions[39m
[91m  ✗ [39mProfileView
[32m  ✓ [39m[90mStatsFuns[39m
[32m  ✓ [39mDistributions
[32m  ✓ [39m[90mDistributions → DistributionsTestExt[39m
  12 dependencies successfully precompiled in 23 seconds. 132 already precompiled.
  [91m2[39m dependencies errored. To see a full report either run `import Pkg; Pkg.precompile()` or load the packages
ERROR: LoadError: syntax: unexpected "end"
Stacktrace:
 [1] top-level scope
   @ /sfs/qumulo/qhome/xpz5km/Cahn_Hilliard_Model/CH_multigrid_solver_with_alpha_change_domain.jl:326
 [2] include(fname::String)
   @ Base.MainInclude ./client.jl:478
 [3] top-level scope
   @ /sfs/qumulo/qhome/xpz5km/Cahn_Hilliard_Model/CPC_geometric_array/CPC_geometric_run_array_with_alpha_change_domain_eps_0.0075_noisy_cohesin.jl:1
in expression starting at /sfs/qumulo/qhome/xpz5km/Cahn_Hilliard_Model/CH_multigrid_solver_with_alpha_change_domain.jl:326
in expression starting at /sfs/qumulo/qhome/xpz5km/Cahn_Hilliard_Model/CPC_geometric_array/CPC_geometric_run_array_with_alpha_change_domain_eps_0.0075_noisy_cohesin.jl:1
DONE
