Fri Aug 9 15:54:24 EDT 2024
0.110 16 10
LOADED MATLAB
0.110
16

                            < M A T L A B (R) >
                  Copyright 1984-2024 The MathWorks, Inc.
                  R2024a (24.1.0.2537033) 64-bit (glnxa64)
                             February 21, 2024

[Warning: Unable to load Toolbox Path Cache
/home/xpz5km/.matlab/R2024a/toolbox_cache-24.1.0-3725113302-glnxa64.xml. The
cache file is not in the correct format. It will be regenerated upon quitting
MATLAB.] 
 
To get started, type doc.
For product information, visit www.mathworks.com.
 

eps =

    0.0150


epsilon_name = 

    "0.015009"


R0_name =

    '0.11'


name =

    'phi_128_400000_1.0e-6__R0_0.11_eps_0.015009'

slurmstepd: error: *** JOB 63237344 ON udc-aw36-12c1 CANCELLED AT 2024-08-09T15:57:57 ***
